{"meta": {"format": 3, "version": "7.6.11", "timestamp": "2026-09-11T21:06:50.287767", "branch_coverage": true, "show_contexts": false}, "files": {"meco_news\\__init__.py": {"executed_lines": [1, 3], "summary": {"covered_lines": 1, "num_statements": 1, "percent_covered": 100.0, "percent_covered_display": "100", "missing_lines": 0, "excluded_lines": 0, "num_branches": 0, "num_partial_branches": 0, "covered_branches": 0, "missing_branches": 0}, "missing_lines": [], "excluded_lines": [], "executed_branches": [], "missing_branches": [], "functions": {"": {"executed_lines": [1, 3], "summary": {"covered_lines": 1, "num_statements": 1, "percent_covered": 100.0, "percent_covered_display": "100", "missing_lines": 0, "excluded_lines": 0, "num_branches": 0, "num_partial_branches": 0, "covered_branches": 0, "missing_branches": 0}, "missing_lines": [], "excluded_lines": [], "executed_branches": [], "missing_branches": []}}, "classes": {"": {"executed_lines": [1, 3], "summary": {"covered_lines": 1, "num_statements": 1, "percent_covered": 100.0, "percent_covered_display": "100", "missing_lines": 0, "excluded_lines": 0, "num_branches": 0, "num_partial_branches": 0, "covered_branches": 0, "missing_branches": 0}, "missing_lines": [], "excluded_lines": [], "executed_branches": [], "missing_branches": []}}}, "meco_news\\__main__.py": {"executed_lines": [], "summary": {"covered_lines": 0, "num_statements": 2, "percent_covered": 0.0, "percent_covered_display": "0", "missing_lines": 2, "excluded_lines": 0, "num_branches": 0, "num_partial_branches": 0, "covered_branches": 0, "missing_branches": 0}, "missing_lines": [1, 4], "excluded_lines": [], "executed_branches": [], "missing_branches": [], "functions": {"": {"executed_lines": [], "summary": {"covered_lines": 0, "num_statements": 2, "percent_covered": 0.0, "percent_covered_display": "0", "missing_lines": 2, "excluded_lines": 0, "num_branches": 0, "num_partial_branches": 0, "covered_branches": 0, "missing_branches": 0}, "missing_lines": [1, 4], "excluded_lines": [], "executed_branches": [], "missing_branches": []}}, "classes": {"": {"executed_lines": [], "summary": {"covered_lines": 0, "num_statements": 2, "percent_covered": 0.0, "percent_covered_display": "0", "missing_lines": 2, "excluded_lines": 0, "num_branches": 0, "num_partial_branches": 0, "covered_branches": 0, "missing_branches": 0}, "missing_lines": [1, 4], "excluded_lines": [], "executed_branches": [], "missing_branches": []}}}, "meco_news\\alerts.py": {"executed_lines": [1, 10, 12, 13, 14, 15, 16, 17, 18, 19, 21, 24, 25, 26, 27, 28, 29, 30, 31, 32, 33, 34, 35, 36, 38, 39, 42, 43, 45, 48, 49, 52, 53, 54, 55, 58, 59, 60, 63, 64, 66, 67, 68, 70, 71, 72, 73, 74, 75, 76, 77, 79, 80, 82, 90, 91, 92, 93, 94, 95, 96, 109, 110, 111, 112, 114, 115, 118, 119, 121, 122, 123, 124, 126, 127, 128, 129, 130, 131, 134, 135, 136, 137, 138, 139, 152, 153, 154, 156, 157, 158, 159, 160, 161, 162, 163, 164, 165, 166, 167, 168, 169, 171, 172, 174, 182, 183, 184, 185, 186, 187, 188, 201, 202, 204, 208, 228, 236, 237, 238, 239, 240, 241, 242, 243, 244, 245, 246, 247, 248, 260, 261, 262, 263, 265, 266, 269, 278, 279, 280, 281, 282, 283, 284, 285, 303], "summary": {"covered_lines": 143, "num_statements": 146, "percent_covered": 98.35164835164835, "percent_covered_display": "98", "missing_lines": 3, "excluded_lines": 0, "num_branches": 36, "num_partial_branches": 0, "covered_branches": 36, "missing_branches": 0}, "missing_lines": [132, 133, 205], "excluded_lines": [], "executed_branches": [[43, -43], [43, 45], [45, -45], [45, -42], [73, 74], [73, 75], [91, 92], [91, 112], [92, 93], [92, 94], [94, 95], [94, 96], [128, 129], [128, 130], [134, 135], [134, 154], [137, 138], [137, 139], [158, 159], [158, 160], [183, 184], [183, 202], [184, 185], [184, 186], [186, 187], [186, 188], [240, 241], [240, 261], [243, 244], [243, 245], [262, 263], [262, 265], [280, 281], [280, 285], [282, 283], [282, 284]], "missing_branches": [], "functions": {"AlertRecord.as_dict": {"executed_lines": [39], "summary": {"covered_lines": 1, "num_statements": 1, "percent_covered": 100.0, "percent_covered_display": "100", "missing_lines": 0, "excluded_lines": 0, "num_branches": 0, "num_partial_branches": 0, "covered_branches": 0, "missing_branches": 0}, "missing_lines": [], "excluded_lines": [], "executed_branches": [], "missing_branches": []}, "AlertSink.publish": {"executed_lines": [43], "summary": {"covered_lines": 1, "num_statements": 1, "percent_covered": 100.0, "percent_covered_display": "100", "missing_lines": 0, "excluded_lines": 0, "num_branches": 2, "num_partial_branches": 0, "covered_branches": 2, "missing_branches": 0}, "missing_lines": [], "excluded_lines": [], "executed_branches": [[43, -43], [43, 45]], "missing_branches": []}, "AlertSink.reconcile": {"executed_lines": [45], "summary": {"covered_lines": 1, "num_statements": 1, "percent_covered": 100.0, "percent_covered_display": "100", "missing_lines": 0, "excluded_lines": 0, "num_branches": 2, "num_partial_branches": 0, "covered_branches": 2, "missing_branches": 0}, "missing_lines": [], "excluded_lines": [], "executed_branches": [[45, -45], [45, -42]], "missing_branches": []}, "_time": {"executed_lines": [49], "summary": {"covered_lines": 1, "num_statements": 1, "percent_covered": 100.0, "percent_covered_display": "100", "missing_lines": 0, "excluded_lines": 0, "num_branches": 0, "num_partial_branches": 0, "covered_branches": 0, "missing_branches": 0}, "missing_lines": [], "excluded_lines": [], "executed_branches": [], "missing_branches": []}, "_stable_id": {"executed_lines": [53, 54, 55], "summary": {"covered_lines": 3, "num_statements": 3, "percent_covered": 100.0, "percent_covered_display": "100", "missing_lines": 0, "excluded_lines": 0, "num_branches": 0, "num_partial_branches": 0, "covered_branches": 0, "missing_branches": 0}, "missing_lines": [], "excluded_lines": [], "executed_branches": [], "missing_branches": []}, "_safe_details": {"executed_lines": [59, 60], "summary": {"covered_lines": 2, "num_statements": 2, "percent_covered": 100.0, "percent_covered_display": "100", "missing_lines": 0, "excluded_lines": 0, "num_branches": 0, "num_partial_branches": 0, "covered_branches": 0, "missing_branches": 0}, "missing_lines": [], "excluded_lines": [], "executed_branches": [], "missing_branches": []}, "MemoryAlertSink.__init__": {"executed_lines": [67, 68], "summary": {"covered_lines": 2, "num_statements": 2, "percent_covered": 100.0, "percent_covered_display": "100", "missing_lines": 0, "excluded_lines": 0, "num_branches": 0, "num_partial_branches": 0, "covered_branches": 0, "missing_branches": 0}, "missing_lines": [], "excluded_lines": [], "executed_branches": [], "missing_branches": []}, "MemoryAlertSink.publish": {"executed_lines": [71, 72, 73, 74, 75, 76, 77], "summary": {"covered_lines": 7, "num_statements": 7, "percent_covered": 100.0, "percent_covered_display": "100", "missing_lines": 0, "excluded_lines": 0, "num_branches": 2, "num_partial_branches": 0, "covered_branches": 2, "missing_branches": 0}, "missing_lines": [], "excluded_lines": [], "executed_branches": [[73, 74], [73, 75]], "missing_branches": []}, "MemoryAlertSink.reconcile": {"executed_lines": [80], "summary": {"covered_lines": 1, "num_statements": 1, "percent_covered": 100.0, "percent_covered_display": "100", "missing_lines": 0, "excluded_lines": 0, "num_branches": 0, "num_partial_branches": 0, "covered_branches": 0, "missing_branches": 0}, "missing_lines": [], "excluded_lines": [], "executed_branches": [], "missing_branches": []}, "MemoryAlertSink.reconcile_scoped": {"executed_lines": [90, 91, 92, 93, 94, 95, 96, 109, 110, 111, 112], "summary": {"covered_lines": 11, "num_statements": 11, "percent_covered": 100.0, "percent_covered_display": "100", "missing_lines": 0, "excluded_lines": 0, "num_branches": 6, "num_partial_branches": 0, "covered_branches": 6, "missing_branches": 0}, "missing_lines": [], "excluded_lines": [], "executed_branches": [[91, 92], [91, 112], [92, 93], [92, 94], [94, 95], [94, 96]], "missing_branches": []}, "MemoryAlertSink.reconcile_one": {"executed_lines": [115], "summary": {"covered_lines": 1, "num_statements": 1, "percent_covered": 100.0, "percent_covered_display": "100", "missing_lines": 0, "excluded_lines": 0, "num_branches": 0, "num_partial_branches": 0, "covered_branches": 0, "missing_branches": 0}, "missing_lines": [], "excluded_lines": [], "executed_branches": [], "missing_branches": []}, "JsonlAlertSink.__init__": {"executed_lines": [122, 123, 124], "summary": {"covered_lines": 3, "num_statements": 3, "percent_covered": 100.0, "percent_covered_display": "100", "missing_lines": 0, "excluded_lines": 0, "num_branches": 0, "num_partial_branches": 0, "covered_branches": 0, "missing_branches": 0}, "missing_lines": [], "excluded_lines": [], "executed_branches": [], "missing_branches": []}, "JsonlAlertSink._read_last": {"executed_lines": [127, 128, 129, 130, 131, 134, 135, 136, 137, 138, 139, 152, 153, 154], "summary": {"covered_lines": 14, "num_statements": 16, "percent_covered": 90.9090909090909, "percent_covered_display": "91", "missing_lines": 2, "excluded_lines": 0, "num_branches": 6, "num_partial_branches": 0, "covered_branches": 6, "missing_branches": 0}, "missing_lines": [132, 133], "excluded_lines": [], "executed_branches": [[128, 129], [128, 130], [134, 135], [134, 154], [137, 138], [137, 139]], "missing_branches": []}, "JsonlAlertSink.publish": {"executed_lines": [157, 158, 159, 160, 161, 162, 163, 164, 165, 166, 167, 168, 169], "summary": {"covered_lines": 13, "num_statements": 13, "percent_covered": 100.0, "percent_covered_display": "100", "missing_lines": 0, "excluded_lines": 0, "num_branches": 2, "num_partial_branches": 0, "covered_branches": 2, "missing_branches": 0}, "missing_lines": [], "excluded_lines": [], "executed_branches": [[158, 159], [158, 160]], "missing_branches": []}, "JsonlAlertSink.reconcile": {"executed_lines": [172], "summary": {"covered_lines": 1, "num_statements": 1, "percent_covered": 100.0, "percent_covered_display": "100", "missing_lines": 0, "excluded_lines": 0, "num_branches": 0, "num_partial_branches": 0, "covered_branches": 0, "missing_branches": 0}, "missing_lines": [], "excluded_lines": [], "executed_branches": [], "missing_branches": []}, "JsonlAlertSink.reconcile_scoped": {"executed_lines": [182, 183, 184, 185, 186, 187, 188, 201, 202], "summary": {"covered_lines": 9, "num_statements": 9, "percent_covered": 100.0, "percent_covered_display": "100", "missing_lines": 0, "excluded_lines": 0, "num_branches": 6, "num_partial_branches": 0, "covered_branches": 6, "missing_branches": 0}, "missing_lines": [], "excluded_lines": [], "executed_branches": [[183, 184], [183, 202], [184, 185], [184, 186], [186, 187], [186, 188]], "missing_branches": []}, "JsonlAlertSink.reconcile_one": {"executed_lines": [], "summary": {"covered_lines": 0, "num_statements": 1, "percent_covered": 0.0, "percent_covered_display": "0", "missing_lines": 1, "excluded_lines": 0, "num_branches": 0, "num_partial_branches": 0, "covered_branches": 0, "missing_branches": 0}, "missing_lines": [205], "excluded_lines": [], "executed_branches": [], "missing_branches": []}, "evaluate_health": {"executed_lines": [236, 237, 238, 239, 240, 241, 242, 243, 244, 245, 246, 247, 248, 260, 261, 262, 263, 265, 266], "summary": {"covered_lines": 19, "num_statements": 19, "percent_covered": 100.0, "percent_covered_display": "100", "missing_lines": 0, "excluded_lines": 0, "num_branches": 6, "num_partial_branches": 0, "covered_branches": 6, "missing_branches": 0}, "missing_lines": [], "excluded_lines": [], "executed_branches": [[240, 241], [240, 261], [243, 244], [243, 245], [262, 263], [262, 265]], "missing_branches": []}, "evaluate_backup": {"executed_lines": [278, 279, 280, 281, 282, 283, 284, 285], "summary": {"covered_lines": 8, "num_statements": 8, "percent_covered": 100.0, "percent_covered_display": "100", "missing_lines": 0, "excluded_lines": 0, "num_branches": 4, "num_partial_branches": 0, "covered_branches": 4, "missing_branches": 0}, "missing_lines": [], "excluded_lines": [], "executed_branches": [[280, 281], [280, 285], [282, 283], [282, 284]], "missing_branches": []}, "": {"executed_lines": [1, 10, 12, 13, 14, 15, 16, 17, 18, 19, 21, 24, 25, 26, 27, 28, 29, 30, 31, 32, 33, 34, 35, 36, 38, 42, 48, 52, 58, 63, 64, 66, 70, 79, 82, 114, 118, 119, 121, 126, 156, 171, 174, 204, 208, 228, 269, 303], "summary": {"covered_lines": 45, "num_statements": 45, "percent_covered": 100.0, "percent_covered_display": "100", "missing_lines": 0, "excluded_lines": 0, "num_branches": 0, "num_partial_branches": 0, "covered_branches": 0, "missing_branches": 0}, "missing_lines": [], "excluded_lines": [], "executed_branches": [], "missing_branches": []}}, "classes": {"AlertRecord": {"executed_lines": [39], "summary": {"covered_lines": 1, "num_statements": 1, "percent_covered": 100.0, "percent_covered_display": "100", "missing_lines": 0, "excluded_lines": 0, "num_branches": 0, "num_partial_branches": 0, "covered_branches": 0, "missing_branches": 0}, "missing_lines": [], "excluded_lines": [], "executed_branches": [], "missing_branches": []}, "AlertSink": {"executed_lines": [43, 45], "summary": {"covered_lines": 2, "num_statements": 2, "percent_covered": 100.0, "percent_covered_display": "100", "missing_lines": 0, "excluded_lines": 0, "num_branches": 4, "num_partial_branches": 0, "covered_branches": 4, "missing_branches": 0}, "missing_lines": [], "excluded_lines": [], "executed_branches": [[43, -43], [43, 45], [45, -45], [45, -42]], "missing_branches": []}, "MemoryAlertSink": {"executed_lines": [67, 68, 71, 72, 73, 74, 75, 76, 77, 80, 90, 91, 92, 93, 94, 95, 96, 109, 110, 111, 112, 115], "summary": {"covered_lines": 22, "num_statements": 22, "percent_covered": 100.0, "percent_covered_display": "100", "missing_lines": 0, "excluded_lines": 0, "num_branches": 8, "num_partial_branches": 0, "covered_branches": 8, "missing_branches": 0}, "missing_lines": [], "excluded_lines": [], "executed_branches": [[73, 74], [73, 75], [91, 92], [91, 112], [92, 93], [92, 94], [94, 95], [94, 96]], "missing_branches": []}, "JsonlAlertSink": {"executed_lines": [122, 123, 124, 127, 128, 129, 130, 131, 134, 135, 136, 137, 138, 139, 152, 153, 154, 157, 158, 159, 160, 161, 162, 163, 164, 165, 166, 167, 168, 169, 172, 182, 183, 184, 185, 186, 187, 188, 201, 202], "summary": {"covered_lines": 40, "num_statements": 43, "percent_covered": 94.73684210526316, "percent_covered_display": "95", "missing_lines": 3, "excluded_lines": 0, "num_branches": 14, "num_partial_branches": 0, "covered_branches": 14, "missing_branches": 0}, "missing_lines": [132, 133, 205], "excluded_lines": [], "executed_branches": [[128, 129], [128, 130], [134, 135], [134, 154], [137, 138], [137, 139], [158, 159], [158, 160], [183, 184], [183, 202], [184, 185], [184, 186], [186, 187], [186, 188]], "missing_branches": []}, "": {"executed_lines": [1, 10, 12, 13, 14, 15, 16, 17, 18, 19, 21, 24, 25, 26, 27, 28, 29, 30, 31, 32, 33, 34, 35, 36, 38, 42, 48, 49, 52, 53, 54, 55, 58, 59, 60, 63, 64, 66, 70, 79, 82, 114, 118, 119, 121, 126, 156, 171, 174, 204, 208, 228, 236, 237, 238, 239, 240, 241, 242, 243, 244, 245, 246, 247, 248, 260, 261, 262, 263, 265, 266, 269, 278, 279, 280, 281, 282, 283, 284, 285, 303], "summary": {"covered_lines": 78, "num_statements": 78, "percent_covered": 100.0, "percent_covered_display": "100", "missing_lines": 0, "excluded_lines": 0, "num_branches": 10, "num_partial_branches": 0, "covered_branches": 10, "missing_branches": 0}, "missing_lines": [], "excluded_lines": [], "executed_branches": [[240, 241], [240, 261], [243, 244], [243, 245], [262, 263], [262, 265], [280, 281], [280, 285], [282, 283], [282, 284]], "missing_branches": []}}}, "meco_news\\app.py": {"executed_lines": [1, 3, 5, 6, 7, 8, 9, 10, 11, 12, 13, 14, 15, 16, 17, 18, 19, 20, 22, 24, 25, 26, 27, 28, 29, 30, 31, 32, 33, 34, 35, 36, 37, 38, 41, 45, 46, 47, 48, 51, 52, 53, 63, 64, 65, 68, 69, 70, 72, 73, 74, 75, 76, 77, 78, 79, 80, 81, 82, 83, 84, 85, 86, 87, 88, 89, 90, 91, 92, 93, 94, 95, 96, 97, 98, 99, 100, 101, 102, 104, 105, 106, 109, 110, 113, 114, 115, 116, 117, 118, 119, 122, 123, 124, 125, 126, 128, 131, 132, 135, 136, 137, 140, 141, 142, 143, 146, 147, 148, 149, 150, 151, 152, 155, 158, 159, 160, 161, 164, 165, 166, 169, 170, 171, 174, 175, 176, 180, 188, 189, 190, 194, 195, 196, 197, 198, 199, 200, 201, 202, 203, 204, 205, 208, 216, 217, 218, 219, 220, 221, 222, 223, 224, 230, 231, 240, 247, 250, 251, 252, 253, 254, 255, 256, 257, 258, 259, 260, 261, 262, 263, 266, 267, 269, 270, 271, 273, 281, 284, 302, 311, 323, 324, 325, 326, 329, 330, 331, 332, 333, 334, 335, 336, 337, 338, 339, 342, 343, 344, 345, 348, 349, 350, 351, 352, 353, 354, 357, 358, 359, 360, 361, 362, 363, 364, 365, 366, 367, 368, 369, 370, 371, 372, 373, 374, 375, 376, 388, 389, 390, 391, 392, 393, 394, 395, 396, 397, 398, 399, 400, 401, 421, 422, 423, 424, 425, 426, 427, 428, 429, 430, 431, 432, 433, 434, 435, 436, 437, 438, 439, 440, 441, 442, 443, 444, 445, 446, 449, 450, 451, 452, 453, 454, 455, 456, 457, 458, 459, 460, 461, 462, 463, 464, 465, 466, 467, 468, 469, 470, 476, 480, 481, 482, 483, 497, 498, 499, 500, 501, 502, 503, 504, 505, 506, 507, 508, 509, 510, 511, 512, 513, 514, 515, 516, 517, 518, 521, 522, 523, 524, 527, 541, 542, 543, 547, 548, 549, 550, 557, 558, 559, 560, 562, 570, 571, 587, 589, 590, 591, 593, 594, 595, 597, 598, 599, 600, 601, 602, 603, 604, 605, 606, 607, 608, 613, 615, 616, 620, 621, 624, 625, 628, 629, 630, 633, 634, 635, 636, 637, 645, 648, 649, 652, 658, 659, 660, 668, 669, 670, 671, 672, 673, 674, 682, 683, 693, 694, 695, 696, 697, 704, 705, 714, 728, 732, 733, 734, 741, 742, 743, 744, 745, 746, 747, 748, 751, 752, 753, 754, 759, 766, 772, 773, 774, 780, 788, 790, 791, 794, 799, 805, 812, 821, 822, 823, 824, 825, 826, 827, 830, 840, 841, 849, 858, 864, 870, 871, 873, 879, 887, 888, 889, 890, 891, 901, 902, 903, 904, 905, 906, 907, 909, 913, 914, 917, 918, 919, 920, 921, 922, 923, 924, 925, 927, 928, 929, 930, 931, 932, 939, 940, 941, 950, 951, 952, 959, 960, 961, 962, 963, 964, 972, 978, 987, 988, 989, 992, 993, 994, 1004, 1005, 1008, 1009, 1010, 1016, 1017, 1020, 1025, 1034, 1041, 1051, 1052, 1053, 1061, 1067, 1076, 1077, 1081, 1089, 1094, 1103, 1104, 1105, 1106, 1107, 1108, 1109, 1110, 1111, 1112, 1128, 1133, 1142, 1143, 1144, 1145, 1146, 1147, 1148, 1149, 1157, 1159, 1160, 1161, 1164, 1165, 1166, 1167, 1168, 1169, 1170, 1171, 1174, 1175, 1176, 1177, 1178, 1181, 1182, 1183, 1184, 1185, 1186, 1187, 1188, 1189, 1190, 1194, 1197, 1198, 1199, 1201, 1202, 1203, 1205, 1206, 1207, 1208, 1209, 1210, 1212, 1213, 1216, 1217, 1218, 1219, 1220, 1221, 1223, 1226, 1234, 1235, 1236, 1237, 1238, 1239, 1247, 1248, 1249, 1250, 1252, 1253, 1254, 1256, 1257, 1259, 1260, 1261, 1265, 1266, 1267, 1268, 1269, 1270, 1272, 1273, 1274, 1275, 1276, 1277, 1278, 1284, 1285, 1286, 1287, 1288, 1289, 1290, 1291, 1292, 1293, 1295, 1296, 1297, 1298, 1299, 1302, 1303, 1304, 1340, 1341, 1342, 1343, 1344, 1345, 1346, 1349, 1350, 1351, 1352, 1353, 1354, 1355, 1356, 1357, 1358, 1359, 1360, 1361, 1362, 1368, 1369, 1370, 1371, 1372, 1373, 1374, 1375, 1376, 1377, 1378, 1379, 1380, 1381, 1382, 1383, 1384, 1385, 1386, 1387, 1390, 1391, 1392, 1393, 1394, 1395, 1398, 1399, 1400, 1401, 1402, 1403, 1404, 1405, 1406, 1407, 1408, 1409, 1423, 1424, 1425, 1426, 1429, 1430, 1431, 1432, 1433, 1434, 1435, 1436, 1437, 1438, 1439, 1440, 1441, 1442, 1443, 1444, 1445, 1446, 1447, 1448, 1449, 1450, 1452, 1453, 1454, 1455, 1456, 1457, 1458, 1459, 1460, 1461, 1462, 1463, 1466, 1467, 1468, 1473, 1474, 1475, 1476, 1477, 1478, 1485, 1486, 1487, 1490, 1498, 1505, 1506, 1507, 1508, 1509, 1510, 1511, 1512, 1513, 1514, 1518, 1521, 1531, 1532, 1533, 1536, 1537, 1538, 1539, 1540, 1541, 1546, 1547, 1552, 1553, 1554, 1555, 1556, 1557, 1559, 1560, 1561, 1562, 1564, 1569, 1570, 1571, 1572, 1573, 1574, 1575, 1576, 1577, 1578, 1579, 1580, 1581, 1582, 1583, 1584, 1585, 1586, 1587, 1588, 1589, 1590, 1591, 1592, 1593, 1594, 1595, 1596, 1598, 1599, 1603, 1604, 1619, 1620, 1626, 1627, 1628, 1629, 1630, 1631, 1632, 1638, 1639, 1640, 1642, 1643, 1649, 1650, 1651, 1652, 1654, 1655, 1656, 1657, 1663, 1664, 1666, 1667, 1668, 1669, 1675, 1676, 1677, 1678, 1679, 1680, 1681, 1682, 1685, 1688, 1689, 1690, 1691, 1692, 1693, 1694, 1695, 1696, 1699, 1700, 1702, 1703, 1704, 1705, 1706, 1707, 1708, 1711, 1718, 1719, 1720, 1721, 1722, 1723, 1724, 1727, 1728, 1729, 1730, 1731, 1734, 1741, 1742, 1743, 1744, 1745, 1746, 1747, 1750, 1754, 1755, 1761, 1762, 1764, 1768, 1775, 1776, 1777, 1782, 1788, 1789, 1790, 1791, 1792, 1793, 1796, 1797, 1798, 1800, 1801, 1802, 1803, 1806, 1807, 1808, 1809, 1816, 1817, 1818, 1819, 1820, 1821, 1822, 1823, 1825, 1826, 1832, 1833, 1834, 1835, 1837, 1838, 1839, 1840, 1841, 1842, 1843, 1846, 1847, 1848, 1849, 1850, 1851, 1852, 1863, 1864, 1865, 1866, 1867, 1868, 1869, 1870, 1874, 1875, 1876, 1878, 1879, 1880, 1881, 1882, 1883, 1884, 1887], "summary": {"covered_lines": 952, "num_statements": 1028, "percent_covered": 92.63674614305751, "percent_covered_display": "93", "missing_lines": 76, "excluded_lines": 2, "num_branches": 398, "num_partial_branches": 15, "covered_branches": 369, "missing_branches": 29}, "missing_lines": [138, 139, 144, 145, 153, 154, 162, 163, 167, 168, 172, 173, 447, 448, 561, 650, 651, 684, 692, 706, 713, 749, 750, 756, 757, 758, 792, 793, 892, 900, 915, 916, 990, 991, 1006, 1007, 1018, 1019, 1113, 1118, 1127, 1262, 1263, 1300, 1306, 1308, 1309, 1310, 1311, 1312, 1313, 1314, 1315, 1316, 1317, 1318, 1319, 1320, 1321, 1322, 1323, 1324, 1325, 1327, 1328, 1329, 1330, 1331, 1334, 1335, 1336, 1337, 1338, 1451, 1515, 1516], "excluded_lines": [1887, 1888], "executed_branches": [[114, 115], [114, 116], [140, 141], [140, 146], [189, 190], [189, 194], [194, 195], [194, 196], [196, 197], [196, 202], [202, -180], [202, 203], [204, -180], [204, 205], [223, 224], [223, 230], [230, 231], [230, 240], [253, 254], [253, 256], [330, 331], [330, 333], [333, 334], [333, 335], [335, 336], [335, 337], [337, 338], [337, 339], [343, 344], [343, 345], [350, 351], [350, 354], [351, 352], [351, 353], [358, 359], [358, 360], [361, 362], [361, 363], [367, 368], [367, 376], [373, 374], [373, 375], [388, 389], [388, 391], [389, 388], [389, 390], [392, 393], [392, 394], [394, 395], [394, 396], [397, 398], [397, 399], [399, 400], [399, 401], [424, 425], [424, 426], [431, 432], [431, 433], [434, 435], [434, 436], [438, 439], [438, 440], [441, 442], [441, 443], [449, 450], [449, 451], [452, 453], [452, 454], [456, 457], [456, 458], [459, 460], [459, 497], [460, 461], [460, 462], [463, 464], [463, 465], [468, 469], [468, 470], [498, 499], [498, 500], [500, 501], [500, 502], [503, 504], [503, 505], [506, 507], [506, 508], [508, 509], [508, 518], [509, 510], [509, 511], [512, 513], [512, 514], [514, 515], [514, 516], [516, 508], [516, 517], [521, 522], [521, 524], [543, 547], [543, 589], [547, 548], [547, 549], [558, 559], [558, 560], [560, 562], [589, 590], [589, 593], [593, 594], [593, 597], [605, 606], [605, 608], [616, 620], [616, 621], [624, 625], [624, 629], [629, 630], [629, 634], [634, 635], [634, 671], [636, 637], [636, 648], [652, 658], [652, 669], [669, 670], [669, 671], [671, 672], [671, 728], [673, 674], [673, 683], [683, 693], [693, 694], [693, 696], [696, 697], [696, 705], [705, 714], [732, 733], [732, 864], [742, 743], [742, 745], [746, 747], [746, 822], [751, 752], [772, 773], [772, 790], [824, 825], [824, 826], [826, 827], [826, 830], [871, 873], [871, 888], [889, 890], [889, 903], [891, 901], [905, 906], [905, 917], [907, 909], [917, 888], [917, 918], [922, 923], [922, 927], [930, 931], [930, 932], [932, 939], [932, 951], [963, 964], [963, 988], [1010, 1016], [1010, 1052], [1106, 917], [1106, 1107], [1128, 1133], [1128, 1143], [1143, 1144], [1143, 1146], [1146, 1147], [1169, 1170], [1183, 1184], [1183, 1185], [1187, 1188], [1187, 1189], [1206, 1207], [1206, 1208], [1208, 1209], [1208, 1210], [1218, 1219], [1218, 1220], [1236, -1226], [1236, 1237], [1248, 1249], [1248, 1252], [1260, 1261], [1267, 1268], [1267, 1270], [1275, 1276], [1275, 1278], [1286, 1287], [1287, 1288], [1287, 1291], [1291, 1292], [1291, 1298], [1296, 1297], [1296, 1298], [1299, 1302], [1302, 1303], [1391, 1392], [1391, 1393], [1393, 1394], [1393, 1395], [1395, 1398], [1395, 1399], [1399, 1400], [1399, 1401], [1401, 1402], [1401, 1403], [1403, 1404], [1403, 1405], [1405, 1406], [1405, 1407], [1407, 1408], [1407, 1409], [1423, 1424], [1423, 1425], [1426, 1429], [1426, 1430], [1430, 1431], [1430, 1432], [1432, 1433], [1432, 1434], [1434, 1435], [1434, 1436], [1436, 1437], [1436, 1438], [1438, 1439], [1438, 1440], [1440, 1441], [1440, 1442], [1442, 1443], [1442, 1444], [1444, 1445], [1444, 1446], [1446, 1447], [1446, 1448], [1448, 1449], [1448, 1450], [1450, 1452], [1452, 1453], [1452, 1454], [1454, 1455], [1454, 1456], [1456, 1457], [1456, 1458], [1458, 1459], [1458, 1460], [1460, 1461], [1460, 1462], [1462, -1390], [1462, 1463], [1468, 1473], [1468, 1508], [1477, 1478], [1477, 1485], [1485, 1486], [1485, 1487], [1487, 1490], [1487, 1498], [1505, 1506], [1505, 1507], [1512, 1513], [1512, 1514], [1556, 1557], [1556, 1559], [1561, 1562], [1561, 1564], [1569, 1570], [1569, 1571], [1571, 1572], [1571, 1573], [1573, 1574], [1573, 1575], [1575, 1576], [1575, 1577], [1577, 1578], [1577, 1579], [1579, 1580], [1579, 1581], [1581, 1582], [1581, 1583], [1583, 1584], [1583, 1585], [1585, 1586], [1585, 1587], [1587, 1588], [1587, 1589], [1589, 1590], [1589, 1591], [1591, 1592], [1591, 1593], [1593, 1594], [1593, 1595], [1595, 1596], [1595, 1598], [1604, 1619], [1604, 1626], [1626, 1627], [1626, 1629], [1629, 1630], [1629, 1638], [1638, 1639], [1638, 1649], [1649, 1650], [1649, 1663], [1651, 1652], [1651, 1656], [1663, 1664], [1663, 1675], [1675, 1676], [1675, 1689], [1680, 1681], [1680, 1682], [1689, 1690], [1689, 1704], [1694, 1695], [1694, 1696], [1699, 1700], [1699, 1702], [1704, 1705], [1704, 1727], [1722, 1723], [1727, 1728], [1727, 1750], [1745, 1746], [1745, 1747], [1750, 1754], [1750, 1802], [1754, 1755], [1754, 1775], [1761, 1762], [1761, 1764], [1791, 1792], [1791, 1793], [1797, 1798], [1797, 1800], [1802, 1803], [1802, 1846], [1803, 1806], [1803, 1816], [1807, 1808], [1818, 1819], [1818, 1832], [1820, 1821], [1820, 1822], [1822, 1823], [1822, 1825], [1834, 1835], [1834, 1837], [1841, 1842], [1841, 1843], [1847, 1848], [1847, 1849], [1849, 1850], [1849, 1852], [1863, 1864], [1863, 1869], [1864, 1865], [1864, 1868], [1875, 1876], [1875, 1878], [1882, 1883], [1882, 1884]], "missing_branches": [[560, 561], [683, 684], [705, 706], [751, 756], [891, 892], [907, 915], [1146, 1149], [1169, 1171], [1260, -1257], [1286, 1291], [1299, 1300], [1302, 1306], [1308, 1309], [1308, 1315], [1312, 1313], [1312, 1314], [1318, 1319], [1318, 1320], [1324, 1325], [1324, 1327], [1327, 1328], [1327, 1330], [1330, 1322], [1330, 1331], [1337, 1298], [1337, 1338], [1450, 1451], [1722, 1724], [1807, 1809]], "functions": {"_target_snapshot": {"executed_lines": [45, 46, 47, 48], "summary": {"covered_lines": 4, "num_statements": 4, "percent_covered": 100.0, "percent_covered_display": "100", "missing_lines": 0, "excluded_lines": 0, "num_branches": 0, "num_partial_branches": 0, "covered_branches": 0, "missing_branches": 0}, "missing_lines": [], "excluded_lines": [], "executed_branches": [], "missing_branches": []}, "_retry_policy_snapshot": {"executed_lines": [52, 53], "summary": {"covered_lines": 2, "num_statements": 2, "percent_covered": 100.0, "percent_covered_display": "100", "missing_lines": 0, "excluded_lines": 0, "num_branches": 0, "num_partial_branches": 0, "covered_branches": 0, "missing_branches": 0}, "missing_lines": [], "excluded_lines": [], "executed_branches": [], "missing_branches": []}, "RunOptions.from_namespace": {"executed_lines": [106], "summary": {"covered_lines": 1, "num_statements": 1, "percent_covered": 100.0, "percent_covered_display": "100", "missing_lines": 0, "excluded_lines": 0, "num_branches": 0, "num_partial_branches": 0, "covered_branches": 0, "missing_branches": 0}, "missing_lines": [], "excluded_lines": [], "executed_branches": [], "missing_branches": []}, "_delivery_date": {"executed_lines": [110], "summary": {"covered_lines": 1, "num_statements": 1, "percent_covered": 100.0, "percent_covered_display": "100", "missing_lines": 0, "excluded_lines": 0, "num_branches": 0, "num_partial_branches": 0, "covered_branches": 0, "missing_branches": 0}, "missing_lines": [], "excluded_lines": [], "executed_branches": [], "missing_branches": []}, "_parse_iso": {"executed_lines": [114, 115, 116, 117, 118, 119], "summary": {"covered_lines": 6, "num_statements": 6, "percent_covered": 100.0, "percent_covered_display": "100", "missing_lines": 0, "excluded_lines": 0, "num_branches": 2, "num_partial_branches": 0, "covered_branches": 2, "missing_branches": 0}, "missing_lines": [], "excluded_lines": [], "executed_branches": [[114, 115], [114, 116]], "missing_branches": []}, "_retry_delay": {"executed_lines": [123, 124, 125, 126, 128, 131, 132], "summary": {"covered_lines": 7, "num_statements": 7, "percent_covered": 100.0, "percent_covered_display": "100", "missing_lines": 0, "excluded_lines": 0, "num_branches": 0, "num_partial_branches": 0, "covered_branches": 0, "missing_branches": 0}, "missing_lines": [], "excluded_lines": [], "executed_branches": [], "missing_branches": []}, "_frozen_retry_setting": {"executed_lines": [136, 137, 140, 141, 142, 143, 146, 147, 148, 149, 150, 151, 152, 155], "summary": {"covered_lines": 14, "num_statements": 20, "percent_covered": 72.72727272727273, "percent_covered_display": "73", "missing_lines": 6, "excluded_lines": 0, "num_branches": 2, "num_partial_branches": 0, "covered_branches": 2, "missing_branches": 0}, "missing_lines": [138, 139, 144, 145, 153, 154], "excluded_lines": [], "executed_branches": [[140, 141], [140, 146]], "missing_branches": []}, "_frozen_retry_delay": {"executed_lines": [159, 160, 161, 164, 165, 166, 169, 170, 171, 174, 175, 176], "summary": {"covered_lines": 12, "num_statements": 18, "percent_covered": 66.66666666666667, "percent_covered_display": "67", "missing_lines": 6, "excluded_lines": 0, "num_branches": 0, "num_partial_branches": 0, "covered_branches": 0, "missing_branches": 0}, "missing_lines": [162, 163, 167, 168, 172, 173], "excluded_lines": [], "executed_branches": [], "missing_branches": []}, "_print_dry_run": {"executed_lines": [188, 189, 190, 194, 195, 196, 197, 198, 199, 200, 201, 202, 203, 204, 205], "summary": {"covered_lines": 15, "num_statements": 15, "percent_covered": 100.0, "percent_covered_display": "100", "missing_lines": 0, "excluded_lines": 0, "num_branches": 10, "num_partial_branches": 0, "covered_branches": 10, "missing_branches": 0}, "missing_lines": [], "excluded_lines": [], "executed_branches": [[189, 190], [189, 194], [194, 195], [194, 196], [196, 197], [196, 202], [202, -180], [202, 203], [204, -180], [204, 205]], "missing_branches": []}, "_collect_rank_select": {"executed_lines": [216, 217, 218, 219, 220, 221, 222, 223, 224, 230, 231, 240, 247], "summary": {"covered_lines": 13, "num_statements": 13, "percent_covered": 100.0, "percent_covered_display": "100", "missing_lines": 0, "excluded_lines": 0, "num_branches": 4, "num_partial_branches": 0, "covered_branches": 4, "missing_branches": 0}, "missing_lines": [], "excluded_lines": [], "executed_branches": [[223, 224], [223, 230], [230, 231], [230, 240]], "missing_branches": []}, "_history_reader": {"executed_lines": [251, 252, 253, 254, 255, 256, 257, 258, 259, 260, 261, 262, 263], "summary": {"covered_lines": 13, "num_statements": 13, "percent_covered": 100.0, "percent_covered_display": "100", "missing_lines": 0, "excluded_lines": 0, "num_branches": 2, "num_partial_branches": 0, "covered_branches": 2, "missing_branches": 0}, "missing_lines": [], "excluded_lines": [], "executed_branches": [[253, 254], [253, 256]], "missing_branches": []}, "_FrozenHistory.__init__": {"executed_lines": [270, 271], "summary": {"covered_lines": 2, "num_statements": 2, "percent_covered": 100.0, "percent_covered_display": "100", "missing_lines": 0, "excluded_lines": 0, "num_branches": 0, "num_partial_branches": 0, "covered_branches": 0, "missing_branches": 0}, "missing_lines": [], "excluded_lines": [], "executed_branches": [], "missing_branches": []}, "_FrozenHistory.identity_keys": {"executed_lines": [281], "summary": {"covered_lines": 1, "num_statements": 1, "percent_covered": 100.0, "percent_covered_display": "100", "missing_lines": 0, "excluded_lines": 0, "num_branches": 0, "num_partial_branches": 0, "covered_branches": 0, "missing_branches": 0}, "missing_lines": [], "excluded_lines": [], "executed_branches": [], "missing_branches": []}, "_frozen_text": {"executed_lines": [330, 331, 332, 333, 334, 335, 336, 337, 338, 339], "summary": {"covered_lines": 10, "num_statements": 10, "percent_covered": 100.0, "percent_covered_display": "100", "missing_lines": 0, "excluded_lines": 0, "num_branches": 8, "num_partial_branches": 0, "covered_branches": 8, "missing_branches": 0}, "missing_lines": [], "excluded_lines": [], "executed_branches": [[330, 331], [330, 333], [333, 334], [333, 335], [335, 336], [335, 337], [337, 338], [337, 339]], "missing_branches": []}, "_frozen_integer": {"executed_lines": [343, 344, 345], "summary": {"covered_lines": 3, "num_statements": 3, "percent_covered": 100.0, "percent_covered_display": "100", "missing_lines": 0, "excluded_lines": 0, "num_branches": 2, "num_partial_branches": 0, "covered_branches": 2, "missing_branches": 0}, "missing_lines": [], "excluded_lines": [], "executed_branches": [[343, 344], [343, 345]], "missing_branches": []}, "_reject_duplicate_json_keys": {"executed_lines": [349, 350, 351, 352, 353, 354], "summary": {"covered_lines": 6, "num_statements": 6, "percent_covered": 100.0, "percent_covered_display": "100", "missing_lines": 0, "excluded_lines": 0, "num_branches": 4, "num_partial_branches": 0, "covered_branches": 4, "missing_branches": 0}, "missing_lines": [], "excluded_lines": [], "executed_branches": [[350, 351], [350, 354], [351, 352], [351, 353]], "missing_branches": []}, "_frozen_item": {"executed_lines": [358, 359, 360, 361, 362, 363, 364, 365, 366, 367, 368, 369, 370, 371, 372, 373, 374, 375, 376, 388, 389, 390, 391, 392, 393, 394, 395, 396, 397, 398, 399, 400, 401], "summary": {"covered_lines": 33, "num_statements": 33, "percent_covered": 100.0, "percent_covered_display": "100", "missing_lines": 0, "excluded_lines": 0, "num_branches": 20, "num_partial_branches": 0, "covered_branches": 20, "missing_branches": 0}, "missing_lines": [], "excluded_lines": [], "executed_branches": [[358, 359], [358, 360], [361, 362], [361, 363], [367, 368], [367, 376], [373, 374], [373, 375], [388, 389], [388, 391], [389, 388], [389, 390], [392, 393], [392, 394], [394, 395], [394, 396], [397, 398], [397, 399], [399, 400], [399, 401]], "missing_branches": []}, "_load_frozen_input": {"executed_lines": [422, 423, 424, 425, 426, 427, 428, 429, 430, 431, 432, 433, 434, 435, 436, 437, 438, 439, 440, 441, 442, 443, 444, 445, 446, 449, 450, 451, 452, 453, 454, 455, 456, 457, 458, 459, 460, 461, 462, 463, 464, 465, 466, 467, 468, 469, 470, 476, 480, 481, 482, 483, 497, 498, 499, 500, 501, 502, 503, 504, 505, 506, 507, 508, 509, 510, 511, 512, 513, 514, 515, 516, 517, 518, 521, 522, 523, 524], "summary": {"covered_lines": 78, "num_statements": 80, "percent_covered": 98.38709677419355, "percent_covered_display": "98", "missing_lines": 2, "excluded_lines": 0, "num_branches": 44, "num_partial_branches": 0, "covered_branches": 44, "missing_branches": 0}, "missing_lines": [447, 448], "excluded_lines": [], "executed_branches": [[424, 425], [424, 426], [431, 432], [431, 433], [434, 435], [434, 436], [438, 439], [438, 440], [441, 442], [441, 443], [449, 450], [449, 451], [452, 453], [452, 454], [456, 457], [456, 458], [459, 460], [459, 497], [460, 461], [460, 462], [463, 464], [463, 465], [468, 469], [468, 470], [498, 499], [498, 500], [500, 501], [500, 502], [503, 504], [503, 505], [506, 507], [506, 508], [508, 509], [508, 518], [509, 510], [509, 511], [512, 513], [512, 514], [514, 515], [514, 516], [516, 508], [516, 517], [521, 522], [521, 524]], "missing_branches": []}, "run_once": {"executed_lines": [541, 542, 543, 547, 548, 549, 550, 557, 558, 559, 560, 562, 570, 571, 587, 589, 590, 591, 593, 594, 595, 597, 598, 599, 600, 601, 602, 603, 604, 605, 606, 607, 608, 613, 615, 616, 620, 621, 624, 625, 628, 629, 630, 633, 634, 635, 636, 637, 645, 648, 649, 652, 658, 659, 660, 668, 669, 670, 671, 672, 673, 674, 682, 683, 693, 694, 695, 696, 697, 704, 705, 714, 728, 732, 733, 734, 741, 742, 743, 744, 745, 746, 747, 748, 751, 752, 753, 754, 759, 766, 772, 773, 774, 780, 788, 790, 791, 794, 799, 805, 812, 821, 822, 823, 824, 825, 826, 827, 830, 840, 841, 849, 858, 864, 870, 871, 873, 879, 887, 888, 889, 890, 891, 901, 902, 903, 904, 905, 906, 907, 909, 913, 914, 917, 918, 919, 920, 921, 922, 923, 924, 925, 927, 928, 929, 930, 931, 932, 939, 940, 941, 950, 951, 952, 959, 960, 961, 962, 963, 964, 972, 978, 987, 988, 989, 992, 993, 994, 1004, 1005, 1008, 1009, 1010, 1016, 1017, 1020, 1025, 1034, 1041, 1051, 1052, 1053, 1061, 1067, 1076, 1077, 1081, 1089, 1094, 1103, 1104, 1105, 1106, 1107, 1108, 1109, 1110, 1111, 1112, 1128, 1133, 1142, 1143, 1144, 1145, 1146, 1147, 1148, 1149, 1157, 1159, 1160, 1161], "summary": {"covered_lines": 213, "num_statements": 240, "percent_covered": 89.50617283950618, "percent_covered_display": "90", "missing_lines": 27, "excluded_lines": 0, "num_branches": 84, "num_partial_branches": 7, "covered_branches": 77, "missing_branches": 7}, "missing_lines": [561, 650, 651, 684, 692, 706, 713, 749, 750, 756, 757, 758, 792, 793, 892, 900, 915, 916, 990, 991, 1006, 1007, 1018, 1019, 1113, 1118, 1127], "excluded_lines": [], "executed_branches": [[543, 547], [543, 589], [547, 548], [547, 549], [558, 559], [558, 560], [560, 562], [589, 590], [589, 593], [593, 594], [593, 597], [605, 606], [605, 608], [616, 620], [616, 621], [624, 625], [624, 629], [629, 630], [629, 634], [634, 635], [634, 671], [636, 637], [636, 648], [652, 658], [652, 669], [669, 670], [669, 671], [671, 672], [671, 728], [673, 674], [673, 683], [683, 693], [693, 694], [693, 696], [696, 697], [696, 705], [705, 714], [732, 733], [732, 864], [742, 743], [742, 745], [746, 747], [746, 822], [751, 752], [772, 773], [772, 790], [824, 825], [824, 826], [826, 827], [826, 830], [871, 873], [871, 888], [889, 890], [889, 903], [891, 901], [905, 906], [905, 917], [907, 909], [917, 888], [917, 918], [922, 923], [922, 927], [930, 931], [930, 932], [932, 939], [932, 951], [963, 964], [963, 988], [1010, 1016], [1010, 1052], [1106, 917], [1106, 1107], [1128, 1133], [1128, 1143], [1143, 1144], [1143, 1146], [1146, 1147]], "missing_branches": [[560, 561], [683, 684], [705, 706], [751, 756], [891, 892], [907, 915], [1146, 1149]]}, "_next_delivery": {"executed_lines": [1165, 1166, 1167, 1168, 1169, 1170, 1171], "summary": {"covered_lines": 7, "num_statements": 7, "percent_covered": 88.88888888888889, "percent_covered_display": "89", "missing_lines": 0, "excluded_lines": 0, "num_branches": 2, "num_partial_branches": 1, "covered_branches": 1, "missing_branches": 1}, "missing_lines": [], "excluded_lines": [], "executed_branches": [[1169, 1170]], "missing_branches": [[1169, 1171]]}, "_is_due": {"executed_lines": [1175, 1176, 1177, 1178], "summary": {"covered_lines": 4, "num_statements": 4, "percent_covered": 100.0, "percent_covered_display": "100", "missing_lines": 0, "excluded_lines": 0, "num_branches": 0, "num_partial_branches": 0, "covered_branches": 0, "missing_branches": 0}, "missing_lines": [], "excluded_lines": [], "executed_branches": [], "missing_branches": []}, "_has_recovery_work": {"executed_lines": [1182, 1183, 1184, 1185, 1186, 1187, 1188, 1189, 1190, 1194], "summary": {"covered_lines": 10, "num_statements": 10, "percent_covered": 100.0, "percent_covered_display": "100", "missing_lines": 0, "excluded_lines": 0, "num_branches": 4, "num_partial_branches": 0, "covered_branches": 4, "missing_branches": 0}, "missing_lines": [], "excluded_lines": [], "executed_branches": [[1183, 1184], [1183, 1185], [1187, 1188], [1187, 1189]], "missing_branches": []}, "RunOutcome.__eq__": {"executed_lines": [1206, 1207, 1208, 1209, 1210], "summary": {"covered_lines": 5, "num_statements": 5, "percent_covered": 100.0, "percent_covered_display": "100", "missing_lines": 0, "excluded_lines": 0, "num_branches": 4, "num_partial_branches": 0, "covered_branches": 4, "missing_branches": 0}, "missing_lines": [], "excluded_lines": [], "executed_branches": [[1206, 1207], [1206, 1208], [1208, 1209], [1208, 1210]], "missing_branches": []}, "RunOutcome.__int__": {"executed_lines": [1213], "summary": {"covered_lines": 1, "num_statements": 1, "percent_covered": 100.0, "percent_covered_display": "100", "missing_lines": 0, "excluded_lines": 0, "num_branches": 0, "num_partial_branches": 0, "covered_branches": 0, "missing_branches": 0}, "missing_lines": [], "excluded_lines": [], "executed_branches": [], "missing_branches": []}, "_next_durable_retry": {"executed_lines": [1217, 1218, 1219, 1220, 1221, 1223], "summary": {"covered_lines": 6, "num_statements": 6, "percent_covered": 100.0, "percent_covered_display": "100", "missing_lines": 0, "excluded_lines": 0, "num_branches": 2, "num_partial_branches": 0, "covered_branches": 2, "missing_branches": 0}, "missing_lines": [], "excluded_lines": [], "executed_branches": [[1218, 1219], [1218, 1220]], "missing_branches": []}, "_scheduler_heartbeat": {"executed_lines": [1234, 1235, 1236, 1237, 1238, 1239], "summary": {"covered_lines": 6, "num_statements": 6, "percent_covered": 100.0, "percent_covered_display": "100", "missing_lines": 0, "excluded_lines": 0, "num_branches": 2, "num_partial_branches": 0, "covered_branches": 2, "missing_branches": 0}, "missing_lines": [], "excluded_lines": [], "executed_branches": [[1236, -1226], [1236, 1237]], "missing_branches": []}, "run_daemon": {"executed_lines": [1248, 1249, 1250, 1252, 1253, 1254, 1256, 1257, 1265, 1272, 1273, 1274, 1275, 1276, 1277, 1278, 1284, 1285, 1286, 1287, 1288, 1289, 1290, 1291, 1292, 1293, 1295, 1296, 1297, 1298, 1299, 1302, 1303, 1304, 1340, 1341, 1342, 1343, 1344, 1345, 1346], "summary": {"covered_lines": 41, "num_statements": 71, "percent_covered": 53.46534653465346, "percent_covered_display": "53", "missing_lines": 30, "excluded_lines": 0, "num_branches": 30, "num_partial_branches": 3, "covered_branches": 13, "missing_branches": 17}, "missing_lines": [1300, 1306, 1308, 1309, 1310, 1311, 1312, 1313, 1314, 1315, 1316, 1317, 1318, 1319, 1320, 1321, 1322, 1323, 1324, 1325, 1327, 1328, 1329, 1330, 1331, 1334, 1335, 1336, 1337, 1338], "excluded_lines": [], "executed_branches": [[1248, 1249], [1248, 1252], [1275, 1276], [1275, 1278], [1286, 1287], [1287, 1288], [1287, 1291], [1291, 1292], [1291, 1298], [1296, 1297], [1296, 1298], [1299, 1302], [1302, 1303]], "missing_branches": [[1286, 1291], [1299, 1300], [1302, 1306], [1308, 1309], [1308, 1315], [1312, 1313], [1312, 1314], [1318, 1319], [1318, 1320], [1324, 1325], [1324, 1327], [1327, 1328], [1327, 1330], [1330, 1322], [1330, 1331], [1337, 1298], [1337, 1338]]}, "run_daemon.reload_config": {"executed_lines": [1259, 1260, 1261], "summary": {"covered_lines": 3, "num_statements": 5, "percent_covered": 57.142857142857146, "percent_covered_display": "57", "missing_lines": 2, "excluded_lines": 0, "num_branches": 2, "num_partial_branches": 1, "covered_branches": 1, "missing_branches": 1}, "missing_lines": [1262, 1263], "excluded_lines": [], "executed_branches": [[1260, 1261]], "missing_branches": [[1260, -1257]]}, "run_daemon.consume_result": {"executed_lines": [1266, 1267, 1268, 1269, 1270], "summary": {"covered_lines": 5, "num_statements": 5, "percent_covered": 100.0, "percent_covered_display": "100", "missing_lines": 0, "excluded_lines": 0, "num_branches": 2, "num_partial_branches": 0, "covered_branches": 2, "missing_branches": 0}, "missing_lines": [], "excluded_lines": [], "executed_branches": [[1267, 1268], [1267, 1270]], "missing_branches": []}, "build_parser": {"executed_lines": [1350, 1351, 1352, 1353, 1354, 1355, 1356, 1357, 1358, 1359, 1360, 1361, 1362, 1368, 1369, 1370, 1371, 1372, 1373, 1374, 1375, 1376, 1377, 1378, 1379, 1380, 1381, 1382, 1383, 1384, 1385, 1386, 1387], "summary": {"covered_lines": 33, "num_statements": 33, "percent_covered": 100.0, "percent_covered_display": "100", "missing_lines": 0, "excluded_lines": 0, "num_branches": 0, "num_partial_branches": 0, "covered_branches": 0, "missing_branches": 0}, "missing_lines": [], "excluded_lines": [], "executed_branches": [], "missing_branches": []}, "_validate_options": {"executed_lines": [1391, 1392, 1393, 1394, 1395, 1398, 1399, 1400, 1401, 1402, 1403, 1404, 1405, 1406, 1407, 1408, 1409, 1423, 1424, 1425, 1426, 1429, 1430, 1431, 1432, 1433, 1434, 1435, 1436, 1437, 1438, 1439, 1440, 1441, 1442, 1443, 1444, 1445, 1446, 1447, 1448, 1449, 1450, 1452, 1453, 1454, 1455, 1456, 1457, 1458, 1459, 1460, 1461, 1462, 1463], "summary": {"covered_lines": 55, "num_statements": 56, "percent_covered": 98.18181818181819, "percent_covered_display": "98", "missing_lines": 1, "excluded_lines": 0, "num_branches": 54, "num_partial_branches": 1, "covered_branches": 53, "missing_branches": 1}, "missing_lines": [1451], "excluded_lines": [], "executed_branches": [[1391, 1392], [1391, 1393], [1393, 1394], [1393, 1395], [1395, 1398], [1395, 1399], [1399, 1400], [1399, 1401], [1401, 1402], [1401, 1403], [1403, 1404], [1403, 1405], [1405, 1406], [1405, 1407], [1407, 1408], [1407, 1409], [1423, 1424], [1423, 1425], [1426, 1429], [1426, 1430], [1430, 1431], [1430, 1432], [1432, 1433], [1432, 1434], [1434, 1435], [1434, 1436], [1436, 1437], [1436, 1438], [1438, 1439], [1438, 1440], [1440, 1441], [1440, 1442], [1442, 1443], [1442, 1444], [1444, 1445], [1444, 1446], [1446, 1447], [1446, 1448], [1448, 1449], [1448, 1450], [1450, 1452], [1452, 1453], [1452, 1454], [1454, 1455], [1454, 1456], [1456, 1457], [1456, 1458], [1458, 1459], [1458, 1460], [1460, 1461], [1460, 1462], [1462, -1390], [1462, 1463]], "missing_branches": [[1450, 1451]]}, "_state_status": {"executed_lines": [1467, 1468, 1473, 1474, 1475, 1476, 1477, 1478, 1485, 1486, 1487, 1490, 1498, 1505, 1506, 1507, 1508, 1509, 1510, 1511, 1512, 1513, 1514, 1518], "summary": {"covered_lines": 24, "num_statements": 26, "percent_covered": 94.73684210526316, "percent_covered_display": "95", "missing_lines": 2, "excluded_lines": 0, "num_branches": 12, "num_partial_branches": 0, "covered_branches": 12, "missing_branches": 0}, "missing_lines": [1515, 1516], "excluded_lines": [], "executed_branches": [[1468, 1473], [1468, 1508], [1477, 1478], [1477, 1485], [1485, 1486], [1485, 1487], [1487, 1490], [1487, 1498], [1505, 1506], [1505, 1507], [1512, 1513], [1512, 1514]], "missing_branches": []}, "_finish_command": {"executed_lines": [1531, 1532, 1533], "summary": {"covered_lines": 3, "num_statements": 3, "percent_covered": 100.0, "percent_covered_display": "100", "missing_lines": 0, "excluded_lines": 0, "num_branches": 0, "num_partial_branches": 0, "covered_branches": 0, "missing_branches": 0}, "missing_lines": [], "excluded_lines": [], "executed_branches": [], "missing_branches": []}, "main": {"executed_lines": [1537, 1538, 1539, 1540, 1541, 1546, 1547, 1552, 1553, 1554, 1555, 1556, 1557, 1559, 1560, 1561, 1562, 1564, 1569, 1570, 1571, 1572, 1573, 1574, 1575, 1576, 1577, 1578, 1579, 1580, 1581, 1582, 1583, 1584, 1585, 1586, 1587, 1588, 1589, 1590, 1591, 1592, 1593, 1594, 1595, 1596, 1598, 1599, 1603, 1604, 1619, 1620, 1626, 1627, 1628, 1629, 1630, 1631, 1632, 1638, 1639, 1640, 1642, 1643, 1649, 1650, 1651, 1652, 1654, 1655, 1656, 1657, 1663, 1664, 1666, 1667, 1668, 1669, 1675, 1676, 1677, 1678, 1679, 1680, 1681, 1682, 1685, 1688, 1689, 1690, 1691, 1692, 1693, 1694, 1695, 1696, 1699, 1700, 1702, 1703, 1704, 1705, 1706, 1707, 1708, 1711, 1718, 1719, 1720, 1721, 1722, 1723, 1724, 1727, 1728, 1729, 1730, 1731, 1734, 1741, 1742, 1743, 1744, 1745, 1746, 1747, 1750, 1754, 1755, 1761, 1762, 1764, 1768, 1775, 1776, 1777, 1782, 1788, 1789, 1790, 1791, 1792, 1793, 1796, 1797, 1798, 1800, 1801, 1802, 1803, 1806, 1807, 1808, 1809, 1816, 1817, 1818, 1819, 1820, 1821, 1822, 1823, 1825, 1826, 1832, 1833, 1834, 1835, 1837, 1838, 1839, 1840, 1841, 1842, 1843, 1846, 1847, 1848, 1849, 1850, 1851, 1852, 1863, 1864, 1865, 1866, 1867, 1868, 1869, 1870, 1874, 1875, 1876, 1878, 1879, 1880, 1881, 1882, 1883, 1884], "summary": {"covered_lines": 200, "num_statements": 200, "percent_covered": 99.33774834437087, "percent_covered_display": "99", "missing_lines": 0, "excluded_lines": 0, "num_branches": 102, "num_partial_branches": 2, "covered_branches": 100, "missing_branches": 2}, "missing_lines": [], "excluded_lines": [], "executed_branches": [[1556, 1557], [1556, 1559], [1561, 1562], [1561, 1564], [1569, 1570], [1569, 1571], [1571, 1572], [1571, 1573], [1573, 1574], [1573, 1575], [1575, 1576], [1575, 1577], [1577, 1578], [1577, 1579], [1579, 1580], [1579, 1581], [1581, 1582], [1581, 1583], [1583, 1584], [1583, 1585], [1585, 1586], [1585, 1587], [1587, 1588], [1587, 1589], [1589, 1590], [1589, 1591], [1591, 1592], [1591, 1593], [1593, 1594], [1593, 1595], [1595, 1596], [1595, 1598], [1604, 1619], [1604, 1626], [1626, 1627], [1626, 1629], [1629, 1630], [1629, 1638], [1638, 1639], [1638, 1649], [1649, 1650], [1649, 1663], [1651, 1652], [1651, 1656], [1663, 1664], [1663, 1675], [1675, 1676], [1675, 1689], [1680, 1681], [1680, 1682], [1689, 1690], [1689, 1704], [1694, 1695], [1694, 1696], [1699, 1700], [1699, 1702], [1704, 1705], [1704, 1727], [1722, 1723], [1727, 1728], [1727, 1750], [1745, 1746], [1745, 1747], [1750, 1754], [1750, 1802], [1754, 1755], [1754, 1775], [1761, 1762], [1761, 1764], [1791, 1792], [1791, 1793], [1797, 1798], [1797, 1800], [1802, 1803], [1802, 1846], [1803, 1806], [1803, 1816], [1807, 1808], [1818, 1819], [1818, 1832], [1820, 1821], [1820, 1822], [1822, 1823], [1822, 1825], [1834, 1835], [1834, 1837], [1841, 1842], [1841, 1843], [1847, 1848], [1847, 1849], [1849, 1850], [1849, 1852], [1863, 1864], [1863, 1869], [1864, 1865], [1864, 1868], [1875, 1876], [1875, 1878], [1882, 1883], [1882, 1884]], "missing_branches": [[1722, 1724], [1807, 1809]]}, "": {"executed_lines": [1, 3, 5, 6, 7, 8, 9, 10, 11, 12, 13, 14, 15, 16, 17, 18, 19, 20, 22, 24, 25, 26, 27, 28, 29, 30, 31, 32, 33, 34, 35, 36, 37, 38, 41, 51, 63, 64, 65, 68, 69, 70, 72, 73, 74, 75, 76, 77, 78, 79, 80, 81, 82, 83, 84, 85, 86, 87, 88, 89, 90, 91, 92, 93, 94, 95, 96, 97, 98, 99, 100, 101, 102, 104, 105, 109, 113, 122, 135, 158, 180, 208, 250, 266, 267, 269, 273, 284, 302, 311, 323, 324, 325, 326, 329, 342, 348, 357, 421, 527, 1164, 1174, 1181, 1197, 1198, 1199, 1201, 1202, 1203, 1205, 1212, 1216, 1226, 1247, 1349, 1390, 1466, 1521, 1536, 1887], "summary": {"covered_lines": 115, "num_statements": 115, "percent_covered": 100.0, "percent_covered_display": "100", "missing_lines": 0, "excluded_lines": 2, "num_branches": 0, "num_partial_branches": 0, "covered_branches": 0, "missing_branches": 0}, "missing_lines": [], "excluded_lines": [1887, 1888], "executed_branches": [], "missing_branches": []}}, "classes": {"RunOptions": {"executed_lines": [106], "summary": {"covered_lines": 1, "num_statements": 1, "percent_covered": 100.0, "percent_covered_display": "100", "missing_lines": 0, "excluded_lines": 0, "num_branches": 0, "num_partial_branches": 0, "covered_branches": 0, "missing_branches": 0}, "missing_lines": [], "excluded_lines": [], "executed_branches": [], "missing_branches": []}, "_FrozenHistory": {"executed_lines": [270, 271, 281], "summary": {"covered_lines": 3, "num_statements": 3, "percent_covered": 100.0, "percent_covered_display": "100", "missing_lines": 0, "excluded_lines": 0, "num_branches": 0, "num_partial_branches": 0, "covered_branches": 0, "missing_branches": 0}, "missing_lines": [], "excluded_lines": [], "executed_branches": [], "missing_branches": []}, "RunOutcome": {"executed_lines": [1206, 1207, 1208, 1209, 1210, 1213], "summary": {"covered_lines": 6, "num_statements": 6, "percent_covered": 100.0, "percent_covered_display": "100", "missing_lines": 0, "excluded_lines": 0, "num_branches": 4, "num_partial_branches": 0, "covered_branches": 4, "missing_branches": 0}, "missing_lines": [], "excluded_lines": [], "executed_branches": [[1206, 1207], [1206, 1208], [1208, 1209], [1208, 1210]], "missing_branches": []}, "": {"executed_lines": [1, 3, 5, 6, 7, 8, 9, 10, 11, 12, 13, 14, 15, 16, 17, 18, 19, 20, 22, 24, 25, 26, 27, 28, 29, 30, 31, 32, 33, 34, 35, 36, 37, 38, 41, 45, 46, 47, 48, 51, 52, 53, 63, 64, 65, 68, 69, 70, 72, 73, 74, 75, 76, 77, 78, 79, 80, 81, 82, 83, 84, 85, 86, 87, 88, 89, 90, 91, 92, 93, 94, 95, 96, 97, 98, 99, 100, 101, 102, 104, 105, 109, 110, 113, 114, 115, 116, 117, 118, 119, 122, 123, 124, 125, 126, 128, 131, 132, 135, 136, 137, 140, 141, 142, 143, 146, 147, 148, 149, 150, 151, 152, 155, 158, 159, 160, 161, 164, 165, 166, 169, 170, 171, 174, 175, 176, 180, 188, 189, 190, 194, 195, 196, 197, 198, 199, 200, 201, 202, 203, 204, 205, 208, 216, 217, 218, 219, 220, 221, 222, 223, 224, 230, 231, 240, 247, 250, 251, 252, 253, 254, 255, 256, 257, 258, 259, 260, 261, 262, 263, 266, 267, 269, 273, 284, 302, 311, 323, 324, 325, 326, 329, 330, 331, 332, 333, 334, 335, 336, 337, 338, 339, 342, 343, 344, 345, 348, 349, 350, 351, 352, 353, 354, 357, 358, 359, 360, 361, 362, 363, 364, 365, 366, 367, 368, 369, 370, 371, 372, 373, 374, 375, 376, 388, 389, 390, 391, 392, 393, 394, 395, 396, 397, 398, 399, 400, 401, 421, 422, 423, 424, 425, 426, 427, 428, 429, 430, 431, 432, 433, 434, 435, 436, 437, 438, 439, 440, 441, 442, 443, 444, 445, 446, 449, 450, 451, 452, 453, 454, 455, 456, 457, 458, 459, 460, 461, 462, 463, 464, 465, 466, 467, 468, 469, 470, 476, 480, 481, 482, 483, 497, 498, 499, 500, 501, 502, 503, 504, 505, 506, 507, 508, 509, 510, 511, 512, 513, 514, 515, 516, 517, 518, 521, 522, 523, 524, 527, 541, 542, 543, 547, 548, 549, 550, 557, 558, 559, 560, 562, 570, 571, 587, 589, 590, 591, 593, 594, 595, 597, 598, 599, 600, 601, 602, 603, 604, 605, 606, 607, 608, 613, 615, 616, 620, 621, 624, 625, 628, 629, 630, 633, 634, 635, 636, 637, 645, 648, 649, 652, 658, 659, 660, 668, 669, 670, 671, 672, 673, 674, 682, 683, 693, 694, 695, 696, 697, 704, 705, 714, 728, 732, 733, 734, 741, 742, 743, 744, 745, 746, 747, 748, 751, 752, 753, 754, 759, 766, 772, 773, 774, 780, 788, 790, 791, 794, 799, 805, 812, 821, 822, 823, 824, 825, 826, 827, 830, 840, 841, 849, 858, 864, 870, 871, 873, 879, 887, 888, 889, 890, 891, 901, 902, 903, 904, 905, 906, 907, 909, 913, 914, 917, 918, 919, 920, 921, 922, 923, 924, 925, 927, 928, 929, 930, 931, 932, 939, 940, 941, 950, 951, 952, 959, 960, 961, 962, 963, 964, 972, 978, 987, 988, 989, 992, 993, 994, 1004, 1005, 1008, 1009, 1010, 1016, 1017, 1020, 1025, 1034, 1041, 1051, 1052, 1053, 1061, 1067, 1076, 1077, 1081, 1089, 1094, 1103, 1104, 1105, 1106, 1107, 1108, 1109, 1110, 1111, 1112, 1128, 1133, 1142, 1143, 1144, 1145, 1146, 1147, 1148, 1149, 1157, 1159, 1160, 1161, 1164, 1165, 1166, 1167, 1168, 1169, 1170, 1171, 1174, 1175, 1176, 1177, 1178, 1181, 1182, 1183, 1184, 1185, 1186, 1187, 1188, 1189, 1190, 1194, 1197, 1198, 1199, 1201, 1202, 1203, 1205, 1212, 1216, 1217, 1218, 1219, 1220, 1221, 1223, 1226, 1234, 1235, 1236, 1237, 1238, 1239, 1247, 1248, 1249, 1250, 1252, 1253, 1254, 1256, 1257, 1259, 1260, 1261, 1265, 1266, 1267, 1268, 1269, 1270, 1272, 1273, 1274, 1275, 1276, 1277, 1278, 1284, 1285, 1286, 1287, 1288, 1289, 1290, 1291, 1292, 1293, 1295, 1296, 1297, 1298, 1299, 1302, 1303, 1304, 1340, 1341, 1342, 1343, 1344, 1345, 1346, 1349, 1350, 1351, 1352, 1353, 1354, 1355, 1356, 1357, 1358, 1359, 1360, 1361, 1362, 1368, 1369, 1370, 1371, 1372, 1373, 1374, 1375, 1376, 1377, 1378, 1379, 1380, 1381, 1382, 1383, 1384, 1385, 1386, 1387, 1390, 1391, 1392, 1393, 1394, 1395, 1398, 1399, 1400, 1401, 1402, 1403, 1404, 1405, 1406, 1407, 1408, 1409, 1423, 1424, 1425, 1426, 1429, 1430, 1431, 1432, 1433, 1434, 1435, 1436, 1437, 1438, 1439, 1440, 1441, 1442, 1443, 1444, 1445, 1446, 1447, 1448, 1449, 1450, 1452, 1453, 1454, 1455, 1456, 1457, 1458, 1459, 1460, 1461, 1462, 1463, 1466, 1467, 1468, 1473, 1474, 1475, 1476, 1477, 1478, 1485, 1486, 1487, 1490, 1498, 1505, 1506, 1507, 1508, 1509, 1510, 1511, 1512, 1513, 1514, 1518, 1521, 1531, 1532, 1533, 1536, 1537, 1538, 1539, 1540, 1541, 1546, 1547, 1552, 1553, 1554, 1555, 1556, 1557, 1559, 1560, 1561, 1562, 1564, 1569, 1570, 1571, 1572, 1573, 1574, 1575, 1576, 1577, 1578, 1579, 1580, 1581, 1582, 1583, 1584, 1585, 1586, 1587, 1588, 1589, 1590, 1591, 1592, 1593, 1594, 1595, 1596, 1598, 1599, 1603, 1604, 1619, 1620, 1626, 1627, 1628, 1629, 1630, 1631, 1632, 1638, 1639, 1640, 1642, 1643, 1649, 1650, 1651, 1652, 1654, 1655, 1656, 1657, 1663, 1664, 1666, 1667, 1668, 1669, 1675, 1676, 1677, 1678, 1679, 1680, 1681, 1682, 1685, 1688, 1689, 1690, 1691, 1692, 1693, 1694, 1695, 1696, 1699, 1700, 1702, 1703, 1704, 1705, 1706, 1707, 1708, 1711, 1718, 1719, 1720, 1721, 1722, 1723, 1724, 1727, 1728, 1729, 1730, 1731, 1734, 1741, 1742, 1743, 1744, 1745, 1746, 1747, 1750, 1754, 1755, 1761, 1762, 1764, 1768, 1775, 1776, 1777, 1782, 1788, 1789, 1790, 1791, 1792, 1793, 1796, 1797, 1798, 1800, 1801, 1802, 1803, 1806, 1807, 1808, 1809, 1816, 1817, 1818, 1819, 1820, 1821, 1822, 1823, 1825, 1826, 1832, 1833, 1834, 1835, 1837, 1838, 1839, 1840, 1841, 1842, 1843, 1846, 1847, 1848, 1849, 1850, 1851, 1852, 1863, 1864, 1865, 1866, 1867, 1868, 1869, 1870, 1874, 1875, 1876, 1878, 1879, 1880, 1881, 1882, 1883, 1884, 1887], "summary": {"covered_lines": 942, "num_statements": 1018, "percent_covered": 92.56373937677054, "percent_covered_display": "93", "missing_lines": 76, "excluded_lines": 2, "num_branches": 394, "num_partial_branches": 15, "covered_branches": 365, "missing_branches": 29}, "missing_lines": [138, 139, 144, 145, 153, 154, 162, 163, 167, 168, 172, 173, 447, 448, 561, 650, 651, 684, 692, 706, 713, 749, 750, 756, 757, 758, 792, 793, 892, 900, 915, 916, 990, 991, 1006, 1007, 1018, 1019, 1113, 1118, 1127, 1262, 1263, 1300, 1306, 1308, 1309, 1310, 1311, 1312, 1313, 1314, 1315, 1316, 1317, 1318, 1319, 1320, 1321, 1322, 1323, 1324, 1325, 1327, 1328, 1329, 1330, 1331, 1334, 1335, 1336, 1337, 1338, 1451, 1515, 1516], "excluded_lines": [1887, 1888], "executed_branches": [[114, 115], [114, 116], [140, 141], [140, 146], [189, 190], [189, 194], [194, 195], [194, 196], [196, 197], [196, 202], [202, -180], [202, 203], [204, -180], [204, 205], [223, 224], [223, 230], [230, 231], [230, 240], [253, 254], [253, 256], [330, 331], [330, 333], [333, 334], [333, 335], [335, 336], [335, 337], [337, 338], [337, 339], [343, 344], [343, 345], [350, 351], [350, 354], [351, 352], [351, 353], [358, 359], [358, 360], [361, 362], [361, 363], [367, 368], [367, 376], [373, 374], [373, 375], [388, 389], [388, 391], [389, 388], [389, 390], [392, 393], [392, 394], [394, 395], [394, 396], [397, 398], [397, 399], [399, 400], [399, 401], [424, 425], [424, 426], [431, 432], [431, 433], [434, 435], [434, 436], [438, 439], [438, 440], [441, 442], [441, 443], [449, 450], [449, 451], [452, 453], [452, 454], [456, 457], [456, 458], [459, 460], [459, 497], [460, 461], [460, 462], [463, 464], [463, 465], [468, 469], [468, 470], [498, 499], [498, 500], [500, 501], [500, 502], [503, 504], [503, 505], [506, 507], [506, 508], [508, 509], [508, 518], [509, 510], [509, 511], [512, 513], [512, 514], [514, 515], [514, 516], [516, 508], [516, 517], [521, 522], [521, 524], [543, 547], [543, 589], [547, 548], [547, 549], [558, 559], [558, 560], [560, 562], [589, 590], [589, 593], [593, 594], [593, 597], [605, 606], [605, 608], [616, 620], [616, 621], [624, 625], [624, 629], [629, 630], [629, 634], [634, 635], [634, 671], [636, 637], [636, 648], [652, 658], [652, 669], [669, 670], [669, 671], [671, 672], [671, 728], [673, 674], [673, 683], [683, 693], [693, 694], [693, 696], [696, 697], [696, 705], [705, 714], [732, 733], [732, 864], [742, 743], [742, 745], [746, 747], [746, 822], [751, 752], [772, 773], [772, 790], [824, 825], [824, 826], [826, 827], [826, 830], [871, 873], [871, 888], [889, 890], [889, 903], [891, 901], [905, 906], [905, 917], [907, 909], [917, 888], [917, 918], [922, 923], [922, 927], [930, 931], [930, 932], [932, 939], [932, 951], [963, 964], [963, 988], [1010, 1016], [1010, 1052], [1106, 917], [1106, 1107], [1128, 1133], [1128, 1143], [1143, 1144], [1143, 1146], [1146, 1147], [1169, 1170], [1183, 1184], [1183, 1185], [1187, 1188], [1187, 1189], [1218, 1219], [1218, 1220], [1236, -1226], [1236, 1237], [1248, 1249], [1248, 1252], [1260, 1261], [1267, 1268], [1267, 1270], [1275, 1276], [1275, 1278], [1286, 1287], [1287, 1288], [1287, 1291], [1291, 1292], [1291, 1298], [1296, 1297], [1296, 1298], [1299, 1302], [1302, 1303], [1391, 1392], [1391, 1393], [1393, 1394], [1393, 1395], [1395, 1398], [1395, 1399], [1399, 1400], [1399, 1401], [1401, 1402], [1401, 1403], [1403, 1404], [1403, 1405], [1405, 1406], [1405, 1407], [1407, 1408], [1407, 1409], [1423, 1424], [1423, 1425], [1426, 1429], [1426, 1430], [1430, 1431], [1430, 1432], [1432, 1433], [1432, 1434], [1434, 1435], [1434, 1436], [1436, 1437], [1436, 1438], [1438, 1439], [1438, 1440], [1440, 1441], [1440, 1442], [1442, 1443], [1442, 1444], [1444, 1445], [1444, 1446], [1446, 1447], [1446, 1448], [1448, 1449], [1448, 1450], [1450, 1452], [1452, 1453], [1452, 1454], [1454, 1455], [1454, 1456], [1456, 1457], [1456, 1458], [1458, 1459], [1458, 1460], [1460, 1461], [1460, 1462], [1462, -1390], [1462, 1463], [1468, 1473], [1468, 1508], [1477, 1478], [1477, 1485], [1485, 1486], [1485, 1487], [1487, 1490], [1487, 1498], [1505, 1506], [1505, 1507], [1512, 1513], [1512, 1514], [1556, 1557], [1556, 1559], [1561, 1562], [1561, 1564], [1569, 1570], [1569, 1571], [1571, 1572], [1571, 1573], [1573, 1574], [1573, 1575], [1575, 1576], [1575, 1577], [1577, 1578], [1577, 1579], [1579, 1580], [1579, 1581], [1581, 1582], [1581, 1583], [1583, 1584], [1583, 1585], [1585, 1586], [1585, 1587], [1587, 1588], [1587, 1589], [1589, 1590], [1589, 1591], [1591, 1592], [1591, 1593], [1593, 1594], [1593, 1595], [1595, 1596], [1595, 1598], [1604, 1619], [1604, 1626], [1626, 1627], [1626, 1629], [1629, 1630], [1629, 1638], [1638, 1639], [1638, 1649], [1649, 1650], [1649, 1663], [1651, 1652], [1651, 1656], [1663, 1664], [1663, 1675], [1675, 1676], [1675, 1689], [1680, 1681], [1680, 1682], [1689, 1690], [1689, 1704], [1694, 1695], [1694, 1696], [1699, 1700], [1699, 1702], [1704, 1705], [1704, 1727], [1722, 1723], [1727, 1728], [1727, 1750], [1745, 1746], [1745, 1747], [1750, 1754], [1750, 1802], [1754, 1755], [1754, 1775], [1761, 1762], [1761, 1764], [1791, 1792], [1791, 1793], [1797, 1798], [1797, 1800], [1802, 1803], [1802, 1846], [1803, 1806], [1803, 1816], [1807, 1808], [1818, 1819], [1818, 1832], [1820, 1821], [1820, 1822], [1822, 1823], [1822, 1825], [1834, 1835], [1834, 1837], [1841, 1842], [1841, 1843], [1847, 1848], [1847, 1849], [1849, 1850], [1849, 1852], [1863, 1864], [1863, 1869], [1864, 1865], [1864, 1868], [1875, 1876], [1875, 1878], [1882, 1883], [1882, 1884]], "missing_branches": [[560, 561], [683, 684], [705, 706], [751, 756], [891, 892], [907, 915], [1146, 1149], [1169, 1171], [1260, -1257], [1286, 1291], [1299, 1300], [1302, 1306], [1308, 1309], [1308, 1315], [1312, 1313], [1312, 1314], [1318, 1319], [1318, 1320], [1324, 1325], [1324, 1327], [1327, 1328], [1327, 1330], [1330, 1322], [1330, 1331], [1337, 1298], [1337, 1338], [1450, 1451], [1722, 1724], [1807, 1809]]}}}, "meco_news\\backup.py": {"executed_lines": [1, 3, 5, 6, 7, 8, 9, 10, 11, 12, 13, 14, 15, 16, 17, 19, 20, 21, 22, 25, 26, 27, 28, 29, 32, 45, 46, 47, 48, 49, 50, 53, 54, 55, 58, 59, 60, 61, 62, 63, 64, 71, 74, 77, 80, 81, 82, 83, 84, 85, 88, 91, 94, 95, 96, 97, 98, 99, 100, 101, 102, 103, 106, 107, 108, 109, 111, 112, 113, 116, 117, 118, 119, 120, 121, 122, 123, 124, 125, 126, 127, 128, 129, 130, 133, 141, 142, 143, 144, 145, 146, 147, 148, 149, 150, 151, 152, 153, 154, 155, 156, 160, 162, 164, 165, 166, 167, 169, 171, 172, 173, 174, 175, 176, 187, 188, 189, 191, 192, 193, 200, 201, 202, 203, 204, 210, 211, 212, 213, 214, 215, 216, 217, 218, 219, 220, 221, 222, 223, 224, 225, 226, 228, 229, 230, 231, 232, 233, 234, 235, 236, 237, 238, 239, 240, 241, 242, 243, 246, 247, 248, 249, 250, 251, 252, 255, 256, 261, 264, 265, 266, 267, 268, 269, 270, 271, 272, 273, 274, 275, 276, 277, 279, 280, 281, 282, 288, 295, 296, 297, 299, 302, 303, 304, 305, 306, 307, 308, 309, 310, 311, 314, 317, 318, 319, 320, 321, 325, 328, 331, 332, 333, 334, 335, 338, 339, 342, 343, 350, 351, 352, 353, 354, 355, 356, 357, 358, 359, 360, 361, 362, 363, 366, 367, 368, 369, 372, 373, 374, 398, 399, 400, 404, 407, 408, 409, 412, 413, 416, 420, 423, 424, 425, 426, 427, 428, 429, 430, 431, 433, 434, 437, 439, 442, 443, 444, 445, 446, 447, 448, 451, 453, 455, 456, 457, 459, 460, 461, 462, 468, 469, 470, 471, 477, 478, 479, 482, 483, 484, 485, 490, 491, 497, 498, 501, 504, 505, 506, 507, 508, 509, 510, 511, 512, 513, 516, 517, 518, 522, 523, 524, 525, 526, 527, 531, 532, 533, 537, 538, 543, 544, 547, 555, 556, 557, 560, 561, 562, 569, 570, 577, 578, 584, 587, 595, 596, 597, 598, 599, 600, 601, 602, 603, 604, 606, 609, 610, 611, 612, 613, 614, 616, 617, 618, 619, 622, 623, 625, 628, 629, 630, 632, 634, 635, 636, 637, 638, 639, 640, 641, 642, 643, 644, 645, 646, 648, 649, 650, 651, 652, 653, 654, 656, 657, 658, 659, 660, 661, 662, 663, 664, 665, 666, 667, 668, 669, 670, 674, 675, 676, 677, 678, 679, 680, 681, 682, 683, 684, 687, 690, 694, 698, 699, 700, 701, 702, 703, 704, 706, 707, 708, 711], "summary": {"covered_lines": 421, "num_statements": 498, "percent_covered": 82.84883720930233, "percent_covered_display": "83", "missing_lines": 77, "excluded_lines": 0, "num_branches": 190, "num_partial_branches": 27, "covered_branches": 149, "missing_branches": 41}, "missing_lines": [65, 66, 68, 110, 157, 161, 168, 170, 194, 195, 196, 197, 208, 209, 227, 278, 375, 376, 377, 378, 379, 380, 381, 382, 383, 384, 385, 386, 387, 388, 389, 390, 391, 392, 393, 394, 395, 396, 397, 401, 410, 411, 417, 418, 432, 435, 436, 438, 452, 454, 458, 492, 493, 494, 495, 539, 540, 541, 579, 580, 581, 582, 605, 607, 624, 631, 633, 647, 655, 688, 689, 691, 692, 693, 695, 696, 697], "excluded_lines": [], "executed_branches": [[48, 49], [48, 50], [59, 60], [59, 61], [95, 96], [95, 103], [98, 99], [98, 100], [100, 101], [100, 102], [106, 107], [106, 113], [109, 111], [111, 106], [111, 112], [142, 143], [142, 144], [146, 147], [146, 150], [156, 160], [160, 162], [167, 169], [169, 171], [201, 202], [201, 203], [210, 211], [210, 212], [214, 215], [214, 216], [216, 217], [216, 218], [218, 219], [218, 220], [220, 221], [220, 222], [222, 223], [222, 224], [224, 225], [224, 226], [226, 228], [228, 229], [228, 230], [230, 231], [230, 232], [232, 233], [232, 234], [234, 235], [234, 237], [235, 234], [235, 236], [241, 242], [241, 243], [248, 249], [248, 252], [249, 250], [249, 251], [264, 265], [264, 266], [270, 271], [270, 272], [275, 276], [275, 279], [276, 277], [279, 280], [279, 281], [305, 306], [305, 311], [307, 305], [307, 308], [318, 319], [318, 325], [319, 320], [319, 321], [331, 332], [331, 335], [333, 331], [333, 334], [374, 398], [398, 399], [398, 404], [400, 404], [424, 425], [424, 426], [431, 433], [437, 439], [442, 443], [442, 444], [445, 446], [445, 477], [451, 453], [453, 455], [455, 456], [455, 457], [457, 459], [468, 469], [477, 478], [477, 490], [478, 479], [478, 490], [482, 483], [504, 505], [504, 506], [511, 512], [511, 513], [516, 517], [516, 518], [523, 524], [523, 525], [532, 533], [532, 537], [560, 561], [560, 562], [597, 598], [597, 599], [599, 600], [599, 601], [604, 606], [606, 609], [611, 612], [611, 613], [613, 614], [613, 616], [618, 619], [618, 622], [623, 625], [630, 632], [632, 634], [646, 648], [651, 652], [651, 653], [654, 656], [659, 660], [659, 662], [662, 663], [662, 674], [666, 667], [666, 680], [667, 666], [667, 668], [674, 675], [674, 680], [675, 674], [675, 676], [687, 690], [690, 694], [694, 698], [698, 699], [698, 701], [701, 702]], "missing_branches": [[109, 110], [156, 157], [160, 161], [167, 168], [169, 170], [226, 227], [276, 278], [374, 375], [381, 382], [381, 394], [384, 385], [384, 390], [387, 384], [387, 388], [391, 392], [391, 394], [394, 395], [394, 397], [400, 401], [431, 432], [437, 438], [451, 452], [453, 454], [457, 458], [468, 445], [482, 478], [604, 605], [606, 607], [623, 624], [630, 631], [632, 633], [646, 647], [654, 655], [687, 688], [690, 691], [691, 690], [691, 692], [694, 695], [695, 694], [695, 696], [701, 704]], "functions": {"_sha256": {"executed_lines": [46, 47, 48, 49, 50], "summary": {"covered_lines": 5, "num_statements": 5, "percent_covered": 100.0, "percent_covered_display": "100", "missing_lines": 0, "excluded_lines": 0, "num_branches": 2, "num_partial_branches": 0, "covered_branches": 2, "missing_branches": 0}, "missing_lines": [], "excluded_lines": [], "executed_branches": [[48, 49], [48, 50]], "missing_branches": []}, "_fsync_file": {"executed_lines": [54, 55], "summary": {"covered_lines": 2, "num_statements": 2, "percent_covered": 100.0, "percent_covered_display": "100", "missing_lines": 0, "excluded_lines": 0, "num_branches": 0, "num_partial_branches": 0, "covered_branches": 0, "missing_branches": 0}, "missing_lines": [], "excluded_lines": [], "executed_branches": [], "missing_branches": []}, "_fsync_directory": {"executed_lines": [59, 60, 61, 62, 63, 64], "summary": {"covered_lines": 6, "num_statements": 9, "percent_covered": 72.72727272727273, "percent_covered_display": "73", "missing_lines": 3, "excluded_lines": 0, "num_branches": 2, "num_partial_branches": 0, "covered_branches": 2, "missing_branches": 0}, "missing_lines": [65, 66, 68], "excluded_lines": [], "executed_branches": [[59, 60], [59, 61]], "missing_branches": []}, "_path_exists": {"executed_lines": [74], "summary": {"covered_lines": 1, "num_statements": 1, "percent_covered": 100.0, "percent_covered_display": "100", "missing_lines": 0, "excluded_lines": 0, "num_branches": 0, "num_partial_branches": 0, "covered_branches": 0, "missing_branches": 0}, "missing_lines": [], "excluded_lines": [], "executed_branches": [], "missing_branches": []}, "_reserve_file": {"executed_lines": [80, 81, 82, 83, 84, 85], "summary": {"covered_lines": 6, "num_statements": 6, "percent_covered": 100.0, "percent_covered_display": "100", "missing_lines": 0, "excluded_lines": 0, "num_branches": 0, "num_partial_branches": 0, "covered_branches": 0, "missing_branches": 0}, "missing_lines": [], "excluded_lines": [], "executed_branches": [], "missing_branches": []}, "_sqlite_sidecars": {"executed_lines": [91], "summary": {"covered_lines": 1, "num_statements": 1, "percent_covered": 100.0, "percent_covered_display": "100", "missing_lines": 0, "excluded_lines": 0, "num_branches": 0, "num_partial_branches": 0, "covered_branches": 0, "missing_branches": 0}, "missing_lines": [], "excluded_lines": [], "executed_branches": [], "missing_branches": []}, "_new_backup_path": {"executed_lines": [95, 96, 97, 98, 99, 100, 101, 102, 103, 106, 107, 108, 109, 111, 112, 113], "summary": {"covered_lines": 16, "num_statements": 17, "percent_covered": 93.10344827586206, "percent_covered_display": "93", "missing_lines": 1, "excluded_lines": 0, "num_branches": 12, "num_partial_branches": 1, "covered_branches": 11, "missing_branches": 1}, "missing_lines": [110], "excluded_lines": [], "executed_branches": [[95, 96], [95, 103], [98, 99], [98, 100], [100, 101], [100, 102], [106, 107], [106, 113], [109, 111], [111, 106], [111, 112]], "missing_branches": [[109, 110]]}, "_write_manifest_atomic": {"executed_lines": [117, 118, 119, 120, 121, 122, 123, 124, 125, 126, 127, 128, 129, 130], "summary": {"covered_lines": 14, "num_statements": 14, "percent_covered": 100.0, "percent_covered_display": "100", "missing_lines": 0, "excluded_lines": 0, "num_branches": 0, "num_partial_branches": 0, "covered_branches": 0, "missing_branches": 0}, "missing_lines": [], "excluded_lines": [], "executed_branches": [], "missing_branches": []}, "create_backup": {"executed_lines": [141, 142, 143, 144, 145, 146, 147, 148, 149, 150, 151, 152, 153, 154, 155, 156, 160, 162, 164, 165, 166, 167, 169, 171, 172, 173, 174, 175, 176, 187, 188, 189, 191, 192, 193], "summary": {"covered_lines": 35, "num_statements": 43, "percent_covered": 78.18181818181819, "percent_covered_display": "78", "missing_lines": 8, "excluded_lines": 0, "num_branches": 12, "num_partial_branches": 4, "covered_branches": 8, "missing_branches": 4}, "missing_lines": [157, 161, 168, 170, 194, 195, 196, 197], "excluded_lines": [], "executed_branches": [[142, 143], [142, 144], [146, 147], [146, 150], [156, 160], [160, 162], [167, 169], [169, 171]], "missing_branches": [[156, 157], [160, 161], [167, 168], [169, 170]]}, "_load_manifest": {"executed_lines": [201, 202, 203, 204, 210, 211, 212, 213, 214, 215, 216, 217, 218, 219, 220, 221, 222, 223, 224, 225, 226, 228, 229, 230, 231, 232, 233, 234, 235, 236, 237, 238, 239, 240, 241, 242, 243], "summary": {"covered_lines": 37, "num_statements": 40, "percent_covered": 94.28571428571429, "percent_covered_display": "94", "missing_lines": 3, "excluded_lines": 0, "num_branches": 30, "num_partial_branches": 1, "covered_branches": 29, "missing_branches": 1}, "missing_lines": [208, 209, 227], "excluded_lines": [], "executed_branches": [[201, 202], [201, 203], [210, 211], [210, 212], [214, 215], [214, 216], [216, 217], [216, 218], [218, 219], [218, 220], [220, 221], [220, 222], [222, 223], [222, 224], [224, 225], [224, 226], [226, 228], [228, 229], [228, 230], [230, 231], [230, 232], [232, 233], [232, 234], [234, 235], [234, 237], [235, 234], [235, 236], [241, 242], [241, 243]], "missing_branches": [[226, 227]]}, "_reject_duplicate_json_keys": {"executed_lines": [247, 248, 249, 250, 251, 252], "summary": {"covered_lines": 6, "num_statements": 6, "percent_covered": 100.0, "percent_covered_display": "100", "missing_lines": 0, "excluded_lines": 0, "num_branches": 4, "num_partial_branches": 0, "covered_branches": 4, "missing_branches": 0}, "missing_lines": [], "excluded_lines": [], "executed_branches": [[248, 249], [248, 252], [249, 250], [249, 251]], "missing_branches": []}, "_safe_filename": {"executed_lines": [256], "summary": {"covered_lines": 1, "num_statements": 1, "percent_covered": 100.0, "percent_covered_display": "100", "missing_lines": 0, "excluded_lines": 0, "num_branches": 0, "num_partial_branches": 0, "covered_branches": 0, "missing_branches": 0}, "missing_lines": [], "excluded_lines": [], "executed_branches": [], "missing_branches": []}, "_target_recovery_state": {"executed_lines": [264, 265, 266, 267, 268, 269, 270, 271, 272, 273, 274, 275, 276, 277, 279, 280, 281, 282, 288, 295, 296, 297, 299], "summary": {"covered_lines": 23, "num_statements": 24, "percent_covered": 94.11764705882354, "percent_covered_display": "94", "missing_lines": 1, "excluded_lines": 0, "num_branches": 10, "num_partial_branches": 1, "covered_branches": 9, "missing_branches": 1}, "missing_lines": [278], "excluded_lines": [], "executed_branches": [[264, 265], [264, 266], [270, 271], [270, 272], [275, 276], [275, 279], [276, 277], [279, 280], [279, 281]], "missing_branches": [[276, 278]]}, "_active_leases": {"executed_lines": [303, 304, 305, 306, 307, 308, 309, 310, 311], "summary": {"covered_lines": 9, "num_statements": 9, "percent_covered": 100.0, "percent_covered_display": "100", "missing_lines": 0, "excluded_lines": 0, "num_branches": 4, "num_partial_branches": 0, "covered_branches": 4, "missing_branches": 0}, "missing_lines": [], "excluded_lines": [], "executed_branches": [[305, 306], [305, 311], [307, 305], [307, 308]], "missing_branches": []}, "_restore_previous_path": {"executed_lines": [317, 318, 319, 320, 321, 325], "summary": {"covered_lines": 6, "num_statements": 6, "percent_covered": 100.0, "percent_covered_display": "100", "missing_lines": 0, "excluded_lines": 0, "num_branches": 4, "num_partial_branches": 0, "covered_branches": 4, "missing_branches": 0}, "missing_lines": [], "excluded_lines": [], "executed_branches": [[318, 319], [318, 325], [319, 320], [319, 321]], "missing_branches": []}, "_restore_orphan_sidecar_path": {"executed_lines": [331, 332, 333, 334, 335], "summary": {"covered_lines": 5, "num_statements": 5, "percent_covered": 100.0, "percent_covered_display": "100", "missing_lines": 0, "excluded_lines": 0, "num_branches": 4, "num_partial_branches": 0, "covered_branches": 4, "missing_branches": 0}, "missing_lines": [], "excluded_lines": [], "executed_branches": [[331, 332], [331, 335], [333, 331], [333, 334]], "missing_branches": []}, "_restore_intent_path": {"executed_lines": [339], "summary": {"covered_lines": 1, "num_statements": 1, "percent_covered": 100.0, "percent_covered_display": "100", "missing_lines": 0, "excluded_lines": 0, "num_branches": 0, "num_partial_branches": 0, "covered_branches": 0, "missing_branches": 0}, "missing_lines": [], "excluded_lines": [], "executed_branches": [], "missing_branches": []}, "_write_restore_intent": {"executed_lines": [343, 350, 351, 352, 353, 354, 355, 356, 357, 358, 359, 360, 361, 362, 363], "summary": {"covered_lines": 15, "num_statements": 15, "percent_covered": 100.0, "percent_covered_display": "100", "missing_lines": 0, "excluded_lines": 0, "num_branches": 0, "num_partial_branches": 0, "covered_branches": 0, "missing_branches": 0}, "missing_lines": [], "excluded_lines": [], "executed_branches": [], "missing_branches": []}, "_clear_restore_intent": {"executed_lines": [367, 368, 369], "summary": {"covered_lines": 3, "num_statements": 3, "percent_covered": 100.0, "percent_covered_display": "100", "missing_lines": 0, "excluded_lines": 0, "num_branches": 0, "num_partial_branches": 0, "covered_branches": 0, "missing_branches": 0}, "missing_lines": [], "excluded_lines": [], "executed_branches": [], "missing_branches": []}, "_recover_interrupted_restore": {"executed_lines": [373, 374, 398, 399, 400, 404], "summary": {"covered_lines": 6, "num_statements": 30, "percent_covered": 21.73913043478261, "percent_covered_display": "22", "missing_lines": 24, "excluded_lines": 0, "num_branches": 16, "num_partial_branches": 2, "covered_branches": 4, "missing_branches": 12}, "missing_lines": [375, 376, 377, 378, 379, 380, 381, 382, 383, 384, 385, 386, 387, 388, 389, 390, 391, 392, 393, 394, 395, 396, 397, 401], "excluded_lines": [], "executed_branches": [[374, 398], [398, 399], [398, 404], [400, 404]], "missing_branches": [[374, 375], [381, 382], [381, 394], [384, 385], [384, 390], [387, 384], [387, 388], [391, 392], [391, 394], [394, 395], [394, 397], [400, 401]]}, "_backup_unresolved_state": {"executed_lines": [408, 409, 412, 413, 416, 420], "summary": {"covered_lines": 6, "num_statements": 10, "percent_covered": 60.0, "percent_covered_display": "60", "missing_lines": 4, "excluded_lines": 0, "num_branches": 0, "num_partial_branches": 0, "covered_branches": 0, "missing_branches": 0}, "missing_lines": [410, 411, 417, 418], "excluded_lines": [], "executed_branches": [], "missing_branches": []}, "_reconcile_restored_acks": {"executed_lines": [424, 425, 426, 427, 428, 429, 430, 431, 433, 434, 437, 439, 442, 443, 444, 445, 446, 447, 448, 451, 453, 455, 456, 457, 459, 460, 461, 462, 468, 469, 470, 471, 477, 478, 479, 482, 483, 484, 485, 490, 491, 497, 498], "summary": {"covered_lines": 43, "num_statements": 54, "percent_covered": 77.5, "percent_covered_display": "78", "missing_lines": 11, "excluded_lines": 0, "num_branches": 26, "num_partial_branches": 7, "covered_branches": 19, "missing_branches": 7}, "missing_lines": [432, 435, 436, 438, 452, 454, 458, 492, 493, 494, 495], "excluded_lines": [], "executed_branches": [[424, 425], [424, 426], [431, 433], [437, 439], [442, 443], [442, 444], [445, 446], [445, 477], [451, 453], [453, 455], [455, 456], [455, 457], [457, 
[...]
367], [366, 368], [368, -347], [368, 369]], "missing_branches": []}, "_build_header": {"executed_lines": [384, 385, 386, 387, 388, 396, 397, 398, 399, 400, 402, 403, 404, 405, 406, 407, 408, 409, 410, 411], "summary": {"covered_lines": 20, "num_statements": 20, "percent_covered": 100.0, "percent_covered_display": "100", "missing_lines": 0, "excluded_lines": 0, "num_branches": 12, "num_partial_branches": 0, "covered_branches": 12, "missing_branches": 0}, "missing_lines": [], "excluded_lines": [], "executed_branches": [[396, 397], [396, 411], [397, 396], [397, 398], [399, 400], [399, 402], [403, 404], [403, 405], [405, 406], [405, 407], [408, 397], [408, 409]], "missing_branches": []}, "_continuation_header": {"executed_lines": [415, 416, 421, 422, 423, 424], "summary": {"covered_lines": 6, "num_statements": 6, "percent_covered": 100.0, "percent_covered_display": "100", "missing_lines": 0, "excluded_lines": 0, "num_branches": 4, "num_partial_branches": 0, "covered_branches": 4, "missing_branches": 0}, "missing_lines": [], "excluded_lines": [], "executed_branches": [[416, 421], [416, 424], [421, 416], [421, 422]], "missing_branches": []}, "build_digest": {"executed_lines": [440, 441, 442, 443, 444, 445, 446, 448, 449, 460, 461, 462, 463, 464, 465, 466, 467, 468, 469, 470, 471, 472, 473, 474, 475, 476, 477, 478, 479, 480, 481, 482, 483, 484, 485, 486, 487, 488, 489, 503, 504, 505, 506, 507, 508, 510, 511, 512, 513, 514, 515, 516, 517, 518, 520, 521, 522, 523, 524, 525, 526, 527, 528, 529], "summary": {"covered_lines": 64, "num_statements": 76, "percent_covered": 85.57692307692308, "percent_covered_display": "86", "missing_lines": 12, "excluded_lines": 0, "num_branches": 28, "num_partial_branches": 1, "covered_branches": 25, "missing_branches": 3}, "missing_lines": [490, 491, 492, 493, 494, 495, 496, 497, 498, 499, 500, 501], "excluded_lines": [], "executed_branches": [[442, 443], [442, 448], [467, 468], [467, 507], [469, 470], [469, 488], [470, 471], [470, 486], [476, 477], [476, 481], [489, 503], [507, 508], [507, 510], [511, 512], [511, 513], [513, 514], [513, 515], [515, 516], [515, 527], [517, 518], [517, 520], [524, 525], [524, 527], [527, 528], [527, 529]], "missing_branches": [[489, 490], [495, 496], [495, 500]]}, "build_digest_messages": {"executed_lines": [540], "summary": {"covered_lines": 1, "num_statements": 1, "percent_covered": 100.0, "percent_covered_display": "100", "missing_lines": 0, "excluded_lines": 0, "num_branches": 0, "num_partial_branches": 0, "covered_branches": 0, "missing_branches": 0}, "missing_lines": [], "excluded_lines": [], "executed_branches": [], "missing_branches": []}, "": {"executed_lines": [1, 3, 5, 6, 7, 8, 9, 10, 11, 12, 13, 14, 15, 17, 18, 21, 22, 23, 24, 25, 45, 46, 48, 53, 54, 62, 63, 64, 65, 66, 67, 70, 71, 73, 75, 80, 84, 106, 109, 116, 122, 125, 128, 131, 135, 136, 147, 210, 216, 230, 255, 260, 264, 274, 278, 283, 313, 339, 347, 372, 414, 427, 532], "summary": {"covered_lines": 60, "num_statements": 60, "percent_covered": 100.0, "percent_covered_display": "100", "missing_lines": 0, "excluded_lines": 0, "num_branches": 0, "num_partial_branches": 0, "covered_branches": 0, "missing_branches": 0}, "missing_lines": [], "excluded_lines": [], "executed_branches": [], "missing_branches": []}}, "classes": {"TelegramSendError": {"executed_lines": [49, 50, 51, 55, 56, 57, 58, 59], "summary": {"covered_lines": 8, "num_statements": 8, "percent_covered": 100.0, "percent_covered_display": "100", "missing_lines": 0, "excluded_lines": 0, "num_branches": 4, "num_partial_branches": 0, "covered_branches": 4, "missing_branches": 0}, "missing_lines": [], "excluded_lines": [], "executed_branches": [[55, 56], [55, 57], [57, 58], [57, 59]], "missing_branches": []}, "DigestBuildResult": {"executed_lines": [], "summary": {"covered_lines": 0, "num_statements": 0, "percent_covered": 100.0, "percent_covered_display": "100", "missing_lines": 0, "excluded_lines": 0, "num_branches": 0, "num_partial_branches": 0, "covered_branches": 0, "missing_branches": 0}, "missing_lines": [], "excluded_lines": [], "executed_branches": [], "missing_branches": []}, "_TelegramHTMLParser": {"executed_lines": [76, 77, 78, 81, 82, 85, 86, 87, 88, 89, 90, 91, 92, 93, 94, 95, 96, 97, 98, 99, 100, 101, 102, 103, 104, 107, 110, 111, 112, 113, 114, 120, 123, 126, 132], "summary": {"covered_lines": 35, "num_statements": 36, "percent_covered": 98.07692307692308, "percent_covered_display": "98", "missing_lines": 1, "excluded_lines": 0, "num_branches": 16, "num_partial_branches": 0, "covered_branches": 16, "missing_branches": 0}, "missing_lines": [129], "excluded_lines": [], "executed_branches": [[81, -80], [81, 82], [86, 87], [86, 89], [90, 91], [90, 93], [93, 94], [93, 104], [94, 95], [94, 97], [98, 99], [98, 101], [101, 102], [101, 104], [111, 112], [111, 114]], "missing_branches": []}, "TelegramClient": {"executed_lines": [137, 138, 139, 140, 141, 145, 148, 154, 155, 156, 157, 158, 159, 160, 161, 162, 163, 164, 165, 166, 167, 168, 169, 171, 172, 176, 177, 178, 179, 180, 181, 182, 183, 185, 186, 187, 188, 189, 190, 191, 192, 193, 194, 195, 196, 197, 198, 199, 200, 201, 202, 203, 204, 206, 207, 208, 211, 212, 213, 214, 217, 218, 219, 220, 221, 222, 223, 224, 225, 226, 227, 228, 231, 232, 233, 234, 243, 244, 245, 246, 247, 248, 249, 250, 251, 252], "summary": {"covered_lines": 86, "num_statements": 86, "percent_covered": 100.0, "percent_covered_display": "100", "missing_lines": 0, "excluded_lines": 0, "num_branches": 36, "num_partial_branches": 0, "covered_branches": 36, "missing_branches": 0}, "missing_lines": [], "excluded_lines": [], "executed_branches": [[137, 138], [137, 139], [167, 168], [167, 169], [169, 171], [169, 172], [182, 183], [182, 185], [192, 193], [192, 194], [194, 195], [194, 208], [200, 201], [200, 202], [202, 203], [202, 204], [204, 206], [204, 207], [212, 213], [212, 214], [218, 219], [218, 220], [221, 222], [221, 228], [222, 223], [222, 224], [226, 221], [226, 227], [231, 232], [231, 233], [244, 245], [244, 246], [247, 248], [247, 249], [250, 251], [250, 252]], "missing_branches": []}, "": {"executed_lines": [1, 3, 5, 6, 7, 8, 9, 10, 11, 12, 13, 14, 15, 17, 18, 21, 22, 23, 24, 25, 45, 46, 48, 53, 54, 62, 63, 64, 65, 66, 67, 70, 71, 73, 75, 80, 84, 106, 109, 116, 122, 125, 128, 131, 135, 136, 147, 210, 216, 230, 255, 256, 257, 260, 261, 264, 265, 266, 267, 268, 269, 270, 271, 274, 275, 278, 279, 280, 283, 292, 293, 294, 295, 296, 297, 298, 299, 300, 302, 303, 313, 322, 329, 330, 331, 332, 333, 334, 335, 336, 339, 340, 341, 342, 343, 344, 347, 348, 349, 350, 351, 352, 353, 354, 355, 356, 357, 358, 359, 360, 361, 366, 367, 368, 369, 372, 384, 385, 386, 387, 388, 396, 397, 398, 399, 400, 402, 403, 404, 405, 406, 407, 408, 409, 410, 411, 414, 415, 416, 421, 422, 423, 424, 427, 440, 441, 442, 443, 444, 445, 446, 448, 449, 460, 461, 462, 463, 464, 465, 466, 467, 468, 469, 470, 471, 472, 473, 474, 475, 476, 477, 478, 479, 480, 481, 482, 483, 484, 485, 486, 487, 488, 489, 503, 504, 505, 506, 507, 508, 510, 511, 512, 513, 514, 515, 516, 517, 518, 520, 521, 522, 523, 524, 525, 526, 527, 528, 529, 532, 540], "summary": {"covered_lines": 207, "num_statements": 221, "percent_covered": 94.11764705882354, "percent_covered_display": "94", "missing_lines": 14, "excluded_lines": 0, "num_branches": 68, "num_partial_branches": 1, "covered_branches": 65, "missing_branches": 3}, "missing_lines": [364, 365, 490, 491, 492, 493, 494, 495, 496, 497, 498, 499, 500, 501], "excluded_lines": [], "executed_branches": [[269, 270], [269, 271], [294, 295], [294, 296], [299, 300], [299, 302], [330, 331], [330, 336], [333, 334], [333, 335], [348, 349], [348, 350], [350, 351], [350, 352], [352, 353], [352, 354], [354, 355], [354, 356], [356, 357], [356, 358], [366, 367], [366, 368], [368, -347], [368, 369], [396, 397], [396, 411], [397, 396], [397, 398], [399, 400], [399, 402], [403, 404], [403, 405], [405, 406], [405, 407], [408, 397], [408, 409], [416, 421], [416, 424], [421, 416], [421, 422], [442, 443], [442, 448], [467, 468], [467, 507], [469, 470], [469, 488], [470, 471], [470, 486], [476, 477], [476, 481], [489, 503], [507, 508], [507, 510], [511, 512], [511, 513], [513, 514], [513, 515], [515, 516], [515, 527], [517, 518], [517, 520], [524, 525], [524, 527], [527, 528], [527, 529]], "missing_branches": [[489, 490], [495, 496], [495, 500]]}}}, "meco_news\\timezones.py": {"executed_lines": [1, 3, 4, 7, 9, 10, 11, 12, 13, 14, 16, 17], "summary": {"covered_lines": 12, "num_statements": 12, "percent_covered": 100.0, "percent_covered_display": "100", "missing_lines": 0, "excluded_lines": 0, "num_branches": 4, "num_partial_branches": 0, "covered_branches": 4, "missing_branches": 0}, "missing_lines": [], "excluded_lines": [], "executed_branches": [[12, 13], [12, 14], [14, 16], [14, 17]], "missing_branches": [], "functions": {"get_timezone": {"executed_lines": [9, 10, 11, 12, 13, 14, 16, 17], "summary": {"covered_lines": 8, "num_statements": 8, "percent_covered": 100.0, "percent_covered_display": "100", "missing_lines": 0, "excluded_lines": 0, "num_branches": 4, "num_partial_branches": 0, "covered_branches": 4, "missing_branches": 0}, "missing_lines": [], "excluded_lines": [], "executed_branches": [[12, 13], [12, 14], [14, 16], [14, 17]], "missing_branches": []}, "": {"executed_lines": [1, 3, 4, 7], "summary": {"covered_lines": 4, "num_statements": 4, "percent_covered": 100.0, "percent_covered_display": "100", "missing_lines": 0, "excluded_lines": 0, "num_branches": 0, "num_partial_branches": 0, "covered_branches": 0, "missing_branches": 0}, "missing_lines": [], "excluded_lines": [], "executed_branches": [], "missing_branches": []}}, "classes": {"": {"executed_lines": [1, 3, 4, 7, 9, 10, 11, 12, 13, 14, 16, 17], "summary": {"covered_lines": 12, "num_statements": 12, "percent_covered": 100.0, "percent_covered_display": "100", "missing_lines": 0, "excluded_lines": 0, "num_branches": 4, "num_partial_branches": 0, "covered_branches": 4, "missing_branches": 0}, "missing_lines": [], "excluded_lines": [], "executed_branches": [[12, 13], [12, 14], [14, 16], [14, 17]], "missing_branches": []}}}, "meco_news\\urls.py": {"executed_lines": [1, 8, 10, 11, 12, 13, 14, 15, 18, 19, 20, 23, 24, 26, 27, 28, 31, 32, 33, 34, 35, 36, 37, 38, 41, 42, 43, 44, 45, 49, 50, 51, 52, 53, 54, 55, 58, 61, 62, 63, 66, 67, 68, 69, 70, 71, 72, 73, 74, 75, 78, 79, 80, 81, 82, 87, 99, 113, 114, 115, 116, 117, 118, 119, 120, 121, 122, 123, 124, 125, 126, 127, 128, 129, 130, 131, 132, 133, 136, 137, 138, 139, 140, 141, 142, 143, 144, 145, 146, 150, 155, 156, 157, 158, 159, 160, 161, 162, 163, 166, 175, 176, 177, 178, 179, 180, 181, 182, 183, 184, 185, 186, 187, 188, 189, 190, 191, 192, 193, 194, 195, 196, 197, 202, 203, 204, 205, 206, 209, 223, 224, 225, 226, 227, 228, 229, 230, 231, 234, 242, 243, 244, 245, 246, 249, 252, 253, 254, 255, 256], "summary": {"covered_lines": 148, "num_statements": 150, "percent_covered": 99.0, "percent_covered_display": "99", "missing_lines": 2, "excluded_lines": 0, "num_branches": 50, "num_partial_branches": 0, "covered_branches": 50, "missing_branches": 0}, "missing_lines": [134, 135], "excluded_lines": [], "executed_branches": [[44, 45], [44, 49], [49, 50], [49, 51], [53, 54], [53, 55], [61, 62], [61, 63], [71, 72], [71, 73], [73, 74], [73, 75], [113, 114], [113, 115], [115, 116], [115, 117], [117, 118], [117, 119], [119, 120], [119, 121], [121, 122], [121, 123], [128, 129], [128, 130], [130, 131], [130, 132], [136, 137], [136, 138], [144, 145], [144, 146], [157, 158], [157, 159], [160, 161], [160, 162], [176, 177], [176, 178], [186, 187], [186, 188], [193, 194], [193, 195], [195, 196], [195, 197], [227, 228], [227, 229], [229, 230], [229, 231], [242, 243], [242, 244], [244, 245], [244, 246]], "missing_branches": [], "functions": {"URLPolicyError.__init__": {"executed_lines": [27, 28], "summary": {"covered_lines": 2, "num_statements": 2, "percent_covered": 100.0, "percent_covered_display": "100", "missing_lines": 0, "excluded_lines": 0, "num_branches": 0, "num_partial_branches": 0, "covered_branches": 0, "missing_branches": 0}, "missing_lines": [], "excluded_lines": [], "executed_branches": [], "missing_branches": []}, "_ascii_hostname": {"executed_lines": [42, 43, 44, 45, 49, 50, 51, 52, 53, 54, 55], "summary": {"covered_lines": 11, "num_statements": 11, "percent_covered": 100.0, "percent_covered_display": "100", "missing_lines": 0, "excluded_lines": 0, "num_branches": 6, "num_partial_branches": 0, "covered_branches": 6, "missing_branches": 0}, "missing_lines": [], "excluded_lines": [], "executed_branches": [[44, 45], [44, 49], [49, 50], [49, 51], [53, 54], [53, 55]], "missing_branches": []}, "_safe_scalar": {"executed_lines": [61, 62, 63], "summary": {"covered_lines": 3, "num_statements": 3, "percent_covered": 100.0, "percent_covered_display": "100", "missing_lines": 0, "excluded_lines": 0, "num_branches": 2, "num_partial_branches": 0, "covered_branches": 2, "missing_branches": 0}, "missing_lines": [], "excluded_lines": [], "executed_branches": [[61, 62], [61, 63]], "missing_branches": []}, "_validate_port": {"executed_lines": [67, 68, 69, 70, 71, 72, 73, 74, 75], "summary": {"covered_lines": 9, "num_statements": 9, "percent_covered": 100.0, "percent_covered_display": "100", "missing_lines": 0, "excluded_lines": 0, "num_branches": 4, "num_partial_branches": 0, "covered_branches": 4, "missing_branches": 0}, "missing_lines": [], "excluded_lines": [], "executed_branches": [[71, 72], [71, 73], [73, 74], [73, 75]], "missing_branches": []}, "_is_forbidden_address": {"executed_lines": [79, 80, 81, 82, 87], "summary": {"covered_lines": 5, "num_statements": 5, "percent_covered": 100.0, "percent_covered_display": "100", "missing_lines": 0, "excluded_lines": 0, "num_branches": 0, "num_partial_branches": 0, "covered_branches": 0, "missing_branches": 0}, "missing_lines": [], "excluded_lines": [], "executed_branches": [], "missing_branches": []}, "validate_url": {"executed_lines": [113, 114, 115, 116, 117, 118, 119, 120, 121, 122, 123, 124, 125, 126, 127, 128, 129, 130, 131, 132, 133, 136, 137, 138, 139, 140, 141, 142, 143, 144, 145, 146, 150, 155, 156, 157, 158, 159, 160, 161, 162, 163], "summary": {"covered_lines": 42, "num_statements": 44, "percent_covered": 96.96969696969697, "percent_covered_display": "97", "missing_lines": 2, "excluded_lines": 0, "num_branches": 22, "num_partial_branches": 0, "covered_branches": 22, "missing_branches": 0}, "missing_lines": [134, 135], "excluded_lines": [], "executed_branches": [[113, 114], [113, 115], [115, 116], [115, 117], [117, 118], [117, 119], [119, 120], [119, 121], [121, 122], [121, 123], [128, 129], [128, 130], [130, 131], [130, 132], [136, 137], [136, 138], [144, 145], [144, 146], [157, 158], [157, 159], [160, 161], [160, 162]], "missing_branches": []}, "canonical_url": {"executed_lines": [175, 176, 177, 178, 179, 180, 181, 182, 183, 184, 185, 186, 187, 188, 189, 190, 191, 192, 193, 194, 195, 196, 197, 202, 203, 204, 205, 206], "summary": {"covered_lines": 28, "num_statements": 28, "percent_covered": 100.0, "percent_covered_display": "100", "missing_lines": 0, "excluded_lines": 0, "num_branches": 8, "num_partial_branches": 0, "covered_branches": 8, "missing_branches": 0}, "missing_lines": [], "excluded_lines": [], "executed_branches": [[176, 177], [176, 178], [186, 187], [186, 188], [193, 194], [193, 195], [195, 196], [195, 197]], "missing_branches": []}, "validate_resolved_addresses": {"executed_lines": [223, 224, 225, 226, 227, 228, 229, 230, 231], "summary": {"covered_lines": 9, "num_statements": 9, "percent_covered": 100.0, "percent_covered_display": "100", "missing_lines": 0, "excluded_lines": 0, "num_branches": 4, "num_partial_branches": 0, "covered_branches": 4, "missing_branches": 0}, "missing_lines": [], "excluded_lines": [], "executed_branches": [[227, 228], [227, 229], [229, 230], [229, 231]], "missing_branches": []}, "same_or_allowed_redirect": {"executed_lines": [242, 243, 244, 245, 246], "summary": {"covered_lines": 5, "num_statements": 5, "percent_covered": 100.0, "percent_covered_display": "100", "missing_lines": 0, "excluded_lines": 0, "num_branches": 4, "num_partial_branches": 0, "covered_branches": 4, "missing_branches": 0}, "missing_lines": [], "excluded_lines": [], "executed_branches": [[242, 243], [242, 244], [244, 245], [244, 246]], "missing_branches": []}, "sanitize_url_for_log": {"executed_lines": [252, 253, 254, 255, 256], "summary": {"covered_lines": 5, "num_statements": 5, "percent_covered": 100.0, "percent_covered_display": "100", "missing_lines": 0, "excluded_lines": 0, "num_branches": 0, "num_partial_branches": 0, "covered_branches": 0, "missing_branches": 0}, "missing_lines": [], "excluded_lines": [], "executed_branches": [], "missing_branches": []}, "": {"executed_lines": [1, 8, 10, 11, 12, 13, 14, 15, 18, 19, 20, 23, 24, 26, 31, 32, 33, 34, 35, 36, 37, 38, 41, 58, 66, 78, 99, 166, 209, 234, 249], "summary": {"covered_lines": 29, "num_statements": 29, "percent_covered": 100.0, "percent_covered_display": "100", "missing_lines": 0, "excluded_lines": 0, "num_branches": 0, "num_partial_branches": 0, "covered_branches": 0, "missing_branches": 0}, "missing_lines": [], "excluded_lines": [], "executed_branches": [], "missing_branches": []}}, "classes": {"URLPolicyError": {"executed_lines": [27, 28], "summary": {"covered_lines": 2, "num_statements": 2, "percent_covered": 100.0, "percent_covered_display": "100", "missing_lines": 0, "excluded_lines": 0, "num_branches": 0, "num_partial_branches": 0, "covered_branches": 0, "missing_branches": 0}, "missing_lines": [], "excluded_lines": [], "executed_branches": [], "missing_branches": []}, "ValidatedURL": {"executed_lines": [], "summary": {"covered_lines": 0, "num_statements": 0, "percent_covered": 100.0, "percent_covered_display": "100", "missing_lines": 0, "excluded_lines": 0, "num_branches": 0, "num_partial_branches": 0, "covered_branches": 0, "missing_branches": 0}, "missing_lines": [], "excluded_lines": [], "executed_branches": [], "missing_branches": []}, "": {"executed_lines": [1, 8, 10, 11, 12, 13, 14, 15, 18, 19, 20, 23, 24, 26, 31, 32, 33, 34, 35, 36, 37, 38, 41, 42, 43, 44, 45, 49, 50, 51, 52, 53, 54, 55, 58, 61, 62, 63, 66, 67, 68, 69, 70, 71, 72, 73, 74, 75, 78, 79, 80, 81, 82, 87, 99, 113, 114, 115, 116, 117, 118, 119, 120, 121, 122, 123, 124, 125, 126, 127, 128, 129, 130, 131, 132, 133, 136, 137, 138, 139, 140, 141, 142, 143, 144, 145, 146, 150, 155, 156, 157, 158, 159, 160, 161, 162, 163, 166, 175, 176, 177, 178, 179, 180, 181, 182, 183, 184, 185, 186, 187, 188, 189, 190, 191, 192, 193, 194, 195, 196, 197, 202, 203, 204, 205, 206, 209, 223, 224, 225, 226, 227, 228, 229, 230, 231, 234, 242, 243, 244, 245, 246, 249, 252, 253, 254, 255, 256], "summary": {"covered_lines": 146, "num_statements": 148, "percent_covered": 98.98989898989899, "percent_covered_display": "99", "missing_lines": 2, "excluded_lines": 0, "num_branches": 50, "num_partial_branches": 0, "covered_branches": 50, "missing_branches": 0}, "missing_lines": [134, 135], "excluded_lines": [], "executed_branches": [[44, 45], [44, 49], [49, 50], [49, 51], [53, 54], [53, 55], [61, 62], [61, 63], [71, 72], [71, 73], [73, 74], [73, 75], [113, 114], [113, 115], [115, 116], [115, 117], [117, 118], [117, 119], [119, 120], [119, 121], [121, 122], [121, 123], [128, 129], [128, 130], [130, 131], [130, 132], [136, 137], [136, 138], [144, 145], [144, 146], [157, 158], [157, 159], [160, 161], [160, 162], [176, 177], [176, 178], [186, 187], [186, 188], [193, 194], [193, 195], [195, 196], [195, 197], [227, 228], [227, 229], [229, 230], [229, 231], [242, 243], [242, 244], [244, 245], [244, 246]], "missing_branches": []}}}}, "totals": {"covered_lines": 6133, "num_statements": 6589, "percent_covered": 92.55112532845881, "percent_covered_display": "93", "missing_lines": 456, "excluded_lines": 4, "num_branches": 2164, "num_partial_branches": 138, "covered_branches": 1968, "missing_branches": 196}}