<?xml version="1.0" encoding="utf-8"?><testsuites><testsuite name="pytest" errors="0" failures="0" skipped="0" tests="509" time="142.823" timestamp="2026-09-07T07:36:46.864803+07:00" hostname="Evan12"><testcase classname="tests.test_backup_coverage.BackupCoverageTests" name="test_backup_publication_and_manifest_failure_boundaries" time="0.285" /><testcase classname="tests.test_backup_coverage.BackupCoverageTests" name="test_create_backup_requires_source_and_publishes_exact_manifest" time="0.470" /><testcase classname="tests.test_backup_coverage.BackupCoverageTests" name="test_filename_manifest_and_path_helpers" time="0.023" /><testcase classname="tests.test_backup_coverage.BackupCoverageTests" name="test_history_reconciliation_preserves_post_backup_send" time="0.939" /><testcase classname="tests.test_backup_coverage.BackupCoverageTests" name="test_manifest_rejection_matrix" time="0.576" /><testcase classname="tests.test_backup_coverage.BackupCoverageTests" name="test_manifest_target_and_restore_rollback_boundaries" time="1.076" /><testcase classname="tests.test_backup_coverage.BackupCoverageTests" name="test_reconciliation_and_path_reservation_exhaustion" time="0.042" /><testcase classname="tests.test_backup_coverage.BackupCoverageTests" name="test_restore_moves_sqlite_sidecars_and_quarantines_orphans" time="1.189" /><testcase classname="tests.test_backup_coverage.BackupCoverageTests" name="test_restore_rejects_same_source_and_active_or_unresolved_target" time="0.817" /><testcase classname="tests.test_backup_coverage.BackupCoverageTests" name="test_target_recovery_and_lease_validation" time="0.027" /><testcase classname="tests.test_branch_closure.ConfigAndPreflightBranchTests" name="test_config_parser_rejects_limits_sources_queries_and_duplicates" time="0.107" /><testcase classname="tests.test_branch_closure.ConfigAndPreflightBranchTests" name="test_config_scalar_and_environment_boundaries" time="0.034" /><testcase classname="tests.test_branch_closure.ConfigAndPreflightBranchTests" name="test_preflight_online_precedence_and_health_truth_table_edges" time="2.631" /><testcase classname="tests.test_branch_closure.ConfigAndPreflightBranchTests" name="test_preflight_secret_and_disk_edges" time="0.039" /><testcase classname="tests.test_branch_closure.BoundaryArcTests" name="test_model_url_and_inspection_scalar_boundaries" time="0.238" /><testcase classname="tests.test_branch_closure.BoundaryArcTests" name="test_preflight_reports_retry_budget_still_available" time="0.041" /><testcase classname="tests.test_branch_closure.MigrationBoundaryArcTests" name="test_current_schema_completeness_and_manifest_directory_sync_edges" time="0.989" /><testcase classname="tests.test_branch_closure.BackupBoundaryArcTests" name="test_backup_helper_failure_and_reconciliation_edges" time="1.108" /><testcase classname="tests.test_branch_closure.MetricsAlertsOperationsBranchTests" name="test_alert_sink_invalid_input_scopes_and_fallbacks" time="0.025" /><testcase classname="tests.test_branch_closure.MetricsAlertsOperationsBranchTests" name="test_metrics_scalar_seconds_and_disk_failures_are_bounded" time="0.010" /><testcase classname="tests.test_branch_closure.MetricsAlertsOperationsBranchTests" name="test_operations_nonregular_paths_and_pending_receipt" time="0.063" /><testcase classname="tests.test_branch_closure.URLNetworkTelegramBranchTests" name="test_network_error_classification_and_redirect_inputs" time="0.528" /><testcase classname="tests.test_branch_closure.URLNetworkTelegramBranchTests" name="test_telegram_envelopes_and_html_edges" time="0.341" /><testcase classname="tests.test_branch_closure.URLNetworkTelegramBranchTests" name="test_url_canonical_and_resolution_fail_closed" time="0.010" /><testcase classname="tests.test_branch_closure.AppBranchClosureTests" name="test_cli_success_failure_and_legacy_outcome_modes" time="0.799" /><testcase classname="tests.test_branch_closure.AppBranchClosureTests" name="test_frozen_empty_and_loader_boundary_arcs" time="0.162" /><testcase classname="tests.test_branch_closure.AppBranchClosureTests" name="test_parser_validation_and_cli_mode_boundaries" time="0.144" /><testcase classname="tests.test_branch_closure.AppBranchClosureTests" name="test_run_once_recovery_collection_issue_and_outer_error_branches" time="3.423" /><testcase classname="tests.test_branch_closure.RankingBranchTests" name="test_rank_quality_merge_and_selection_limits" time="0.413" /><testcase classname="tests.test_c03_control_red.TestF002OrphanCLIAndDryRunSideEffects" name="test_dry_run_makes_no_network_and_leaves_no_artifact" time="0.138" /><testcase classname="tests.test_c03_control_red.TestF002OrphanCLIAndDryRunSideEffects" name="test_invalid_config_creates_no_log_artifact" time="0.062" /><testcase classname="tests.test_c03_control_red.TestF002OrphanCLIAndDryRunSideEffects" name="test_orphan_resolution_flags_rejected" time="0.038" /><testcase classname="tests.test_c03_control_red.TestF004HealthFalseGreen" name="test_health_fails_for_needs_attention" time="0.396" /><testcase classname="tests.test_c03_control_red.TestF004HealthFalseGreen" name="test_status_distinguishes_terminal_from_active" time="0.308" /><testcase classname="tests.test_c03_control_red.TestF020LogRedactionIncomplete" name="test_log_goes_to_stdout_not_stderr" time="0.013" /><testcase classname="tests.test_c03_control_red.TestF024BuildContextSentinel" name="test_sentinel_proves_context_not_just_text" time="0.041" /><testcase classname="tests.test_c03_control_red.TestF002CompanionOrphansAndMatrix" name="test_dry_run_offline_and_byte_identical" time="0.096" /><testcase classname="tests.test_c03_control_red.TestF002CompanionOrphansAndMatrix" name="test_invalid_modes_construct_nothing" time="0.183" /><testcase classname="tests.test_c03_control_red.TestF002CompanionOrphansAndMatrix" name="test_orphan_companion_flags_rejected_without_chunk" time="0.065" /><testcase classname="tests.test_c03_hostile_red.TestF014LoneSurrogateAbortsBatch" name="test_surrogate_in_title_does_not_abort" time="0.025" /><testcase classname="tests.test_c03_hostile_red.TestF014LoneSurrogateAbortsBatch" name="test_title_key_with_surrogate_does_not_raise" time="0.007" /><testcase classname="tests.test_c03_hostile_red.TestF015UTF16DTDByPass" name="test_memory_error_not_swallowed" time="0.007" /><testcase classname="tests.test_c03_hostile_red.TestF015UTF16DTDByPass" name="test_utf16_dtd_is_rejected" time="0.005" /><testcase classname="tests.test_c03_hostile_red.TestF016MulticastAccepted" name="test_multicast_rejected" time="0.008" /><testcase classname="tests.test_c03_hostile_red.TestF016MulticastAccepted" name="test_private_still_blocked" time="0.005" /><testcase classname="tests.test_c03_hostile_red.TestF017DeadlineNotReapable" name="test_executor_is_detached_not_killable" time="0.044" /><testcase classname="tests.test_c03_hostile_red.TestF018SourceDependentIdentity" name="test_dedup_permutation_dependence" time="0.109" /><testcase classname="tests.test_c03_hostile_red.TestF018SourceDependentIdentity" name="test_title_key_source_independent" time="0.010" /><testcase classname="tests.test_c03_hostile_red.TestF019TelegramSizingIncomplete" name="test_oversized_emoji_not_omitted" time="0.198" /><testcase classname="tests.test_c03_scheduler_red.TestC34SchedulerRed" name="test_config_reload_invalid_keeps_old" time="0.032" /><testcase classname="tests.test_c03_scheduler_red.TestC34SchedulerRed" name="test_heartbeat_failure_is_fatal" time="0.031" /><testcase classname="tests.test_c03_scheduler_red.TestC34SchedulerRed" name="test_recovery_work_before_new_date" time="0.038" /><testcase classname="tests.test_c03_scheduler_red.TestC34SchedulerRed" name="test_run_once_returns_typed_outcome_not_int" time="0.118" /><testcase classname="tests.test_c03_state_red.TestF003PreflightFalseGreen" name="test_n_minus_1_migration_required_is_nonzero" time="0.450" /><testcase classname="tests.test_c03_state_red.TestF005GenerationZeroTreatedAsAbsent" name="test_force_creates_n_plus_one_not_recreates_zero" time="0.231" /><testcase classname="tests.test_c03_state_red.TestF005GenerationZeroTreatedAsAbsent" name="test_latest_generation_zero_is_zero_not_minus_one" time="0.248" /><testcase classname="tests.test_c03_state_red.TestF006MutableChecksum" name="test_checksum_immutable_when_schema_grows" time="0.005" /><testcase classname="tests.test_c03_state_red.TestF007NonOwnerCanMutate" name="test_begin_chunk_without_owner_should_fail" time="0.005" /><testcase classname="tests.test_c03_state_red.TestF007NonOwnerCanMutate" name="test_prepare_without_lease_should_fail" time="0.361" /><testcase classname="tests.test_c03_state_red.TestF008RestoreAcceptsActiveWork" name="test_restore_during_active_lease_should_be_refused" time="0.680" /><testcase classname="tests.test_c03_zero_red.TestC35ZeroOutageDistinct" name="test_all_sources_failed_is_retry_not_empty" time="0.054" /><testcase classname="tests.test_c03_zero_red.TestC35ZeroOutageDistinct" name="test_dry_run_is_offline_no_outbox" time="0.140" /><testcase classname="tests.test_c03_zero_red.TestC35ZeroOutageDistinct" name="test_empty_success_is_completed_empty" time="0.092" /><testcase classname="tests.test_c03_zero_red.TestC35ZeroOutageDistinct" name="test_empty_success_vs_all_failed_distinct" time="0.145" /><testcase classname="tests.test_c06_90.Test90" name="test_app_main_all" time="1.616" /><testcase classname="tests.test_c06_90.Test90" name="test_collectors_all" time="0.138" /><testcase classname="tests.test_c06_90.Test90" name="test_config_urls" time="0.147" /><testcase classname="tests.test_c06_90.Test90" name="test_network_telegram" time="0.034" /><testcase classname="tests.test_c06_90.Test90" name="test_storage_all" time="0.267" /><testcase classname="tests.test_c06_90b.Test90b" name="test_app_all_branches" time="0.613" /><testcase classname="tests.test_c06_90b.Test90b" name="test_collectors_all" time="0.066" /><testcase classname="tests.test_c06_90b.Test90b" name="test_config_and_urls" time="0.236" /><testcase classname="tests.test_c06_90b.Test90b" name="test_storage_all" time="0.307" /><testcase classname="tests.test_c06_90b.Test90b" name="test_telegram_all" time="0.030" /><testcase classname="tests.test_c06_app.TestAppCollectorsStorage" name="test_app_main_all_paths" time="0.768" /><testcase classname="tests.test_c06_app.TestAppCollectorsStorage" name="test_collectors_gdelt_and_google" time="0.176" /><testcase classname="tests.test_c06_app.TestAppCollectorsStorage" name="test_network_telegram_branches" time="0.359" /><testcase classname="tests.test_c06_app.TestAppCollectorsStorage" name="test_preflight_and_backup" time="0.512" /><testcase classname="tests.test_c06_app.TestAppCollectorsStorage" name="test_ranking_and_config" time="0.306" /><testcase classname="tests.test_c06_app.TestAppCollectorsStorage" name="test_storage_lease_and_recovery" time="0.264" /><testcase classname="tests.test_c06_app2.TestAppCover" name="test_app_main_backup_restore" time="0.700" /><testcase classname="tests.test_c06_app2.TestAppCover" name="test_collectors_repair" time="0.012" /><testcase classname="tests.test_c06_app2.TestAppCover" name="test_preflight_online" time="0.128" /><testcase classname="tests.test_c06_app2.TestAppCover" name="test_run_once_all_sources_failed" time="0.379" /><testcase classname="tests.test_c06_app2.TestAppCover" name="test_storage_lease_recovery" time="0.290" /><testcase classname="tests.test_c06_app2.TestAppCover" name="test_telegram_build" time="0.040" /><testcase classname="tests.test_c06_branch.TestBranch" name="test_app_branches" time="0.541" /><testcase classname="tests.test_c06_branch.TestBranch" name="test_collectors_branches" time="0.015" /><testcase classname="tests.test_c06_branch.TestBranch" name="test_config_and_urls" time="0.115" /><testcase classname="tests.test_c06_branch.TestBranch" name="test_network_and_telegram_branches" time="0.060" /><testcase classname="tests.test_c06_branch.TestBranch" name="test_ranking_and_preflight" time="0.189" /><testcase classname="tests.test_c06_branch.TestBranch" name="test_storage_branches" time="0.299" /><testcase classname="tests.test_c06_context.TestContext" name="test_dockerignore_has_required" time="0.010" /><testcase classname="tests.test_c06_context.TestContext" name="test_no_canary_in_context" time="0.007" /><testcase classname="tests.test_c06_context.TestContext" name="test_positive_control_is_not_silently_accepted" time="0.769" /><testcase classname="tests.test_c06_context.TestContext" name="test_verify_build_context_passes" time="0.869" /><testcase classname="tests.test_c06_context.TestContext" name="test_verify_with_context" time="0.650" /><testcase classname="tests.test_c06_coverage.CoverageHelpers" name="test_app_cli_branches" time="0.114" /><testcase classname="tests.test_c06_coverage.CoverageHelpers" name="test_collectors_and_ranking" time="0.054" /><testcase classname="tests.test_c06_coverage.CoverageHelpers" name="test_config_boundaries" time="0.101" /><testcase classname="tests.test_c06_coverage.CoverageHelpers" name="test_network_and_url" time="0.008" /><testcase classname="tests.test_c06_coverage.CoverageHelpers" name="test_storage_and_backup" time="0.468" /><testcase classname="tests.test_c06_coverage.CoverageHelpers" name="test_telegram_and_preflight" time="0.260" /><testcase classname="tests.test_c06_extra.TestExtra" name="test_app_main_all" time="0.120" /><testcase classname="tests.test_c06_extra.TestExtra" name="test_collectors_comprehensive" time="0.007" /><testcase classname="tests.test_c06_extra.TestExtra" name="test_config_all" time="0.113" /><testcase classname="tests.test_c06_extra.TestExtra" name="test_storage_all" time="1.495" /><testcase classname="tests.test_c06_extra.TestExtra" name="test_telegram_all" time="0.260" /><testcase classname="tests.test_c06_extra.TestExtra" name="test_urls_all" time="0.007" /><testcase classname="tests.test_c06_final.TestFinal" name="test_app_main_all" time="0.555" /><testcase classname="tests.test_c06_final.TestFinal" name="test_collectors_comprehensive" time="0.012" /><testcase classname="tests.test_c06_final.TestFinal" name="test_storage_comprehensive" time="0.366" /><testcase classname="tests.test_c06_full.TestAppFull" name="test_app_main_paths" time="1.126" /><testcase classname="tests.test_c06_full.TestAppFull" name="test_collectors_edge" time="0.027" /><testcase classname="tests.test_c06_full.TestAppFull" name="test_network_and_telegram" time="0.137" /><testcase classname="tests.test_c06_full.TestAppFull" name="test_preflight_and_health" time="0.132" /><testcase classname="tests.test_c06_full.TestAppFull" name="test_ranking_and_models" time="0.089" /><testcase classname="tests.test_c06_full.TestAppFull" name="test_storage_transitions" time="0.343" /><testcase classname="tests.test_c06_full.TestAppFull" name="test_telegram_rendering" time="0.296" /><testcase classname="tests.test_c06_network.NetworkCorpus" name="test_fetch_success" time="0.131" /><testcase classname="tests.test_c06_network.NetworkCorpus" name="test_large_content_length_rejected" time="0.138" /><testcase classname="tests.test_c06_network.NetworkCorpus" name="test_redirect" time="0.173" /><testcase classname="tests.test_c06_network.NetworkCorpus" name="test_telegram_fake_server" time="0.696" /><testcase classname="tests.test_c06_network.NetworkCorpus" name="test_url_policy" time="0.292" /><testcase classname="tests.test_c12_inspector.TestInspectClassification" name="test_checksum_mismatch_is_malformed" time="0.357" /><testcase classname="tests.test_c12_inspector.TestInspectClassification" name="test_current_schema_is_compatible" time="0.256" /><testcase classname="tests.test_c12_inspector.TestInspectClassification" name="test_empty_file_is_malformed" time="0.014" /><testcase classname="tests.test_c12_inspector.TestInspectClassification" name="test_header_valid_body_garbage_is_corrupt" time="0.251" /><testcase classname="tests.test_c12_inspector.TestInspectClassification" name="test_ledger_without_schema_migrations_is_malformed" time="0.034" /><testcase classname="tests.test_c12_inspector.TestInspectClassification" name="test_legacy_v1_tables_without_ledger_are_migration_required" time="0.052" /><testcase classname="tests.test_c12_inspector.TestInspectClassification" name="test_missing_index_is_malformed" time="0.327" /><testcase classname="tests.test_c12_inspector.TestInspectClassification" name="test_missing_path_is_missing" time="0.013" /><testcase classname="tests.test_c12_inspector.TestInspectClassification" name="test_missing_table_is_malformed" time="0.288" /><testcase classname="tests.test_c12_inspector.TestInspectClassification" name="test_n_minus_1_is_migration_required" time="0.297" /><testcase classname="tests.test_c12_inspector.TestInspectClassification" name="test_n_plus_1_is_newer_incompatible" time="0.283" /><testcase classname="tests.test_c12_inspector.TestInspectClassification" name="test_non_database_bytes_are_corrupt" time="0.011" /><testcase classname="tests.test_c12_inspector.TestInspectReadOnly" name="test_inspection_mutates_no_bytes_or_sidecars" time="0.316" /><testcase classname="tests.test_c12_inspector.TestInspectReadOnly" name="test_live_read_sees_committed_wal_state" time="0.284" /><testcase classname="tests.test_c12_inspector.TestInspectReadOnly" name="test_preflight_mutates_no_bytes_or_sidecars" time="0.485" /><testcase classname="tests.test_c12_inspector.TestInspectReadOnly" name="test_preflight_on_missing_db_creates_nothing" time="0.135" /><testcase classname="tests.test_c12_inspector.TestPythonRange" name="test_boundaries" time="0.010" /><testcase classname="tests.test_c12_inspector.TestPythonRange" name="test_check_reports_version_string" time="0.008" /><testcase classname="tests.test_c12_inspector.TestPythonRange" name="test_preflight_reports_runtime_check" time="0.351" /><testcase classname="tests.test_c12_inspector.TestPythonRange" name="test_running_interpreter_is_supported" time="0.005" /><testcase classname="tests.test_c12_inspector.TestPythonRange" name="test_supported_range_constant_matches_pyproject" time="0.005" /><testcase classname="tests.test_c12_inspector.TestPythonRange" name="test_unsupported_python_fails_preflight" time="0.372" /><testcase classname="tests.test_c12_inspector.TestWalProbe" name="test_missing_directory_is_not_capable" time="0.014" /><testcase classname="tests.test_c12_inspector.TestWalProbe" name="test_preflight_reports_wal_capability" time="0.347" /><testcase classname="tests.test_c12_inspector.TestWalProbe" name="test_probe_does_not_touch_live_database" time="0.342" /><testcase classname="tests.test_c12_inspector.TestWalProbe" name="test_probe_leaves_directory_unchanged" time="0.031" /><testcase classname="tests.test_c12_inspector.TestWalProbe" name="test_writable_directory_is_wal_capable" time="0.030" /><testcase classname="tests.test_c12_inspector.TestMaintenanceGuard" name="test_acquire_and_release" time="0.392" /><testcase classname="tests.test_c12_inspector.TestMaintenanceGuard" name="test_double_acquire_raises_busy" time="0.356" /><testcase classname="tests.test_c12_inspector.TestMaintenanceGuard" name="test_preflight_during_maintenance_is_non_ready" time="0.447" /><testcase classname="tests.test_c12_inspector.TestMaintenanceGuard" name="test_stale_marker_does_not_block_preflight" time="0.464" /><testcase classname="tests.test_c12_inspector.TestMaintenanceGuard" name="test_stale_marker_is_not_held_and_can_be_taken_over" time="0.468" /><testcase classname="tests.test_c12_inspector.TestMaintenanceVerify" name="test_live_context_verifies_without_ready" time="0.349" /><testcase classname="tests.test_c12_inspector.TestMaintenanceVerify" name="test_missing_context_is_rejected" time="0.339" /><testcase classname="tests.test_c12_inspector.TestMaintenanceVerify" name="test_verify_never_emits_ready_true" time="0.395" /><testcase classname="tests.test_c12_inspector.TestMaintenanceVerify" name="test_wrong_path_context_is_rejected" time="0.699" /><testcase classname="tests.test_c12_inspector.TestMaintenanceVerify" name="test_wrong_scope_context_is_rejected" time="0.502" /><testcase classname="tests.test_c12_inspector.TestPreflightSchemaExits" name="test_compatible_db_reports_classification" time="0.349" /><testcase classname="tests.test_c12_inspector.TestPreflightSchemaExits" name="test_corrupt_db_reports_schema_exit" time="0.139" /><testcase classname="tests.test_c12_inspector.TestPreflightSchemaExits" name="test_malformed_db_reports_schema_exit" time="0.116" /><testcase classname="tests.test_c12_inspector.TestPreflightSchemaExits" name="test_n_plus_1_reports_schema_exit" time="0.367" /><testcase classname="tests.test_c12_inspector.TestExitPrecedence" name="test_lease_beats_secret" time="0.556" /><testcase classname="tests.test_c12_inspector.TestExitPrecedence" name="test_maintenance_beats_secret" time="0.436" /><testcase classname="tests.test_c12_inspector.TestExitPrecedence" name="test_runtime_beats_everything" time="0.074" /><testcase classname="tests.test_c12_inspector.TestExitPrecedence" name="test_schema_beats_lease" time="0.421" /><testcase classname="tests.test_c12_inspector.TestExitPrecedence" name="test_secret_failure_is_exit_3" time="0.387" /><testcase classname="tests.test_c12_inspector.TestExitPrecedence" name="test_state_beats_schema" time="0.066" /><testcase classname="tests.test_c12_inspector.TestReadyConjunction" name="test_each_false_check_forces_not_ready" time="0.395" /><testcase classname="tests.test_c12_inspector.TestInspectEdgeBranches" name="test_directory_path_is_corrupt" time="0.015" /><testcase classname="tests.test_c12_inspector.TestInspectEdgeBranches" name="test_mkstem_failure_is_not_writable" time="0.015" /><testcase classname="tests.test_c12_inspector.TestInspectEdgeBranches" name="test_non_integer_ledger_version_is_malformed" time="0.360" /><testcase classname="tests.test_c12_inspector.TestInspectEdgeBranches" name="test_non_wal_mode_is_reported" time="0.023" /><testcase classname="tests.test_c12_inspector.TestInspectEdgeBranches" name="test_probe_cleanup_failures_are_swallowed" time="0.041" /><testcase classname="tests.test_c12_inspector.TestInspectEdgeBranches" name="test_probe_connect_failure" time="0.017" /><testcase classname="tests.test_c12_inspector.TestInspectEdgeBranches" name="test_returned_integrity_errors_are_corrupt" time="0.272" /><testcase classname="tests.test_c12_inspector.TestMaintenanceEdgeBranches" name="test_acquire_write_failure_cleans_up_and_raises" time="0.253" /><testcase classname="tests.test_c12_inspector.TestMaintenanceEdgeBranches" name="test_garbage_marker_is_not_held" time="0.205" /><testcase classname="tests.test_c12_inspector.TestMaintenanceEdgeBranches" name="test_naive_timestamp_marker_is_evaluated" time="0.256" /><testcase classname="tests.test_c12_inspector.TestMaintenanceEdgeBranches" name="test_release_reports_second_release_as_miss" time="0.418" /><testcase classname="tests.test_c12_inspector.TestMaintenanceEdgeBranches" name="test_release_unlink_failure_reports_false" time="0.468" /><testcase classname="tests.test_c12_inspector.TestMaintenanceEdgeBranches" name="test_stale_guard_while_held_reports_not_held" time="0.289" /><testcase classname="tests.test_c12_inspector.TestPreflightDivergentStore" name="test_integrity_divergence_reports_schema" time="0.343" /><testcase classname="tests.test_c12_inspector.TestPreflightDivergentStore" name="test_store_failure_reports_schema" time="0.337" /><testcase classname="tests.test_c12_inspector.TestPreflightDivergentStore" name="test_version_divergence_reports_schema" time="0.471" /><testcase classname="tests.test_c13_health.TestC13HealthyBaseline" name="test_fresh_db_before_due_is_healthy" time="0.478" /><testcase classname="tests.test_c13_health.TestC13NoHistoryOverdue" name="test_no_history_after_due_is_overdue" time="0.250" /><testcase classname="tests.test_c13_health.TestC13DueUnknown" name="test_due_computation_failure_does_not_flip_health" time="0.245" /><testcase classname="tests.test_c13_health.TestC13Maintenance" name="test_maintenance_in_progress_fails_health" time="0.319" /><testcase classname="tests.test_c13_health.TestC13TerminalAndAttention" name="test_failed_terminal_latest_fails_health" time="0.289" /><testcase classname="tests.test_c13_health.TestC13TerminalAndAttention" name="test_needs_attention_active_fails_health" time="0.467" /><testcase classname="tests.test_c13_health.TestC13RetryExhaustion" name="test_exhausted_chunk_retry_fails_health" time="0.270" /><testcase classname="tests.test_c13_health.TestC13RetryExhaustion" name="test_transient_retry_stays_healthy" time="0.346" /><testcase classname="tests.test_c13_health.TestC13IncompatibleSchema" name="test_newer_schema_fails_health" time="0.277" /><testcase classname="tests.test_c13_health.TestC13Heartbeats" name="test_invalid_heartbeat_fails_health" time="0.239" /><testcase classname="tests.test_c13_health.TestC13Heartbeats" name="test_stale_heartbeat_fails_health" time="0.221" /><testcase classname="tests.test_c13_health.TestC13DiskFloor" name="test_disk_at_boundary_is_healthy" time="0.213" /><testcase classname="tests.test_c13_health.TestC13DiskFloor" name="test_disk_one_byte_below_absolute_floor_fails" time="0.219" /><testcase classname="tests.test_c13_health.TestC13DiskFloor" name="test_disk_one_byte_below_ratio_floor_fails" time="0.241" /><testcase classname="tests.test_c13_health.TestC13SimultaneousFailures" name="test_all_stable_reasons_preserved" time="0.415" /><testcase classname="tests.test_c13_health.TestC13StatusContent" name="test_status_exposes_latest_active_and_required_fields" time="0.309" /><testcase classname="tests.test_c13_health.TestC13FullTruthTable" name="test_all_sources_failed_retry_exhausted" time="0.302" /><testcase classname="tests.test_c13_health.TestC13FullTruthTable" name="test_ancient_success_is_overdue" time="0.389" /><testcase classname="tests.test_c13_health.TestC13FullTruthTable" name="test_bogus_success_timestamp_is_invalid" time="0.509" /><testcase classname="tests.test_c13_health.TestC13FullTruthTable" name="test_corrupt_integrity_fails_health" time="0.265" /><testcase classname="tests.test_c13_health.TestC13FullTruthTable" name="test_disk_unavailable_fails_health" time="0.207" /><testcase classname="tests.test_c13_health.TestC13FullTruthTable" name="test_recent_success_is_healthy" time="0.414" /><testcase classname="tests.test_c13_health.TestC13FullTruthTable" name="test_unwritable_parent_fails_health" time="0.231" /><testcase classname="tests.test_c13_health.TestC13ProbesReadOnly" name="test_probes_leave_bytes_and_mtime_unchanged" time="0.519" /><testcase classname="tests.test_c14_logging.TestC14NestedCanaries" name="test_bearer_and_quoted_json_redacted" time="0.008" /><testcase classname="tests.test_c14_logging.TestC14NestedCanaries" name="test_bytes_sanitized_to_string" time="0.007" /><testcase classname="tests.test_c14_logging.TestC14NestedCanaries" name="test_embedded_url_userinfo_query_stripped" time="0.007" /><testcase classname="tests.test_c14_logging.TestC14NestedCanaries" name="test_env_style_secret_redacted" time="0.007" /><testcase classname="tests.test_c14_logging.TestC14NestedCanaries" name="test_exception_and_stack_redacted" time="0.040" /><testcase classname="tests.test_c14_logging.TestC14NestedCanaries" name="test_raw_telegram_token_redacted" time="0.008" /><testcase classname="tests.test_c14_logging.TestC14NestedCanaries" name="test_sensitive_key_variants_redacted" time="0.011" /><testcase classname="tests.test_c14_logging.TestC14NestedCanaries" name="test_unicode_retained_controls_stripped" time="0.008" /><testcase classname="tests.test_c14_logging.TestC14Streams" name="test_stdout_json_no_stderr_no_canary" time="0.006" /><testcase classname="tests.test_c14_logging.TestC14Lifecycle" name="test_all_attempt_kinds_exactly_one_terminal" time="0.016" /><testcase classname="tests.test_c14_logging.TestC14Lifecycle" name="test_finalizer_exactly_once" time="0.006" /><testcase classname="tests.test_c14_logging.TestC14Lifecycle" name="test_recovery_grouped_by_attempt_id" time="0.005" /><testcase classname="tests.test_c14_logging.TestC14Persistence" name="test_chunk_error_text_sanitized_in_state_and_status" time="0.279" /><testcase classname="tests.test_c14_logging.TestC14Persistence" name="test_config_redacted_recursive" time="0.204" /><testcase classname="tests.test_c14_logging.TestC14Hardening" name="test_accepted_run_exactly_one_terminal_per_attempt" time="0.685" /><testcase classname="tests.test_c14_logging.TestC14Hardening" name="test_collection_exception_canary_never_persists" time="0.387" /><testcase classname="tests.test_c14_logging.TestC14Hardening" name="test_hostile_caps" time="0.086" /><testcase classname="tests.test_c14_logging.TestC14Hardening" name="test_invalid_kind_and_empty_outcome_rejected" time="0.007" /><testcase classname="tests.test_c14_logging.TestC14Hardening" name="test_non_mapping_event_fields_ignored" time="0.007" /><testcase classname="tests.test_c14_logging.TestC14Hardening" name="test_sanitize_error_non_string_and_config_guard" time="0.074" /><testcase classname="tests.test_c14_logging.TestC14Hardening" name="test_url_edge_cases" time="0.010" /><testcase classname="tests.test_c21_migration.TestCatalogImmutability" name="test_prior_checksums_stable_when_future_migration_added" time="0.010" /><testcase classname="tests.test_c21_migration.TestCatalogImmutability" name="test_verify_catalog_detects_duplicate" time="0.009" /><testcase classname="tests.test_c21_migration.TestCatalogImmutability" name="test_verify_catalog_detects_gap" time="0.009" /><testcase classname="tests.test_c21_migration.TestCatalogImmutability" name="test_verify_catalog_detects_missing_description" time="0.008" /><testcase classname="tests.test_c21_migration.TestCatalogImmutability" name="test_verify_catalog_detects_missing_required_object" time="0.006" /><testcase classname="tests.test_c21_migration.TestCatalogImmutability" name="test_verify_catalog_detects_tampered_sql" time="0.005" /><testcase classname="tests.test_c21_migration.TestCatalogImmutability" name="test_verify_catalog_detects_version_beyond_current" time="0.005" /><testcase classname="tests.test_c21_migration.TestCatalogImmutability" name="test_verify_catalog_ok_on_shipped_catalog" time="0.005" /><testcase classname="tests.test_c21_migration.TestLedgerContiguity" name="test_contiguous_ledger_has_no_issue" time="0.005" /><testcase classname="tests.test_c21_migration.TestLedgerContiguity" name="test_duplicate_ledger_reports_duplicate" time="0.004" /><testcase classname="tests.test_c21_migration.TestLedgerContiguity" name="test_empty_ledger_reports_empty" time="0.006" /><testcase classname="tests.test_c21_migration.TestLedgerContiguity" name="test_gap_ledger_reports_gap" time="0.004" /><testcase classname="tests.test_c21_migration.TestFixtureClassification" name="test_current_is_compatible" time="0.216" /><testcase classname="tests.test_c21_migration.TestFixtureClassification" name="test_current_plus_1_is_newer_incompatible" time="0.242" /><testcase classname="tests.test_c21_migration.TestFixtureClassification" name="test_empty_file_is_malformed" time="0.017" /><testcase classname="tests.test_c21_migration.TestFixtureClassification" name="test_gap_ledger_is_malformed" time="0.380" /><testcase classname="tests.test_c21_migration.TestFixtureClassification" name="test_legacy_v1_is_migration_required" time="0.068" /><testcase classname="tests.test_c21_migration.TestFixtureClassification" name="test_missing_object_is_malformed" time="0.320" /><testcase classname="tests.test_c21_migration.TestFixtureClassification" name="test_n_minus_1_is_migration_required" time="0.379" /><testcase classname="tests.test_c21_migration.TestFixtureClassification" name="test_tampered_checksum_is_malformed" time="0.375" /><testcase classname="tests.test_c21_migration.TestFixtureClassification" name="test_v2_exact_is_migration_required" time="0.229" /><testcase classname="tests.test_c21_migration.TestOpenRefusesMigration" name="test_migration_required_is_a_state_error" time="0.008" /><testcase classname="tests.test_c21_migration.TestOpenRefusesMigration" name="test_open_current_is_unchanged" time="0.344" /><testcase classname="tests.test_c21_migration.TestOpenRefusesMigration" name="test_open_fresh_path_still_creates_current" time="0.271" /><testcase classname="tests.test_c21_migration.TestOpenRefusesMigration" name="test_open_gap_ledger_raises_state_error" time="0.367" /><testcase classname="tests.test_c21_migration.TestOpenRefusesMigration" name="test_open_legacy_v1_raises_and_changes_no_bytes" time="0.074" /><testcase classname="tests.test_c21_migration.TestOpenRefusesMigration" name="test_open_n_minus_1_raises_and_changes_no_bytes" time="0.359" /><testcase classname="tests.test_c21_migration.TestOpenRefusesMigration" name="test_open_v2_raises_and_changes_no_bytes" time="0.199" /><testcase classname="tests.test_c21_migration.TestOpenRefusesMigration" name="test_open_v3_missing_snapshot_column_raises_and_changes_no_bytes" time="0.192" /><testcase classname="tests.test_c21_migration.TestCatalogRunner" name="test_runner_adopts_legacy_v1_and_preserves_rows" time="0.244" /><testcase classname="tests.test_c21_migration.TestCatalogRunner" name="test_runner_applies_v2_to_v3" time="0.528" /><testcase classname="tests.test_c21_migration.TestCatalogRunner" name="test_runner_rejects_wrong_guard_scope" time="0.192" /><testcase classname="tests.test_c21_migration.TestCatalogRunner" name="test_runner_repeated_is_noop_without_writes" time="0.262" /><testcase classname="tests.test_c21_migration.TestCatalogRunner" name="test_runner_requires_an_explicit_guard" time="0.184" /><testcase classname="tests.test_c21_migration.TestMigrateCommandFailClosed" name="test_migrate_applies_current_target_under_guard" time="0.614" /><testcase classname="tests.test_c21_migration.TestMigrateCommandFailClosed" name="test_migrate_is_mutually_exclusive" time="0.024" /><testcase classname="tests.test_c21_migration.TestMigrateCommandFailClosed" name="test_migrate_rejects_delivery_modifiers" time="0.041" /><testcase classname="tests.test_c21_migration.TestMigrateCommandFailClosed" name="test_migrate_rejects_unsupported_target_without_changes" time="0.148" /><testcase classname="tests.test_c21_migration.TestMigrateCommandFailClosed" name="test_migrate_requires_to_version" time="0.024" /><testcase classname="tests.test_c21_migration.TestMigrateCommandFailClosed" name="test_to_version_must_be_positive" time="0.026" /><testcase classname="tests.test_c21_migration.TestMigrateCommandFailClosed" name="test_to_version_without_migrate_is_rejected" time="0.026" /><testcase classname="tests.test_c21_migration.TestMigrationArtifactPublication" name="test_failed_manifest_publication_removes_reserved_pair" time="0.080" /><testcase classname="tests.test_c21_migration.TestMigrationArtifactPublication" name="test_migration_artifact_reservation_skips_existing_pair_without_overwrite" time="0.096" /><testcase classname="tests.test_c21_migration.TestDeliveryRefusesMigration" name="test_delivery_on_n_minus_1_fails_closed_without_writes" time="0.366" /><testcase classname="tests.test_c21_migration.TestLedgerVersionParsing" name="test_parses_integer_versions" time="0.004" /><testcase classname="tests.test_c21_migration.TestLedgerVersionParsing" name="test_rejects_non_integer_version" time="0.004" /><testcase classname="tests.test_c21_migration.TestCatalogEmptySql" name="test_verify_catalog_detects_empty_sql" time="0.004" /><testcase classname="tests.test_c21_migration.TestCatalogRunnerNegativePaths" name="test_runner_adopts_articles_without_any_run" time="0.176" /><testcase classname="tests.test_c21_migration.TestCatalogRunnerNegativePaths" name="test_runner_adopts_failed_legacy_run_without_replay" time="0.258" /><testcase classname="tests.test_c21_migration.TestCatalogRunnerNegativePaths" name="test_runner_creates_fresh_memory_database" time="0.106" /><testcase classname="tests.test_c21_migration.TestCatalogRunnerNegativePaths" name="test_runner_rejects_checksum_mismatch" time="0.312" /><testcase classname="tests.test_c21_migration.TestCatalogRunnerNegativePaths" name="test_runner_rejects_failed_post_adoption_integrity" time="0.211" /><testcase classname="tests.test_c21_migration.TestCatalogRunnerNegativePaths" name="test_runner_rejects_failed_post_pending_integrity" time="0.250" /><testcase classname="tests.test_c21_migration.TestCatalogRunnerNegativePaths" name="test_runner_rejects_failed_pre_migration_integrity" time="0.193" /><testcase classname="tests.test_c21_migration.TestCatalogRunnerNegativePaths" name="test_runner_rejects_gap_ledger" time="0.307" /><testcase classname="tests.test_c21_migration.TestCatalogRunnerNegativePaths" name="test_runner_rejects_invalid_catalog" time="0.187" /><testcase classname="tests.test_c21_migration.TestCatalogRunnerNegativePaths" name="test_runner_rejects_newer_ledger" time="0.254" /><testcase classname="tests.test_c21_migration.TestCatalogRunnerNegativePaths" name="test_runner_rejects_tables_without_ledger_or_legacy" time="0.028" /><testcase classname="tests.test_c21_migration.TestCatalogRunnerNegativePaths" name="test_runner_rolls_back_broken_legacy_without_writes" time="0.118" /><testcase classname="tests.test_c21_migration.TestCatalogRunnerNegativePaths" name="test_runner_rolls_back_failed_pending_migration" time="0.370" /><testcase classname="tests.test_c21_migration.TestOpenNegativePaths" name="test_open_empty_ledger_raises_migration_required" time="0.375" /><testcase classname="tests.test_c21_migration.TestOpenNegativePaths" name="test_open_fails_closed_on_failed_integrity" time="0.339" /><testcase classname="tests.test_c21_migration.TestOpenNegativePaths" name="test_open_fresh_create_fails_closed_on_post_integrity" time="0.273" /><testcase classname="tests.test_c21_migration.TestOpenNegativePaths" name="test_open_fresh_create_rolls_back_apply_failure" time="0.083" /><testcase classname="tests.test_c21_migration.TestOpenNegativePaths" name="test_open_missing_table_raises_state_error" time="0.282" /><testcase classname="tests.test_c22_guard.TestSharedExclusiveGuard" name="test_dead_pid_runtime_does_not_block_maintenance" time="0.366" /><testcase classname="tests.test_c22_guard.TestSharedExclusiveGuard" name="test_exclusive_blocks_writable_open" time="0.302" /><testcase classname="tests.test_c22_guard.TestSharedExclusiveGuard" name="test_exclusive_does_not_block_readonly_open" time="0.367" /><testcase classname="tests.test_c22_guard.TestSharedExclusiveGuard" name="test_maintenance_acquire_fails_when_runtime_held" time="0.296" /><testcase classname="tests.test_c22_guard.TestSharedExclusiveGuard" name="test_multiple_runtimes_coexist" time="0.295" /><testcase classname="tests.test_c22_guard.TestSharedExclusiveGuard" name="test_runtime_acquire_fails_when_exclusive_held" time="0.307" /><testcase classname="tests.test_c22_guard.TestSharedExclusiveGuard" name="test_runtime_release_unblocks_maintenance" time="0.378" /><testcase classname="tests.test_c22_guard.TestSharedExclusiveGuard" name="test_stale_exclusive_takeover_preserved" time="0.421" /><testcase classname="tests.test_c22_guard.TestSharedExclusiveGuard" name="test_stale_runtime_does_not_block_maintenance" time="0.327" /><testcase classname="tests.test_c22_guard.TestFenceApi" name="test_fence_accepts_live_context" time="0.327" /><testcase classname="tests.test_c22_guard.TestFenceApi" name="test_fence_rejects_wrong_path" time="0.496" /><testcase classname="tests.test_c22_guard.TestFenceApi" name="test_fence_rejects_wrong_scope" time="0.365" /><testcase classname="tests.test_c22_guard.TestFenceApi" name="test_fence_requires_live_context" time="0.297" /><testcase classname="tests.test_c22_manifest.TestMigrationManifest" name="test_manifest_backup_is_logically_equal_to_source" time="0.120" /><testcase classname="tests.test_c22_manifest.TestMigrationManifest" name="test_manifest_contains_required_fields" time="0.133" /><testcase classname="tests.test_c22_manifest.TestMigrationManifest" name="test_manifest_garbage_db_fails_closed_without_files" time="0.042" /><testcase classname="tests.test_c22_manifest.TestMigrationManifest" name="test_manifest_leaves_source_bytes_unchanged" time="0.144" /><testcase classname="tests.test_c22_manifest.TestMigrationManifest" name="test_verify_rejects_missing_backup" time="0.141" /><testcase classname="tests.test_c22_manifest.TestMigrationManifest" name="test_verify_rejects_tampered_sha" time="0.167" /><testcase classname="tests.test_c22_manifest.TestGuardedMigrationFence" name="test_run_aborts_when_verify_fails_leaves_source_unchanged" time="0.223" /><testcase classname="tests.test_c22_manifest.TestGuardedMigrationFence" name="test_run_refuses_released_context" time="0.137" /><testcase classname="tests.test_c22_manifest.TestGuardedMigrationFence" name="test_run_refuses_wrong_path_context" time="0.188" /><testcase classname="tests.test_c22_manifest.TestGuardedMigrationFence" name="test_run_refuses_wrong_scope" time="0.136" /><testcase classname="tests.test_c22_manifest.TestGuardedMigrationRun" name="test_run_current_is_audited_noop_without_files" time="0.242" /><testcase classname="tests.test_c22_manifest.TestGuardedMigrationRun" name="test_run_migrates_legacy_v1_to_current" time="0.415" /><testcase classname="tests.test_c22_manifest.TestGuardedMigrationRun" name="test_run_migrates_v2_to_current" time="0.470" /><testcase classname="tests.test_c22_manifest.TestReadSourceState" name="test_empty_ledger_reports_version_zero" time="0.351" /><testcase classname="tests.test_c22_manifest.TestReadSourceState" name="test_integrity_not_ok_raises" time="0.064" /><testcase classname="tests.test_c22_manifest.TestReadSourceState" name="test_integrity_probe_failure_raises" time="0.066" /><testcase classname="tests.test_c22_manifest.TestReadSourceState" name="test_ledger_read_failure_raises" time="0.216" /><testcase classname="tests.test_c22_manifest.TestReadSourceState" name="test_legacy_reports_version_zero" time="0.048" /><testcase classname="tests.test_c22_manifest.TestReadSourceState" name="test_open_failure_raises" time="0.040" /><testcase classname="tests.test_c22_manifest.TestReadSourceState" name="test_schema_probe_failure_raises" time="0.063" /><testcase classname="tests.test_c22_manifest.TestIsCurrentAndComplete" name="test_column_probe_failure_raises" time="0.320" /><testcase classname="tests.test_c22_manifest.TestIsCurrentAndComplete" name="test_current_db_is_current" time="0.234" /><testcase classname="tests.test_c22_manifest.TestIsCurrentAndComplete" name="test_empty_ledger_is_not_current" time="0.307" /><testcase classname="tests.test_c22_manifest.TestIsCurrentAndComplete" name="test_ledger_read_failure_raises" time="0.329" /><testcase classname="tests.test_c22_manifest.TestIsCurrentAndComplete" name="test_missing_table_is_not_current" time="0.213" /><testcase classname="tests.test_c22_manifest.TestIsCurrentAndComplete" name="test_open_failure_raises" time="0.384" /><testcase classname="tests.test_c22_manifest.TestIsCurrentAndComplete" name="test_schema_probe_failure_raises" time="0.338" /><testcase classname="tests.test_c22_manifest.TestIsCurrentAndComplete" name="test_tampered_ledger_is_not_current" time="0.261" /><testcase classname="tests.test_c22_manifest.TestIsCurrentAndComplete" name="test_v2_is_not_current" time="0.179" /><testcase classname="tests.test_c22_manifest.TestCreateManifestFailures" name="test_backup_integrity_not_ok_cleans_up" time="0.086" /><testcase classname="tests.test_c22_manifest.TestCreateManifestFailures" name="test_backup_integrity_probe_failure_cleans_up" time="0.082" /><testcase classname="tests.test_c22_manifest.TestCreateManifestFailures" name="test_backup_operation_failure_cleans_up" time="0.063" /><testcase classname="tests.test_c22_manifest.TestCreateManifestFailures" name="test_backup_verify_open_failure_cleans_up" time="0.077" /><testcase classname="tests.test_c22_manifest.TestCreateManifestFailures" name="test_missing_source_raises_without_files" time="0.010" /><testcase classname="tests.test_c22_manifest.TestCreateManifestFailures" name="test_origin_open_failure_raises_without_files" time="0.055" /><testcase classname="tests.test_c22_manifest.TestCreateManifestFailures" name="test_repeated_create_keeps_manifest_names_unique" time="0.247" /><testcase classname="tests.test_c22_manifest.TestVerifyManifestFailures" name="test_backup_checksum_mismatch" time="0.109" /><testcase classname="tests.test_c22_manifest.TestVerifyManifestFailures" name="test_manifest_integrity_not_ok" time="0.122" /><testcase classname="tests.test_c22_manifest.TestVerifyManifestFailures" name="test_mapping_manifest_success" time="0.120" /><testcase classname="tests.test_c22_manifest.TestVerifyManifestFailures" name="test_missing_field" time="0.123" /><testcase classname="tests.test_c22_manifest.TestVerifyManifestFailures" name="test_missing_manifest_file" time="0.045" /><testcase classname="tests.test_c22_manifest.TestVerifyManifestFailures" name="test_missing_source" time="0.105" /><testcase classname="tests.test_c22_manifest.TestVerifyManifestFailures" name="test_non_object_manifest" time="0.067" /><testcase classname="tests.test_c22_manifest.TestVerifyManifestFailures" name="test_source_integrity_recheck_failure" time="0.107" /><testcase classname="tests.test_c22_manifest.TestVerifyManifestFailures" name="test_unparsable_manifest" time="0.048" /><testcase classname="tests.test_c22_manifest.TestRunGuardedFailures" name="test_checksum_mismatch" time="0.351" /><testcase classname="tests.test_c22_manifest.TestRunGuardedFailures" name="test_current_race_returns_zero" time="0.560" /><testcase classname="tests.test_c22_manifest.TestRunGuardedFailures" name="test_empty_database_migrates_fresh" time="0.426" /><testcase classname="tests.test_c22_manifest.TestRunGuardedFailures" name="test_gap_ledger" time="0.460" /><testcase classname="tests.test_c22_manifest.TestRunGuardedFailures" name="test_invalid_catalog" time="0.208" /><testcase classname="tests.test_c22_manifest.TestRunGuardedFailures" name="test_missing_source_file" time="0.490" /><testcase classname="tests.test_c22_manifest.TestRunGuardedFailures" name="test_newer_schema" time="0.511" /><testcase classname="tests.test_c22_manifest.TestRunGuardedFailures" name="test_non_legacy_tables_without_ledger" time="0.204" /><testcase classname="tests.test_c22_manifest.TestRunGuardedFailures" name="test_post_integrity_failure" time="0.421" /><testcase classname="tests.test_c22_manifest.TestRunGuardedFailures" name="test_pre_integrity_failure" time="0.206" /><testcase classname="tests.test_c22_manifest.TestRunGuardedFailures" name="test_rollback_when_apply_fails" time="0.378" /><testcase classname="tests.test_c22_manifest.TestRunGuardedFailures" name="test_rollback_when_pending_apply_fails" time="0.321" /><testcase classname="tests.test_c22_old_writer_fence.TestSplitter" name="test_fence_migration_splits_into_six_trigger_statements" time="0.018" /><testcase classname="tests.test_c22_old_writer_fence.TestSplitter" name="test_legacy_migrations_split_identically_to_naive" time="0.047" /><testcase classname="tests.test_c22_old_writer_fence.TestOldWriterFence" name="test_adopted_rows_survive_fence" time="0.382" /><testcase classname="tests.test_c22_old_writer_fence.TestOldWriterFence" name="test_catalog_includes_fence_migration" time="0.006" /><testcase classname="tests.test_c22_old_writer_fence.TestOldWriterFence" name="test_dropped_fence_fails_closed" time="0.382" /><testcase classname="tests.test_c22_old_writer_fence.TestOldWriterFence" name="test_fresh_database_installs_fences_and_full_ledger" time="0.279" /><testcase classname="tests.test_c22_old_writer_fence.TestOldWriterFence" name="test_migration_installs_fences_and_advances_ledger" time="0.415" /><testcase classname="tests.test_c22_old_writer_fence.TestOldWriterFence" name="test_post_migration_legacy_writes_fail" time="0.373" /><testcase classname="tests.test_c22_old_writer_fence.TestOldWriterFence" name="test_pre_migration_legacy_writes_succeed" time="0.258" /><testcase classname="tests.test_c22_splitter_edges.TestSplitterEdgeCases" name="test_arithmetic_operators_are_not_comments" time="0.010" /><testcase classname="tests.test_c22_splitter_edges.TestSplitterEdgeCases" name="test_block_comment_semicolons_are_kept" time="0.009" /><testcase classname="tests.test_c22_splitter_edges.TestSplitterEdgeCases" name="test_doubled_double_quote_inside_name_is_kept" time="0.007" /><testcase classname="tests.test_c22_splitter_edges.TestSplitterEdgeCases" name="test_empty_and_blank_inputs_return_no_statements" time="0.008" /><testcase classname="tests.test_c22_splitter_edges.TestSplitterEdgeCases" name="test_escaped_single_quote_inside_string_is_kept" time="0.009" /><testcase classname="tests.test_c22_splitter_edges.TestSplitterEdgeCases" name="test_line_comment_semicolons_are_kept" time="0.007" /><testcase classname="tests.test_c22_splitter_edges.TestSplitterEdgeCases" name="test_lowercase_begin_end_keep_trigger_body" time="0.011" /><testcase classname="tests.test_c22_splitter_edges.TestSplitterEdgeCases" name="test_semicolon_inside_double_quoted_name_is_kept" time="0.007" /><testcase classname="tests.test_c22_splitter_edges.TestSplitterEdgeCases" name="test_semicolon_inside_single_quoted_string_is_kept" time="0.008" /><testcase classname="tests.test_c22_splitter_edges.TestSplitterEdgeCases" name="test_statement_without_trailing_semicolon_is_kept" time="0.008" /><testcase classname="tests.test_c22_splitter_edges.TestSplitterEdgeCases" name="test_stray_end_does_not_swallow_following_statements" time="0.008" /><testcase classname="tests.test_c22_splitter_edges.TestSplitterEdgeCases" name="test_trailing_line_comment_without_newline_is_kept" time="0.008" /><testcase classname="tests.test_c22_splitter_edges.TestSplitterEdgeCases" name="test_unterminated_block_comment_runs_to_end" time="0.007" /><testcase classname="tests.test_c22_splitter_edges.TestTriggerProbeFailure" name="test_trigger_probe_failure_raises" time="0.296" /><testcase classname="tests.test_collector_coverage.CollectorParsingCorpusTests" name="test_config_adapters_and_xml_edge_paths" time="0.061" /><testcase classname="tests.test_collector_coverage.CollectorParsingCorpusTests" name="test_gdelt_source_schema_and_quarantine" time="0.035" /><testcase classname="tests.test_collector_coverage.CollectorParsingCorpusTests" name="test_parse_limits_dtd_repair_and_fallback" time="0.008" /><testcase classname="tests.test_collector_coverage.CollectorParsingCorpusTests" name="test_parse_rss_atom_quarantine_and_scalar_paths" time="0.028" /><testcase classname="tests.test_collector_coverage.CollectorParsingCorpusTests" name="test_source_collectors_success_quarantine_and_failures" time="0.025" /><testcase classname="tests.test_collector_coverage.CollectorParsingCorpusTests" name="test_worker_entry_and_frame_failure_boundaries" time="0.007" /><testcase classname="tests.test_collector_coverage.CollectorParsingCorpusTests" name="test_xml_scalar_and_provenance_quarantine_paths" time="0.024" /><testcase classname="tests.test_collector_coverage.CollectorSupervisorCorpusTests" name="test_ipc_receiver_keeps_partial_frame_off_supervisor_thread" time="0.062" /><testcase classname="tests.test_collector_coverage.CollectorSupervisorCorpusTests" name="test_supervisor_builds_google_and_gdelt_jobs_from_mapping_config" time="0.015" /><testcase classname="tests.test_collector_coverage.CollectorSupervisorCorpusTests" name="test_supervisor_cycle_timeout_and_empty_jobs" time="1.011" /><testcase classname="tests.test_collector_coverage.CollectorSupervisorCorpusTests" name="test_supervisor_handles_invalid_partial_memory_and_start_failure" time="0.050" /><testcase classname="tests.test_collector_coverage.CollectorSupervisorCorpusTests" name="test_supervisor_reaps_success_and_worker_failure" time="0.046" /><testcase classname="tests.test_collector_coverage.CollectorSupervisorCorpusTests" name="test_supervisor_terminates_live_then_kills_unreaped_worker" time="0.007" /><testcase classname="tests.test_collectors.FeedParserTests" name="test_parses_rss_metadata" time="0.029" /><testcase classname="tests.test_collectors.FeedParserTests" name="test_repairs_bare_ampersand" time="0.029" /><testcase classname="tests.test_deep_release_coverage.ConfigurationBoundaryTests" name="test_load_dotenv_is_non_overwriting_and_tolerates_comments" time="0.056" /><testcase classname="tests.test_deep_release_coverage.ConfigurationBoundaryTests" name="test_optional_sources_and_boundary_values_are_normalized" time="0.059" /><testcase classname="tests.test_deep_release_coverage.ConfigurationBoundaryTests" name="test_parse_and_load_config_rejects_each_structural_boundary" time="1.347" /><testcase classname="tests.test_deep_release_coverage.ConfigurationBoundaryTests" name="test_preflight_wal_failure_is_not_ready" time="0.111" /><testcase classname="tests.test_deep_release_coverage.ConfigurationBoundaryTests" name="test_primitive_helpers_and_mapping_contract" time="0.292" /><testcase classname="tests.test_deep_release_coverage.URLPolicyBoundaryTests" name="test_canonical_resolution_redirect_and_log_helpers" time="0.012" /><testcase classname="tests.test_deep_release_coverage.URLPolicyBoundaryTests" name="test_hostname_port_and_url_shape_matrix" time="0.018" /><testcase classname="tests.test_deep_release_coverage.NetworkBoundaryTests" name="test_fetch_http_errors_transport_and_body_limits" time="0.118" /><testcase classname="tests.test_deep_release_coverage.NetworkBoundaryTests" name="test_fetch_status_redirect_and_exception_classification" time="0.122" /><testcase classname="tests.test_deep_release_coverage.NetworkBoundaryTests" name="test_redirect_open_pinned_and_socket_pin_paths" time="0.115" /><testcase classname="tests.test_deep_release_coverage.TelegramBoundaryTests" name="test_html_parser_and_message_validation_matrix" time="0.010" /><testcase classname="tests.test_deep_release_coverage.TelegramBoundaryTests" name="test_telegram_call_classifies_envelopes_and_transport" time="0.114" /><testcase classname="tests.test_deep_release_coverage.TelegramBoundaryTests" name="test_telegram_public_methods_and_rendering_fallbacks" time="0.298" /><testcase classname="tests.test_deep_release_coverage.RankingBoundaryTests" name="test_dedup_budget_and_empty_material_are_explicit" time="0.071" /><testcase classname="tests.test_deep_release_coverage.RankingBoundaryTests" name="test_ranking_topic_and_selection_branches" time="0.208" /><testcase classname="tests.test_deep_release_coverage.MaintenanceBoundaryTests" name="test_database_fence_is_transaction_visible_and_stale_context_fails" time="0.338" /><testcase classname="tests.test_deep_release_coverage.MaintenanceBoundaryTests" name="test_exclusive_guard_lifecycle_fence_and_verification" time="0.085" /><testcase classname="tests.test_deep_release_coverage.MaintenanceBoundaryTests" name="test_process_and_marker_helpers_fail_closed" time="0.027" /><testcase classname="tests.test_deep_release_coverage.MaintenanceBoundaryTests" name="test_runtime_holds_refresh_and_stale_marker_cleanup" time="0.150" /><testcase classname="tests.test_operations_metrics_alerts.OperationsFixtureTests" name="test_backup_lock_rejects_live_and_recovers_stale" time="0.109" /><testcase classname="tests.test_operations_metrics_alerts.OperationsFixtureTests" name="test_metrics_counts_committed_state_without_writing" time="0.326" /><testcase classname="tests.test_operations_metrics_alerts.OperationsFixtureTests" name="test_metrics_missing_and_schema" time="0.015" /><testcase classname="tests.test_operations_metrics_alerts.OperationsFixtureTests" name="test_metrics_unreadable_is_not_false_green" time="0.019" /><testcase classname="tests.test_operations_metrics_alerts.OperationsFixtureTests" name="test_operation_helper_edges_and_unverified_inventory" time="0.071" /><testcase classname="tests.test_operations_metrics_alerts.OperationsFixtureTests" name="test_prune_preview_and_apply_preserves_unresolved_work" time="0.641" /><testcase classname="tests.test_operations_metrics_alerts.OperationsFixtureTests" name="test_replication_receipts_and_operation_validation" time="0.618" /><testcase classname="tests.test_operations_metrics_alerts.OperationsFixtureTests" name="test_retention_does_not_delete_invalid_or_newest" time="0.443" /><testcase classname="tests.test_operations_metrics_alerts.OperationsFixtureTests" name="test_retention_plan_is_previewable_and_reverification_is_fail_closed" time="0.707" /><testcase classname="tests.test_operations_metrics_alerts.OperationsFixtureTests" name="test_retention_rechecks_tampered_artifact_and_lock_edges" time="0.684" /><testcase classname="tests.test_operations_metrics_alerts.OperationsFixtureTests" name="test_scheduled_backup_inventory_replication_and_retention" time="0.562" /><testcase classname="tests.test_operations_metrics_alerts.OperationsFixtureTests" name="test_scheduled_backup_without_receipt_and_lock_write_failure" time="0.502" /><testcase classname="tests.test_operations_metrics_alerts.AlertSinkTests" name="test_health_and_backup_evaluators_publish_stable_rules" time="0.010" /><testcase classname="tests.test_operations_metrics_alerts.AlertSinkTests" name="test_jsonl_sink_deduplicates_redacts_and_recovers" time="0.074" /><testcase classname="tests.test_operations_metrics_alerts.AlertSinkTests" name="test_memory_sink_deduplicates_and_recovers" time="0.010" /><testcase classname="tests.test_production_readiness.ConfigurationAndURLTests" name="test_config_is_typed_and_rejects_unknown_keys" time="0.137" /><testcase classname="tests.test_production_readiness.ConfigurationAndURLTests" name="test_url_identity_sorts_query_and_rejects_userinfo" time="0.018" /><testcase classname="tests.test_production_readiness.FreshnessAndDedupTests" name="test_dedup_is_permutation_independent" time="0.253" /><testcase classname="tests.test_production_readiness.FreshnessAndDedupTests" name="test_old_missing_and_future_items_are_excluded" time="0.015" /><testcase classname="tests.test_production_readiness.LeaseAndOutboxTests" name="test_ambiguous_chunk_requires_manual_resolution" time="0.502" /><testcase classname="tests.test_production_readiness.LeaseAndOutboxTests" name="test_legacy_schema_is_adopted_without_replay" time="0.296" /><testcase classname="tests.test_production_readiness.LeaseAndOutboxTests" name="test_online_backup_manifest_and_restore_round_trip" time="0.605" /><testcase classname="tests.test_production_readiness.LeaseAndOutboxTests" name="test_only_one_owner_and_confirmed_chunk_is_not_due_again" time="0.482" /><testcase classname="tests.test_production_readiness.LeaseAndOutboxTests" name="test_status_exposes_scheduler_lease_and_active_chunk" time="0.211" /><testcase classname="tests.test_production_readiness.CLIAndMessageTests" name="test_digest_uses_frozen_delivery_date" time="0.031" /><testcase classname="tests.test_production_readiness.CLIAndMessageTests" name="test_dry_run_does_not_create_state" time="0.211" /><testcase classname="tests.test_production_readiness.CLIAndMessageTests" name="test_emoji_message_uses_utf16_bound_and_omits_oversized_item" time="0.347" /><testcase classname="tests.test_production_readiness.CLIAndMessageTests" name="test_invalid_daemon_dry_run_is_rejected_before_run" time="0.024" /><testcase classname="tests.test_production_readiness.CLIAndMessageTests" name="test_live_run_freezes_and_completes_through_outbox" time="0.765" /><testcase classname="tests.test_ranking.RankingTests" name="test_consumer_material_story_is_penalized" time="0.105" /><testcase classname="tests.test_ranking.RankingTests" name="test_customer_lane_requires_industrial_context" time="0.081" /><testcase classname="tests.test_ranking.RankingTests" name="test_energy_project_scores_as_relevant" time="0.029" /><testcase classname="tests.test_ranking.RankingTests" name="test_near_duplicate_headlines_are_clustered" time="0.069" /><testcase classname="tests.test_ranking.RankingTests" name="test_selection_excludes_sent_items" time="0.068" /><testcase classname="tests.test_release_app_paths.FrozenInputBoundaryTests" name="test_frozen_helpers_and_loader_fail_closed" time="0.367" /><testcase classname="tests.test_release_app_paths.FrozenInputBoundaryTests" name="test_full_frozen_payload_and_diagnostics_are_readable" time="0.031" /><testcase classname="tests.test_release_app_paths.FrozenInputBoundaryTests" name="test_history_reader_rejects_old_and_unreadable_connections" time="0.028" /><testcase classname="tests.test_release_app_paths.FrozenInputBoundaryTests" name="test_rank_selection_uses_history_and_top_candidate_mode" time="0.130" /><testcase classname="tests.test_release_app_paths.LiveRunBoundaryTests" name="test_force_replay_records_audit_and_sends_new_generation" time="0.820" /><testcase classname="tests.test_release_app_paths.LiveRunBoundaryTests" name="test_live_existing_delivery_gates_and_collection_failures" time="4.059" /><testcase classname="tests.test_release_app_paths.LiveRunBoundaryTests" name="test_live_guards_success_and_dry_run_requirement" time="0.686" /><testcase classname="tests.test_release_app_paths.LiveRunBoundaryTests" name="test_live_outcome_matrix_for_existing_prepared_delivery" time="2.115" /><testcase classname="tests.test_release_app_paths.DaemonAndCliBoundaryTests" name="test_cli_modes_fail_closed_and_keep_machine_output_clean" time="0.490" /><testcase classname="tests.test_release_app_paths.DaemonAndCliBoundaryTests" name="test_cli_telegram_discovery_and_migration_success" time="0.320" /><testcase classname="tests.test_release_app_paths.DaemonAndCliBoundaryTests" name="test_daemon_consumes_typed_terminal_outcome_and_rejects_lost_heartbeat" time="0.146" /><testcase classname="tests.test_release_app_paths.DaemonAndCliBoundaryTests" name="test_daemon_preflight_heartbeat_and_reload_helpers" time="0.066" /><testcase classname="tests.test_release_coverage_corpus.AppHelperCorpusTests" name="test_app_helper_boundaries_and_frozen_history" time="0.056" /><testcase classname="tests.test_release_coverage_corpus.AppHelperCorpusTests" name="test_frozen_input_accepts_valid_and_rejects_shape_variants" time="0.290" /><testcase classname="tests.test_release_coverage_corpus.AppHelperCorpusTests" name="test_frozen_item_and_state_readers_cover_invalid_fields" time="0.401" /><testcase classname="tests.test_release_coverage_corpus.AppHelperCorpusTests" name="test_main_report_modes_are_machine_parseable_and_safe" time="0.704" /><testcase classname="tests.test_release_coverage_corpus.AppHelperCorpusTests" name="test_main_telegram_modes_and_due_guard" time="0.258" /><testcase classname="tests.test_release_coverage_corpus.AppHelperCorpusTests" name="test_rank_select_and_scheduler_helpers" time="0.084" /><testcase classname="tests.test_release_coverage_corpus.AppRunOnceCorpusTests" name="test_active_delivery_recovery_and_force_guards" time="0.399" /><testcase classname="tests.test_release_coverage_corpus.AppRunOnceCorpusTests" name="test_live_send_outcomes_cover_retry_terminal_ambiguous_and_exception" time="2.656" /><testcase classname="tests.test_release_coverage_corpus.AppRunOnceCorpusTests" name="test_live_send_stop_after_ack_and_collection_failures" time="1.054" /><testcase classname="tests.test_release_coverage_corpus.URLAndNetworkCorpusTests" name="test_network_error_translation_and_pinned_connection_construction" time="0.488" /><testcase classname="tests.test_release_coverage_corpus.URLAndNetworkCorpusTests" name="test_network_fetch_statuses_redirects_and_bounded_body" time="0.352" /><testcase classname="tests.test_release_coverage_corpus.URLAndNetworkCorpusTests" name="test_url_policy_and_redirect_matrix" time="0.026" /><testcase classname="tests.test_release_coverage_corpus.TelegramCorpusTests" name="test_html_parser_and_rendering_fallbacks" time="0.298" /><testcase classname="tests.test_release_coverage_corpus.TelegramCorpusTests" name="test_telegram_envelopes_and_transport_errors" time="0.186" /><testcase classname="tests.test_release_coverage_corpus.TelegramCorpusTests" name="test_telegram_result_validation_and_chat_discovery" time="0.097" /><testcase classname="tests.test_state_machine_release.StateConnectionBoundaryTests" name="test_memory_readonly_close_and_connection_failure_cleanup" time="0.475" /><testcase classname="tests.test_state_machine_release.StateConnectionBoundaryTests" name="test_readonly_schema_failures_are_fail_closed" time="0.571" /><testcase classname="tests.test_state_machine_release.StateConnectionBoundaryTests" name="test_runtime_authority_is_checked_inside_the_write_transaction" time="0.371" /><testcase classname="tests.test_state_machine_release.DeliveryTransitionBoundaryTests" name="test_collection_retry_clock_and_recovery_paths" time="0.670" /><testcase classname="tests.test_state_machine_release.DeliveryTransitionBoundaryTests" name="test_orphan_recovery_and_prune_preserve_attention_work" time="0.601" /><testcase classname="tests.test_state_machine_release.DeliveryTransitionBoundaryTests" name="test_owner_generation_force_and_direct_completion_are_safe" time="0.326" /><testcase classname="tests.test_state_machine_release.DeliveryTransitionBoundaryTests" name="test_prepare_mapping_target_hash_and_chunk_order" time="0.320" /><testcase classname="tests.test_state_machine_release.DeliveryTransitionBoundaryTests" name="test_retry_terminal_ambiguous_and_manual_resolution" time="0.534" /><testcase classname="tests.test_storage.StorageTests" name="test_completed_run_and_sent_article_are_persisted" time="0.351" /><testcase classname="tests.test_storage_coverage.StorageBoundaryCorpusTests" name="test_backup_identity_and_legacy_status_edges" time="1.722" /><testcase classname="tests.test_storage_coverage.StorageBoundaryCorpusTests" name="test_collection_retry_and_retry_budget_paths" time="0.292" /><testcase classname="tests.test_storage_coverage.StorageBoundaryCorpusTests" name="test_compatibility_run_and_lease_lifecycle" time="0.349" /><testcase classname="tests.test_storage_coverage.StorageBoundaryCorpusTests" name="test_manual_resolution_retry_and_nonfinal_paths" time="0.453" /><testcase classname="tests.test_storage_coverage.StorageBoundaryCorpusTests" name="test_manual_resolution_sent_and_safe_terminal_retry" time="0.563" /><testcase classname="tests.test_storage_coverage.StorageBoundaryCorpusTests" name="test_memory_readonly_and_utility_boundaries" time="0.376" /><testcase classname="tests.test_storage_coverage.StorageBoundaryCorpusTests" name="test_outbox_retry_terminal_and_ambiguous_paths" time="0.760" /><testcase classname="tests.test_storage_coverage.StorageBoundaryCorpusTests" name="test_prepare_and_chunk_state_machine_negative_paths" time="0.385" /><testcase classname="tests.test_storage_coverage.StorageBoundaryCorpusTests" name="test_recovery_and_target_idempotence_edges" time="0.304" /><testcase classname="tests.test_storage_coverage.StorageBoundaryCorpusTests" name="test_recovery_source_results_target_and_status" time="0.326" /><testcase classname="tests.test_storage_coverage.StorageBoundaryCorpusTests" name="test_retry_policy_and_generation_validation" time="0.303" /><testcase classname="tests.test_storage_coverage.StorageBoundaryCorpusTests" name="test_static_helpers_and_authority_edges" time="0.008" /><testcase classname="tests.test_storage_coverage.StorageBoundaryCorpusTests" name="test_two_chunk_ordering_and_remaining_delivery_paths" time="0.402" /><testcase classname="tests.test_telegram.TelegramFormattingTests" name="test_escapes_html_and_splits_on_article_boundaries" time="0.238" /></testsuite></testsuites>