Name                         Stmts   Miss Branch BrPart  Cover   Missing
------------------------------------------------------------------------
meco_news\__init__.py            1      0      0      0   100%
meco_news\__main__.py            2      2      0      0     0%   1-4
meco_news\app.py               586    189    202     35    66%   88-93, 119->124, 125, 127-131, 133-135, 184-185, 188-190, 225, 228-229, 240-241, 249, 254-257, 259-262, 264-278, 279->301, 281-282, 284-291, 305->400, 322-337, 363, 409-422, 436-437, 449-555, 560->563, 583->585, 599-608, 621-623, 630-636, 647-652, 661-728, 771, 804, 823->825, 829->831, 832-833, 879, 881, 883, 906-908, 916-918, 928-929, 942-944, 951-971, 974, 984, 991
meco_news\backup.py             94     13     34     11    81%   42-43, 79, 82, 84, 87, 89, 91, 103-104, 105->97, 117, 121, 128
meco_news\collectors.py        488    201    168     26    55%   111-112, 118, 122-124, 136, 148, 155, 162, 183, 193, 205->213, 210->205, 214, 230, 232, 246, 275, 279, 284, 286, 291, 303-304, 308, 316-319, 355, 363, 366-369, 385, 398, 414-418, 422, 431-435, 465-473, 485, 516, 519, 524-525, 529-530, 533-535, 562, 568-575, 585-598, 602, 613-615, 628-635, 641-797
meco_news\config.py            346     46     88     29    81%   152, 154, 156, 162, 170, 181, 183, 232, 235, 242, 246, 311, 316, 337, 339, 345, 350, 357-358, 366, 372, 377, 397-406, 414-415, 417, 434, 442, 447, 449, 465, 475, 483, 487, 496, 506, 516
meco_news\inspection.py        119      0     30      0   100%
meco_news\maintenance.py       262     42     52      6    83%   160, 199, 202-208, 210, 216, 218, 221, 253, 256, 320-323, 328, 332, 336, 342, 347-370, 379-380
meco_news\migrate.py           251      1     76      1    99%   297
meco_news\migrations.py         75      0     26      0   100%
meco_news\models.py             81      6     10      3    90%   21-22, 26, 28, 37-38, 50->54
meco_news\network.py           126     35     34     11    66%   92, 107-112, 123, 127-131, 133, 136-142, 146, 149-150, 153, 155, 163-164, 165->167, 171, 174-177, 182, 197-203
meco_news\observability.py     128      5     32      1    96%   159-163
meco_news\preflight.py         236     18     80      5    93%   55, 95-96, 193-195, 197-198, 207-208, 211, 227, 246-250, 321
meco_news\ranking.py           225     27    106     18    85%   19, 28, 96-97, 103-104, 128-129, 143, 149-152, 185, 186->188, 194-196, 266, 277->264, 285-286, 313, 340, 345, 347->356, 352-355
meco_news\storage.py           754     95    238     29    86%   428, 477, 480, 498, 507-516, 520, 535-536, 546, 560, 600->589, 646, 696-698, 706, 708, 717, 749-751, 757, 794-796, 808, 857-859, 886, 908, 986, 988, 990, 993, 1000, 1010-1012, 1036, 1046, 1069, 1089, 1105-1107, 1130-1145, 1155, 1176-1184, 1187-1195, 1199-1207, 1213, 1223, 1230-1248, 1258-1260
meco_news\telegram.py          215     54     74     13    71%   53-57, 100-110, 113-114, 116, 118-127, 133, 137-148, 152, 165, 187, 238-239, 248, 269-270, 281, 293-294, 312, 318-319
meco_news\timezones.py          12      0      4      0   100%
meco_news\urls.py              115     21     38     11    78%   45, 50, 52-55, 66, 73-74, 106, 108, 124-125, 127, 148, 172-173, 175, 177, 190, 193
------------------------------------------------------------------------
TOTAL                         4116    755   1292    199    79%
Coverage failure: total of 79 is less than fail-under=90
