{"meta": {"format": 3, "version": "7.6.10", "timestamp": "2026-09-06T16:25:39.923200", "branch_coverage": true, "show_contexts": false}, "files": {"meco_news\\__init__.py": {"executed_lines": [1, 3], "summary": {"covered_lines": 1, "num_statements": 1, "percent_covered": 100.0, "percent_covered_display": "100", "missing_lines": 0, "excluded_lines": 0, "num_branches": 0, "num_partial_branches": 0, "covered_branches": 0, "missing_branches": 0}, "missing_lines": [], "excluded_lines": [], "executed_branches": [], "missing_branches": [], "functions": {"": {"executed_lines": [1, 3], "summary": {"covered_lines": 1, "num_statements": 1, "percent_covered": 100.0, "percent_covered_display": "100", "missing_lines": 0, "excluded_lines": 0, "num_branches": 0, "num_partial_branches": 0, "covered_branches": 0, "missing_branches": 0}, "missing_lines": [], "excluded_lines": [], "executed_branches": [], "missing_branches": []}}, "classes": {"": {"executed_lines": [1, 3], "summary": {"covered_lines": 1, "num_statements": 1, "percent_covered": 100.0, "percent_covered_display": "100", "missing_lines": 0, "excluded_lines": 0, "num_branches": 0, "num_partial_branches": 0, "covered_branches": 0, "missing_branches": 0}, "missing_lines": [], "excluded_lines": [], "executed_branches": [], "missing_branches": []}}}, "meco_news\\__main__.py": {"executed_lines": [], "summary": {"covered_lines": 0, "num_statements": 2, "percent_covered": 0.0, "percent_covered_display": "0", "missing_lines": 2, "excluded_lines": 0, "num_branches": 0, "num_partial_branches": 0, "covered_branches": 0, "missing_branches": 0}, "missing_lines": [1, 4], "excluded_lines": [], "executed_branches": [], "missing_branches": [], "functions": {"": {"executed_lines": [], "summary": {"covered_lines": 0, "num_statements": 2, "percent_covered": 0.0, "percent_covered_display": "0", "missing_lines": 2, "excluded_lines": 0, "num_branches": 0, "num_partial_branches": 0, "covered_branches": 0, "missing_branches": 0}, "missing_lines": [1, 4], "excluded_lines": [], "executed_branches": [], "missing_branches": []}}, "classes": {"": {"executed_lines": [], "summary": {"covered_lines": 0, "num_statements": 2, "percent_covered": 0.0, "percent_covered_display": "0", "missing_lines": 2, "excluded_lines": 0, "num_branches": 0, "num_partial_branches": 0, "covered_branches": 0, "missing_branches": 0}, "missing_lines": [1, 4], "excluded_lines": [], "executed_branches": [], "missing_branches": []}}}, "meco_news\\app.py": {"executed_lines": [1, 3, 5, 6, 7, 8, 9, 10, 11, 12, 13, 14, 15, 16, 17, 18, 19, 21, 23, 24, 25, 26, 27, 28, 29, 30, 31, 34, 36, 37, 38, 41, 42, 43, 46, 47, 48, 50, 51, 52, 53, 54, 55, 56, 57, 58, 59, 60, 61, 62, 63, 64, 65, 66, 67, 68, 69, 70, 71, 72, 73, 74, 75, 76, 78, 79, 80, 83, 84, 87, 96, 97, 98, 99, 100, 102, 105, 106, 110, 118, 119, 120, 124, 126, 132, 138, 146, 147, 148, 149, 150, 151, 152, 153, 154, 160, 161, 170, 177, 180, 181, 182, 183, 186, 187, 191, 192, 193, 196, 206, 207, 208, 210, 211, 213, 214, 221, 222, 224, 227, 231, 232, 233, 234, 235, 236, 237, 238, 239, 242, 244, 245, 250, 253, 258, 263, 279, 280, 283, 292, 301, 305, 306, 307, 314, 315, 316, 317, 318, 321, 339, 340, 341, 348, 357, 358, 359, 360, 361, 362, 366, 376, 377, 385, 394, 400, 406, 407, 423, 424, 425, 426, 427, 428, 430, 434, 435, 438, 439, 440, 447, 448, 556, 557, 558, 559, 560, 561, 562, 563, 571, 573, 574, 575, 578, 579, 580, 581, 582, 583, 584, 585, 588, 589, 590, 591, 592, 595, 596, 597, 598, 611, 612, 613, 615, 616, 618, 619, 620, 625, 626, 629, 639, 660, 731, 732, 733, 734, 735, 736, 737, 738, 739, 740, 741, 742, 743, 744, 745, 746, 747, 748, 749, 750, 751, 752, 753, 754, 755, 756, 757, 758, 759, 760, 763, 764, 765, 766, 767, 768, 769, 770, 772, 773, 774, 775, 776, 777, 778, 790, 791, 792, 793, 796, 797, 798, 799, 800, 801, 802, 803, 805, 806, 807, 808, 809, 810, 811, 812, 813, 814, 815, 816, 819, 820, 821, 822, 823, 824, 825, 826, 827, 828, 829, 830, 831, 835, 838, 839, 840, 841, 842, 843, 846, 847, 848, 849, 850, 851, 852, 853, 854, 856, 860, 861, 862, 863, 864, 865, 866, 867, 868, 869, 870, 871, 872, 873, 874, 875, 876, 877, 878, 880, 882, 885, 886, 888, 889, 890, 891, 892, 893, 894, 895, 896, 897, 898, 899, 900, 901, 902, 903, 904, 905, 909, 912, 913, 914, 915, 919, 920, 921, 922, 923, 924, 925, 926, 927, 930, 931, 939, 940, 941, 945, 947, 948, 949, 950, 972, 973, 975, 976, 977, 978, 982, 983, 985, 986, 987, 990], "summary": {"covered_lines": 397, "num_statements": 586, "percent_covered": 65.98984771573605, "percent_covered_display": "66", "missing_lines": 189, "excluded_lines": 0, "num_branches": 202, "num_partial_branches": 35, "covered_branches": 123, "missing_branches": 79}, "missing_lines": [88, 89, 90, 91, 92, 93, 125, 127, 128, 129, 130, 131, 133, 134, 135, 184, 185, 188, 189, 190, 225, 228, 229, 240, 241, 249, 254, 257, 259, 262, 264, 265, 266, 274, 277, 278, 281, 282, 284, 291, 322, 323, 329, 337, 363, 409, 410, 414, 422, 436, 437, 449, 450, 451, 452, 460, 466, 475, 476, 477, 478, 487, 494, 504, 505, 513, 519, 528, 529, 533, 541, 546, 555, 599, 600, 601, 602, 603, 604, 608, 621, 622, 623, 630, 631, 632, 633, 634, 636, 647, 648, 649, 650, 651, 652, 661, 662, 663, 665, 666, 667, 669, 670, 671, 672, 673, 674, 675, 681, 682, 683, 684, 686, 687, 689, 690, 691, 693, 694, 695, 696, 697, 698, 700, 702, 703, 704, 705, 706, 707, 708, 709, 710, 711, 712, 713, 714, 715, 716, 718, 719, 720, 721, 722, 723, 725, 726, 727, 728, 771, 804, 832, 833, 879, 881, 883, 906, 907, 908, 916, 917, 918, 928, 929, 942, 943, 944, 951, 954, 955, 956, 957, 958, 959, 960, 961, 962, 963, 964, 965, 966, 967, 968, 969, 970, 971, 974, 984, 991], "excluded_lines": [], "executed_branches": [[119, 120], [124, 126], [126, 132], [132, -110], [153, 154], [153, 160], [160, 161], [160, 170], [183, 186], [208, 210], [208, 227], [227, 231], [239, 242], [245, 250], [253, 258], [258, 263], [263, 279], [279, 280], [280, 283], [283, 292], [305, 306], [316, 317], [316, 358], [321, 339], [360, 361], [360, 362], [362, 366], [407, 423], [426, 427], [426, 438], [428, 430], [438, 423], [438, 439], [560, 561], [583, 584], [597, 598], [619, 620], [764, 765], [764, 766], [766, 767], [766, 768], [768, 769], [768, 770], [770, 772], [772, 773], [772, 774], [774, 775], [774, 776], [776, 777], [776, 778], [790, 791], [790, 792], [793, 796], [793, 797], [797, 798], [797, 799], [799, 800], [799, 801], [801, 802], [801, 803], [803, 805], [805, 806], [805, 807], [807, 808], [807, 809], [809, 810], [809, 811], [811, 812], [811, 813], [813, 814], [813, 815], [815, -763], [815, 816], [821, 822], [821, 826], [823, 824], [829, 830], [853, 854], [853, 856], [860, 861], [860, 862], [862, 863], [862, 864], [864, 865], [864, 866], [866, 867], [866, 868], [868, 869], [868, 870], [870, 871], [870, 872], [872, 873], [872, 874], [874, 875], [874, 876], [876, 877], [876, 878], [878, 880], [880, 882], [882, 885], [888, 889], [888, 891], [891, 892], [891, 895], [895, 896], [895, 899], [899, 900], [899, 903], [903, 904], [903, 913], [913, 914], [913, 921], [921, 922], [921, 945], [927, 930], [945, 947], [945, 950], [950, 972], [973, 975], [975, 976], [975, 978], [982, 983], [990, -1]], "missing_branches": [[88, 89], [88, 90], [119, 124], [124, 125], [126, 127], [132, 133], [134, -110], [134, 135], [183, 184], [227, 228], [239, 240], [245, 249], [253, 254], [258, 259], [263, 264], [265, 266], [265, 277], [277, 278], [277, 279], [279, 301], [280, 281], [283, 284], [305, 400], [321, 322], [362, 363], [407, 409], [428, 436], [451, 452], [451, 476], [476, 477], [476, 505], [560, 563], [583, 585], [597, 599], [601, 602], [601, 603], [619, 621], [621, 622], [621, 623], [631, 632], [631, 633], [649, -639], [649, 650], [661, 662], [661, 665], [672, 673], [672, 675], [683, 684], [683, 687], [689, 690], [689, 693], [694, 695], [694, 702], [702, 703], [702, 706], [709, 710], [709, 711], [715, 716], [715, 718], [718, 719], [718, 721], [770, 771], [803, 804], [823, 825], [829, 831], [878, 879], [880, 881], [882, 883], [927, 928], [950, 951], [951, 954], [951, 956], [958, 959], [958, 965], [960, 961], [960, 963], [973, 974], [982, 984], [990, 991]], "functions": {"_target_snapshot": {"executed_lines": [36, 37, 38], "summary": {"covered_lines": 3, "num_statements": 3, "percent_covered": 100.0, "percent_covered_display": "100", "missing_lines": 0, "excluded_lines": 0, "num_branches": 0, "num_partial_branches": 0, "covered_branches": 0, "missing_branches": 0}, "missing_lines": [], "excluded_lines": [], "executed_branches": [], "missing_branches": []}, "RunOptions.from_namespace": {"executed_lines": [80], "summary": {"covered_lines": 1, "num_statements": 1, "percent_covered": 100.0, "percent_covered_display": "100", "missing_lines": 0, "excluded_lines": 0, "num_branches": 0, "num_partial_branches": 0, "covered_branches": 0, "missing_branches": 0}, "missing_lines": [], "excluded_lines": [], "executed_branches": [], "missing_branches": []}, "_delivery_date": {"executed_lines": [84], "summary": {"covered_lines": 1, "num_statements": 1, "percent_covered": 100.0, "percent_covered_display": "100", "missing_lines": 0, "excluded_lines": 0, "num_branches": 0, "num_partial_branches": 0, "covered_branches": 0, "missing_branches": 0}, "missing_lines": [], "excluded_lines": [], "executed_branches": [], "missing_branches": []}, "_parse_iso": {"executed_lines": [], "summary": {"covered_lines": 0, "num_statements": 6, "percent_covered": 0.0, "percent_covered_display": "0", "missing_lines": 6, "excluded_lines": 0, "num_branches": 2, "num_partial_branches": 0, "covered_branches": 0, "missing_branches": 2}, "missing_lines": [88, 89, 90, 91, 92, 93], "excluded_lines": [], "executed_branches": [], "missing_branches": [[88, 89], [88, 90]]}, "_retry_delay": {"executed_lines": [97, 98, 99, 100, 102, 105, 106], "summary": {"covered_lines": 7, "num_statements": 7, "percent_covered": 100.0, "percent_covered_display": "100", "missing_lines": 0, "excluded_lines": 0, "num_branches": 0, "num_partial_branches": 0, "covered_branches": 0, "missing_branches": 0}, "missing_lines": [], "excluded_lines": [], "executed_branches": [], "missing_branches": []}, "_print_dry_run": {"executed_lines": [118, 119, 120, 124, 126, 132], "summary": {"covered_lines": 6, "num_statements": 15, "percent_covered": 40.0, "percent_covered_display": "40", "missing_lines": 9, "excluded_lines": 0, "num_branches": 10, "num_partial_branches": 4, "covered_branches": 4, "missing_branches": 6}, "missing_lines": [125, 127, 128, 129, 130, 131, 133, 134, 135], "excluded_lines": [], "executed_branches": [[119, 120], [124, 126], [126, 132], [132, -110]], "missing_branches": [[119, 124], [124, 125], [126, 127], [132, 133], [134, -110], [134, 135]]}, "_collect_rank_select": {"executed_lines": [146, 147, 148, 149, 150, 151, 152, 153, 154, 160, 161, 170, 177], "summary": {"covered_lines": 13, "num_statements": 13, "percent_covered": 100.0, "percent_covered_display": "100", "missing_lines": 0, "excluded_lines": 0, "num_branches": 4, "num_partial_branches": 0, "covered_branches": 4, "missing_branches": 0}, "missing_lines": [], "excluded_lines": [], "executed_branches": [[153, 154], [153, 160], [160, 161], [160, 170]], "missing_branches": []}, "_history_reader": {"executed_lines": [181, 182, 183, 186, 187, 191, 192, 193], "summary": {"covered_lines": 8, "num_statements": 13, "percent_covered": 60.0, "percent_covered_display": "60", "missing_lines": 5, "excluded_lines": 0, "num_branches": 2, "num_partial_branches": 1, "covered_branches": 1, "missing_branches": 1}, "missing_lines": [184, 185, 188, 189, 190], "excluded_lines": [], "executed_branches": [[183, 186]], "missing_branches": [[183, 184]]}, "run_once": {"executed_lines": [206, 207, 208, 210, 211, 213, 214, 221, 222, 224, 227, 231, 232, 233, 234, 235, 236, 237, 238, 239, 242, 244, 245, 250, 253, 258, 263, 279, 280, 283, 292, 301, 305, 306, 307, 314, 315, 316, 317, 318, 321, 339, 340, 341, 348, 357, 358, 359, 360, 361, 362, 366, 376, 377, 385, 394, 400, 406, 407, 423, 424, 425, 426, 427, 428, 430, 434, 435, 438, 439, 440, 447, 448, 556, 557, 558, 559, 560, 561, 562, 563, 571, 573, 574, 575], "summary": {"covered_lines": 85, "num_statements": 138, "percent_covered": 59.13978494623656, "percent_covered_display": "59", "missing_lines": 53, "excluded_lines": 0, "num_branches": 48, "num_partial_branches": 15, "covered_branches": 25, "missing_branches": 23}, "missing_lines": [225, 228, 229, 240, 241, 249, 254, 257, 259, 262, 264, 265, 266, 274, 277, 278, 281, 282, 284, 291, 322, 323, 329, 337, 363, 409, 410, 414, 422, 436, 437, 449, 450, 451, 452, 460, 466, 475, 476, 477, 478, 487, 494, 504, 505, 513, 519, 528, 529, 533, 541, 546, 555], "excluded_lines": [], "executed_branches": [[208, 210], [208, 227], [227, 231], [239, 242], [245, 250], [253, 258], [258, 263], [263, 279], [279, 280], [280, 283], [283, 292], [305, 306], [316, 317], [316, 358], [321, 339], [360, 361], [360, 362], [362, 366], [407, 423], [426, 427], [426, 438], [428, 430], [438, 423], [438, 439], [560, 561]], "missing_branches": [[227, 228], [239, 240], [245, 249], [253, 254], [258, 259], [263, 264], [265, 266], [265, 277], [277, 278], [277, 279], [279, 301], [280, 281], [283, 284], [305, 400], [321, 322], [362, 363], [407, 409], [428, 436], [451, 452], [451, 476], [476, 477], [476, 505], [560, 563]]}, "_next_delivery": {"executed_lines": [579, 580, 581, 582, 583, 584, 585], "summary": {"covered_lines": 7, "num_statements": 7, "percent_covered": 88.88888888888889, "percent_covered_display": "89", "missing_lines": 0, "excluded_lines": 0, "num_branches": 2, "num_partial_branches": 1, "covered_branches": 1, "missing_branches": 1}, "missing_lines": [], "excluded_lines": [], "executed_branches": [[583, 584]], "missing_branches": [[583, 585]]}, "_is_due": {"executed_lines": [589, 590, 591, 592], "summary": {"covered_lines": 4, "num_statements": 4, "percent_covered": 100.0, "percent_covered_display": "100", "missing_lines": 0, "excluded_lines": 0, "num_branches": 0, "num_partial_branches": 0, "covered_branches": 0, "missing_branches": 0}, "missing_lines": [], "excluded_lines": [], "executed_branches": [], "missing_branches": []}, "_has_recovery_work": {"executed_lines": [596, 597, 598], "summary": {"covered_lines": 3, "num_statements": 10, "percent_covered": 28.571428571428573, "percent_covered_display": "29", "missing_lines": 7, "excluded_lines": 0, "num_branches": 4, "num_partial_branches": 1, "covered_branches": 1, "missing_branches": 3}, "missing_lines": [599, 600, 601, 602, 603, 604, 608], "excluded_lines": [], "executed_branches": [[597, 598]], "missing_branches": [[597, 599], [601, 602], [601, 603]]}, "RunOutcome.__eq__": {"executed_lines": [619, 620], "summary": {"covered_lines": 2, "num_statements": 5, "percent_covered": 33.333333333333336, "percent_covered_display": "33", "missing_lines": 3, "excluded_lines": 0, "num_branches": 4, "num_partial_branches": 1, "covered_branches": 1, "missing_branches": 3}, "missing_lines": [621, 622, 623], "excluded_lines": [], "executed_branches": [[619, 620]], "missing_branches": [[619, 621], [621, 622], [621, 623]]}, "RunOutcome.__int__": {"executed_lines": [626], "summary": {"covered_lines": 1, "num_statements": 1, "percent_covered": 100.0, "percent_covered_display": "100", "missing_lines": 0, "excluded_lines": 0, "num_branches": 0, "num_partial_branches": 0, "covered_branches": 0, "missing_branches": 0}, "missing_lines": [], "excluded_lines": [], "executed_branches": [], "missing_branches": []}, "_next_durable_retry": {"executed_lines": [], "summary": {"covered_lines": 0, "num_statements": 6, "percent_covered": 0.0, "percent_covered_display": "0", "missing_lines": 6, "excluded_lines": 0, "num_branches": 2, "num_partial_branches": 0, "covered_branches": 0, "missing_branches": 2}, "missing_lines": [630, 631, 632, 633, 634, 636], "excluded_lines": [], "executed_branches": [], "missing_branches": [[631, 632], [631, 633]]}, "_scheduler_heartbeat": {"executed_lines": [], "summary": {"covered_lines": 0, "num_statements": 6, "percent_covered": 0.0, "percent_covered_display": "0", "missing_lines": 6, "excluded_lines": 0, "num_branches": 2, "num_partial_branches": 0, "covered_branches": 0, "missing_branches": 2}, "missing_lines": [647, 648, 649, 650, 651, 652], "excluded_lines": [], "executed_branches": [], "missing_branches": [[649, -639], [649, 650]]}, "run_daemon": {"executed_lines": [], "summary": {"covered_lines": 0, "num_statements": 54, "percent_covered": 0.0, "percent_covered_display": "0", "missing_lines": 54, "excluded_lines": 0, "num_branches": 18, "num_partial_branches": 0, "covered_branches": 0, "missing_branches": 18}, "missing_lines": [661, 662, 663, 665, 666, 667, 669, 670, 671, 672, 673, 674, 675, 681, 682, 683, 684, 686, 687, 689, 690, 691, 693, 694, 695, 696, 697, 698, 700, 702, 703, 704, 705, 706, 707, 708, 709, 710, 711, 712, 713, 714, 715, 716, 718, 719, 720, 721, 722, 723, 725, 726, 727, 728], "excluded_lines": [], "executed_branches": [], "missing_branches": [[661, 662], [661, 665], [672, 673], [672, 675], [683, 684], [683, 687], [689, 690], [689, 693], [694, 695], [694, 702], [702, 703], [702, 706], [709, 710], [709, 711], [715, 716], [715, 718], [718, 719], [718, 721]]}, "build_parser": {"executed_lines": [732, 733, 734, 735, 736, 737, 738, 739, 740, 741, 742, 743, 744, 745, 746, 747, 748, 749, 750, 751, 752, 753, 754, 755, 756, 757, 758, 759, 760], "summary": {"covered_lines": 29, "num_statements": 29, "percent_covered": 100.0, "percent_covered_display": "100", "missing_lines": 0, "excluded_lines": 0, "num_branches": 0, "num_partial_branches": 0, "covered_branches": 0, "missing_branches": 0}, "missing_lines": [], "excluded_lines": [], "executed_branches": [], "missing_branches": []}, "_validate_options": {"executed_lines": [764, 765, 766, 767, 768, 769, 770, 772, 773, 774, 775, 776, 777, 778, 790, 791, 792, 793, 796, 797, 798, 799, 800, 801, 802, 803, 805, 806, 807, 808, 809, 810, 811, 812, 813, 814, 815, 816], "summary": {"covered_lines": 38, "num_statements": 40, "percent_covered": 94.87179487179488, "percent_covered_display": "95", "missing_lines": 2, "excluded_lines": 0, "num_branches": 38, "num_partial_branches": 2, "covered_branches": 36, "missing_branches": 2}, "missing_lines": [771, 804], "excluded_lines": [], "executed_branches": [[764, 765], [764, 766], [766, 767], [766, 768], [768, 769], [768, 770], [770, 772], [772, 773], [772, 774], [774, 775], [774, 776], [776, 777], [776, 778], [790, 791], [790, 792], [793, 796], [793, 797], [797, 798], [797, 799], [799, 800], [799, 801], [801, 802], [801, 803], [803, 805], [805, 806], [805, 807], [807, 808], [807, 809], [809, 810], [809, 811], [811, 812], [811, 813], [813, 814], [813, 815], [815, -763], [815, 816]], "missing_branches": [[770, 771], [803, 804]]}, "_state_status": {"executed_lines": [820, 821, 822, 823, 824, 825, 826, 827, 828, 829, 830, 831, 835], "summary": {"covered_lines": 13, "num_statements": 15, "percent_covered": 80.95238095238095, "percent_covered_display": "81", "missing_lines": 2, "excluded_lines": 0, "num_branches": 6, "num_partial_branches": 2, "covered_branches": 4, "missing_branches": 2}, "missing_lines": [832, 833], "excluded_lines": [], "executed_branches": [[821, 822], [821, 826], [823, 824], [829, 830]], "missing_branches": [[823, 825], [829, 831]]}, "main": {"executed_lines": [839, 840, 841, 842, 843, 846, 847, 848, 849, 850, 851, 852, 853, 854, 856, 860, 861, 862, 863, 864, 865, 866, 867, 868, 869, 870, 871, 872, 873, 874, 875, 876, 877, 878, 880, 882, 885, 886, 888, 889, 890, 891, 892, 893, 894, 895, 896, 897, 898, 899, 900, 901, 902, 903, 904, 905, 909, 912, 913, 914, 915, 919, 920, 921, 922, 923, 924, 925, 926, 927, 930, 931, 939, 940, 941, 945, 947, 948, 949, 950, 972, 973, 975, 976, 977, 978, 982, 983, 985, 986, 987], "summary": {"covered_lines": 91, "num_statements": 126, "percent_covered": 73.91304347826087, "percent_covered_display": "74", "missing_lines": 35, "excluded_lines": 0, "num_branches": 58, "num_partial_branches": 7, "covered_branches": 45, "missing_branches": 13}, "missing_lines": [879, 881, 883, 906, 907, 908, 916, 917, 918, 928, 929, 942, 943, 944, 951, 954, 955, 956, 957, 958, 959, 960, 961, 962, 963, 964, 965, 966, 967, 968, 969, 970, 971, 974, 984], "excluded_lines": [], "executed_branches": [[853, 854], [853, 856], [860, 861], [860, 862], [862, 863], [862, 864], [864, 865], [864, 866], [866, 867], [866, 868], [868, 869], [868, 870], [870, 871], [870, 872], [872, 873], [872, 874], [874, 875], [874, 876], [876, 877], [876, 878], [878, 880], [880, 882], [882, 885], [888, 889], [888, 891], [891, 892], [891, 895], [895, 896], [895, 899], [899, 900], [899, 903], [903, 904], [903, 913], [913, 914], [913, 921], [921, 922], [921, 945], [927, 930], [945, 947], [945, 950], [950, 972], [973, 975], [975, 976], [975, 978], [982, 983]], "missing_branches": [[878, 879], [880, 881], [882, 883], [927, 928], [950, 951], [951, 954], [951, 956], [958, 959], [958, 965], [960, 961], [960, 963], [973, 974], [982, 984]]}, "": {"executed_lines": [1, 3, 5, 6, 7, 8, 9, 10, 11, 12, 13, 14, 15, 16, 17, 18, 19, 21, 23, 24, 25, 26, 27, 28, 29, 30, 31, 34, 41, 42, 43, 46, 47, 48, 50, 51, 52, 53, 54, 55, 56, 57, 58, 59, 60, 61, 62, 63, 64, 65, 66, 67, 68, 69, 70, 71, 72, 73, 74, 75, 76, 78, 79, 83, 87, 96, 110, 138, 180, 196, 578, 588, 595, 611, 612, 613, 615, 616, 618, 625, 629, 639, 660, 731, 763, 819, 838, 990], "summary": {"covered_lines": 85, "num_statements": 86, "percent_covered": 97.72727272727273, "percent_covered_display": "98", "missing_lines": 1, "excluded_lines": 0, "num_branches": 2, "num_partial_branches": 1, "covered_branches": 1, "missing_branches": 1}, "missing_lines": [991], "excluded_lines": [], "executed_branches": [[990, -1]], "missing_branches": [[990, 991]]}}, "classes": {"RunOptions": {"executed_lines": [80], "summary": {"covered_lines": 1, "num_statements": 1, "percent_covered": 100.0, "percent_covered_display": "100", "missing_lines": 0, "excluded_lines": 0, "num_branches": 0, "num_partial_branches": 0, "covered_branches": 0, "missing_branches": 0}, "missing_lines": [], "excluded_lines": [], "executed_branches": [], "missing_branches": []}, "RunOutcome": {"executed_lines": [619, 620, 626], "summary": {"covered_lines": 3, "num_statements": 6, "percent_covered": 40.0, "percent_covered_display": "40", "missing_lines": 3, "excluded_lines": 0, "num_branches": 4, "num_partial_branches": 1, "covered_branches": 1, "missing_branches": 3}, "missing_lines": [621, 622, 623], "excluded_lines": [], "executed_branches": [[619, 620]], "missing_branches": [[619, 621], [621, 622], [621, 623]]}, "": {"executed_lines": [1, 3, 5, 6, 7, 8, 9, 10, 11, 12, 13, 14, 15, 16, 17, 18, 19, 21, 23, 24, 25, 26, 27, 28, 29, 30, 31, 34, 36, 37, 38, 41, 42, 43, 46, 47, 48, 50, 51, 52, 53, 54, 55, 56, 57, 58, 59, 60, 61, 62, 63, 64, 65, 66, 67, 68, 69, 70, 71, 72, 73, 74, 75, 76, 78, 79, 83, 84, 87, 96, 97, 98, 99, 100, 102, 105, 106, 110, 118, 119, 120, 124, 126, 132, 138, 146, 147, 148, 149, 150, 151, 152, 153, 154, 160, 161, 170, 177, 180, 181, 182, 183, 186, 187, 191, 192, 193, 196, 206, 207, 208, 210, 211, 213, 214, 221, 222, 224, 227, 231, 232, 233, 234, 235, 236, 237, 238, 239, 242, 244, 245, 250, 253, 258, 263, 279, 280, 283, 292, 301, 305, 306, 307, 314, 315, 316, 317, 318, 321, 339, 340, 341, 348, 357, 358, 359, 360, 361, 362, 366, 376, 377, 385, 394, 400, 406, 407, 423, 424, 425, 426, 427, 428, 430, 434, 435, 438, 439, 440, 447, 448, 556, 557, 558, 559, 560, 561, 562, 563, 571, 573, 574, 575, 578, 579, 580, 581, 582, 583, 584, 585, 588, 589, 590, 591, 592, 595, 596, 597, 598, 611, 612, 613, 615, 616, 618, 625, 629, 639, 660, 731, 732, 733, 734, 735, 736, 737, 738, 739, 740, 741, 742, 743, 744, 745, 746, 747, 748, 749, 750, 751, 752, 753, 754, 755, 756, 757, 758, 759, 760, 763, 764, 765, 766, 767, 768, 769, 770, 772, 773, 774, 775, 776, 777, 778, 790, 791, 792, 793, 796, 797, 798, 799, 800, 801, 802, 803, 805, 806, 807, 808, 809, 810, 811, 812, 813, 814, 815, 816, 819, 820, 821, 822, 823, 824, 825, 826, 827, 828, 829, 830, 831, 835, 838, 839, 840, 841, 842, 843, 846, 847, 848, 849, 850, 851, 852, 853, 854, 856, 860, 861, 862, 863, 864, 865, 866, 867, 868, 869, 870, 871, 872, 873, 874, 875, 876, 877, 878, 880, 882, 885, 886, 888, 889, 890, 891, 892, 893, 894, 895, 896, 897, 898, 899, 900, 901, 902, 903, 904, 905, 909, 912, 913, 914, 915, 919, 920, 921, 922, 923, 924, 925, 926, 927, 930, 931, 939, 940, 941, 945, 947, 948, 949, 950, 972, 973, 975, 976, 977, 978, 982, 983, 985, 986, 987, 990], "summary": {"covered_lines": 393, "num_statements": 579, "percent_covered": 66.28056628056628, "percent_covered_display": "66", "missing_lines": 186, "excluded_lines": 0, "num_branches": 198, "num_partial_branches": 34, "covered_branches": 122, "missing_branches": 76}, "missing_lines": [88, 89, 90, 91, 92, 93, 125, 127, 128, 129, 130, 131, 133, 134, 135, 184, 185, 188, 189, 190, 225, 228, 229, 240, 241, 249, 254, 257, 259, 262, 264, 265, 266, 274, 277, 278, 281, 282, 284, 291, 322, 323, 329, 337, 363, 409, 410, 414, 422, 436, 437, 449, 450, 451, 452, 460, 466, 475, 476, 477, 478, 487, 494, 504, 505, 513, 519, 528, 529, 533, 541, 546, 555, 599, 600, 601, 602, 603, 604, 608, 630, 631, 632, 633, 634, 636, 647, 648, 649, 650, 651, 652, 661, 662, 663, 665, 666, 667, 669, 670, 671, 672, 673, 674, 675, 681, 682, 683, 684, 686, 687, 689, 690, 691, 693, 694, 695, 696, 697, 698, 700, 702, 703, 704, 705, 706, 707, 708, 709, 710, 711, 712, 713, 714, 715, 716, 718, 719, 720, 721, 722, 723, 725, 726, 727, 728, 771, 804, 832, 833, 879, 881, 883, 906, 907, 908, 916, 917, 918, 928, 929, 942, 943, 944, 951, 954, 955, 956, 957, 958, 959, 960, 961, 962, 963, 964, 965, 966, 967, 968, 969, 970, 971, 974, 984, 991], "excluded_lines": [], "executed_branches": [[119, 120], [124, 126], [126, 132], [132, -110], [153, 154], [153, 160], [160, 161], [160, 170], [183, 186], [208, 210], [208, 227], [227, 231], [239, 242], [245, 250], [253, 258], [258, 263], [263, 279], [279, 280], [280, 283], [283, 292], [305, 306], [316, 317], [316, 358], [321, 339], [360, 361], [360, 362], [362, 366], [407, 423], [426, 427], [426, 438], [428, 430], [438, 423], [438, 439], [560, 561], [583, 584], [597, 598], [764, 765], [764, 766], [766, 767], [766, 768], [768, 769], [768, 770], [770, 772], [772, 773], [772, 774], [774, 775], [774, 776], [776, 777], [776, 778], [790, 791], [790, 792], [793, 796], [793, 797], [797, 798], [797, 799], [799, 800], [799, 801], [801, 802], [801, 803], [803, 805], [805, 806], [805, 807], [807, 808], [807, 809], [809, 810], [809, 811], [811, 812], [811, 813], [813, 814], [813, 815], [815, -763], [815, 816], [821, 822], [821, 826], [823, 824], [829, 830], [853, 854], [853, 856], [860, 861], [860, 862], [862, 863], [862, 864], [864, 865], [864, 866], [866, 867], [866, 868], [868, 869], [868, 870], [870, 871], [870, 872], [872, 873], [872, 874], [874, 875], [874, 876], [876, 877], [876, 878], [878, 880], [880, 882], [882, 885], [888, 889], [888, 891], [891, 892], [891, 895], [895, 896], [895, 899], [899, 900], [899, 903], [903, 904], [903, 913], [913, 914], [913, 921], [921, 922], [921, 945], [927, 930], [945, 947], [945, 950], [950, 972], [973, 975], [975, 976], [975, 978], [982, 983], [990, -1]], "missing_branches": [[88, 89], [88, 90], [119, 124], [124, 125], [126, 127], [132, 133], [134, -110], [134, 135], [183, 184], [227, 228], [239, 240], [245, 249], [253, 254], [258, 259], [263, 264], [265, 266], [265, 277], [277, 278], [277, 279], [279, 301], [280, 281], [283, 284], [305, 400], [321, 322], [362, 363], [407, 409], [428, 436], [451, 452], [451, 476], [476, 477], [476, 505], [560, 563], [583, 585], [597, 599], [601, 602], [601, 603], [631, 632], [631, 633], [649, -639], [649, 650], [661, 662], [661, 665], [672, 673], [672, 675], [683, 684], [683, 687], [689, 690], [689, 693], [694, 695], [694, 702], [702, 703], [702, 706], [709, 710], [709, 711], [715, 716], [715, 718], [718, 719], [718, 721], [770, 771], [803, 804], [823, 825], [829, 831], [878, 879], [880, 881], [882, 883], [927, 928], [950, 951], [951, 954], [951, 956], [958, 959], [958, 965], [960, 961], [960, 963], [973, 974], [982, 984], [990, 991]]}}}, "meco_news\\backup.py": {"executed_lines": [1, 3, 5, 6, 7, 8, 9, 10, 11, 12, 14, 15, 18, 19, 20, 21, 22, 25, 26, 27, 28, 29, 30, 33, 39, 40, 41, 45, 46, 47, 48, 49, 50, 51, 52, 53, 54, 55, 64, 65, 66, 69, 75, 76, 77, 78, 80, 81, 83, 85, 86, 88, 90, 92, 96, 97, 98, 99, 100, 101, 102, 105, 106, 107, 108, 109, 110, 111, 112, 113, 114, 115, 116, 118, 119, 120, 122, 123, 124, 125, 127, 129], "summary": {"covered_lines": 81, "num_statements": 94, "percent_covered": 81.25, "percent_covered_display": "81", "missing_lines": 13, "excluded_lines": 0, "num_branches": 34, "num_partial_branches": 11, "covered_branches": 23, "missing_branches": 11}, "missing_lines": [42, 43, 79, 82, 84, 87, 89, 91, 103, 104, 117, 121, 128], "excluded_lines": [], "executed_branches": [[28, 29], [28, 30], [41, 45], [78, 80], [81, 83], [83, 85], [86, 88], [88, 90], [90, 92], [92, 96], [92, 107], [97, 98], [97, 107], [99, 100], [99, 101], [105, 106], [116, 118], [118, 119], [118, 123], [120, 122], [124, 125], [124, 127], [127, 129]], "missing_branches": [[41, 42], [78, 79], [81, 82], [83, 84], [86, 87], [88, 89], [90, 91], [105, 97], [116, 117], [120, 121], [127, 128]], "functions": {"_sha256": {"executed_lines": [26, 27, 28, 29, 30], "summary": {"covered_lines": 5, "num_statements": 5, "percent_covered": 100.0, "percent_covered_display": "100", "missing_lines": 0, "excluded_lines": 0, "num_branches": 2, "num_partial_branches": 0, "covered_branches": 2, "missing_branches": 0}, "missing_lines": [], "excluded_lines": [], "executed_branches": [[28, 29], [28, 30]], "missing_branches": []}, "create_backup": {"executed_lines": [39, 40, 41, 45, 46, 47, 48, 49, 50, 51, 52, 53, 54, 55, 64, 65, 66], "summary": {"covered_lines": 17, "num_statements": 19, "percent_covered": 85.71428571428571, "percent_covered_display": "86", "missing_lines": 2, "excluded_lines": 0, "num_branches": 2, "num_partial_branches": 1, "covered_branches": 1, "missing_branches": 1}, "missing_lines": [42, 43], "excluded_lines": [], "executed_branches": [[41, 45]], "missing_branches": [[41, 42]]}, "restore_backup": {"executed_lines": [75, 76, 77, 78, 80, 81, 83, 85, 86, 88, 90, 92, 96, 97, 98, 99, 100, 101, 102, 105, 106, 107, 108, 109, 110, 111, 112, 113, 114, 115, 116, 118, 119, 120, 122, 123, 124, 125, 127, 129], "summary": {"covered_lines": 40, "num_statements": 51, "percent_covered": 74.07407407407408, "percent_covered_display": "74", "missing_lines": 11, "excluded_lines": 0, "num_branches": 30, "num_partial_branches": 10, "covered_branches": 20, "missing_branches": 10}, "missing_lines": [79, 82, 84, 87, 89, 91, 103, 104, 117, 121, 128], "excluded_lines": [], "executed_branches": [[78, 80], [81, 83], [83, 85], [86, 88], [88, 90], [90, 92], [92, 96], [92, 107], [97, 98], [97, 107], [99, 100], [99, 101], [105, 106], [116, 118], [118, 119], [118, 123], [120, 122], [124, 125], [124, 127], [127, 129]], "missing_branches": [[78, 79], [81, 82], [83, 84], [86, 87], [88, 89], [90, 91], [105, 97], [116, 117], [120, 121], [127, 128]]}, "": {"executed_lines": [1, 3, 5, 6, 7, 8, 9, 10, 11, 12, 14, 15, 18, 19, 20, 21, 22, 25, 33, 69], "summary": {"covered_lines": 19, "num_statements": 19, "percent_covered": 100.0, "percent_covered_display": "100", "missing_lines": 0, "excluded_lines": 0, "num_branches": 0, "num_partial_branches": 0, "covered_branches": 0, "missing_branches": 0}, "missing_lines": [], "excluded_lines": [], "executed_branches": [], "missing_branches": []}}, "classes": {"BackupArtifact": {"executed_lines": [], "summary": {"covered_lines": 0, "num_statements": 0, "percent_covered": 100.0, "percent_covered_display": "100", "missing_lines": 0, "excluded_lines": 0, "num_branches": 0, "num_partial_branches": 0, "covered_branches": 0, "missing_branches": 0}, "missing_lines": [], "excluded_lines": [], "executed_branches": [], "missing_branches": []}, "": {"executed_lines": [1, 3, 5, 6, 7, 8, 9, 10, 11, 12, 14, 15, 18, 19, 20, 21, 22, 25, 26, 27, 28, 29, 30, 33, 39, 40, 41, 45, 46, 47, 48, 49, 50, 51, 52, 53, 54, 55, 64, 65, 66, 69, 75, 76, 77, 78, 80, 81, 83, 85, 86, 88, 90, 92, 96, 97, 98, 99, 100, 101, 102, 105, 106, 107, 108, 109, 110, 111, 112, 113, 114, 115, 116, 118, 119, 120, 122, 123, 124, 125, 127, 129], "summary": {"covered_lines": 81, "num_statements": 94, "percent_covered": 81.25, "percent_covered_display": "81", "missing_lines": 13, "excluded_lines": 0, "num_branches": 34, "num_partial_branches": 11, "covered_branches": 23, "missing_branches": 11}, "missing_lines": [42, 43, 79, 82, 84, 87, 89, 91, 103, 104, 117, 121, 128], "excluded_lines": [], "executed_branches": [[28, 29], [28, 30], [41, 45], [78, 80], [81, 83], [83, 85], [86, 88], [88, 90], [90, 92], [92, 96], [92, 107], [97, 98], [97, 107], [99, 100], [99, 101], [105, 106], [116, 118], [118, 119], [118, 123], [120, 122], [124, 125], [124, 127], [127, 129]], "missing_branches": [[41, 42], [78, 79], [81, 82], [83, 84], [86, 87], [88, 89], [90, 91], [105, 97], [116, 117], [120, 121], [127, 128]]}}}, "meco_news\\collectors.py": {"executed_lines": [1, 3, 5, 6, 7, 8, 9, 10, 11, 12, 13, 14, 15, 16, 17, 19, 20, 21, 22, 23, 26, 27, 28, 31, 32, 34, 35, 36, 39, 40, 41, 42, 48, 49, 51, 52, 63, 64, 65, 66, 67, 68, 69, 70, 71, 72, 73, 74, 75, 77, 78, 79, 82, 83, 84, 85, 86, 87, 89, 90, 91, 97, 98, 99, 101, 102, 103, 105, 106, 107, 109, 115, 116, 117, 121, 127, 128, 131, 133, 134, 135, 137, 139, 140, 143, 144, 145, 147, 149, 150, 151, 152, 154, 156, 157, 158, 161, 165, 166, 167, 168, 169, 172, 173, 174, 175, 176, 177, 178, 179, 180, 181, 182, 184, 187, 188, 189, 190, 191, 192, 194, 197, 198, 199, 203, 204, 205, 206, 207, 208, 209, 210, 211, 212, 213, 215, 216, 217, 218, 219, 220, 221, 222, 225, 226, 227, 228, 229, 231, 233, 236, 245, 248, 249, 250, 251, 253, 254, 255, 256, 257, 258, 259, 260, 261, 262, 263, 264, 265, 266, 267, 268, 269, 270, 271, 272, 273, 274, 276, 277, 278, 280, 281, 282, 283, 285, 287, 288, 289, 290, 292, 293, 294, 295, 296, 297, 298, 299, 301, 302, 306, 307, 309, 310, 311, 320, 334, 335, 336, 337, 338, 339, 342, 353, 354, 356, 357, 358, 359, 360, 361, 362, 364, 365, 372, 383, 384, 386, 387, 395, 396, 397, 401, 402, 410, 413, 421, 430, 438, 445, 446, 447, 448, 449, 450, 451, 452, 460, 463, 464, 484, 486, 487, 490, 497, 498, 499, 500, 501, 509, 510, 511, 512, 513, 514, 515, 517, 518, 520, 521, 522, 523, 526, 527, 528, 531, 532, 536, 537, 550, 561, 563, 564, 567, 578, 601, 612, 625, 638], "summary": {"covered_lines": 287, "num_statements": 488, "percent_covered": 54.72560975609756, "percent_covered_display": "55", "missing_lines": 201, "excluded_lines": 0, "num_branches": 168, "num_partial_branches": 26, "covered_branches": 72, "missing_branches": 96}, "missing_lines": [111, 112, 118, 122, 123, 124, 136, 148, 155, 162, 183, 193, 214, 230, 232, 246, 275, 279, 284, 286, 291, 303, 304, 308, 316, 319, 355, 363, 366, 369, 385, 398, 414, 415, 416, 417, 418, 422, 431, 432, 433, 434, 435, 465, 473, 485, 516, 519, 524, 525, 529, 530, 533, 534, 535, 562, 568, 569, 570, 571, 572, 573, 574, 575, 585, 586, 587, 588, 589, 590, 591, 592, 593, 594, 595, 596, 598, 602, 613, 614, 615, 628, 629, 630, 631, 632, 633, 634, 635, 641, 642, 643, 644, 645, 646, 647, 648, 650, 651, 652, 653, 658, 664, 666, 667, 668, 669, 674, 675, 676, 678, 679, 685, 686, 687, 688, 689, 690, 691, 692, 694, 695, 696, 697, 698, 699, 700, 701, 703, 704, 705, 707, 708, 709, 710, 711, 712, 715, 716, 717, 718, 719, 720, 721, 722, 723, 724, 729, 730, 731, 732, 733, 734, 736, 737, 738, 739, 740, 742, 743, 744, 745, 746, 747, 748, 749, 750, 751, 752, 753, 754, 755, 756, 757, 758, 759, 760, 761, 762, 763, 764, 765, 766, 767, 774, 776, 777, 779, 780, 781, 782, 783, 784, 785, 786, 787, 788, 789, 791, 796, 797], "excluded_lines": [], "executed_branches": [[48, 49], [48, 51], [116, 117], [133, 134], [133, 140], [135, 137], [137, 133], [137, 139], [144, 145], [144, 147], [147, 149], [154, 156], [156, 157], [156, 158], [166, 167], [166, 169], [167, 166], [167, 168], [173, 174], [173, 175], [182, 184], [192, 194], [205, 206], [206, 207], [206, 208], [210, 211], [213, 215], [217, 218], [217, 222], [218, 217], [218, 219], [226, 227], [226, 233], [227, 228], [227, 229], [229, 231], [231, 226], [245, 248], [254, 255], [254, 256], [256, 257], [256, 265], [259, 256], [259, 260], [271, 272], [271, 336], [273, 271], [273, 274], [274, 276], [278, 280], [280, 281], [280, 288], [283, 285], [285, 287], [288, 289], [288, 335], [290, 292], [292, 293], [292, 297], [298, 299], [298, 301], [307, 309], [354, 356], [384, 386], [397, 401], [463, 464], [515, 517], [518, 520], [522, 523], [522, 550], [523, 526], [528, 531]], "missing_branches": [[116, 118], [122, 123], [122, 124], [135, 136], [147, 148], [154, 155], [182, 183], [192, 193], [205, 213], [210, 205], [213, 214], [229, 230], [231, 232], [245, 246], [274, 275], [278, 279], [283, 284], [285, 286], [290, 291], [307, 308], [354, 355], [384, 385], [397, 398], [431, 432], [431, 433], [433, 434], [433, 435], [463, 465], [515, 516], [518, 519], [523, 524], [528, 529], [568, 569], [568, 570], [587, 588], [587, 589], [628, 629], [628, 630], [631, 632], [631, 634], [634, -625], [634, 635], [646, 647], [646, 650], [651, 652], [651, 666], [652, 653], [652, 666], [667, 668], [667, 675], [668, 669], [668, 675], [675, 676], [675, 678], [678, 679], [678, 685], [696, 697], [696, 704], [704, -694], [704, 705], [708, 709], [708, 779], [710, 711], [710, 715], [716, 717], [716, 742], [718, 716], [718, 719], [720, 721], [720, 722], [743, 744], [743, 776], [745, 746], [745, 751], [751, 752], [751, 753], [756, 757], [756, 758], [760, 761], [760, 762], [762, 763], [762, 764], [764, 765], [764, 766], [766, 767], [766, 774], [776, 708], [776, 777], [779, 780], [779, 788], [780, 781], [780, 786], [786, 787], [786, 791], [788, 789], [788, 791]], "functions": {"SourceDataError.__init__": {"executed_lines": [35, 36], "summary": {"covered_lines": 2, "num_statements": 2, "percent_covered": 100.0, "percent_covered_display": "100", "missing_lines": 0, "excluded_lines": 0, "num_branches": 0, "num_partial_branches": 0, "covered_branches": 0, "missing_branches": 0}, "missing_lines": [], "excluded_lines": [], "executed_branches": [], "missing_branches": []}, "_failed_source_result": {"executed_lines": [40, 41, 42, 48, 49, 51, 52], "summary": {"covered_lines": 7, "num_statements": 7, "percent_covered": 100.0, "percent_covered_display": "100", "missing_lines": 0, "excluded_lines": 0, "num_branches": 2, "num_partial_branches": 0, "covered_branches": 2, "missing_branches": 0}, "missing_lines": [], "excluded_lines": [], "executed_branches": [[48, 49], [48, 51]], "missing_branches": []}, "SourceResult.succeeded": {"executed_lines": [79], "summary": {"covered_lines": 1, "num_statements": 1, "percent_covered": 100.0, "percent_covered_display": "100", "missing_lines": 0, "excluded_lines": 0, "num_branches": 0, "num_partial_branches": 0, "covered_branches": 0, "missing_branches": 0}, "missing_lines": [], "excluded_lines": [], "executed_branches": [], "missing_branches": []}, "CollectionResult.issues": {"executed_lines": [91], "summary": {"covered_lines": 1, "num_statements": 1, "percent_covered": 100.0, "percent_covered_display": "100", "missing_lines": 0, "excluded_lines": 0, "num_branches": 0, "num_partial_branches": 0, "covered_branches": 0, "missing_branches": 0}, "missing_lines": [], "excluded_lines": [], "executed_branches": [], "missing_branches": []}, "CollectionResult.successful_sources": {"executed_lines": [99], "summary": {"covered_lines": 1, "num_statements": 1, "percent_covered": 100.0, "percent_covered_display": "100", "missing_lines": 0, "excluded_lines": 0, "num_branches": 0, "num_partial_branches": 0, "covered_branches": 0, "missing_branches": 0}, "missing_lines": [], "excluded_lines": [], "executed_branches": [], "missing_branches": []}, "CollectionResult.failed_sources": {"executed_lines": [103], "summary": {"covered_lines": 1, "num_statements": 1, "percent_covered": 100.0, "percent_covered_display": "100", "missing_lines": 0, "excluded_lines": 0, "num_branches": 0, "num_partial_branches": 0, "covered_branches": 0, "missing_branches": 0}, "missing_lines": [], "excluded_lines": [], "executed_branches": [], "missing_branches": []}, "CollectionResult.all_sources_failed": {"executed_lines": [107], "summary": {"covered_lines": 1, "num_statements": 1, "percent_covered": 100.0, "percent_covered_display": "100", "missing_lines": 0, "excluded_lines": 0, "num_branches": 0, "num_partial_branches": 0, "covered_branches": 0, "missing_branches": 0}, "missing_lines": [], "excluded_lines": [], "executed_branches": [], "missing_branches": []}, "CollectionResult.__iter__": {"executed_lines": [], "summary": {"covered_lines": 0, "num_statements": 2, "percent_covered": 0.0, "percent_covered_display": "0", "missing_lines": 2, "excluded_lines": 0, "num_branches": 0, "num_partial_branches": 0, "covered_branches": 0, "missing_branches": 0}, "missing_lines": [111, 112], "excluded_lines": [], "executed_branches": [], "missing_branches": []}, "_limits": {"executed_lines": [116, 117], "summary": {"covered_lines": 2, "num_statements": 3, "percent_covered": 60.0, "percent_covered_display": "60", "missing_lines": 1, "excluded_lines": 0, "num_branches": 2, "num_partial_branches": 1, "covered_branches": 1, "missing_branches": 1}, "missing_lines": [118], "excluded_lines": [], "executed_branches": [[116, 117]], "missing_branches": [[116, 118]]}, "_network_policy": {"executed_lines": [], "summary": {"covered_lines": 0, "num_statements": 3, "percent_covered": 0.0, "percent_covered_display": "0", "missing_lines": 3, "excluded_lines": 0, "num_branches": 2, "num_partial_branches": 0, "covered_branches": 0, "missing_branches": 2}, "missing_lines": [122, 123, 124], "excluded_lines": [], "executed_branches": [], "missing_branches": [[122, 123], [122, 124]]}, "_local_name": {"executed_lines": [128], "summary": {"covered_lines": 1, "num_statements": 1, "percent_covered": 100.0, "percent_covered_display": "100", "missing_lines": 0, "excluded_lines": 0, "num_branches": 0, "num_partial_branches": 0, "covered_branches": 0, "missing_branches": 0}, "missing_lines": [], "excluded_lines": [], "executed_branches": [], "missing_branches": []}, "_is_invalid_scalar": {"executed_lines": [133, 134, 135, 137, 139, 140], "summary": {"covered_lines": 6, "num_statements": 7, "percent_covered": 84.61538461538461, "percent_covered_display": "85", "missing_lines": 1, "excluded_lines": 0, "num_branches": 6, "num_partial_branches": 1, "covered_branches": 5, "missing_branches": 1}, "missing_lines": [136], "excluded_lines": [], "executed_branches": [[133, 134], [133, 140], [135, 137], [137, 133], [137, 139]], "missing_branches": [[135, 136]]}, "_bounded_text": {"executed_lines": [144, 145, 147, 149, 150, 151, 152, 154, 156, 157, 158], "summary": {"covered_lines": 11, "num_statements": 13, "percent_covered": 80.95238095238095, "percent_covered_display": "81", "missing_lines": 2, "excluded_lines": 0, "num_branches": 8, "num_partial_branches": 2, "covered_branches": 6, "missing_branches": 2}, "missing_lines": [148, 155], "excluded_lines": [], "executed_branches": [[144, 145], [144, 147], [147, 149], [154, 156], [156, 157], [156, 158]], "missing_branches": [[147, 148], [154, 155]]}, "_clean_html": {"executed_lines": [], "summary": {"covered_lines": 0, "num_statements": 1, "percent_covered": 0.0, "percent_covered_display": "0", "missing_lines": 1, "excluded_lines": 0, "num_branches": 0, "num_partial_branches": 0, "covered_branches": 0, "missing_branches": 0}, "missing_lines": [162], "excluded_lines": [], "executed_branches": [], "missing_branches": []}, "_text": {"executed_lines": [166, 167, 168, 169], "summary": {"covered_lines": 4, "num_statements": 4, "percent_covered": 100.0, "percent_covered_display": "100", "missing_lines": 0, "excluded_lines": 0, "num_branches": 4, "num_partial_branches": 0, "covered_branches": 4, "missing_branches": 0}, "missing_lines": [], "excluded_lines": [], "executed_branches": [[166, 167], [166, 169], [167, 166], [167, 168]], "missing_branches": []}, "_parse_date": {"executed_lines": [173, 174, 175, 176, 177, 178, 179, 180, 181, 182, 184], "summary": {"covered_lines": 11, "num_statements": 12, "percent_covered": 87.5, "percent_covered_display": "88", "missing_lines": 1, "excluded_lines": 0, "num_branches": 4, "num_partial_branches": 1, "covered_branches": 3, "missing_branches": 1}, "missing_lines": [183], "excluded_lines": [], "executed_branches": [[173, 174], [173, 175], [182, 184]], "missing_branches": [[182, 183]]}, "_repair_xml": {"executed_lines": [188, 189, 190, 191, 192, 194], "summary": {"covered_lines": 6, "num_statements": 7, "percent_covered": 77.77777777777777, "percent_covered_display": "78", "missing_lines": 1, "excluded_lines": 0, "num_branches": 2, "num_partial_branches": 1, "covered_branches": 1, "missing_branches": 1}, "missing_lines": [193], "excluded_lines": [], "executed_branches": [[192, 194]], "missing_branches": [[192, 193]]}, "_entry_values": {"executed_lines": [198, 199, 203, 204, 205, 206, 207, 208, 209, 210, 211, 212, 213, 215, 216, 217, 218, 219, 220, 221, 222], "summary": {"covered_lines": 21, "num_statements": 22, "percent_covered": 88.23529411764706, "percent_covered_display": "88", "missing_lines": 1, "excluded_lines": 0, "num_branches": 12, "num_partial_branches": 3, "covered_branches": 9, "missing_branches": 3}, "missing_lines": [214], "excluded_lines": [], "executed_branches": [[205, 206], [206, 207], [206, 208], [210, 211], [213, 215], [217, 218], [217, 222], [218, 217], [218, 219]], "missing_branches": [[205, 213], [210, 205], [213, 214]]}, "_entry_has_invalid_scalar": {"executed_lines": [226, 227, 228, 229, 231, 233], "summary": {"covered_lines": 6, "num_statements": 8, "percent_covered": 75.0, "percent_covered_display": "75", "missing_lines": 2, "excluded_lines": 0, "num_branches": 8, "num_partial_branches": 2, "covered_branches": 6, "missing_branches": 2}, "missing_lines": [230, 232], "excluded_lines": [], "executed_branches": [[226, 227], [226, 233], [227, 228], [227, 229], [229, 231], [231, 226]], "missing_branches": [[229, 230], [231, 232]]}, "_parse_xml_once": {"executed_lines": [245, 248, 249, 250, 251, 253, 254, 255, 256, 257, 258, 259, 260, 261, 262, 263, 264, 265, 266, 267, 268, 269, 270, 271, 272, 273, 274, 276, 277, 278, 280, 281, 282, 283, 285, 287, 288, 289, 290, 292, 293, 294, 295, 296, 297, 298, 299, 301, 302, 306, 307, 309, 310, 311, 320, 334, 335, 336, 337, 338, 339], "summary": {"covered_lines": 61, "num_statements": 72, "percent_covered": 82.6923076923077, "percent_covered_display": "83", "missing_lines": 11, "excluded_lines": 0, "num_branches": 32, "num_partial_branches": 7, "covered_branches": 25, "missing_branches": 7}, "missing_lines": [246, 275, 279, 284, 286, 291, 303, 304, 308, 316, 319], "excluded_lines": [], "executed_branches": [[245, 248], [254, 255], [254, 256], [256, 257], [256, 265], [259, 256], [259, 260], [271, 272], [271, 336], [273, 271], [273, 274], [274, 276], [278, 280], [280, 281], [280, 288], [283, 285], [285, 287], [288, 289], [288, 335], [290, 292], [292, 293], [292, 297], [298, 299], [298, 301], [307, 309]], "missing_branches": [[245, 246], [274, 275], [278, 279], [283, 284], [285, 286], [290, 291], [307, 308]]}, "parse_feed_result": {"executed_lines": [353, 354, 356, 357, 358, 359, 360, 361, 362, 364, 365], "summary": {"covered_lines": 11, "num_statements": 15, "percent_covered": 70.58823529411765, "percent_covered_display": "71", "missing_lines": 4, "excluded_lines": 0, "num_branches": 2, "num_partial_branches": 1, "covered_branches": 1, "missing_branches": 1}, "missing_lines": [355, 363, 366, 369], "excluded_lines": [], "executed_branches": [[354, 356]], "missing_branches": [[354, 355]]}, "parse_feed": {"executed_lines": [383, 384, 386, 387, 395, 396, 397, 401, 402, 410], "summary": {"covered_lines": 10, "num_statements": 12, "percent_covered": 75.0, "percent_covered_display": "75", "missing_lines": 2, "excluded_lines": 0, "num_branches": 4, "num_partial_branches": 2, "covered_branches": 2, "missing_branches": 2}, "missing_lines": [385, 398], "excluded_lines": [], "executed_branches": [[384, 386], [397, 401]], "missing_branches": [[384, 385], [397, 398]]}, "_google_news_url": {"executed_lines": [], "summary": {"covered_lines": 0, "num_statements": 5, "percent_covered": 0.0, "percent_covered_display": "0", "missing_lines": 5, "excluded_lines": 0, "num_branches": 0, "num_partial_branches": 0, "covered_branches": 0, "missing_branches": 0}, "missing_lines": [414, 415, 416, 417, 418], "excluded_lines": [], "executed_branches": [], "missing_branches": []}, "_fetch": {"executed_lines": [], "summary": {"covered_lines": 0, "num_statements": 1, "percent_covered": 0.0, "percent_covered_display": "0", "missing_lines": 1, "excluded_lines": 0, "num_branches": 0, "num_partial_branches": 0, "covered_branches": 0, "missing_branches": 0}, "missing_lines": [422], "excluded_lines": [], "executed_branches": [], "missing_branches": []}, "_feed_dict": {"executed_lines": [], "summary": {"covered_lines": 0, "num_statements": 5, "percent_covered": 0.0, "percent_covered_display": "0", "missing_lines": 5, "excluded_lines": 0, "num_branches": 4, "num_partial_branches": 0, "covered_branches": 0, "missing_branches": 4}, "missing_lines": [431, 432, 433, 434, 435], "excluded_lines": [], "executed_branches": [], "missing_branches": [[431, 432], [431, 433], [433, 434], [433, 435]]}, "_collect_rss": {"executed_lines": [445, 446, 447, 448, 449, 450, 451, 452, 460, 463, 464, 484, 486, 487], "summary": {"covered_lines": 14, "num_statements": 17, "percent_covered": 78.94736842105263, "percent_covered_display": "79", "missing_lines": 3, "excluded_lines": 0, "num_branches": 2, "num_partial_branches": 1, "covered_branches": 1, "missing_branches": 1}, "missing_lines": [465, 473, 485], "excluded_lines": [], "executed_branches": [[463, 464]], "missing_branches": [[463, 465]]}, "_collect_gdelt": {"executed_lines": [497, 498, 499, 500, 501, 509, 510, 511, 512, 513, 514, 515, 517, 518, 520, 521, 522, 523, 526, 527, 528, 531, 532, 536, 537, 550, 561, 563, 564], "summary": {"covered_lines": 29, "num_statements": 39, "percent_covered": 71.42857142857143, "percent_covered_display": "71", "missing_lines": 10, "excluded_lines": 0, "num_branches": 10, "num_partial_branches": 4, "covered_branches": 6, "missing_branches": 4}, "missing_lines": [516, 519, 524, 525, 529, 530, 533, 534, 535, 562], "excluded_lines": [], "executed_branches": [[515, 517], [518, 520], [522, 523], [522, 550], [523, 526], [528, 531]], "missing_branches": [[515, 516], [518, 519], [523, 524], [528, 529]]}, "_job_host": {"executed_lines": [], "summary": {"covered_lines": 0, "num_statements": 8, "percent_covered": 0.0, "percent_covered_display": "0", "missing_lines": 8, "excluded_lines": 0, "num_branches": 2, "num_partial_branches": 0, "covered_branches": 0, "missing_branches": 2}, "missing_lines": [568, 569, 570, 571, 572, 573, 574, 575], "excluded_lines": [], "executed_branches": [], "missing_branches": [[568, 569], [568, 570]]}, "_source_process_entry": {"executed_lines": [], "summary": {"covered_lines": 0, "num_statements": 13, "percent_covered": 0.0, "percent_covered_display": "0", "missing_lines": 13, "excluded_lines": 0, "num_branches": 2, "num_partial_branches": 0, "covered_branches": 0, "missing_branches": 2}, "missing_lines": [585, 586, 587, 588, 589, 590, 591, 592, 593, 594, 595, 596, 598], "excluded_lines": [], "executed_branches": [], "missing_branches": [[587, 588], [587, 589]]}, "_deadline_result": {"executed_lines": [], "summary": {"covered_lines": 0, "num_statements": 1, "percent_covered": 0.0, "percent_covered_display": "0", "missing_lines": 1, "excluded_lines": 0, "num_branches": 0, "num_partial_branches": 0, "covered_branches": 0, "missing_branches": 0}, "missing_lines": [602], "excluded_lines": [], "executed_branches": [], "missing_branches": []}, "_worker_failure": {"executed_lines": [], "summary": {"covered_lines": 0, "num_statements": 3, "percent_covered": 0.0, "percent_covered_display": "0", "missing_lines": 3, "excluded_lines": 0, "num_branches": 0, "num_partial_branches": 0, "covered_branches": 0, "missing_branches": 0}, "missing_lines": [613, 614, 615], "excluded_lines": [], "executed_branches": [], "missing_branches": []}, "_terminate_worker": {"executed_lines": [], "summary": {"covered_lines": 0, "num_statements": 8, "percent_covered": 0.0, "percent_covered_display": "0", "missing_lines": 8, "excluded_lines": 0, "num_branches": 6, "num_partial_branches": 0, "covered_branches": 0, "missing_branches": 6}, "missing_lines": [628, 629, 630, 631, 632, 633, 634, 635], "excluded_lines": [], "executed_branches": [], "missing_branches": [[628, 629], [628, 630], [631, 632], [631, 634], [634, -625], [634, 635]]}, "collect_all": {"executed_lines": [], "summary": {"covered_lines": 0, "num_statements": 102, "percent_covered": 0.0, "percent_covered_display": "0", "missing_lines": 102, "excluded_lines": 0, "num_branches": 50, "num_partial_branches": 0, "covered_branches": 0, "missing_branches": 50}, "missing_lines": [641, 642, 643, 644, 645, 646, 647, 648, 650, 651, 652, 653, 658, 664, 666, 667, 668, 669, 674, 675, 676, 678, 679, 685, 686, 687, 688, 689, 690, 691, 692, 694, 707, 708, 709, 710, 711, 712, 715, 716, 717, 718, 719, 720, 721, 722, 723, 724, 729, 730, 731, 732, 733, 734, 736, 737, 738, 739, 740, 742, 743, 744, 745, 746, 747, 748, 749, 750, 751, 752, 753, 754, 755, 756, 757, 758, 759, 760, 761, 762, 763, 764, 765, 766, 767, 774, 776, 777, 779, 780, 781, 782, 783, 784, 785, 786, 787, 788, 789, 791, 796, 797], "excluded_lines": [], "executed_branches": [], "missing_branches": [[646, 647], [646, 650], [651, 652], [651, 666], [652, 653], [652, 666], [667, 668], [667, 675], [668, 669], [668, 675], [675, 676], [675, 678], [678, 679], [678, 685], [708, 709], [708, 779], [710, 711], [710, 715], [716, 717], [716, 742], [718, 716], [718, 719], [720, 721], [720, 722], [743, 744], [743, 776], [745, 746], [745, 751], [751, 752], [751, 753], [756, 757], [756, 758], [760, 761], [760, 762], [762, 763], [762, 764], [764, 765], [764, 766], [766, 767], [766, 774], [776, 708], [776, 777], [779, 780], [779, 788], [780, 781], [780, 786], [786, 787], [786, 791], [788, 789], [788, 791]]}, "collect_all.cleanup_active": {"executed_lines": [], "summary": {"covered_lines": 0, "num_statements": 10, "percent_covered": 0.0, "percent_covered_display": "0", "missing_lines": 10, "excluded_lines": 0, "num_branches": 4, "num_partial_branches": 0, "covered_branches": 0, "missing_branches": 4}, "missing_lines": [695, 696, 697, 698, 699, 700, 701, 703, 704, 705], "excluded_lines": [], "executed_branches": [], "missing_branches": [[696, 697], [696, 704], [704, -694], [704, 705]]}, "": {"executed_lines": [1, 3, 5, 6, 7, 8, 9, 10, 11, 12, 13, 14, 15, 16, 17, 19, 20, 21, 22, 23, 26, 27, 28, 31, 32, 34, 39, 63, 64, 65, 66, 67, 68, 69, 70, 71, 72, 73, 74, 75, 77, 78, 82, 83, 84, 85, 86, 87, 89, 90, 97, 98, 101, 102, 105, 106, 109, 115, 121, 127, 131, 143, 161, 165, 172, 187, 197, 225, 236, 342, 372, 413, 421, 430, 438, 490, 567, 578, 601, 612, 625, 638], "summary": {"covered_lines": 80, "num_statements": 80, "percent_covered": 100.0, "percent_covered_display": "100", "missing_lines": 0, "excluded_lines": 0, "num_branches": 0, "num_partial_branches": 0, "covered_branches": 0, "missing_branches": 0}, "missing_lines": [], "excluded_lines": [], "executed_branches": [], "missing_branches": []}}, "classes": {"SourceDataError": {"executed_lines": [35, 36], "summary": {"covered_lines": 2, "num_statements": 2, "percent_covered": 100.0, "percent_covered_display": "100", "missing_lines": 0, "excluded_lines": 0, "num_branches": 0, "num_partial_branches": 0, "covered_branches": 0, "missing_branches": 0}, "missing_lines": [], "excluded_lines": [], "executed_branches": [], "missing_branches": []}, "SourceResult": {"executed_lines": [79], "summary": {"covered_lines": 1, "num_statements": 1, "percent_covered": 100.0, "percent_covered_display": "100", "missing_lines": 0, "excluded_lines": 0, "num_branches": 0, "num_partial_branches": 0, "covered_branches": 0, "missing_branches": 0}, "missing_lines": [], "excluded_lines": [], "executed_branches": [], "missing_branches": []}, "CollectionResult": {"executed_lines": [91, 99, 103, 107], "summary": {"covered_lines": 4, "num_statements": 6, "percent_covered": 66.66666666666667, "percent_covered_display": "67", "missing_lines": 2, "excluded_lines": 0, "num_branches": 0, "num_partial_branches": 0, "covered_branches": 0, "missing_branches": 0}, "missing_lines": [111, 112], "excluded_lines": [], "executed_branches": [], "missing_branches": []}, "": {"executed_lines": [1, 3, 5, 6, 7, 8, 9, 10, 11, 12, 13, 14, 15, 16, 17, 19, 20, 21, 22, 23, 26, 27, 28, 31, 32, 34, 39, 40, 41, 42, 48, 49, 51, 52, 63, 64, 65, 66, 67, 68, 69, 70, 71, 72, 73, 74, 75, 77, 78, 82, 83, 84, 85, 86, 87, 89, 90, 97, 98, 101, 102, 105, 106, 109, 115, 116, 117, 121, 127, 128, 131, 133, 134, 135, 137, 139, 140, 143, 144, 145, 147, 149, 150, 151, 152, 154, 156, 157, 158, 161, 165, 166, 167, 168, 169, 172, 173, 174, 175, 176, 177, 178, 179, 180, 181, 182, 184, 187, 188, 189, 190, 191, 192, 194, 197, 198, 199, 203, 204, 205, 206, 207, 208, 209, 210, 211, 212, 213, 215, 216, 217, 218, 219, 220, 221, 222, 225, 226, 227, 228, 229, 231, 233, 236, 245, 248, 249, 250, 251, 253, 254, 255, 256, 257, 258, 259, 260, 261, 262, 263, 264, 265, 266, 267, 268, 269, 270, 271, 272, 273, 274, 276, 277, 278, 280, 281, 282, 283, 285, 287, 288, 289, 290, 292, 293, 294, 295, 296, 297, 298, 299, 301, 302, 306, 307, 309, 310, 311, 320, 334, 335, 336, 337, 338, 339, 342, 353, 354, 356, 357, 358, 359, 360, 361, 362, 364, 365, 372, 383, 384, 386, 387, 395, 396, 397, 401, 402, 410, 413, 421, 430, 438, 445, 446, 447, 448, 449, 450, 451, 452, 460, 463, 464, 484, 486, 487, 490, 497, 498, 499, 500, 501, 509, 510, 511, 512, 513, 514, 515, 517, 518, 520, 521, 522, 523, 526, 527, 528, 531, 532, 536, 537, 550, 561, 563, 564, 567, 578, 601, 612, 625, 638], "summary": {"covered_lines": 280, "num_statements": 479, "percent_covered": 54.404945904173104, "percent_covered_display": "54", "missing_lines": 199, "excluded_lines": 0, "num_branches": 168, "num_partial_branches": 26, "covered_branches": 72, "missing_branches": 96}, "missing_lines": [118, 122, 123, 124, 136, 148, 155, 162, 183, 193, 214, 230, 232, 246, 275, 279, 284, 286, 291, 303, 304, 308, 316, 319, 355, 363, 366, 369, 385, 398, 414, 415, 416, 417, 418, 422, 431, 432, 433, 434, 435, 465, 473, 485, 516, 519, 524, 525, 529, 530, 533, 534, 535, 562, 568, 569, 570, 571, 572, 573, 574, 575, 585, 586, 587, 588, 589, 590, 591, 592, 593, 594, 595, 596, 598, 602, 613, 614, 615, 628, 629, 630, 631, 632, 633, 634, 635, 641, 642, 643, 644, 645, 646, 647, 648, 650, 651, 652, 653, 658, 664, 666, 667, 668, 669, 674, 675, 676, 678, 679, 685, 686, 687, 688, 689, 690, 691, 692, 694, 695, 696, 697, 698, 699, 700, 701, 703, 704, 705, 707, 708, 709, 710, 711, 712, 715, 716, 717, 718, 719, 720, 721, 722, 723, 724, 729, 730, 731, 732, 733, 734, 736, 737, 738, 739, 740, 742, 743, 744, 745, 746, 747, 748, 749, 750, 751, 752, 753, 754, 755, 756, 757, 758, 759, 760, 761, 762, 763, 764, 765, 766, 767, 774, 776, 777, 779, 780, 781, 782, 783, 784, 785, 786, 787, 788, 789, 791, 796, 797], "excluded_lines": [], "executed_branches": [[48, 49], [48, 51], [116, 117], [133, 134], [133, 140], [135, 137], [137, 133], [137, 139], [144, 145], [144, 147], [147, 149], [154, 156], [156, 157], [156, 158], [166, 167], [166, 169], [167, 166], [167, 168], [173, 174], [173, 175], [182, 184], [192, 194], [205, 206], [206, 207], [206, 208], [210, 211], [213, 215], [217, 218], [217, 222], [218, 217], [218, 219], [226, 227], [226, 233], [227, 228], [227, 229], [229, 231], [231, 226], [245, 248], [254, 255], [254, 256], [256, 257], [256, 265], [259, 256], [259, 260], [271, 272], [271, 336], [273, 271], [273, 274], [274, 276], [278, 280], [280, 281], [280, 288], [283, 285], [285, 287], [288, 289], [288, 335], [290, 292], [292, 293], [292, 297], [298, 299], [298, 301], [307, 309], [354, 356], [384, 386], [397, 401], [463, 464], [515, 517], [518, 520], [522, 523], [522, 550], [523, 526], [528, 531]], "missing_branches": [[116, 118], [122, 123], [122, 124], [135, 136], [147, 148], [154, 155], [182, 183], [192, 193], [205, 213], [210, 205], [213, 214], [229, 230], [231, 232], [245, 246], [274, 275], [278, 279], [283, 284], [285, 286], [290, 291], [307, 308], [354, 355], [384, 385], [397, 398], [431, 432], [431, 433], [433, 434], [433, 435], [463, 465], [515, 516], [518, 519], [523, 524], [528, 529], [568, 569], [568, 570], [587, 588], [587, 589], [628, 629], [628, 630], [631, 632], [631, 634], [634, -625], [634, 635], [646, 647], [646, 650], [651, 652], [651, 666], [652, 653], [652, 666], [667, 668], [667, 675], [668, 669], [668, 675], [675, 676], [675, 678], [678, 679], [678, 685], [696, 697], [696, 704], [704, -694], [704, 705], [708, 709], [708, 779], [710, 711], [710, 715], [716, 717], [716, 742], [718, 716], [718, 719], [720, 721], [720, 722], [743, 744], [743, 776], [745, 746], [745, 751], [751, 752], [751, 753], [756, 757], [756, 758], [760, 761], [760, 762], [762, 763], [762, 764], [764, 765], [764, 766], [766, 767], [766, 774], [776, 708], [776, 777], [779, 780], [779, 788], [780, 781], [780, 786], [786, 787], [786, 791], [788, 789], [788, 791]]}}}, "meco_news\\config.py": {"executed_lines": [1, 8, 10, 11, 12, 13, 14, 15, 16, 17, 18, 20, 21, 22, 25, 26, 29, 30, 31, 32, 33, 34, 35, 36, 37, 38, 39, 40, 41, 42, 43, 44, 45, 48, 49, 50, 51, 52, 55, 56, 57, 58, 59, 60, 61, 64, 65, 66, 67, 68, 71, 72, 73, 74, 75, 78, 79, 80, 81, 82, 83, 84, 85, 88, 117, 134, 135, 136, 137, 138, 139, 140, 141, 144, 145, 146, 147, 150, 151, 153, 155, 157, 160, 161, 163, 164, 165, 168, 169, 171, 174, 175, 176, 179, 180, 182, 184, 185, 186, 187, 190, 191, 192, 193, 194, 197, 198, 199, 200, 201, 202, 203, 204, 205, 206, 207, 208, 209, 210, 211, 212, 213, 214, 215, 216, 217, 218, 219, 220, 221, 222, 223, 224, 225, 226, 228, 229, 231, 234, 237, 238, 240, 241, 244, 245, 248, 249, 251, 254, 255, 256, 257, 259, 260, 261, 262, 265, 266, 267, 268, 269, 286, 303, 304, 305, 306, 309, 310, 312, 313, 314, 315, 317, 318, 319, 320, 321, 322, 332, 335, 336, 338, 340, 341, 342, 343, 344, 346, 347, 348, 349, 351, 352, 353, 354, 355, 356, 359, 360, 361, 364, 365, 367, 368, 369, 370, 371, 373, 374, 375, 376, 378, 379, 380, 381, 382, 385, 388, 389, 392, 394, 395, 396, 409, 410, 411, 412, 413, 416, 418, 420, 421, 422, 423, 424, 425, 426, 427, 428, 429, 430, 431, 432, 433, 435, 436, 437, 438, 439, 440, 441, 443, 445, 446, 448, 450, 451, 453, 457, 458, 459, 460, 461, 463, 464, 466, 467, 468, 469, 470, 471, 473, 474, 476, 477, 478, 479, 480, 481, 482, 485, 486, 488, 489, 495, 497, 498, 504, 505, 507, 508, 515, 518, 519, 543, 554, 555, 562, 568, 569, 574, 576], "summary": {"covered_lines": 300, "num_statements": 346, "percent_covered": 81.33640552995392, "percent_covered_display": "81", "missing_lines": 46, "excluded_lines": 0, "num_branches": 88, "num_partial_branches": 29, "covered_branches": 53, "missing_branches": 35}, "missing_lines": [152, 154, 156, 162, 170, 181, 183, 232, 235, 242, 246, 311, 316, 337, 339, 345, 350, 357, 358, 366, 372, 377, 397, 398, 399, 400, 401, 402, 403, 404, 405, 406, 414, 415, 417, 434, 442, 447, 449, 465, 475, 483, 487, 496, 506, 516], "excluded_lines": [], "executed_branches": [[146, -144], [146, 147], [151, 153], [153, 155], [155, 157], [161, 163], [163, 164], [163, 165], [169, 171], [180, 182], [182, 184], [185, 186], [185, 187], [192, 193], [192, 194], [255, 256], [255, 257], [303, 304], [303, 306], [310, 312], [314, 315], [314, 332], [315, 317], [319, 320], [319, 321], [336, 338], [338, 340], [343, 344], [343, 361], [344, 346], [349, 351], [353, 354], [353, 355], [365, 367], [370, 371], [370, 382], [371, 373], [376, 378], [395, 396], [416, 418], [433, 435], [441, 443], [446, 448], [448, 450], [457, 458], [457, 459], [464, 466], [474, 476], [482, 485], [486, 488], [495, 497], [505, 507], [515, 518]], "missing_branches": [[151, 152], [153, 154], [155, 156], [161, 162], [169, 170], [180, 181], [182, 183], [310, 311], [315, 316], [336, 337], [338, 339], [344, 345], [349, 350], [365, 366], [371, 372], [376, 377], [395, 397], [397, -392], [397, 398], [399, 400], [399, 401], [404, 405], [404, 406], [416, 417], [433, 434], [441, 442], [446, 447], [448, 449], [464, 465], [474, 475], [482, 483], [486, 487], [495, 496], [505, 506], [515, 516]], "functions": {"_ensure_keys": {"executed_lines": [145, 146, 147], "summary": {"covered_lines": 3, "num_statements": 3, "percent_covered": 100.0, "percent_covered_display": "100", "missing_lines": 0, "excluded_lines": 0, "num_branches": 2, "num_partial_branches": 0, "covered_branches": 2, "missing_branches": 0}, "missing_lines": [], "excluded_lines": [], "executed_branches": [[146, -144], [146, 147]], "missing_branches": []}, "_string": {"executed_lines": [151, 153, 155, 157], "summary": {"covered_lines": 4, "num_statements": 7, "percent_covered": 53.84615384615385, "percent_covered_display": "54", "missing_lines": 3, "excluded_lines": 0, "num_branches": 6, "num_partial_branches": 3, "covered_branches": 3, "missing_branches": 3}, "missing_lines": [152, 154, 156], "excluded_lines": [], "executed_branches": [[151, 153], [153, 155], [155, 157]], "missing_branches": [[151, 152], [153, 154], [155, 156]]}, "_integer": {"executed_lines": [161, 163, 164, 165], "summary": {"covered_lines": 4, "num_statements": 5, "percent_covered": 77.77777777777777, "percent_covered_display": "78", "missing_lines": 1, "excluded_lines": 0, "num_branches": 4, "num_partial_branches": 1, "covered_branches": 3, "missing_branches": 1}, "missing_lines": [162], "excluded_lines": [], "executed_branches": [[161, 163], [163, 164], [163, 165]], "missing_branches": [[161, 162]]}, "_boolean": {"executed_lines": [169, 171], "summary": {"covered_lines": 2, "num_statements": 3, "percent_covered": 60.0, "percent_covered_display": "60", "missing_lines": 1, "excluded_lines": 0, "num_branches": 2, "num_partial_branches": 1, "covered_branches": 1, "missing_branches": 1}, "missing_lines": [170], "excluded_lines": [], "executed_branches": [[169, 171]], "missing_branches": [[169, 170]]}, "_slug": {"executed_lines": [175, 176], "summary": {"covered_lines": 2, "num_statements": 2, "percent_covered": 100.0, "percent_covered_display": "100", "missing_lines": 0, "excluded_lines": 0, "num_branches": 0, "num_partial_branches": 0, "covered_branches": 0, "missing_branches": 0}, "missing_lines": [], "excluded_lines": [], "executed_branches": [], "missing_branches": []}, "_list_of_strings": {"executed_lines": [180, 182, 184, 185, 186, 187], "summary": {"covered_lines": 6, "num_statements": 8, "percent_covered": 71.42857142857143, "percent_covered_display": "71", "missing_lines": 2, "excluded_lines": 0, "num_branches": 6, "num_partial_branches": 2, "covered_branches": 4, "missing_branches": 2}, "missing_lines": [181, 183], "excluded_lines": [], "executed_branches": [[180, 182], [182, 184], [185, 186], [185, 187]], "missing_branches": [[180, 181], [182, 183]]}, "_validate_hhmm": {"executed_lines": [191, 192, 193, 194], "summary": {"covered_lines": 4, "num_statements": 4, "percent_covered": 100.0, "percent_covered_display": "100", "missing_lines": 0, "excluded_lines": 0, "num_branches": 2, "num_partial_branches": 0, "covered_branches": 2, "missing_branches": 0}, "missing_lines": [], "excluded_lines": [], "executed_branches": [[192, 193], [192, 194]], "missing_branches": []}, "AppConfig.__getitem__": {"executed_lines": [229], "summary": {"covered_lines": 1, "num_statements": 1, "percent_covered": 100.0, "percent_covered_display": "100", "missing_lines": 0, "excluded_lines": 0, "num_branches": 0, "num_partial_branches": 0, "covered_branches": 0, "missing_branches": 0}, "missing_lines": [], "excluded_lines": [], "executed_branches": [], "missing_branches": []}, "AppConfig.__iter__": {"executed_lines": [], "summary": {"covered_lines": 0, "num_statements": 1, "percent_covered": 0.0, "percent_covered_display": "0", "missing_lines": 1, "excluded_lines": 0, "num_branches": 0, "num_partial_branches": 0, "covered_branches": 0, "missing_branches": 0}, "missing_lines": [232], "excluded_lines": [], "executed_branches": [], "missing_branches": []}, "AppConfig.__len__": {"executed_lines": [], "summary": {"covered_lines": 0, "num_statements": 1, "percent_covered": 0.0, "percent_covered_display": "0", "missing_lines": 1, "excluded_lines": 0, "num_branches": 0, "num_partial_branches": 0, "covered_branches": 0, "missing_branches": 0}, "missing_lines": [235], "excluded_lines": [], "executed_branches": [], "missing_branches": []}, "AppConfig.get": {"executed_lines": [238], "summary": {"covered_lines": 1, "num_statements": 1, "percent_covered": 100.0, "percent_covered_display": "100", "missing_lines": 0, "excluded_lines": 0, "num_branches": 0, "num_partial_branches": 0, "covered_branches": 0, "missing_branches": 0}, "missing_lines": [], "excluded_lines": [], "executed_branches": [], "missing_branches": []}, "AppConfig.topics": {"executed_lines": [], "summary": {"covered_lines": 0, "num_statements": 1, "percent_covered": 0.0, "percent_covered_display": "0", "missing_lines": 1, "excluded_lines": 0, "num_branches": 0, "num_partial_branches": 0, "covered_branches": 0, "missing_branches": 0}, "missing_lines": [242], "excluded_lines": [], "executed_branches": [], "missing_branches": []}, "AppConfig.rss_feeds": {"executed_lines": [], "summary": {"covered_lines": 0, "num_statements": 1, "percent_covered": 0.0, "percent_covered_display": "0", "missing_lines": 1, "excluded_lines": 0, "num_branches": 0, "num_partial_branches": 0, "covered_branches": 0, "missing_branches": 0}, "missing_lines": [246], "excluded_lines": [], "executed_branches": [], "missing_branches": []}, "AppConfig.as_dict": {"executed_lines": [249], "summary": {"covered_lines": 1, "num_statements": 1, "percent_covered": 100.0, "percent_covered_display": "100", "missing_lines": 0, "excluded_lines": 0, "num_branches": 0, "num_partial_branches": 0, "covered_branches": 0, "missing_branches": 0}, "missing_lines": [], "excluded_lines": [], "executed_branches": [], "missing_branches": []}, "AppConfig.redacted": {"executed_lines": [254, 255, 256, 257], "summary": {"covered_lines": 4, "num_statements": 4, "percent_covered": 100.0, "percent_covered_display": "100", "missing_lines": 0, "excluded_lines": 0, "num_branches": 2, "num_partial_branches": 0, "covered_branches": 2, "missing_branches": 0}, "missing_lines": [], "excluded_lines": [], "executed_branches": [[255, 256], [255, 257]], "missing_branches": []}, "AppConfig.config_hash": {"executed_lines": [261, 262], "summary": {"covered_lines": 2, "num_statements": 2, "percent_covered": 100.0, "percent_covered_display": "100", "missing_lines": 0, "excluded_lines": 0, "num_branches": 0, "num_partial_branches": 0, "covered_branches": 0, "missing_branches": 0}, "missing_lines": [], "excluded_lines": [], "executed_branches": [], "missing_branches": []}, "_parse_limits": {"executed_lines": [266, 267, 268, 269, 286, 303, 304, 305, 306], "summary": {"covered_lines": 9, "num_statements": 9, "percent_covered": 100.0, "percent_covered_display": "100", "missing_lines": 0, "excluded_lines": 0, "num_branches": 2, "num_partial_branches": 0, "covered_branches": 2, "missing_branches": 0}, "missing_lines": [], "excluded_lines": [], "executed_branches": [[303, 304], [303, 306]], "missing_branches": []}, "_parse_topics": {"executed_lines": [310, 312, 313, 314, 315, 317, 318, 319, 320, 321, 322, 332], "summary": {"covered_lines": 12, "num_statements": 14, "percent_covered": 81.81818181818181, "percent_covered_display": "82", "missing_lines": 2, "excluded_lines": 0, "num_branches": 8, "num_partial_branches": 2, "covered_branches": 6, "missing_branches": 2}, "missing_lines": [311, 316], "excluded_lines": [], "executed_branches": [[310, 312], [314, 315], [314, 332], [315, 317], [319, 320], [319, 321]], "missing_branches": [[310, 311], [315, 316]]}, "_parse_feeds": {"executed_lines": [336, 338, 340, 341, 342, 343, 344, 346, 347, 348, 349, 351, 352, 353, 354, 355, 356, 359, 360, 361], "summary": {"covered_lines": 20, "num_statements": 26, "percent_covered": 73.6842105263158, "percent_covered_display": "74", "missing_lines": 6, "excluded_lines": 0, "num_branches": 12, "num_partial_branches": 4, "covered_branches": 8, "missing_branches": 4}, "missing_lines": [337, 339, 345, 350, 357, 358], "excluded_lines": [], "executed_branches": [[336, 338], [338, 340], [343, 344], [343, 361], [344, 346], [349, 351], [353, 354], [353, 355]], "missing_branches": [[336, 337], [338, 339], [344, 345], [349, 350]]}, "_parse_queries": {"executed_lines": [365, 367, 368, 369, 370, 371, 373, 374, 375, 376, 378, 379, 380, 381, 382], "summary": {"covered_lines": 15, "num_statements": 18, "percent_covered": 76.92307692307692, "percent_covered_display": "77", "missing_lines": 3, "excluded_lines": 0, "num_branches": 8, "num_partial_branches": 3, "covered_branches": 5, "missing_branches": 3}, "missing_lines": [366, 372, 377], "excluded_lines": [], "executed_branches": [[365, 367], [370, 371], [370, 382], [371, 373], [376, 378]], "missing_branches": [[365, 366], [371, 372], [376, 377]]}, "_parse_optional_source_block": {"executed_lines": [388, 389], "summary": {"covered_lines": 2, "num_statements": 2, "percent_covered": 100.0, "percent_covered_display": "100", "missing_lines": 0, "excluded_lines": 0, "num_branches": 0, "num_partial_branches": 0, "covered_branches": 0, "missing_branches": 0}, "missing_lines": [], "excluded_lines": [], "executed_branches": [], "missing_branches": []}, "load_dotenv": {"executed_lines": [394, 395, 396], "summary": {"covered_lines": 3, "num_statements": 13, "percent_covered": 19.047619047619047, "percent_covered_display": "19", "missing_lines": 10, "excluded_lines": 0, "num_branches": 8, "num_partial_branches": 1, "covered_branches": 1, "missing_branches": 7}, "missing_lines": [397, 398, 399, 400, 401, 402, 403, 404, 405, 406], "excluded_lines": [], "executed_branches": [[395, 396]], "missing_branches": [[395, 397], [397, -392], [397, 398], [399, 400], [399, 401], [404, 405], [404, 406]]}, "load_config": {"executed_lines": [410, 411, 412, 413, 416, 418, 420, 421, 422, 423, 424, 425, 426, 427, 428, 429, 430, 431, 432, 433, 435, 436, 437, 438, 439, 440, 441, 443, 445, 446, 448, 450, 451, 453, 457, 458, 459, 460, 461, 463, 464, 466, 467, 468, 469, 470, 471, 473, 474, 476, 477, 478, 479, 480, 481, 482, 485, 486, 488, 489, 495, 497, 498, 504, 505, 507, 508, 515, 518, 519, 543, 554, 555, 562, 568, 569, 574, 576], "summary": {"covered_lines": 78, "num_statements": 92, "percent_covered": 77.96610169491525, "percent_covered_display": "78", "missing_lines": 14, "excluded_lines": 0, "num_branches": 26, "num_partial_branches": 12, "covered_branches": 14, "missing_branches": 12}, "missing_lines": [414, 415, 417, 434, 442, 447, 449, 465, 475, 483, 487, 496, 506, 516], "excluded_lines": [], "executed_branches": [[416, 418], [433, 435], [441, 443], [446, 448], [448, 450], [457, 458], [457, 459], [464, 466], [474, 476], [482, 485], [486, 488], [495, 497], [505, 507], [515, 518]], "missing_branches": [[416, 417], [433, 434], [441, 442], [446, 447], [448, 449], [464, 465], [474, 475], [482, 483], [486, 487], [495, 496], [505, 506], [515, 516]]}, "": {"executed_lines": [1, 8, 10, 11, 12, 13, 14, 15, 16, 17, 18, 20, 21, 22, 25, 26, 29, 30, 31, 32, 33, 34, 35, 36, 37, 38, 39, 40, 41, 42, 43, 44, 45, 48, 49, 50, 51, 52, 55, 56, 57, 58, 59, 60, 61, 64, 65, 66, 67, 68, 71, 72, 73, 74, 75, 78, 79, 80, 81, 82, 83, 84, 85, 88, 117, 134, 135, 136, 137, 138, 139, 140, 141, 144, 150, 160, 168, 174, 179, 190, 197, 198, 199, 200, 201, 202, 203, 204, 205, 206, 207, 208, 209, 210, 211, 212, 213, 214, 215, 216, 217, 218, 219, 220, 221, 222, 223, 224, 225, 226, 228, 231, 234, 237, 240, 241, 244, 245, 248, 251, 259, 260, 265, 309, 335, 364, 385, 392, 409], "summary": {"covered_lines": 127, "num_statements": 127, "percent_covered": 100.0, "percent_covered_display": "100", "missing_lines": 0, "excluded_lines": 0, "num_branches": 0, "num_partial_branches": 0, "covered_branches": 0, "missing_branches": 0}, "missing_lines": [], "excluded_lines": [], "executed_branches": [], "missing_branches": []}}, "classes": {"ConfigurationError": {"executed_lines": [], "summary": {"covered_lines": 0, "num_statements": 0, "percent_covered": 100.0, "percent_covered_display": "100", "missing_lines": 0, "excluded_lines": 0, "num_branches": 0, "num_partial_branches": 0, "covered_branches": 0, "missing_branches": 0}, "missing_lines": [], "excluded_lines": [], "executed_branches": [], "missing_branches": []}, "CollectionLimits": {"executed_lines": [], "summary": {"covered_lines": 0, "num_statements": 0, "percent_covered": 100.0, "percent_covered_display": "100", "missing_lines": 0, "excluded_lines": 0, "num_branches": 0, "num_partial_branches": 0, "covered_branches": 0, "missing_branches": 0}, "missing_lines": [], "excluded_lines": [], "executed_branches": [], "missing_branches": []}, "NetworkPolicy": {"executed_lines": [], "summary": {"covered_lines": 0, "num_statements": 0, "percent_covered": 100.0, "percent_covered_display": "100", "missing_lines": 0, "excluded_lines": 0, "num_branches": 0, "num_partial_branches": 0, "covered_branches": 0, "missing_branches": 0}, "missing_lines": [], "excluded_lines": [], "executed_branches": [], "missing_branches": []}, "RetryPolicy": {"executed_lines": [], "summary": {"covered_lines": 0, "num_statements": 0, "percent_covered": 100.0, "percent_covered_display": "100", "missing_lines": 0, "excluded_lines": 0, "num_branches": 0, "num_partial_branches": 0, "covered_branches": 0, "missing_branches": 0}, "missing_lines": [], "excluded_lines": [], "executed_branches": [], "missing_branches": []}, "FeedConfig": {"executed_lines": [], "summary": {"covered_lines": 0, "num_statements": 0, "percent_covered": 100.0, "percent_covered_display": "100", "missing_lines": 0, "excluded_lines": 0, "num_branches": 0, "num_partial_branches": 0, "covered_branches": 0, "missing_branches": 0}, "missing_lines": [], "excluded_lines": [], "executed_branches": [], "missing_branches": []}, "QueryConfig": {"executed_lines": [], "summary": {"covered_lines": 0, "num_statements": 0, "percent_covered": 100.0, "percent_covered_display": "100", "missing_lines": 0, "excluded_lines": 0, "num_branches": 0, "num_partial_branches": 0, "covered_branches": 0, "missing_branches": 0}, "missing_lines": [], "excluded_lines": [], "executed_branches": [], "missing_branches": []}, "TopicConfig": {"executed_lines": [], "summary": {"covered_lines": 0, "num_statements": 0, "percent_covered": 100.0, "percent_covered_display": "100", "missing_lines": 0, "excluded_lines": 0, "num_branches": 0, "num_partial_branches": 0, "covered_branches": 0, "missing_branches": 0}, "missing_lines": [], "excluded_lines": [], "executed_branches": [], "missing_branches": []}, "AppConfig": {"executed_lines": [229, 238, 249, 254, 255, 256, 257, 261, 262], "summary": {"covered_lines": 9, "num_statements": 13, "percent_covered": 73.33333333333333, "percent_covered_display": "73", "missing_lines": 4, "excluded_lines": 0, "num_branches": 2, "num_partial_branches": 0, "covered_branches": 2, "missing_branches": 0}, "missing_lines": [232, 235, 242, 246], "excluded_lines": [], "executed_branches": [[255, 256], [255, 257]], "missing_branches": []}, "": {"executed_lines": [1, 8, 10, 11, 12, 13, 14, 15, 16, 17, 18, 20, 21, 22, 25, 26, 29, 30, 31, 32, 33, 34, 35, 36, 37, 38, 39, 40, 41, 42, 43, 44, 45, 48, 49, 50, 51, 52, 55, 56, 57, 58, 59, 60, 6
[...]
percent_covered_display": "67", "missing_lines": 1, "excluded_lines": 0, "num_branches": 2, "num_partial_branches": 1, "covered_branches": 1, "missing_branches": 1}, "missing_lines": [133], "excluded_lines": [], "executed_branches": [[132, 134]], "missing_branches": [[132, 133]]}, "TelegramClient.discover_chats": {"executed_lines": [], "summary": {"covered_lines": 0, "num_statements": 12, "percent_covered": 0.0, "percent_covered_display": "0", "missing_lines": 12, "excluded_lines": 0, "num_branches": 8, "num_partial_branches": 0, "covered_branches": 0, "missing_branches": 8}, "missing_lines": [137, 138, 139, 140, 141, 142, 143, 144, 145, 146, 147, 148], "excluded_lines": [], "executed_branches": [], "missing_branches": [[138, 139], [138, 140], [141, 142], [141, 148], [142, 143], [142, 144], [146, 141], [146, 147]]}, "TelegramClient.send_html": {"executed_lines": [151, 153, 154, 163, 164, 166], "summary": {"covered_lines": 6, "num_statements": 8, "percent_covered": 66.66666666666667, "percent_covered_display": "67", "missing_lines": 2, "excluded_lines": 0, "num_branches": 4, "num_partial_branches": 2, "covered_branches": 2, "missing_branches": 2}, "missing_lines": [152, 165], "excluded_lines": [], "executed_branches": [[151, 153], [164, 166]], "missing_branches": [[151, 152], [164, 165]]}, "_looks_placeholder": {"executed_lines": [170, 171], "summary": {"covered_lines": 2, "num_statements": 2, "percent_covered": 100.0, "percent_covered_display": "100", "missing_lines": 0, "excluded_lines": 0, "num_branches": 0, "num_partial_branches": 0, "covered_branches": 0, "missing_branches": 0}, "missing_lines": [], "excluded_lines": [], "executed_branches": [], "missing_branches": []}, "utf16_units": {"executed_lines": [175], "summary": {"covered_lines": 1, "num_statements": 1, "percent_covered": 100.0, "percent_covered_display": "100", "missing_lines": 0, "excluded_lines": 0, "num_branches": 0, "num_partial_branches": 0, "covered_branches": 0, "missing_branches": 0}, "missing_lines": [], "excluded_lines": [], "executed_branches": [], "missing_branches": []}, "_clean_display": {"executed_lines": [179, 180, 181, 182, 183], "summary": {"covered_lines": 5, "num_statements": 5, "percent_covered": 100.0, "percent_covered_display": "100", "missing_lines": 0, "excluded_lines": 0, "num_branches": 2, "num_partial_branches": 0, "covered_branches": 2, "missing_branches": 0}, "missing_lines": [], "excluded_lines": [], "executed_branches": [[181, 182], [181, 183]], "missing_branches": []}, "_truncate": {"executed_lines": [], "summary": {"covered_lines": 0, "num_statements": 1, "percent_covered": 0.0, "percent_covered_display": "0", "missing_lines": 1, "excluded_lines": 0, "num_branches": 0, "num_partial_branches": 0, "covered_branches": 0, "missing_branches": 0}, "missing_lines": [187], "excluded_lines": [], "executed_branches": [], "missing_branches": []}, "_timezone_label": {"executed_lines": [191, 192], "summary": {"covered_lines": 2, "num_statements": 2, "percent_covered": 100.0, "percent_covered_display": "100", "missing_lines": 0, "excluded_lines": 0, "num_branches": 0, "num_partial_branches": 0, "covered_branches": 0, "missing_branches": 0}, "missing_lines": [], "excluded_lines": [], "executed_branches": [], "missing_branches": []}, "_article_block": {"executed_lines": [204, 205, 206, 207, 208, 209, 210, 211, 212, 214, 215], "summary": {"covered_lines": 11, "num_statements": 11, "percent_covered": 100.0, "percent_covered_display": "100", "missing_lines": 0, "excluded_lines": 0, "num_branches": 4, "num_partial_branches": 0, "covered_branches": 4, "missing_branches": 0}, "missing_lines": [], "excluded_lines": [], "executed_branches": [[206, 207], [206, 208], [211, 212], [211, 214]], "missing_branches": []}, "_fit_block": {"executed_lines": [226, 233, 234, 235, 236, 237], "summary": {"covered_lines": 6, "num_statements": 8, "percent_covered": 66.66666666666667, "percent_covered_display": "67", "missing_lines": 2, "excluded_lines": 0, "num_branches": 4, "num_partial_branches": 2, "covered_branches": 2, "missing_branches": 2}, "missing_lines": [238, 239], "excluded_lines": [], "executed_branches": [[234, 235], [236, 237]], "missing_branches": [[234, 239], [236, 238]]}, "validate_message": {"executed_lines": [243, 244, 245, 246, 247], "summary": {"covered_lines": 5, "num_statements": 6, "percent_covered": 83.33333333333333, "percent_covered_display": "83", "missing_lines": 1, "excluded_lines": 0, "num_branches": 6, "num_partial_branches": 1, "covered_branches": 5, "missing_branches": 1}, "missing_lines": [248], "excluded_lines": [], "executed_branches": [[243, 244], [243, 245], [245, 246], [245, 247], [247, -242]], "missing_branches": [[247, 248]]}, "build_digest": {"executed_lines": [264, 265, 266, 267, 268, 272, 273, 274, 275, 276, 277, 278, 279, 280, 282, 284, 285, 286, 287, 288, 289, 290, 291, 292, 295, 296, 297, 298, 299, 300, 301, 303, 304, 305, 306, 308, 309, 310, 311, 313, 314, 315, 316, 320, 321, 322], "summary": {"covered_lines": 46, "num_statements": 54, "percent_covered": 84.61538461538461, "percent_covered_display": "85", "missing_lines": 8, "excluded_lines": 0, "num_branches": 24, "num_partial_branches": 4, "covered_branches": 20, "missing_branches": 4}, "missing_lines": [269, 270, 281, 293, 294, 312, 318, 319], "excluded_lines": [], "executed_branches": [[266, 267], [266, 272], [276, 277], [276, 278], [278, 279], [278, 280], [280, 282], [290, 291], [290, 306], [292, 295], [296, 297], [296, 303], [309, 310], [309, 311], [311, 313], [313, 314], [313, 320], [315, 316], [320, 321], [320, 322]], "missing_branches": [[280, 281], [292, 293], [311, 312], [315, 318]]}, "build_digest_messages": {"executed_lines": [333], "summary": {"covered_lines": 1, "num_statements": 1, "percent_covered": 100.0, "percent_covered_display": "100", "missing_lines": 0, "excluded_lines": 0, "num_branches": 0, "num_partial_branches": 0, "covered_branches": 0, "missing_branches": 0}, "missing_lines": [], "excluded_lines": [], "executed_branches": [], "missing_branches": []}, "": {"executed_lines": [1, 3, 5, 6, 7, 8, 9, 10, 11, 12, 13, 15, 16, 19, 20, 21, 22, 23, 43, 44, 46, 51, 52, 60, 61, 62, 63, 64, 65, 68, 69, 76, 130, 136, 150, 169, 174, 178, 186, 190, 195, 225, 242, 251, 325], "summary": {"covered_lines": 43, "num_statements": 43, "percent_covered": 100.0, "percent_covered_display": "100", "missing_lines": 0, "excluded_lines": 0, "num_branches": 0, "num_partial_branches": 0, "covered_branches": 0, "missing_branches": 0}, "missing_lines": [], "excluded_lines": [], "executed_branches": [], "missing_branches": []}}, "classes": {"TelegramSendError": {"executed_lines": [47, 48, 49], "summary": {"covered_lines": 3, "num_statements": 8, "percent_covered": 25.0, "percent_covered_display": "25", "missing_lines": 5, "excluded_lines": 0, "num_branches": 4, "num_partial_branches": 0, "covered_branches": 0, "missing_branches": 4}, "missing_lines": [53, 54, 55, 56, 57], "excluded_lines": [], "executed_branches": [], "missing_branches": [[53, 54], [53, 55], [55, 56], [55, 57]]}, "DigestBuildResult": {"executed_lines": [], "summary": {"covered_lines": 0, "num_statements": 0, "percent_covered": 100.0, "percent_covered_display": "100", "missing_lines": 0, "excluded_lines": 0, "num_branches": 0, "num_partial_branches": 0, "covered_branches": 0, "missing_branches": 0}, "missing_lines": [], "excluded_lines": [], "executed_branches": [], "missing_branches": []}, "TelegramClient": {"executed_lines": [70, 71, 72, 73, 74, 77, 83, 84, 85, 86, 87, 88, 89, 90, 91, 92, 93, 94, 95, 96, 97, 99, 111, 112, 115, 117, 128, 131, 132, 134, 151, 153, 154, 163, 164, 166], "summary": {"covered_lines": 36, "num_statements": 73, "percent_covered": 44.66019417475728, "percent_covered_display": "45", "missing_lines": 37, "excluded_lines": 0, "num_branches": 30, "num_partial_branches": 6, "covered_branches": 10, "missing_branches": 20}, "missing_lines": [100, 101, 102, 103, 104, 105, 106, 108, 109, 110, 113, 114, 116, 118, 119, 120, 121, 122, 123, 124, 126, 127, 133, 137, 138, 139, 140, 141, 142, 143, 144, 145, 146, 147, 148, 152, 165], "excluded_lines": [], "executed_branches": [[70, 71], [70, 72], [95, 96], [95, 97], [97, 99], [115, 117], [117, 128], [132, 134], [151, 153], [164, 166]], "missing_branches": [[97, 100], [105, 106], [105, 108], [115, 116], [117, 118], [122, 123], [122, 124], [124, 126], [124, 127], [132, 133], [138, 139], [138, 140], [141, 142], [141, 148], [142, 143], [142, 144], [146, 141], [146, 147], [151, 152], [164, 165]]}, "": {"executed_lines": [1, 3, 5, 6, 7, 8, 9, 10, 11, 12, 13, 15, 16, 19, 20, 21, 22, 23, 43, 44, 46, 51, 52, 60, 61, 62, 63, 64, 65, 68, 69, 76, 130, 136, 150, 169, 170, 171, 174, 175, 178, 179, 180, 181, 182, 183, 186, 190, 191, 192, 195, 204, 205, 206, 207, 208, 209, 210, 211, 212, 214, 215, 225, 226, 233, 234, 235, 236, 237, 242, 243, 244, 245, 246, 247, 251, 264, 265, 266, 267, 268, 272, 273, 274, 275, 276, 277, 278, 279, 280, 282, 284, 285, 286, 287, 288, 289, 290, 291, 292, 295, 296, 297, 298, 299, 300, 301, 303, 304, 305, 306, 308, 309, 310, 311, 313, 314, 315, 316, 320, 321, 322, 325, 333], "summary": {"covered_lines": 122, "num_statements": 134, "percent_covered": 89.08045977011494, "percent_covered_display": "89", "missing_lines": 12, "excluded_lines": 0, "num_branches": 40, "num_partial_branches": 7, "covered_branches": 33, "missing_branches": 7}, "missing_lines": [187, 238, 239, 248, 269, 270, 281, 293, 294, 312, 318, 319], "excluded_lines": [], "executed_branches": [[181, 182], [181, 183], [206, 207], [206, 208], [211, 212], [211, 214], [234, 235], [236, 237], [243, 244], [243, 245], [245, 246], [245, 247], [247, -242], [266, 267], [266, 272], [276, 277], [276, 278], [278, 279], [278, 280], [280, 282], [290, 291], [290, 306], [292, 295], [296, 297], [296, 303], [309, 310], [309, 311], [311, 313], [313, 314], [313, 320], [315, 316], [320, 321], [320, 322]], "missing_branches": [[234, 239], [236, 238], [247, 248], [280, 281], [292, 293], [311, 312], [315, 318]]}}}, "meco_news\\timezones.py": {"executed_lines": [1, 3, 4, 7, 9, 10, 11, 12, 13, 14, 16, 17], "summary": {"covered_lines": 12, "num_statements": 12, "percent_covered": 100.0, "percent_covered_display": "100", "missing_lines": 0, "excluded_lines": 0, "num_branches": 4, "num_partial_branches": 0, "covered_branches": 4, "missing_branches": 0}, "missing_lines": [], "excluded_lines": [], "executed_branches": [[12, 13], [12, 14], [14, 16], [14, 17]], "missing_branches": [], "functions": {"get_timezone": {"executed_lines": [9, 10, 11, 12, 13, 14, 16, 17], "summary": {"covered_lines": 8, "num_statements": 8, "percent_covered": 100.0, "percent_covered_display": "100", "missing_lines": 0, "excluded_lines": 0, "num_branches": 4, "num_partial_branches": 0, "covered_branches": 4, "missing_branches": 0}, "missing_lines": [], "excluded_lines": [], "executed_branches": [[12, 13], [12, 14], [14, 16], [14, 17]], "missing_branches": []}, "": {"executed_lines": [1, 3, 4, 7], "summary": {"covered_lines": 4, "num_statements": 4, "percent_covered": 100.0, "percent_covered_display": "100", "missing_lines": 0, "excluded_lines": 0, "num_branches": 0, "num_partial_branches": 0, "covered_branches": 0, "missing_branches": 0}, "missing_lines": [], "excluded_lines": [], "executed_branches": [], "missing_branches": []}}, "classes": {"": {"executed_lines": [1, 3, 4, 7, 9, 10, 11, 12, 13, 14, 16, 17], "summary": {"covered_lines": 12, "num_statements": 12, "percent_covered": 100.0, "percent_covered_display": "100", "missing_lines": 0, "excluded_lines": 0, "num_branches": 4, "num_partial_branches": 0, "covered_branches": 4, "missing_branches": 0}, "missing_lines": [], "excluded_lines": [], "executed_branches": [[12, 13], [12, 14], [14, 16], [14, 17]], "missing_branches": []}}}, "meco_news\\urls.py": {"executed_lines": [1, 8, 10, 11, 12, 13, 14, 15, 18, 19, 20, 23, 24, 26, 27, 28, 31, 32, 33, 34, 35, 36, 37, 38, 41, 42, 43, 44, 49, 51, 58, 59, 60, 61, 62, 63, 64, 65, 67, 70, 71, 72, 79, 91, 105, 107, 109, 110, 111, 112, 113, 114, 115, 116, 117, 118, 119, 120, 121, 122, 123, 126, 128, 129, 130, 131, 132, 133, 134, 135, 136, 140, 145, 146, 147, 149, 150, 151, 152, 153, 156, 170, 171, 174, 176, 178, 181, 189, 191, 192, 196, 199, 200, 201, 202, 203], "summary": {"covered_lines": 94, "num_statements": 115, "percent_covered": 77.77777777777777, "percent_covered_display": "78", "missing_lines": 21, "excluded_lines": 0, "num_branches": 38, "num_partial_branches": 11, "covered_branches": 25, "missing_branches": 13}, "missing_lines": [45, 50, 52, 53, 54, 55, 66, 73, 74, 106, 108, 124, 125, 127, 148, 172, 173, 175, 177, 190, 193], "excluded_lines": [], "executed_branches": [[44, 49], [49, 51], [63, 64], [63, 65], [65, 67], [105, 107], [107, 109], [109, 110], [109, 111], [111, 112], [111, 113], [118, 119], [118, 120], [120, 121], [120, 122], [126, 128], [134, 135], [134, 136], [147, 149], [150, 151], [150, 152], [174, 176], [176, 178], [189, 191], [191, 192]], "missing_branches": [[44, 45], [49, 50], [53, 54], [53, 55], [65, 66], [105, 106], [107, 108], [126, 127], [147, 148], [174, 175], [176, 177], [189, 190], [191, 193]], "functions": {"URLPolicyError.__init__": {"executed_lines": [27, 28], "summary": {"covered_lines": 2, "num_statements": 2, "percent_covered": 100.0, "percent_covered_display": "100", "missing_lines": 0, "excluded_lines": 0, "num_branches": 0, "num_partial_branches": 0, "covered_branches": 0, "missing_branches": 0}, "missing_lines": [], "excluded_lines": [], "executed_branches": [], "missing_branches": []}, "_ascii_hostname": {"executed_lines": [42, 43, 44, 49, 51], "summary": {"covered_lines": 5, "num_statements": 11, "percent_covered": 41.1764705882353, "percent_covered_display": "41", "missing_lines": 6, "excluded_lines": 0, "num_branches": 6, "num_partial_branches": 2, "covered_branches": 2, "missing_branches": 4}, "missing_lines": [45, 50, 52, 53, 54, 55], "excluded_lines": [], "executed_branches": [[44, 49], [49, 51]], "missing_branches": [[44, 45], [49, 50], [53, 54], [53, 55]]}, "_validate_port": {"executed_lines": [59, 60, 61, 62, 63, 64, 65, 67], "summary": {"covered_lines": 8, "num_statements": 9, "percent_covered": 84.61538461538461, "percent_covered_display": "85", "missing_lines": 1, "excluded_lines": 0, "num_branches": 4, "num_partial_branches": 1, "covered_branches": 3, "missing_branches": 1}, "missing_lines": [66], "excluded_lines": [], "executed_branches": [[63, 64], [63, 65], [65, 67]], "missing_branches": [[65, 66]]}, "_is_forbidden_address": {"executed_lines": [71, 72, 79], "summary": {"covered_lines": 3, "num_statements": 5, "percent_covered": 60.0, "percent_covered_display": "60", "missing_lines": 2, "excluded_lines": 0, "num_branches": 0, "num_partial_branches": 0, "covered_branches": 0, "missing_branches": 0}, "missing_lines": [73, 74], "excluded_lines": [], "executed_branches": [], "missing_branches": []}, "validate_url": {"executed_lines": [105, 107, 109, 110, 111, 112, 113, 114, 115, 116, 117, 118, 119, 120, 121, 122, 123, 126, 128, 129, 130, 131, 132, 133, 134, 135, 136, 140, 145, 146, 147, 149, 150, 151, 152, 153], "summary": {"covered_lines": 36, "num_statements": 42, "percent_covered": 83.87096774193549, "percent_covered_display": "84", "missing_lines": 6, "excluded_lines": 0, "num_branches": 20, "num_partial_branches": 4, "covered_branches": 16, "missing_branches": 4}, "missing_lines": [106, 108, 124, 125, 127, 148], "excluded_lines": [], "executed_branches": [[105, 107], [107, 109], [109, 110], [109, 111], [111, 112], [111, 113], [118, 119], [118, 120], [120, 121], [120, 122], [126, 128], [134, 135], [134, 136], [147, 149], [150, 151], [150, 152]], "missing_branches": [[105, 106], [107, 108], [126, 127], [147, 148]]}, "validate_resolved_addresses": {"executed_lines": [170, 171, 174, 176, 178], "summary": {"covered_lines": 5, "num_statements": 9, "percent_covered": 53.84615384615385, "percent_covered_display": "54", "missing_lines": 4, "excluded_lines": 0, "num_branches": 4, "num_partial_branches": 2, "covered_branches": 2, "missing_branches": 2}, "missing_lines": [172, 173, 175, 177], "excluded_lines": [], "executed_branches": [[174, 176], [176, 178]], "missing_branches": [[174, 175], [176, 177]]}, "same_or_allowed_redirect": {"executed_lines": [189, 191, 192], "summary": {"covered_lines": 3, "num_statements": 5, "percent_covered": 55.55555555555556, "percent_covered_display": "56", "missing_lines": 2, "excluded_lines": 0, "num_branches": 4, "num_partial_branches": 2, "covered_branches": 2, "missing_branches": 2}, "missing_lines": [190, 193], "excluded_lines": [], "executed_branches": [[189, 191], [191, 192]], "missing_branches": [[189, 190], [191, 193]]}, "sanitize_url_for_log": {"executed_lines": [199, 200, 201, 202, 203], "summary": {"covered_lines": 5, "num_statements": 5, "percent_covered": 100.0, "percent_covered_display": "100", "missing_lines": 0, "excluded_lines": 0, "num_branches": 0, "num_partial_branches": 0, "covered_branches": 0, "missing_branches": 0}, "missing_lines": [], "excluded_lines": [], "executed_branches": [], "missing_branches": []}, "": {"executed_lines": [1, 8, 10, 11, 12, 13, 14, 15, 18, 19, 20, 23, 24, 26, 31, 32, 33, 34, 35, 36, 37, 38, 41, 58, 70, 91, 156, 181, 196], "summary": {"covered_lines": 27, "num_statements": 27, "percent_covered": 100.0, "percent_covered_display": "100", "missing_lines": 0, "excluded_lines": 0, "num_branches": 0, "num_partial_branches": 0, "covered_branches": 0, "missing_branches": 0}, "missing_lines": [], "excluded_lines": [], "executed_branches": [], "missing_branches": []}}, "classes": {"URLPolicyError": {"executed_lines": [27, 28], "summary": {"covered_lines": 2, "num_statements": 2, "percent_covered": 100.0, "percent_covered_display": "100", "missing_lines": 0, "excluded_lines": 0, "num_branches": 0, "num_partial_branches": 0, "covered_branches": 0, "missing_branches": 0}, "missing_lines": [], "excluded_lines": [], "executed_branches": [], "missing_branches": []}, "ValidatedURL": {"executed_lines": [], "summary": {"covered_lines": 0, "num_statements": 0, "percent_covered": 100.0, "percent_covered_display": "100", "missing_lines": 0, "excluded_lines": 0, "num_branches": 0, "num_partial_branches": 0, "covered_branches": 0, "missing_branches": 0}, "missing_lines": [], "excluded_lines": [], "executed_branches": [], "missing_branches": []}, "": {"executed_lines": [1, 8, 10, 11, 12, 13, 14, 15, 18, 19, 20, 23, 24, 26, 31, 32, 33, 34, 35, 36, 37, 38, 41, 42, 43, 44, 49, 51, 58, 59, 60, 61, 62, 63, 64, 65, 67, 70, 71, 72, 79, 91, 105, 107, 109, 110, 111, 112, 113, 114, 115, 116, 117, 118, 119, 120, 121, 122, 123, 126, 128, 129, 130, 131, 132, 133, 134, 135, 136, 140, 145, 146, 147, 149, 150, 151, 152, 153, 156, 170, 171, 174, 176, 178, 181, 189, 191, 192, 196, 199, 200, 201, 202, 203], "summary": {"covered_lines": 92, "num_statements": 113, "percent_covered": 77.48344370860927, "percent_covered_display": "77", "missing_lines": 21, "excluded_lines": 0, "num_branches": 38, "num_partial_branches": 11, "covered_branches": 25, "missing_branches": 13}, "missing_lines": [45, 50, 52, 53, 54, 55, 66, 73, 74, 106, 108, 124, 125, 127, 148, 172, 173, 175, 177, 190, 193], "excluded_lines": [], "executed_branches": [[44, 49], [49, 51], [63, 64], [63, 65], [65, 67], [105, 107], [107, 109], [109, 110], [109, 111], [111, 112], [111, 113], [118, 119], [118, 120], [120, 121], [120, 122], [126, 128], [134, 135], [134, 136], [147, 149], [150, 151], [150, 152], [174, 176], [176, 178], [189, 191], [191, 192]], "missing_branches": [[44, 45], [49, 50], [53, 54], [53, 55], [65, 66], [105, 106], [107, 108], [126, 127], [147, 148], [174, 175], [176, 177], [189, 190], [191, 193]]}}}}, "totals": {"covered_lines": 3361, "num_statements": 4116, "percent_covered": 79.17899408284023, "percent_covered_display": "79", "missing_lines": 755, "excluded_lines": 0, "num_branches": 1292, "num_partial_branches": 199, "covered_branches": 921, "missing_branches": 371}}