{"meta": {"format": 3, "version": "7.6.11", "timestamp": "2026-09-07T07:41:24.405222", "branch_coverage": true, "show_contexts": false}, "files": {"meco_news\\__init__.py": {"executed_lines": [1, 3], "summary": {"covered_lines": 1, "num_statements": 1, "percent_covered": 100.0, "percent_covered_display": "100", "missing_lines": 0, "excluded_lines": 0, "num_branches": 0, "num_partial_branches": 0, "covered_branches": 0, "missing_branches": 0}, "missing_lines": [], "excluded_lines": [], "executed_branches": [], "missing_branches": [], "functions": {"": {"executed_lines": [1, 3], "summary": {"covered_lines": 1, "num_statements": 1, "percent_covered": 100.0, "percent_covered_display": "100", "missing_lines": 0, "excluded_lines": 0, "num_branches": 0, "num_partial_branches": 0, "covered_branches": 0, "missing_branches": 0}, "missing_lines": [], "excluded_lines": [], "executed_branches": [], "missing_branches": []}}, "classes": {"": {"executed_lines": [1, 3], "summary": {"covered_lines": 1, "num_statements": 1, "percent_covered": 100.0, "percent_covered_display": "100", "missing_lines": 0, "excluded_lines": 0, "num_branches": 0, "num_partial_branches": 0, "covered_branches": 0, "missing_branches": 0}, "missing_lines": [], "excluded_lines": [], "executed_branches": [], "missing_branches": []}}}, "meco_news\\__main__.py": {"executed_lines": [], "summary": {"covered_lines": 0, "num_statements": 2, "percent_covered": 0.0, "percent_covered_display": "0", "missing_lines": 2, "excluded_lines": 0, "num_branches": 0, "num_partial_branches": 0, "covered_branches": 0, "missing_branches": 0}, "missing_lines": [1, 4], "excluded_lines": [], "executed_branches": [], "missing_branches": [], "functions": {"": {"executed_lines": [], "summary": {"covered_lines": 0, "num_statements": 2, "percent_covered": 0.0, "percent_covered_display": "0", "missing_lines": 2, "excluded_lines": 0, "num_branches": 0, "num_partial_branches": 0, "covered_branches": 0, "missing_branches": 0}, "missing_lines": [1, 4], "excluded_lines": [], "executed_branches": [], "missing_branches": []}}, "classes": {"": {"executed_lines": [], "summary": {"covered_lines": 0, "num_statements": 2, "percent_covered": 0.0, "percent_covered_display": "0", "missing_lines": 2, "excluded_lines": 0, "num_branches": 0, "num_partial_branches": 0, "covered_branches": 0, "missing_branches": 0}, "missing_lines": [1, 4], "excluded_lines": [], "executed_branches": [], "missing_branches": []}}}, "meco_news\\alerts.py": {"executed_lines": [1, 10, 12, 13, 14, 15, 16, 17, 18, 19, 21, 24, 25, 26, 27, 28, 29, 30, 31, 32, 33, 34, 35, 36, 38, 39, 42, 43, 45, 48, 49, 52, 53, 54, 55, 58, 59, 60, 63, 64, 66, 67, 68, 70, 71, 72, 73, 74, 75, 76, 77, 79, 80, 82, 90, 91, 92, 93, 94, 95, 96, 109, 110, 111, 112, 114, 115, 118, 119, 121, 122, 123, 124, 126, 127, 128, 129, 130, 131, 134, 135, 136, 137, 138, 139, 152, 153, 154, 156, 157, 158, 159, 160, 161, 162, 163, 164, 165, 166, 167, 168, 169, 171, 172, 174, 182, 183, 184, 185, 186, 187, 188, 201, 202, 204, 208, 227, 235, 236, 237, 238, 239, 240, 241, 242, 243, 244, 245, 246, 247, 259, 260, 261, 262, 264, 265, 268, 277, 278, 279, 280, 281, 282, 283, 284, 302], "summary": {"covered_lines": 143, "num_statements": 146, "percent_covered": 97.25274725274726, "percent_covered_display": "97", "missing_lines": 3, "excluded_lines": 0, "num_branches": 36, "num_partial_branches": 2, "covered_branches": 34, "missing_branches": 2}, "missing_lines": [132, 133, 205], "excluded_lines": [], "executed_branches": [[43, 45], [45, -42], [73, 74], [73, 75], [91, 92], [91, 112], [92, 93], [92, 94], [94, 95], [94, 96], [128, 129], [128, 130], [134, 135], [134, 154], [137, 138], [137, 139], [158, 159], [158, 160], [183, 184], [183, 202], [184, 185], [184, 186], [186, 187], [186, 188], [239, 240], [239, 260], [242, 243], [242, 244], [261, 262], [261, 264], [279, 280], [279, 284], [281, 282], [281, 283]], "missing_branches": [[43, -43], [45, -45]], "functions": {"AlertRecord.as_dict": {"executed_lines": [39], "summary": {"covered_lines": 1, "num_statements": 1, "percent_covered": 100.0, "percent_covered_display": "100", "missing_lines": 0, "excluded_lines": 0, "num_branches": 0, "num_partial_branches": 0, "covered_branches": 0, "missing_branches": 0}, "missing_lines": [], "excluded_lines": [], "executed_branches": [], "missing_branches": []}, "AlertSink.publish": {"executed_lines": [43], "summary": {"covered_lines": 1, "num_statements": 1, "percent_covered": 66.66666666666667, "percent_covered_display": "67", "missing_lines": 0, "excluded_lines": 0, "num_branches": 2, "num_partial_branches": 1, "covered_branches": 1, "missing_branches": 1}, "missing_lines": [], "excluded_lines": [], "executed_branches": [[43, 45]], "missing_branches": [[43, -43]]}, "AlertSink.reconcile": {"executed_lines": [45], "summary": {"covered_lines": 1, "num_statements": 1, "percent_covered": 66.66666666666667, "percent_covered_display": "67", "missing_lines": 0, "excluded_lines": 0, "num_branches": 2, "num_partial_branches": 1, "covered_branches": 1, "missing_branches": 1}, "missing_lines": [], "excluded_lines": [], "executed_branches": [[45, -42]], "missing_branches": [[45, -45]]}, "_time": {"executed_lines": [49], "summary": {"covered_lines": 1, "num_statements": 1, "percent_covered": 100.0, "percent_covered_display": "100", "missing_lines": 0, "excluded_lines": 0, "num_branches": 0, "num_partial_branches": 0, "covered_branches": 0, "missing_branches": 0}, "missing_lines": [], "excluded_lines": [], "executed_branches": [], "missing_branches": []}, "_stable_id": {"executed_lines": [53, 54, 55], "summary": {"covered_lines": 3, "num_statements": 3, "percent_covered": 100.0, "percent_covered_display": "100", "missing_lines": 0, "excluded_lines": 0, "num_branches": 0, "num_partial_branches": 0, "covered_branches": 0, "missing_branches": 0}, "missing_lines": [], "excluded_lines": [], "executed_branches": [], "missing_branches": []}, "_safe_details": {"executed_lines": [59, 60], "summary": {"covered_lines": 2, "num_statements": 2, "percent_covered": 100.0, "percent_covered_display": "100", "missing_lines": 0, "excluded_lines": 0, "num_branches": 0, "num_partial_branches": 0, "covered_branches": 0, "missing_branches": 0}, "missing_lines": [], "excluded_lines": [], "executed_branches": [], "missing_branches": []}, "MemoryAlertSink.__init__": {"executed_lines": [67, 68], "summary": {"covered_lines": 2, "num_statements": 2, "percent_covered": 100.0, "percent_covered_display": "100", "missing_lines": 0, "excluded_lines": 0, "num_branches": 0, "num_partial_branches": 0, "covered_branches": 0, "missing_branches": 0}, "missing_lines": [], "excluded_lines": [], "executed_branches": [], "missing_branches": []}, "MemoryAlertSink.publish": {"executed_lines": [71, 72, 73, 74, 75, 76, 77], "summary": {"covered_lines": 7, "num_statements": 7, "percent_covered": 100.0, "percent_covered_display": "100", "missing_lines": 0, "excluded_lines": 0, "num_branches": 2, "num_partial_branches": 0, "covered_branches": 2, "missing_branches": 0}, "missing_lines": [], "excluded_lines": [], "executed_branches": [[73, 74], [73, 75]], "missing_branches": []}, "MemoryAlertSink.reconcile": {"executed_lines": [80], "summary": {"covered_lines": 1, "num_statements": 1, "percent_covered": 100.0, "percent_covered_display": "100", "missing_lines": 0, "excluded_lines": 0, "num_branches": 0, "num_partial_branches": 0, "covered_branches": 0, "missing_branches": 0}, "missing_lines": [], "excluded_lines": [], "executed_branches": [], "missing_branches": []}, "MemoryAlertSink.reconcile_scoped": {"executed_lines": [90, 91, 92, 93, 94, 95, 96, 109, 110, 111, 112], "summary": {"covered_lines": 11, "num_statements": 11, "percent_covered": 100.0, "percent_covered_display": "100", "missing_lines": 0, "excluded_lines": 0, "num_branches": 6, "num_partial_branches": 0, "covered_branches": 6, "missing_branches": 0}, "missing_lines": [], "excluded_lines": [], "executed_branches": [[91, 92], [91, 112], [92, 93], [92, 94], [94, 95], [94, 96]], "missing_branches": []}, "MemoryAlertSink.reconcile_one": {"executed_lines": [115], "summary": {"covered_lines": 1, "num_statements": 1, "percent_covered": 100.0, "percent_covered_display": "100", "missing_lines": 0, "excluded_lines": 0, "num_branches": 0, "num_partial_branches": 0, "covered_branches": 0, "missing_branches": 0}, "missing_lines": [], "excluded_lines": [], "executed_branches": [], "missing_branches": []}, "JsonlAlertSink.__init__": {"executed_lines": [122, 123, 124], "summary": {"covered_lines": 3, "num_statements": 3, "percent_covered": 100.0, "percent_covered_display": "100", "missing_lines": 0, "excluded_lines": 0, "num_branches": 0, "num_partial_branches": 0, "covered_branches": 0, "missing_branches": 0}, "missing_lines": [], "excluded_lines": [], "executed_branches": [], "missing_branches": []}, "JsonlAlertSink._read_last": {"executed_lines": [127, 128, 129, 130, 131, 134, 135, 136, 137, 138, 139, 152, 153, 154], "summary": {"covered_lines": 14, "num_statements": 16, "percent_covered": 90.9090909090909, "percent_covered_display": "91", "missing_lines": 2, "excluded_lines": 0, "num_branches": 6, "num_partial_branches": 0, "covered_branches": 6, "missing_branches": 0}, "missing_lines": [132, 133], "excluded_lines": [], "executed_branches": [[128, 129], [128, 130], [134, 135], [134, 154], [137, 138], [137, 139]], "missing_branches": []}, "JsonlAlertSink.publish": {"executed_lines": [157, 158, 159, 160, 161, 162, 163, 164, 165, 166, 167, 168, 169], "summary": {"covered_lines": 13, "num_statements": 13, "percent_covered": 100.0, "percent_covered_display": "100", "missing_lines": 0, "excluded_lines": 0, "num_branches": 2, "num_partial_branches": 0, "covered_branches": 2, "missing_branches": 0}, "missing_lines": [], "excluded_lines": [], "executed_branches": [[158, 159], [158, 160]], "missing_branches": []}, "JsonlAlertSink.reconcile": {"executed_lines": [172], "summary": {"covered_lines": 1, "num_statements": 1, "percent_covered": 100.0, "percent_covered_display": "100", "missing_lines": 0, "excluded_lines": 0, "num_branches": 0, "num_partial_branches": 0, "covered_branches": 0, "missing_branches": 0}, "missing_lines": [], "excluded_lines": [], "executed_branches": [], "missing_branches": []}, "JsonlAlertSink.reconcile_scoped": {"executed_lines": [182, 183, 184, 185, 186, 187, 188, 201, 202], "summary": {"covered_lines": 9, "num_statements": 9, "percent_covered": 100.0, "percent_covered_display": "100", "missing_lines": 0, "excluded_lines": 0, "num_branches": 6, "num_partial_branches": 0, "covered_branches": 6, "missing_branches": 0}, "missing_lines": [], "excluded_lines": [], "executed_branches": [[183, 184], [183, 202], [184, 185], [184, 186], [186, 187], [186, 188]], "missing_branches": []}, "JsonlAlertSink.reconcile_one": {"executed_lines": [], "summary": {"covered_lines": 0, "num_statements": 1, "percent_covered": 0.0, "percent_covered_display": "0", "missing_lines": 1, "excluded_lines": 0, "num_branches": 0, "num_partial_branches": 0, "covered_branches": 0, "missing_branches": 0}, "missing_lines": [205], "excluded_lines": [], "executed_branches": [], "missing_branches": []}, "evaluate_health": {"executed_lines": [235, 236, 237, 238, 239, 240, 241, 242, 243, 244, 245, 246, 247, 259, 260, 261, 262, 264, 265], "summary": {"covered_lines": 19, "num_statements": 19, "percent_covered": 100.0, "percent_covered_display": "100", "missing_lines": 0, "excluded_lines": 0, "num_branches": 6, "num_partial_branches": 0, "covered_branches": 6, "missing_branches": 0}, "missing_lines": [], "excluded_lines": [], "executed_branches": [[239, 240], [239, 260], [242, 243], [242, 244], [261, 262], [261, 264]], "missing_branches": []}, "evaluate_backup": {"executed_lines": [277, 278, 279, 280, 281, 282, 283, 284], "summary": {"covered_lines": 8, "num_statements": 8, "percent_covered": 100.0, "percent_covered_display": "100", "missing_lines": 0, "excluded_lines": 0, "num_branches": 4, "num_partial_branches": 0, "covered_branches": 4, "missing_branches": 0}, "missing_lines": [], "excluded_lines": [], "executed_branches": [[279, 280], [279, 284], [281, 282], [281, 283]], "missing_branches": []}, "": {"executed_lines": [1, 10, 12, 13, 14, 15, 16, 17, 18, 19, 21, 24, 25, 26, 27, 28, 29, 30, 31, 32, 33, 34, 35, 36, 38, 42, 48, 52, 58, 63, 64, 66, 70, 79, 82, 114, 118, 119, 121, 126, 156, 171, 174, 204, 208, 227, 268, 302], "summary": {"covered_lines": 45, "num_statements": 45, "percent_covered": 100.0, "percent_covered_display": "100", "missing_lines": 0, "excluded_lines": 0, "num_branches": 0, "num_partial_branches": 0, "covered_branches": 0, "missing_branches": 0}, "missing_lines": [], "excluded_lines": [], "executed_branches": [], "missing_branches": []}}, "classes": {"AlertRecord": {"executed_lines": [39], "summary": {"covered_lines": 1, "num_statements": 1, "percent_covered": 100.0, "percent_covered_display": "100", "missing_lines": 0, "excluded_lines": 0, "num_branches": 0, "num_partial_branches": 0, "covered_branches": 0, "missing_branches": 0}, "missing_lines": [], "excluded_lines": [], "executed_branches": [], "missing_branches": []}, "AlertSink": {"executed_lines": [43, 45], "summary": {"covered_lines": 2, "num_statements": 2, "percent_covered": 66.66666666666667, "percent_covered_display": "67", "missing_lines": 0, "excluded_lines": 0, "num_branches": 4, "num_partial_branches": 2, "covered_branches": 2, "missing_branches": 2}, "missing_lines": [], "excluded_lines": [], "executed_branches": [[43, 45], [45, -42]], "missing_branches": [[43, -43], [45, -45]]}, "MemoryAlertSink": {"executed_lines": [67, 68, 71, 72, 73, 74, 75, 76, 77, 80, 90, 91, 92, 93, 94, 95, 96, 109, 110, 111, 112, 115], "summary": {"covered_lines": 22, "num_statements": 22, "percent_covered": 100.0, "percent_covered_display": "100", "missing_lines": 0, "excluded_lines": 0, "num_branches": 8, "num_partial_branches": 0, "covered_branches": 8, "missing_branches": 0}, "missing_lines": [], "excluded_lines": [], "executed_branches": [[73, 74], [73, 75], [91, 92], [91, 112], [92, 93], [92, 94], [94, 95], [94, 96]], "missing_branches": []}, "JsonlAlertSink": {"executed_lines": [122, 123, 124, 127, 128, 129, 130, 131, 134, 135, 136, 137, 138, 139, 152, 153, 154, 157, 158, 159, 160, 161, 162, 163, 164, 165, 166, 167, 168, 169, 172, 182, 183, 184, 185, 186, 187, 188, 201, 202], "summary": {"covered_lines": 40, "num_statements": 43, "percent_covered": 94.73684210526316, "percent_covered_display": "95", "missing_lines": 3, "excluded_lines": 0, "num_branches": 14, "num_partial_branches": 0, "covered_branches": 14, "missing_branches": 0}, "missing_lines": [132, 133, 205], "excluded_lines": [], "executed_branches": [[128, 129], [128, 130], [134, 135], [134, 154], [137, 138], [137, 139], [158, 159], [158, 160], [183, 184], [183, 202], [184, 185], [184, 186], [186, 187], [186, 188]], "missing_branches": []}, "": {"executed_lines": [1, 10, 12, 13, 14, 15, 16, 17, 18, 19, 21, 24, 25, 26, 27, 28, 29, 30, 31, 32, 33, 34, 35, 36, 38, 42, 48, 49, 52, 53, 54, 55, 58, 59, 60, 63, 64, 66, 70, 79, 82, 114, 118, 119, 121, 126, 156, 171, 174, 204, 208, 227, 235, 236, 237, 238, 239, 240, 241, 242, 243, 244, 245, 246, 247, 259, 260, 261, 262, 264, 265, 268, 277, 278, 279, 280, 281, 282, 283, 284, 302], "summary": {"covered_lines": 78, "num_statements": 78, "percent_covered": 100.0, "percent_covered_display": "100", "missing_lines": 0, "excluded_lines": 0, "num_branches": 10, "num_partial_branches": 0, "covered_branches": 10, "missing_branches": 0}, "missing_lines": [], "excluded_lines": [], "executed_branches": [[239, 240], [239, 260], [242, 243], [242, 244], [261, 262], [261, 264], [279, 280], [279, 284], [281, 282], [281, 283]], "missing_branches": []}}}, "meco_news\\app.py": {"executed_lines": [1, 3, 5, 6, 7, 8, 9, 10, 11, 12, 13, 14, 15, 16, 17, 18, 19, 20, 22, 24, 25, 26, 27, 28, 29, 30, 31, 32, 33, 34, 35, 36, 37, 40, 44, 45, 46, 47, 50, 51, 52, 62, 63, 64, 67, 68, 69, 71, 72, 73, 74, 75, 76, 77, 78, 79, 80, 81, 82, 83, 84, 85, 86, 87, 88, 89, 90, 91, 92, 93, 94, 95, 96, 97, 98, 99, 100, 102, 103, 104, 107, 108, 111, 112, 113, 114, 115, 116, 117, 120, 121, 122, 123, 124, 126, 129, 130, 134, 142, 143, 144, 148, 149, 150, 151, 152, 153, 154, 155, 156, 157, 158, 159, 162, 170, 171, 172, 173, 174, 175, 176, 177, 178, 184, 185, 194, 201, 204, 205, 206, 207, 208, 209, 210, 211, 212, 213, 214, 215, 216, 217, 220, 221, 223, 224, 225, 227, 235, 238, 256, 265, 277, 278, 279, 280, 283, 284, 285, 286, 287, 288, 289, 290, 291, 292, 293, 296, 297, 298, 299, 302, 303, 304, 305, 306, 307, 308, 311, 312, 313, 314, 315, 316, 317, 318, 319, 320, 321, 322, 323, 324, 325, 326, 327, 328, 329, 330, 342, 343, 344, 345, 346, 347, 348, 349, 350, 351, 352, 353, 354, 355, 375, 376, 377, 378, 380, 381, 383, 384, 385, 386, 387, 388, 389, 390, 391, 392, 393, 394, 395, 396, 397, 398, 399, 400, 403, 404, 405, 406, 407, 408, 409, 410, 411, 412, 413, 414, 415, 416, 417, 419, 420, 421, 422, 423, 424, 430, 434, 435, 436, 437, 451, 452, 453, 454, 455, 456, 457, 458, 459, 460, 462, 463, 464, 465, 466, 467, 468, 469, 470, 471, 472, 475, 476, 477, 478, 481, 495, 496, 497, 501, 502, 503, 504, 511, 512, 513, 514, 516, 524, 525, 541, 543, 544, 545, 547, 548, 549, 551, 552, 553, 554, 555, 556, 557, 558, 559, 560, 561, 562, 567, 569, 570, 574, 575, 578, 579, 582, 583, 584, 587, 588, 589, 590, 591, 599, 602, 603, 604, 605, 606, 616, 626, 627, 628, 629, 630, 637, 638, 647, 661, 665, 666, 667, 674, 675, 676, 677, 678, 679, 680, 681, 688, 694, 695, 696, 702, 710, 712, 713, 719, 726, 735, 736, 737, 738, 739, 740, 741, 744, 754, 755, 763, 772, 778, 784, 785, 787, 793, 801, 802, 803, 804, 805, 815, 816, 817, 818, 819, 820, 821, 823, 827, 828, 831, 832, 833, 840, 841, 842, 843, 844, 845, 853, 859, 868, 869, 879, 885, 886, 895, 902, 912, 913, 914, 922, 928, 937, 938, 942, 950, 955, 964, 965, 966, 967, 968, 969, 970, 971, 972, 973, 989, 1004, 1005, 1006, 1007, 1008, 1009, 1010, 1018, 1020, 1021, 1022, 1025, 1026, 1027, 1028, 1029, 1030, 1031, 1032, 1035, 1036, 1037, 1038, 1039, 1042, 1043, 1044, 1045, 1046, 1047, 1048, 1049, 1055, 1058, 1059, 1060, 1062, 1063, 1064, 1066, 1067, 1068, 1069, 1071, 1073, 1074, 1077, 1078, 1079, 1080, 1081, 1082, 1084, 1087, 1095, 1096, 1099, 1100, 1108, 1109, 1110, 1111, 1113, 1114, 1115, 1117, 1118, 1120, 1121, 1122, 1126, 1127, 1128, 1129, 1130, 1133, 1134, 1135, 1136, 1139, 1145, 1146, 1147, 1148, 1149, 1150, 1151, 1152, 1153, 1154, 1156, 1157, 1158, 1159, 1160, 1163, 1164, 1165, 1201, 1202, 1203, 1204, 1205, 1206, 1207, 1210, 1211, 1212, 1213, 1214, 1215, 1216, 1217, 1218, 1219, 1220, 1221, 1222, 1223, 1229, 1230, 1231, 1232, 1233, 1234, 1235, 1236, 1237, 1238, 1239, 1240, 1241, 1242, 1243, 1244, 1245, 1246, 1247, 1250, 1251, 1252, 1253, 1254, 1255, 1258, 1259, 1260, 1261, 1262, 1263, 1264, 1265, 1266, 1267, 1280, 1281, 1282, 1283, 1286, 1287, 1288, 1289, 1290, 1291, 1292, 1293, 1294, 1295, 1296, 1297, 1298, 1299, 1300, 1301, 1302, 1303, 1305, 1306, 1307, 1309, 1310, 1311, 1312, 1313, 1314, 1315, 1316, 1319, 1320, 1321, 1322, 1323, 1324, 1325, 1326, 1327, 1328, 1329, 1330, 1331, 1335, 1338, 1339, 1340, 1341, 1342, 1343, 1348, 1349, 1354, 1355, 1356, 1357, 1358, 1359, 1361, 1362, 1363, 1364, 1366, 1371, 1372, 1373, 1374, 1375, 1376, 1377, 1378, 1379, 1380, 1381, 1382, 1383, 1384, 1385, 1386, 1387, 1388, 1389, 1390, 1391, 1392, 1393, 1394, 1395, 1396, 1398, 1399, 1401, 1402, 1403, 1404, 1405, 1406, 1407, 1408, 1409, 1410, 1411, 1412, 1413, 1414, 1415, 1417, 1418, 1419, 1420, 1421, 1422, 1424, 1425, 1426, 1427, 1428, 1429, 1430, 1431, 1432, 1433, 1434, 1435, 1438, 1439, 1440, 1441, 1442, 1443, 1444, 1445, 1446, 1447, 1448, 1450, 1451, 1452, 1453, 1454, 1455, 1456, 1459, 1466, 1467, 1468, 1469, 1470, 1471, 1472, 1473, 1477, 1478, 1484, 1485, 1487, 1491, 1492, 1493, 1494, 1499, 1505, 1506, 1507, 1508, 1509, 1510, 1511, 1512, 1513, 1515, 1516, 1517, 1518, 1521, 1522, 1523, 1524, 1525, 1526, 1527, 1528, 1529, 1530, 1535, 1536, 1537, 1538, 1539, 1542, 1548, 1549, 1550, 1551, 1552, 1553, 1554, 1565, 1566, 1567, 1568, 1569, 1570, 1571, 1572, 1573, 1574, 1575, 1576, 1579], "summary": {"covered_lines": 806, "num_statements": 882, "percent_covered": 89.58333333333333, "percent_covered_display": "90", "missing_lines": 76, "excluded_lines": 0, "num_branches": 366, "num_partial_branches": 34, "covered_branches": 312, "missing_branches": 54}, "missing_lines": [379, 382, 401, 402, 418, 461, 515, 607, 615, 617, 625, 639, 646, 806, 814, 829, 830, 974, 979, 988, 994, 1003, 1050, 1051, 1070, 1097, 1098, 1123, 1124, 1131, 1137, 1138, 1161, 1167, 1169, 1170, 1171, 1172, 1173, 1174, 1175, 1176, 1177, 1178, 1179, 1180, 1181, 1182, 1183, 1184, 1185, 1186, 1188, 1189, 1190, 1191, 1192, 1195, 1196, 1197, 1198, 1199, 1304, 1308, 1332, 1333, 1531, 1532, 1534, 1541, 1543, 1544, 1545, 1546, 1547, 1580], "excluded_lines": [], "executed_branches": [[112, 113], [112, 114], [143, 144], [143, 148], [148, 149], [148, 150], [150, 151], [150, 156], [156, -134], [156, 157], [158, -134], [158, 159], [177, 178], [177, 184], [184, 185], [184, 194], [207, 208], [207, 210], [284, 285], [284, 287], [287, 288], [287, 289], [289, 290], [289, 291], [291, 292], [291, 293], [297, 298], [297, 299], [304, 305], [304, 308], [305, 306], [305, 307], [312, 313], [312, 314], [315, 316], [315, 317], [321, 322], [321, 330], [327, 328], [327, 329], [342, 343], [342, 345], [343, 342], [343, 344], [346, 347], [346, 348], [348, 349], [348, 350], [351, 352], [351, 353], [353, 354], [353, 355], [378, 380], [385, 386], [385, 387], [388, 389], [388, 390], [392, 393], [392, 394], [395, 396], [395, 397], [403, 404], [403, 405], [406, 407], [406, 408], [410, 411], [410, 412], [413, 414], [413, 451], [414, 415], [414, 416], [417, 419], [422, 423], [422, 424], [452, 453], [452, 454], [454, 455], [454, 456], [457, 458], [457, 459], [460, 462], [462, 463], [462, 472], [463, 464], [463, 465], [466, 467], [466, 468], [468, 469], [468, 470], [470, 462], [470, 471], [475, 476], [475, 478], [497, 501], [497, 543], [501, 502], [501, 503], [512, 513], [514, 516], [543, 544], [543, 547], [547, 548], [547, 551], [559, 560], [559, 562], [570, 574], [570, 575], [578, 579], [578, 583], [583, 584], [583, 588], [588, 589], [588, 604], [590, 591], [590, 602], [602, 603], [604, 605], [604, 661], [606, 616], [616, 626], [626, 627], [626, 629], [629, 630], [629, 638], [638, 647], [665, 666], [665, 778], [675, 676], [675, 678], [679, 680], [679, 736], [694, 695], [694, 712], [738, 739], [738, 740], [740, 741], [740, 744], [785, 787], [785, 802], [803, 804], [803, 817], [805, 815], [819, 820], [819, 831], [821, 823], [831, 802], [831, 832], [844, 845], [844, 869], [879, 885], [879, 913], [967, 831], [967, 968], [989, 1004], [1004, 1005], [1004, 1007], [1007, 1008], [1030, 1031], [1044, 1045], [1044, 1046], [1048, 1049], [1067, 1068], [1067, 1069], [1069, 1071], [1079, 1080], [1079, 1081], [1109, 1110], [1109, 1113], [1121, 1122], [1128, 1129], [1136, 1139], [1147, 1148], [1148, 1149], [1148, 1152], [1152, 1153], [1152, 1159], [1157, 1158], [1160, 1163], [1163, 1164], [1251, 1252], [1251, 1253], [1253, 1254], [1253, 1255], [1255, 1258], [1255, 1259], [1259, 1260], [1259, 1261], [1261, 1262], [1261, 1263], [1263, 1264], [1263, 1265], [1265, 1266], [1265, 1267], [1280, 1281], [1280, 1282], [1283, 1286], [1283, 1287], [1287, 1288], [1287, 1289], [1289, 1290], [1289, 1291], [1291, 1292], [1291, 1293], [1293, 1294], [1293, 1295], [1295, 1296], [1295, 1297], [1297, 1298], [1297, 1299], [1299, 1300], [1299, 1301], [1301, 1302], [1301, 1303], [1303, 1305], [1305, 1306], [1305, 1307], [1307, 1309], [1309, 1310], [1309, 1311], [1311, 1312], [1311, 1313], [1313, 1314], [1313, 1315], [1315, -1250], [1315, 1316], [1321, 1322], [1321, 1326], [1323, 1324], [1323, 1325], [1329, 1330], [1358, 1359], [1358, 1361], [1363, 1364], [1363, 1366], [1371, 1372], [1371, 1373], [1373, 1374], [1373, 1375], [1375, 1376], [1375, 1377], [1377, 1378], [1377, 1379], [1379, 1380], [1379, 1381], [1381, 1382], [1381, 1383], [1383, 1384], [1383, 1385], [1385, 1386], [1385, 1387], [1387, 1388], [1387, 1389], [1389, 1390], [1389, 1391], [1391, 1392], [1391, 1393], [1393, 1394], [1393, 1395], [1395, 1396], [1395, 1398], [1401, 1402], [1401, 1404], [1404, 1405], [1404, 1408], [1408, 1409], [1408, 1412], [1412, 1413], [1412, 1421], [1414, 1415], [1414, 1419], [1421, 1422], [1421, 1427], [1427, 1428], [1427, 1439], [1432, 1433], [1439, 1440], [1439, 1452], [1444, 1445], [1447, 1448], [1447, 1450], [1452, 1453], [1452, 1473], [1470, 1471], [1473, 1477], [1473, 1517], [1477, 1478], [1477, 1492], [1484, 1485], [1484, 1487], [1508, 1509], [1512, 1513], [1512, 1515], [1517, 1518], [1517, 1548], [1518, 1521], [1518, 1525], [1522, 1523], [1527, 1528], [1527, 1536], [1529, 1530], [1538, 1539], [1549, 1550], [1549, 1551], [1551, 1552], [1551, 1554], [1565, 1566], [1565, 1571], [1566, 1567], [1566, 1570], [1574, 1575], [1574, 1576], [1579, -1]], "missing_branches": [[378, 379], [417, 418], [460, 461], [512, 514], [514, 515], [602, 604], [606, 607], [616, 617], [638, 639], [805, 806], [821, 829], [989, 994], [1007, 1010], [1030, 1032], [1048, 1050], [1069, 1070], [1097, -1087], [1097, 1098], [1121, -1118], [1128, 1131], [1136, 1137], [1147, 1152], [1157, 1159], [1160, 1161], [1163, 1167], [1169, 1170], [1169, 1176], [1173, 1174], [1173, 1175], [1179, 1180], [1179, 1181], [1185, 1186], [1185, 1188], [1188, 1189], [1188, 1191], [1191, 1183], [1191, 1192], [1198, 1159], [1198, 1199], [1303, 1304], [1307, 1308], [1329, 1331], [1432, 1434], [1444, 1446], [1470, 1472], [1508, 1510], [1522, 1524], [1529, 1531], [1531, 1532], [1531, 1534], [1538, 1541], [1545, 1546], [1545, 1547], [1579, 1580]], "functions": {"_target_snapshot": {"executed_lines": [44, 45, 46, 47], "summary": {"covered_lines": 4, "num_statements": 4, "percent_covered": 100.0, "percent_covered_display": "100", "missing_lines": 0, "excluded_lines": 0, "num_branches": 0, "num_partial_branches": 0, "covered_branches": 0, "missing_branches": 0}, "missing_lines": [], "excluded_lines": [], "executed_branches": [], "missing_branches": []}, "_retry_policy_snapshot": {"executed_lines": [51, 52], "summary": {"covered_lines": 2, "num_statements": 2, "percent_covered": 100.0, "percent_covered_display": "100", "missing_lines": 0, "excluded_lines": 0, "num_branches": 0, "num_partial_branches": 0, "covered_branches": 0, "missing_branches": 0}, "missing_lines": [], "excluded_lines": [], "executed_branches": [], "missing_branches": []}, "RunOptions.from_namespace": {"executed_lines": [104], "summary": {"covered_lines": 1, "num_statements": 1, "percent_covered": 100.0, "percent_covered_display": "100", "missing_lines": 0, "excluded_lines": 0, "num_branches": 0, "num_partial_branches": 0, "covered_branches": 0, "missing_branches": 0}, "missing_lines": [], "excluded_lines": [], "executed_branches": [], "missing_branches": []}, "_delivery_date": {"executed_lines": [108], "summary": {"covered_lines": 1, "num_statements": 1, "percent_covered": 100.0, "percent_covered_display": "100", "missing_lines": 0, "excluded_lines": 0, "num_branches": 0, "num_partial_branches": 0, "covered_branches": 0, "missing_branches": 0}, "missing_lines": [], "excluded_lines": [], "executed_branches": [], "missing_branches": []}, "_parse_iso": {"executed_lines": [112, 113, 114, 115, 116, 117], "summary": {"covered_lines": 6, "num_statements": 6, "percent_covered": 100.0, "percent_covered_display": "100", "missing_lines": 0, "excluded_lines": 0, "num_branches": 2, "num_partial_branches": 0, "covered_branches": 2, "missing_branches": 0}, "missing_lines": [], "excluded_lines": [], "executed_branches": [[112, 113], [112, 114]], "missing_branches": []}, "_retry_delay": {"executed_lines": [121, 122, 123, 124, 126, 129, 130], "summary": {"covered_lines": 7, "num_statements": 7, "percent_covered": 100.0, "percent_covered_display": "100", "missing_lines": 0, "excluded_lines": 0, "num_branches": 0, "num_partial_branches": 0, "covered_branches": 0, "missing_branches": 0}, "missing_lines": [], "excluded_lines": [], "executed_branches": [], "missing_branches": []}, "_print_dry_run": {"executed_lines": [142, 143, 144, 148, 149, 150, 151, 152, 153, 154, 155, 156, 157, 158, 159], "summary": {"covered_lines": 15, "num_statements": 15, "percent_covered": 100.0, "percent_covered_display": "100", "missing_lines": 0, "excluded_lines": 0, "num_branches": 10, "num_partial_branches": 0, "covered_branches": 10, "missing_branches": 0}, "missing_lines": [], "excluded_lines": [], "executed_branches": [[143, 144], [143, 148], [148, 149], [148, 150], [150, 151], [150, 156], [156, -134], [156, 157], [158, -134], [158, 159]], "missing_branches": []}, "_collect_rank_select": {"executed_lines": [170, 171, 172, 173, 174, 175, 176, 177, 178, 184, 185, 194, 201], "summary": {"covered_lines": 13, "num_statements": 13, "percent_covered": 100.0, "percent_covered_display": "100", "missing_lines": 0, "excluded_lines": 0, "num_branches": 4, "num_partial_branches": 0, "covered_branches": 4, "missing_branches": 0}, "missing_lines": [], "excluded_lines": [], "executed_branches": [[177, 178], [177, 184], [184, 185], [184, 194]], "missing_branches": []}, "_history_reader": {"executed_lines": [205, 206, 207, 208, 209, 210, 211, 212, 213, 214, 215, 216, 217], "summary": {"covered_lines": 13, "num_statements": 13, "percent_covered": 100.0, "percent_covered_display": "100", "missing_lines": 0, "excluded_lines": 0, "num_branches": 2, "num_partial_branches": 0, "covered_branches": 2, "missing_branches": 0}, "missing_lines": [], "excluded_lines": [], "executed_branches": [[207, 208], [207, 210]], "missing_branches": []}, "_FrozenHistory.__init__": {"executed_lines": [224, 225], "summary": {"covered_lines": 2, "num_statements": 2, "percent_covered": 100.0, "percent_covered_display": "100", "missing_lines": 0, "excluded_lines": 0, "num_branches": 0, "num_partial_branches": 0, "covered_branches": 0, "missing_branches": 0}, "missing_lines": [], "excluded_lines": [], "executed_branches": [], "missing_branches": []}, "_FrozenHistory.identity_keys": {"executed_lines": [235], "summary": {"covered_lines": 1, "num_statements": 1, "percent_covered": 100.0, "percent_covered_display": "100", "missing_lines": 0, "excluded_lines": 0, "num_branches": 0, "num_partial_branches": 0, "covered_branches": 0, "missing_branches": 0}, "missing_lines": [], "excluded_lines": [], "executed_branches": [], "missing_branches": []}, "_frozen_text": {"executed_lines": [284, 285, 286, 287, 288, 289, 290, 291, 292, 293], "summary": {"covered_lines": 10, "num_statements": 10, "percent_covered": 100.0, "percent_covered_display": "100", "missing_lines": 0, "excluded_lines": 0, "num_branches": 8, "num_partial_branches": 0, "covered_branches": 8, "missing_branches": 0}, "missing_lines": [], "excluded_lines": [], "executed_branches": [[284, 285], [284, 287], [287, 288], [287, 289], [289, 290], [289, 291], [291, 292], [291, 293]], "missing_branches": []}, "_frozen_integer": {"executed_lines": [297, 298, 299], "summary": {"covered_lines": 3, "num_statements": 3, "percent_covered": 100.0, "percent_covered_display": "100", "missing_lines": 0, "excluded_lines": 0, "num_branches": 2, "num_partial_branches": 0, "covered_branches": 2, "missing_branches": 0}, "missing_lines": [], "excluded_lines": [], "executed_branches": [[297, 298], [297, 299]], "missing_branches": []}, "_reject_duplicate_json_keys": {"executed_lines": [303, 304, 305, 306, 307, 308], "summary": {"covered_lines": 6, "num_statements": 6, "percent_covered": 100.0, "percent_covered_display": "100", "missing_lines": 0, "excluded_lines": 0, "num_branches": 4, "num_partial_branches": 0, "covered_branches": 4, "missing_branches": 0}, "missing_lines": [], "excluded_lines": [], "executed_branches": [[304, 305], [304, 308], [305, 306], [305, 307]], "missing_branches": []}, "_frozen_item": {"executed_lines": [312, 313, 314, 315, 316, 317, 318, 319, 320, 321, 322, 323, 324, 325, 326, 327, 328, 329, 330, 342, 343, 344, 345, 346, 347, 348, 349, 350, 351, 352, 353, 354, 355], "summary": {"covered_lines": 33, "num_statements": 33, "percent_covered": 100.0, "percent_covered_display": "100", "missing_lines": 0, "excluded_lines": 0, "num_branches": 20, "num_partial_branches": 0, "covered_branches": 20, "missing_branches": 0}, "missing_lines": [], "excluded_lines": [], "executed_branches": [[312, 313], [312, 314], [315, 316], [315, 317], [321, 322], [321, 330], [327, 328], [327, 329], [342, 343], [342, 345], [343, 342], [343, 344], [346, 347], [346, 348], [348, 349], [348, 350], [351, 352], [351, 353], [353, 354], [353, 355]], "missing_branches": []}, "_load_frozen_input": {"executed_lines": [376, 377, 378, 380, 381, 383, 384, 385, 386, 387, 388, 389, 390, 391, 392, 393, 394, 395, 396, 397, 398, 399, 400, 403, 404, 405, 406, 407, 408, 409, 410, 411, 412, 413, 414, 415, 416, 417, 419, 420, 421, 422, 423, 424, 430, 434, 435, 436, 437, 451, 452, 453, 454, 455, 456, 457, 458, 459, 460, 462, 463, 464, 465, 466, 467, 468, 469, 470, 471, 472, 475, 476, 477, 478], "summary": {"covered_lines": 74, "num_statements": 80, "percent_covered": 92.74193548387096, "percent_covered_display": "93", "missing_lines": 6, "excluded_lines": 0, "num_branches": 44, "num_partial_branches": 3, "covered_branches": 41, "missing_branches": 3}, "missing_lines": [379, 382, 401, 402, 418, 461], "excluded_lines": [], "executed_branches": [[378, 380], [385, 386], [385, 387], [388, 389], [388, 390], [392, 393], [392, 394], [395, 396], [395, 397], [403, 404], [403, 405], [406, 407], [406, 408], [410, 411], [410, 412], [413, 414], [413, 451], [414, 415], [414, 416], [417, 419], [422, 423], [422, 424], [452, 453], [452, 454], [454, 455], [454, 456], [457, 458], [457, 459], [460, 462], [462, 463], [462, 472], [463, 464], [463, 465], [466, 467], [466, 468], [468, 469], [468, 470], [470, 462], [470, 471], [475, 476], [475, 478]], "missing_branches": [[378, 379], [417, 418], [460, 461]]}, "run_once": {"executed_lines": [495, 496, 497, 501, 502, 503, 504, 511, 512, 513, 514, 516, 524, 525, 541, 543, 544, 545, 547, 548, 549, 551, 552, 553, 554, 555, 556, 557, 558, 559, 560, 561, 562, 567, 569, 570, 574, 575, 578, 579, 582, 583, 584, 587, 588, 589, 590, 591, 599, 602, 603, 604, 605, 606, 616, 626, 627, 628, 629, 630, 637, 638, 647, 661, 665, 666, 667, 674, 675, 676, 677, 678, 679, 680, 681, 688, 694, 695, 696, 702, 710, 712, 713, 719, 726, 735, 736, 737, 738, 739, 740, 741, 744, 754, 755, 763, 772, 778, 784, 785, 787, 793, 801, 802, 803, 804, 805, 815, 816, 817, 818, 819, 820, 821, 823, 827, 828, 831, 832, 833, 840, 841, 842, 843, 844, 845, 853, 859, 868, 869, 879, 885, 886, 895, 902, 912, 913, 914, 922, 928, 937, 938, 942, 950, 955, 964, 965, 966, 967, 968, 969, 970, 971, 972, 973, 989, 1004, 1005, 1006, 1007, 1008, 1009, 1010, 1018, 1020, 1021, 1022], "summary": {"covered_lines": 167, "num_statements": 183, "percent_covered": 89.88326848249027, "percent_covered_display": "90", "missing_lines": 16, "excluded_lines": 0, "num_branches": 74, "num_partial_branches": 10, "covered_branches": 64, "missing_branches": 10}, "missing_lines": [515, 607, 615, 617, 625, 639, 646, 806, 814, 829, 830, 974, 979, 988, 994, 1003], "excluded_lines": [], "executed_branches": [[497, 501], [497, 543], [501, 502], [501, 503], [512, 513], [514, 516], [543, 544], [543, 547], [547, 548], [547, 551], [559, 560], [559, 562], [570, 574], [570, 575], [578, 579], [578, 583], [583, 584], [583, 588], [588, 589], [588, 604], [590, 591], [590, 602], [602, 603], [604, 605], [604, 661], [606, 616], [616, 626], [626, 627], [626, 629], [629, 630], [629, 638], [638, 647], [665, 666], [665, 778], [675, 676], [675, 678], [679, 680], [679, 736], [694, 695], [694, 712], [738, 739], [738, 740], [740, 741], [740, 744], [785, 787], [785, 802], [803, 804], [803, 817], [805, 815], [819, 820], [819, 831], [821, 823], [831, 802], [831, 832], [844, 845], [844, 869], [879, 885], [879, 913], [967, 831], [967, 968], [989, 1004], [1004, 1005], [1004, 1007], [1007, 1008]], "missing_branches": [[512, 514], [514, 515], [602, 604], [606, 607], [616, 617], [638, 639], [805, 806], [821, 829], [989, 994], [1007, 1010]]}, "_next_delivery": {"executed_lines": [1026, 1027, 1028, 1029, 1030, 1031, 1032], "summary": {"covered_lines": 7, "num_statements": 7, "percent_covered": 88.88888888888889, "percent_covered_display": "89", "missing_lines": 0, "excluded_lines": 0, "num_branches": 2, "num_partial_branches": 1, "covered_branches": 1, "missing_branches": 1}, "missing_lines": [], "excluded_lines": [], "executed_branches": [[1030, 1031]], "missing_branches": [[1030, 1032]]}, "_is_due": {"executed_lines": [1036, 1037, 1038, 1039], "summary": {"covered_lines": 4, "num_statements": 4, "percent_covered": 100.0, "percent_covered_display": "100", "missing_lines": 0, "excluded_lines": 0, "num_branches": 0, "num_partial_branches": 0, "covered_branches": 0, "missing_branches": 0}, "missing_lines": [], "excluded_lines": [], "executed_branches": [], "missing_branches": []}, "_has_recovery_work": {"executed_lines": [1043, 1044, 1045, 1046, 1047, 1048, 1049, 1055], "summary": {"covered_lines": 8, "num_statements": 10, "percent_covered": 78.57142857142857, "percent_covered_display": "79", "missing_lines": 2, "excluded_lines": 0, "num_branches": 4, "num_partial_branches": 1, "covered_branches": 3, "missing_branches": 1}, "missing_lines": [1050, 1051], "excluded_lines": [], "executed_branches": [[1044, 1045], [1044, 1046], [1048, 1049]], "missing_branches": [[1048, 1050]]}, "RunOutcome.__eq__": {"executed_lines": [1067, 1068, 1069, 1071], "summary": {"covered_lines": 4, "num_statements": 5, "percent_covered": 77.77777777777777, "percent_covered_display": "78", "missing_lines": 1, "excluded_lines": 0, "num_branches": 4, "num_partial_branches": 1, "covered_branches": 3, "missing_branches": 1}, "missing_lines": [1070], "excluded_lines": [], "executed_branches": [[1067, 1068], [1067, 1069], [1069, 1071]], "missing_branches": [[1069, 1070]]}, "RunOutcome.__int__": {"executed_lines": [1074], "summary": {"covered_lines": 1, "num_statements": 1, "percent_covered": 100.0, "percent_covered_display": "100", "missing_lines": 0, "excluded_lines": 0, "num_branches": 0, "num_partial_branches": 0, "covered_branches": 0, "missing_branches": 0}, "missing_lines": [], "excluded_lines": [], "executed_branches": [], "missing_branches": []}, "_next_durable_retry": {"executed_lines": [1078, 1079, 1080, 1081, 1082, 1084], "summary": {"covered_lines": 6, "num_statements": 6, "percent_covered": 100.0, "percent_covered_display": "100", "missing_lines": 0, "excluded_lines": 0, "num_branches": 2, "num_partial_branches": 0, "covered_branches": 2, "missing_branches": 0}, "missing_lines": [], "excluded_lines": [], "executed_branches": [[1079, 1080], [1079, 1081]], "missing_branches": []}, "_scheduler_heartbeat": {"executed_lines": [1095, 1096, 1099, 1100], "summary": {"covered_lines": 4, "num_statements": 6, "percent_covered": 50.0, "percent_covered_display": "50", "missing_lines": 2, "excluded_lines": 0, "num_branches": 2, "num_partial_branches": 0, "covered_branches": 0, "missing_branches": 2}, "missing_lines": [1097, 1098], "excluded_lines": [], "executed_branches": [], "missing_branches": [[1097, -1087], [1097, 1098]]}, "run_daemon": {"executed_lines": [1109, 1110, 1111, 1113, 1114, 1115, 1117, 1118, 1126, 1133, 1134, 1135, 1136, 1139, 1145, 1146, 1147, 1148, 1149, 1150, 1151, 1152, 1153, 1154, 1156, 1157, 1158, 1159, 1160, 1163, 1164, 1165, 1201, 1202, 1203, 1204, 1205, 1206, 1207], "summary": {"covered_lines": 39, "num_statements": 71, "percent_covered": 49.504950495049506, "percent_covered_display": "50", "missing_lines": 32, "excluded_lines": 0, "num_branches": 30, "num_partial_branches": 5, "covered_branches": 11, "missing_branches": 19}, "missing_lines": [1137, 1138, 1161, 1167, 1169, 1170, 1171, 1172, 1173, 1174, 1175, 1176, 1177, 1178, 1179, 1180, 1181, 1182, 1183, 1184, 1185, 1186, 1188, 1189, 1190, 1191, 1192, 1195, 1196, 1197, 1198, 1199], "excluded_lines": [], "executed_branches": [[1109, 1110], [1109, 1113], [1136, 1139], [1147, 1148], [1148, 1149], [1148, 1152], [1152, 1153], [1152, 1159], [1157, 1158], [1160, 1163], [1163, 1164]], "missing_branches": [[1136, 1137], [1147, 1152], [1157, 1159], [1160, 1161], [1163, 1167], [1169, 1170], [1169, 1176], [1173, 1174], [1173, 1175], [1179, 1180], [1179, 1181], [1185, 1186], [1185, 1188], [1188, 1189], [1188, 1191], [1191, 1183], [1191, 1192], [1198, 1159], [1198, 1199]]}, "run_daemon.reload_config": {"executed_lines": [1120, 1121, 1122], "summary": {"covered_lines": 3, "num_statements": 5, "percent_covered": 57.142857142857146, "percent_covered_display": "57", "missing_lines": 2, "excluded_lines": 0, "num_branches": 2, "num_partial_branches": 1, "covered_branches": 1, "missing_branches": 1}, "missing_lines": [1123, 1124], "excluded_lines": [], "executed_branches": [[1121, 1122]], "missing_branches": [[1121, -1118]]}, "run_daemon.consume_result": {"executed_lines": [1127, 1128, 1129, 1130], "summary": {"covered_lines": 4, "num_statements": 5, "percent_covered": 71.42857142857143, "percent_covered_display": "71", "missing_lines": 1, "excluded_lines": 0, "num_branches": 2, "num_partial_branches": 1, "covered_branches": 1, "missing_branches": 1}, "missing_lines": [1131], "excluded_lines": [], "executed_branches": [[1128, 1129]], "missing_branches": [[1128, 1131]]}, "build_parser": {"executed_lines": [1211, 1212, 1213, 1214, 1215, 1216, 1217, 1218, 1219, 1220, 1221, 1222, 1223, 1229, 1230, 1231, 1232, 1233, 1234, 1235, 1236, 1237, 1238, 1239, 1240, 1241, 1242, 1243, 1244, 1245, 1246, 1247], "summary": {"covered_lines": 32, "num_statements": 32, "percent_covered": 100.0, "percent_covered_display": "100", "missing_lines": 0, "excluded_lines": 0, "num_branches": 0, "num_partial_branches": 0, "covered_branches": 0, "missing_branches": 0}, "missing_lines": [], "excluded_lines": [], "executed_branches": [], "missing_branches": []}, "_validate_options": {"executed_lines": [1251, 1252, 1253, 1254, 1255, 1258, 1259, 1260, 1261, 1262, 1263, 1264, 1265, 1266, 1267, 1280, 1281, 1282, 1283, 1286, 1287, 1288, 1289, 1290, 1291, 1292, 1293, 1294, 1295, 1296, 1297, 1298, 1299, 1300, 1301, 1302, 1303, 1305, 1306, 1307, 1309, 1310, 1311, 1312, 1313, 1314, 1315, 1316], "summary": {"covered_lines": 48, "num_statements": 50, "percent_covered": 95.91836734693878, "percent_covered_display": "96", "missing_lines": 2, "excluded_lines": 0, "num_branches": 48, "num_partial_branches": 2, "covered_branches": 46, "missing_branches": 2}, "missing_lines": [1304, 1308], "excluded_lines": [], "executed_branches": [[1251, 1252], [1251, 1253], [1253, 1254], [1253, 1255], [1255, 1258], [1255, 1259], [1259, 1260], [1259, 1261], [1261, 1262], [1261, 1263], [1263, 1264], [1263, 1265], [1265, 1266], [1265, 1267], [1280, 1281], [1280, 1282], [1283, 1286], [1283, 1287], [1287, 1288], [1287, 1289], [1289, 1290], [1289, 1291], [1291, 1292], [1291, 1293], [1293, 1294], [1293, 1295], [1295, 1296], [1295, 1297], [1297, 1298], [1297, 1299], [1299, 1300], [1299, 1301], [1301, 1302], [1301, 1303], [1303, 1305], [1305, 1306], [1305, 1307], [1307, 1309], [1309, 1310], [1309, 1311], [1311, 1312], [1311, 1313], [1313, 1314], [1313, 1315], [1315, -1250], [1315, 1316]], "missing_branches": [[1303, 1304], [1307, 1308]]}, "_state_status": {"executed_lines": [1320, 1321, 1322, 1323, 1324, 1325, 1326, 1327, 1328, 1329, 1330, 1331, 1335], "summary": {"covered_lines": 13, "num_statements": 15, "percent_covered": 85.71428571428571, "percent_covered_display": "86", "missing_lines": 2, "excluded_lines": 0, "num_branches": 6, "num_partial_branches": 1, "covered_branches": 5, "missing_branches": 1}, "missing_lines": [1332, 1333], "excluded_lines": [], "executed_branches": [[1321, 1322], [1321, 1326], [1323, 1324], [1323, 1325], [1329, 1330]], "missing_branches": [[1329, 1331]]}, "main": {"executed_lines": [1339, 1340, 1341, 1342, 1343, 1348, 1349, 1354, 1355, 1356, 1357, 1358, 1359, 1361, 1362, 1363, 1364, 1366, 1371, 1372, 1373, 1374, 1375, 1376, 1377, 1378, 1379, 1380, 1381, 1382, 1383, 1384, 1385, 1386, 1387, 1388, 1389, 1390, 1391, 1392, 1393, 1394, 1395, 1396, 1398, 1399, 1401, 1402, 1403, 1404, 1405, 1406, 1407, 1408, 1409, 1410, 1411, 1412, 1413, 1414, 1415, 1417, 1418, 1419, 1420, 1421, 1422, 1424, 1425, 1426, 1427, 1428, 1429, 1430, 1431, 1432, 1433, 1434, 1435, 1438, 1439, 1440, 1441, 1442, 1443, 1444, 1445, 1446, 1447, 1448, 1450, 1451, 1452, 1453, 1454, 1455, 1456, 1459, 1466, 1467, 1468, 1469, 1470, 1471, 1472, 1473, 1477, 1478, 1484, 1485, 1487, 1491, 1492, 1493, 1494, 1499, 1505, 1506, 1507, 1508, 1509, 1510, 1511, 1512, 1513, 1515, 1516, 1517, 1518, 1521, 1522, 1523, 1524, 1525, 1526, 1527, 1528, 1529, 1530, 1535, 1536, 1537, 1538, 1539, 1542, 1548, 1549, 1550, 1551, 1552, 1553, 1554, 1565, 1566, 1567, 1568, 1569, 1570, 1571, 1572, 1573, 1574, 1575, 1576], "summary": {"covered_lines": 164, "num_statements": 173, "percent_covered": 92.45283018867924, "percent_covered_display": "92", "missing_lines": 9, "excluded_lines": 0, "num_branches": 92, "num_partial_branches": 7, "covered_branches": 81, "missing_branches": 11}, "missing_lines": [1531, 1532, 1534, 1541, 1543, 1544, 1545, 1546, 1547], "excluded_lines": [], "executed_branches": [[1358, 1359], [1358, 1361], [1363, 1364], [1363, 1366], [1371, 1372], [1371, 1373], [1373, 1374], [1373, 1375], [1375, 1376], [1375, 1377], [1377, 1378], [1377, 1379], [1379, 1380], [1379, 1381], [1381, 1382], [1381, 1383], [1383, 1384], [1383, 1385], [1385, 1386], [1385, 1387], [1387, 1388], [1387, 1389], [1389, 1390], [1389, 1391], [1391, 1392], [1391, 1393], [1393, 1394], [1393, 1395], [1395, 1396], [1395, 1398], [1401, 1402], [1401, 1404], [1404, 1405], [1404, 1408], [1408, 1409], [1408, 1412], [1412, 1413], [1412, 1421], [1414, 1415], [1414, 1419], [1421, 1422], [1421, 1427], [1427, 1428], [1427, 1439], [1432, 1433], [1439, 1440], [1439, 1452], [1444, 1445], [1447, 1448], [1447, 1450], [1452, 1453], [1452, 1473], [1470, 1471], [1473, 1477], [1473, 1517], [1477, 1478], [1477, 1492], [1484, 1485], [1484, 1487], [1508, 1509], [1512, 1513], [1512, 1515], [1517, 1518], [1517, 1548], [1518, 1521], [1518, 1525], [1522, 1523], [1527, 1528], [1527, 1536], [1529, 1530], [1538, 1539], [1549, 1550], [1549, 1551], [1551, 1552], [1551, 1554], [1565, 1566], [1565, 1571], [1566, 1567], [1566, 1570], [1574, 1575], [1574, 1576]], "missing_branches": [[1432, 1434], [1444, 1446], [1470, 1472], [1508, 1510], [1522, 1524], [1529, 1531], [1531, 1532], [1531, 1534], [1538, 1541], [1545, 1546], [1545, 1547]]}, "": {"executed_lines": [1, 3, 5, 6, 7, 8, 9, 10, 11, 12, 13, 14, 15, 16, 17, 18, 19, 20, 22, 24, 25, 26, 27, 28, 29, 30, 31, 32, 33, 34, 35, 36, 37, 40, 50, 62, 63, 64, 67, 68, 69, 71, 72, 73, 74, 75, 76, 77, 78, 79, 80, 81, 82, 83, 84, 85, 86, 87, 88, 89, 90, 91, 92, 93, 94, 95, 96, 97, 98, 99, 100, 102, 103, 107, 111, 120, 134, 162, 204, 220, 221, 223, 227, 238, 256, 265, 277, 278, 279, 280, 283, 296, 302, 311, 375, 481, 1025, 1035, 1042, 1058, 1059, 1060, 1062, 1063, 1064, 1066, 1073, 1077, 1087, 1108, 1210, 1250, 1319, 1338, 1579], "summary": {"covered_lines": 111, "num_statements": 112, "percent_covered": 98.24561403508773, "percent_covered_display": "98", "missing_lines": 1, "excluded_lines": 0, "num_branches": 2, "num_partial_branches": 1, "covered_branches": 1, "missing_branches": 1}, "missing_lines": [1580], "excluded_lines": [], "executed_branches": [[1579, -1]], "missing_branches": [[1579, 1580]]}}, "classes": {"RunOptions": {"executed_lines": [104], "summary": {"covered_lines": 1, "num_statements": 1, "percent_covered": 100.0, "percent_covered_display": "100", "missing_lines": 0, "excluded_lines": 0, "num_branches": 0, "num_partial_branches": 0, "covered_branches": 0, "missing_branches": 0}, "missing_lines": [], "excluded_lines": [], "executed_branches": [], "missing_branches": []}, "_FrozenHistory": {"executed_lines": [224, 225, 235], "summary": {"covered_lines": 3, "num_statements": 3, "percent_covered": 100.0, "percent_covered_display": "100", "missing_lines": 0, "excluded_lines": 0, "num_branches": 0, "num_partial_branches": 0, "covered_branches": 0, "missing_branches": 0}, "missing_lines": [], "excluded_lines": [], "executed_branches": [], "missing_branches": []}, "RunOutcome": {"executed_lines": [1067, 1068, 1069, 1071, 1074], "summary": {"covered_lines": 5, "num_statements": 6, "percent_covered": 80.0, "percent_covered_display": "80", "missing_lines": 1, "excluded_lines": 0, "num_branches": 4, "num_partial_branches": 1, "covered_branches": 3, "missing_branches": 1}, "missing_lines": [1070], "excluded_lines": [], "executed_branches": [[1067, 1068], [1067, 1069], [1069, 1071]], "missing_branches": [[1069, 1070]]}, "": {"executed_lines": [1, 3, 5, 6, 7, 8, 9, 10, 11, 12, 13, 14, 15, 16, 17, 18, 19, 20, 22, 24, 25, 26, 27, 28, 29, 30, 31, 32, 33, 34, 35, 36, 37, 40, 44, 45, 46, 47, 50, 51, 52, 62, 63, 64, 67, 68, 69, 71, 72, 73, 74, 75, 76, 77, 78, 79, 80, 81, 82, 83, 84, 85, 86, 87, 88, 89, 90, 91, 92, 93, 94, 95, 96, 97, 98, 99, 100, 102, 103, 107, 108, 111, 112, 113, 114, 115, 116, 117, 120, 121, 122, 123, 124, 126, 129, 130, 134, 142, 143, 144, 148, 149, 150, 151, 152, 153, 154, 155, 156, 157, 158, 159, 162, 170, 171, 172, 173, 174, 175, 176, 177, 178, 184, 185, 194, 201, 204, 205, 206, 207, 208, 209, 210, 211, 212, 213, 214, 215, 216, 217, 220, 221, 223, 227, 238, 256, 265, 277, 278, 279, 280, 283, 284, 285, 286, 287, 288, 289, 290, 291, 292, 293, 296, 297, 298, 299, 302, 303, 304, 305, 306, 307, 308, 311, 312, 313, 314, 315, 316, 317, 318, 319, 320, 321, 322, 323, 324, 325, 326, 327, 328, 329, 330, 342, 343, 344, 345, 346, 347, 348, 349, 350, 351, 352, 353, 354, 355, 375, 376, 377, 378, 380, 381, 383, 384, 385, 386, 387, 388, 389, 390, 391, 392, 393, 394, 395, 396, 397, 398, 399, 400, 403, 404, 405, 406, 407, 408, 409, 410, 411, 412, 413, 414, 415, 416, 417, 419, 420, 421, 422, 423, 424, 430, 434, 435, 436, 437, 451, 452, 453, 454, 455, 456, 457, 458, 459, 460, 462, 463, 464, 465, 466, 467, 468, 469, 470, 471, 472, 475, 476, 477, 478, 481, 495, 496, 497, 501, 502, 503, 504, 511, 512, 513, 514, 516, 524, 525, 541, 543, 544, 545, 547, 548, 549, 551, 552, 553, 554, 555, 556, 557, 558, 559, 560, 561, 562, 567, 569, 570, 574, 575, 578, 579, 582, 583, 584, 587, 588, 589, 590, 591, 599, 602, 603, 604, 605, 606, 616, 626, 627, 628, 629, 630, 637, 638, 647, 661, 665, 666, 667, 674, 675, 676, 677, 678, 679, 680, 681, 688, 694, 695, 696, 702, 710, 712, 713, 719, 726, 735, 736, 737, 738, 739, 740, 741, 744, 754, 755, 763, 772, 778, 784, 785, 787, 793, 801, 802, 803, 804, 805, 815, 816, 817, 818, 819, 820, 821, 823, 827, 828, 831, 832, 833, 840, 841, 842, 843, 844, 845, 853, 859, 868, 869, 879, 885, 886, 895, 902, 912, 913, 914, 922, 928, 937, 938, 942, 950, 955, 964, 965, 966, 967, 968, 969, 970, 971, 972, 973, 989, 1004, 1005, 1006, 1007, 1008, 1009, 1010, 1018, 1020, 1021, 1022, 1025, 1026, 1027, 1028, 1029, 1030, 1031, 1032, 1035, 1036, 1037, 1038, 1039, 1042, 1043, 1044, 1045, 1046, 1047, 1048, 1049, 1055, 1058, 1059, 1060, 1062, 1063, 1064, 1066, 1073, 1077, 1078, 1079, 1080, 1081, 1082, 1084, 1087, 1095, 1096, 1099, 1100, 1108, 1109, 1110, 1111, 1113, 1114, 1115, 1117, 1118, 1120, 1121, 1122, 1126, 1127, 1128, 1129, 1130, 1133, 1134, 1135, 1136, 1139, 1145, 1146, 1147, 1148, 1149, 1150, 1151, 1152, 1153, 1154, 1156, 1157, 1158, 1159, 1160, 1163, 1164, 1165, 1201, 1202, 1203, 1204, 1205, 1206, 1207, 1210, 1211, 1212, 1213, 1214, 1215, 1216, 1217, 1218, 1219, 1220, 1221, 1222, 1223, 1229, 1230, 1231, 1232, 1233, 1234, 1235, 1236, 1237, 1238, 1239, 1240, 1241, 1242, 1243, 1244, 1245, 1246, 1247, 1250, 1251, 1252, 1253, 1254, 1255, 1258, 1259, 1260, 1261, 1262, 1263, 1264, 1265, 1266, 1267, 1280, 1281, 1282, 1283, 1286, 1287, 1288, 1289, 1290, 1291, 1292, 1293, 1294, 1295, 1296, 1297, 1298, 1299, 1300, 1301, 1302, 1303, 1305, 1306, 1307, 1309, 1310, 1311, 1312, 1313, 1314, 1315, 1316, 1319, 1320, 1321, 1322, 1323, 1324, 1325, 1326, 1327, 1328, 1329, 1330, 1331, 1335, 1338, 1339, 1340, 1341, 1342, 1343, 1348, 1349, 1354, 1355, 1356, 1357, 1358, 1359, 1361, 1362, 1363, 1364, 1366, 1371, 1372, 1373, 1374, 1375, 1376, 1377, 1378, 1379, 1380, 1381, 1382, 1383, 1384, 1385, 1386, 1387, 1388, 1389, 1390, 1391, 1392, 1393, 1394, 1395, 1396, 1398, 1399, 1401, 1402, 1403, 1404, 1405, 1406, 1407, 1408, 1409, 1410, 1411, 1412, 1413, 1414, 1415, 1417, 1418, 1419, 1420, 1421, 1422, 1424, 1425, 1426, 1427, 1428, 1429, 1430, 1431, 1432, 1433, 1434, 1435, 1438, 1439, 1440, 1441, 1442, 1443, 1444, 1445, 1446, 1447, 1448, 1450, 1451, 1452, 1453, 1454, 1455, 1456, 1459, 1466, 1467, 1468, 1469, 1470, 1471, 1472, 1473, 1477, 1478, 1484, 1485, 1487, 1491, 1492, 1493, 1494, 1499, 1505, 1506, 1507, 1508, 1509, 1510, 1511, 1512, 1513, 1515, 1516, 1517, 1518, 1521, 1522, 1523, 1524, 1525, 1526, 1527, 1528, 1529, 1530, 1535, 1536, 1537, 1538, 1539, 1542, 1548, 1549, 1550, 1551, 1552, 1553, 1554, 1565, 1566, 1567, 1568, 1569, 1570, 1571, 1572, 1573, 1574, 1575, 1576, 1579], "summary": {"covered_lines": 797, "num_statements": 872, "percent_covered": 89.62722852512155, "percent_covered_display": "90", "missing_lines": 75, "excluded_lines": 0, "num_branches": 362, "num_partial_branches": 33, "covered_branches": 309, "missing_branches": 53}, "missing_lines": [379, 382, 401, 402, 418, 461, 515, 607, 615, 617, 625, 639, 646, 806, 814, 829, 830, 974, 979, 988, 994, 1003, 1050, 1051, 1097, 1098, 1123, 1124, 1131, 1137, 1138, 1161, 1167, 1169, 1170, 1171, 1172, 1173, 1174, 1175, 1176, 1177, 1178, 1179, 1180, 1181, 1182, 1183, 1184, 1185, 1186, 1188, 1189, 1190, 1191, 1192, 1195, 1196, 1197, 1198, 1199, 1304, 1308, 1332, 1333, 1531, 1532, 1534, 1541, 1543, 1544, 1545, 1546, 1547, 1580], "excluded_lines": [], "executed_branches": [[112, 113], [112, 114], [143, 144], [143, 148], [148, 149], [148, 150], [150, 151], [150, 156], [156, -134], [156, 157], [158, -134], [158, 159], [177, 178], [177, 184], [184, 185], [184, 194], [207, 208], [207, 210], [284, 285], [284, 287], [287, 288], [287, 289], [289, 290], [289, 291], [291, 292], [291, 293], [297, 298], [297, 299], [304, 305], [304, 308], [305, 306], [305, 307], [312, 313], [312, 314], [315, 316], [315, 317], [321, 322], [321, 330], [327, 328], [327, 329], [342, 343], [342, 345], [343, 342], [343, 344], [346, 347], [346, 348], [348, 349], [348, 350], [351, 352], [351, 353], [353, 354], [353, 355], [378, 380], [385, 386], [385, 387], [388, 389], [388, 390], [392, 393], [392, 394], [395, 396], [395, 397], [403, 404], [403, 405], [406, 407], [406, 408], [410, 411], [410, 412], [413, 414], [413, 451], [414, 415], [414, 416], [417, 419], [422, 423], [422, 424], [452, 453], [452, 454], [454, 455], [454, 456], [457, 458], [457, 459], [460, 462], [462, 463], [462, 472], [463, 464], [463, 465], [466, 467], [466, 468], [468, 469], [468, 470], [470, 462], [470, 471], [475, 476], [475, 478], [497, 501], [497, 543], [501, 502], [501, 503], [512, 513], [514, 516], [543, 544], [543, 547], [547, 548], [547, 551], [559, 560], [559, 562], [570, 574], [570, 575], [578, 579], [578, 583], [583, 584], [583, 588], [588, 589], [588, 604], [590, 591], [590, 602], [602, 603], [604, 605], [604, 661], [606, 616], [616, 626], [626, 627], [626, 629], [629, 630], [629, 638], [638, 647], [665, 666], [665, 778], [675, 676], [675, 678], [679, 680], [679, 736], [694, 695], [694, 712], [738, 739], [738, 740], [740, 741], [740, 744], [785, 787], [785, 802], [803, 804], [803, 817], [805, 815], [819, 820], [819, 831], [821, 823], [831, 802], [831, 832], [844, 845], [844, 869], [879, 885], [879, 913], [967, 831], [967, 968], [989, 1004], [1004, 1005], [1004, 1007], [1007, 1008], [1030, 1031], [1044, 1045], [1044, 1046], [1048, 1049], [1079, 1080], [1079, 1081], [1109, 1110], [1109, 1113], [1121, 1122], [1128, 1129], [1136, 1139], [1147, 1148], [1148, 1149], [1148, 1152], [1152, 1153], [1152, 1159], [1157, 1158], [1160, 1163], [1163, 1164], [1251, 1252], [1251, 1253], [1253, 1254], [1253, 1255], [1255, 1258], [1255, 1259], [1259, 1260], [1259, 1261], [1261, 1262], [1261, 1263], [1263, 1264], [1263, 1265], [1265, 1266], [1265, 1267], [1280, 1281], [1280, 1282], [1283, 1286], [1283, 1287], [1287, 1288], [1287, 1289], [1289, 1290], [1289, 1291], [1291, 1292], [1291, 1293], [1293, 1294], [1293, 1295], [1295, 1296], [1295, 1297], [1297, 1298], [1297, 1299], [1299, 1300], [1299, 1301], [1301, 1302], [1301, 1303], [1303, 1305], [1305, 1306], [1305, 1307], [1307, 1309], [1309, 1310], [1309, 1311], [1311, 1312], [1311, 1313], [1313, 1314], [1313, 1315], [1315, -1250], [1315, 1316], [1321, 1322], [1321, 1326], [1323, 1324], [1323, 1325], [1329, 1330], [1358, 1359], [1358, 1361], [1363, 1364], [1363, 1366], [1371, 1372], [1371, 1373], [1373, 1374], [1373, 1375], [1375, 1376], [1375, 1377], [1377, 1378], [1377, 1379], [1379, 1380], [1379, 1381], [1381, 1382], [1381, 1383], [1383, 1384], [1383, 1385], [1385, 1386], [1385, 1387], [1387, 1388], [1387, 1389], [1389, 1390], [1389, 1391], [1391, 1392], [1391, 1393], [1393, 1394], [1393, 1395], [1395, 1396], [1395, 1398], [1401, 1402], [1401, 1404], [1404, 1405], [1404, 1408], [1408, 1409], [1408, 1412], [1412, 1413], [1412, 1421], [1414, 1415], [1414, 1419], [1421, 1422], [1421, 1427], [1427, 1428], [1427, 1439], [1432, 1433], [1439, 1440], [1439, 1452], [1444, 1445], [1447, 1448], [1447, 1450], [1452, 1453], [1452, 1473], [1470, 1471], [1473, 1477], [1473, 1517], [1477, 1478], [1477, 1492], [1484, 1485], [1484, 1487], [1508, 1509], [1512, 1513], [1512, 1515], [1517, 1518], [1517, 1548], [1518, 1521], [1518, 1525], [1522, 1523], [1527, 1528], [1527, 1536], [1529, 1530], [1538, 1539], [1549, 1550], [1549, 1551], [1551, 1552], [1551, 1554], [1565, 1566], [1565, 1571], [1566, 1567], [1566, 1570], [1574, 1575], [1574, 1576], [1579, -1]], "missing_branches": [[378, 379], [417, 418], [460, 461], [512, 514], [514, 515], [602, 604], [606, 607], [616, 617], [638, 639], [805, 806], [821, 829], [989, 994], [1007, 1010], [1030, 1032], [1048, 1050], [1097, -1087], [1097, 1098], [1121, -1118], [1128, 1131], [1136, 1137], [1147, 1152], [1157, 1159], [1160, 1161], [1163, 1167], [1169, 1170], [1169, 1176], [1173, 1174], [1173, 1175], [1179, 1180], [1179, 1181], [1185, 1186], [1185, 1188], [1188, 1189], [1188, 1191], [1191, 1183], [1191, 1192], [1198, 1159], [1198, 1199], [1303, 1304], [1307, 1308], [1329, 1331], [1432, 1434], [1444, 1446], [1470, 1472], [1508, 1510], [1522, 1524], [1529, 1531], [1531, 1532], [1531, 1534], [1538, 1541], [1545, 1546], [1545, 1547], [1579, 1580]]}}}, "meco_news\\backup.py": {"executed_lines": [1, 3, 5, 6, 7, 8, 9, 10, 11, 12, 13, 14, 15, 16, 18, 19, 20, 21, 24, 25, 26, 27, 28, 31, 44, 45, 46, 47, 48, 49, 52, 53, 54, 57, 58, 59, 60, 61, 62, 63, 70, 73, 76, 79, 80, 81, 82, 83, 84, 87, 90, 93, 94, 95, 96, 97, 98, 99, 100, 101, 102, 105, 106, 107, 108, 110, 111, 112, 115, 116, 117, 118, 119, 120, 121, 122, 123, 124, 125, 126, 127, 128, 129, 132, 140, 141, 142, 143, 144, 145, 146, 147, 148, 149, 150, 151, 152, 153, 154, 155, 159, 161, 163, 164, 165, 166, 168, 170, 171, 172, 173, 174, 175, 186, 187, 188, 190, 191, 192, 199, 200, 201, 202, 203, 209, 210, 211, 212, 213, 214, 215, 216, 217, 218, 219, 220, 221, 222, 223, 224, 225, 227, 228, 229, 230, 231, 232, 233, 234, 235, 236, 237, 238, 239, 240, 241, 242, 245, 246, 247, 248, 249, 250, 251, 254, 255, 260, 263, 264, 265, 266, 267, 268, 269, 270, 271, 272, 273, 274, 275, 276, 278, 279, 280, 281, 287, 294, 295, 296, 298, 301, 302, 303, 304, 305, 306, 307, 308, 309, 310, 313, 316, 317, 318, 319, 320, 324, 327, 330, 331, 332, 333, 334, 337, 340, 341, 342, 343, 344, 345, 346, 347, 348, 349, 352, 353, 354, 358, 359, 360, 379, 380, 383, 391, 392, 393, 394, 395, 396, 397, 398, 399, 400, 402, 405, 406, 407, 408, 409, 410, 412, 413, 415, 418, 419, 420, 422, 424, 425, 426, 427, 428, 429, 430, 431, 432, 433, 434, 435, 436, 438, 439, 440, 442, 443, 444, 445, 446, 447, 448, 449, 450, 451, 455, 456, 457, 458, 459, 460, 461, 462, 463, 464, 467, 468, 469, 470, 471, 472, 473, 474, 478, 479, 480, 481, 483, 484, 485, 488], "summary": {"covered_lines": 308, "num_statements": 345, "percent_covered": 87.5776397515528, "percent_covered_display": "88", "missing_lines": 37, "excluded_lines": 0, "num_branches": 138, "num_partial_branches": 19, "covered_branches": 115, "missing_branches": 23}, "missing_lines": [64, 65, 67, 109, 156, 160, 167, 169, 193, 194, 195, 196, 207, 208, 226, 277, 361, 362, 363, 367, 368, 369, 373, 374, 375, 376, 377, 401, 403, 414, 421, 423, 437, 441, 475, 476, 477], "excluded_lines": [], "executed_branches": [[47, 48], [47, 49], [58, 59], [58, 60], [94, 95], [94, 102], [97, 98], [97, 99], [99, 100], [99, 101], [105, 106], [105, 112], [108, 110], [110, 105], [110, 111], [141, 142], [141, 143], [145, 146], [145, 149], [155, 159], [159, 161], [166, 168], [168, 170], [200, 201], [200, 202], [209, 210], [209, 211], [213, 214], [213, 215], [215, 216], [215, 217], [217, 218], [217, 219], [219, 220], [219, 221], [221, 222], [221, 223], [223, 224], [223, 225], [225, 227], [227, 228], [227, 229], [229, 230], [229, 231], [231, 232], [231, 233], [233, 234], [233, 236], [234, 233], [234, 235], [240, 241], [240, 242], [247, 248], [247, 251], [248, 249], [248, 250], [263, 264], [263, 265], [269, 270], [269, 271], [274, 275], [274, 278], [275, 276], [278, 279], [278, 280], [304, 305], [304, 310], [306, 304], [306, 307], [317, 318], [317, 324], [318, 319], [318, 320], [330, 331], [330, 334], [332, 330], [332, 333], [340, 341], [340, 342], [347, 348], [347, 349], [352, 353], [352, 354], [359, 360], [393, 394], [393, 395], [395, 396], [395, 397], [400, 402], [402, 405], [407, 408], [407, 409], [409, 410], [409, 412], [413, 415], [420, 422], [422, 424], [436, 438], [440, 442], [444, 445], [444, 455], [447, 448], [447, 461], [448, 447], [448, 449], [455, 456], [455, 461], [456, 455], [456, 457], [467, 468], [470, 471], [470, 474], [471, 472], [474, 478], [478, 479]], "missing_branches": [[108, 109], [155, 156], [159, 160], [166, 167], [168, 169], [225, 226], [275, 277], [359, 361], [368, 369], [368, 373], [400, 401], [402, 403], [413, 414], [420, 421], [422, 423], [436, 437], [440, 441], [467, 470], [471, 470], [474, 475], [475, 474], [475, 476], [478, 481]], "functions": {"_sha256": {"executed_lines": [45, 46, 47, 48, 49], "summary": {"covered_lines": 5, "num_statements": 5, "percent_covered": 100.0, "percent_covered_display": "100", "missing_lines": 0, "excluded_lines": 0, "num_branches": 2, "num_partial_branches": 0, "covered_branches": 2, "missing_branches": 0}, "missing_lines": [], "excluded_lines": [], "executed_branches": [[47, 48], [47, 49]], "missing_branches": []}, "_fsync_file": {"executed_lines": [53, 54], "summary": {"covered_lines": 2, "num_statements": 2, "percent_covered": 100.0, "percent_covered_display": "100", "missing_lines": 0, "excluded_lines": 0, "num_branches": 0, "num_partial_branches": 0, "covered_branches": 0, "missing_branches": 0}, "missing_lines": [], "excluded_lines": [], "executed_branches": [], "missing_branches": []}, "_fsync_directory": {"executed_lines": [58, 59, 60, 61, 62, 63], "summary": {"covered_lines": 6, "num_statements": 9, "percent_covered": 72.72727272727273, "percent_covered_display": "73", "missing_lines": 3, "excluded_lines": 0, "num_branches": 2, "num_partial_branches": 0, "covered_branches": 2, "missing_branches": 0}, "missing_lines": [64, 65, 67], "excluded_lines": [], "executed_branches": [[58, 59], [58, 60]], "missing_branches": []}, "_path_exists": {"executed_lines": [73], "summary": {"covered_lines": 1, "num_statements": 1, "percent_covered": 100.0, "percent_covered_display": "100", "missing_lines": 0, "excluded_lines": 0, "num_branches": 0, "num_partial_branches": 0, "covered_branches": 0, "missing_branches": 0}, "missing_lines": [], "excluded_lines": [], "executed_branches": [], "missing_branches": []}, "_reserve_file": {"executed_lines": [79, 80, 81, 82, 83, 84], "summary": {"covered_lines": 6, "num_statements": 6, "percent_covered": 100.0, "percent_covered_display": "100", "missing_lines": 0, "excluded_lines": 0, "num_branches": 0, "num_partial_branches": 0, "covered_branches": 0, "missing_branches": 0}, "missing_lines": [], "excluded_lines": [], "executed_branches": [], "missing_branches": []}, "_sqlite_sidecars": {"executed_lines": [90], "summary": {"covered_lines": 1, "num_statements": 1, "percent_covered": 100.0, "percent_covered_display": "100", "missing_lines": 0, "excluded_lines": 0, "num_branches": 0, "num_partial_branches": 0, "covered_branches": 0, "missing_branches": 0}, "missing_lines": [], "excluded_lines": [], "executed_branches": [], "missing_branches": []}, "_new_backup_path": {"executed_lines": [94, 95, 96, 97, 98, 99, 100, 101, 102, 105, 106, 107, 108, 110, 111, 112], "summary": {"covered_lines": 16, "num_statements": 17, "percent_covered": 93.10344827586206, "percent_covered_display": "93", "missing_lines": 1, "excluded_lines": 0, "num_branches": 12, "num_partial_branches": 1, "covered_branches": 11, "missing_branches": 1}, "missing_lines": [109], "excluded_lines": [], "executed_branches": [[94, 95], [94, 102], [97, 98], [97, 99], [99, 100], [99, 101], [105, 106], [105, 112], [108, 110], [110, 105], [110, 111]], "missing_branches": [[108, 109]]}, "_write_manifest_atomic": {"executed_lines": [116, 117, 118, 119, 120, 121, 122, 123, 124, 125, 126, 127, 128, 129], "summary": {"covered_lines": 14, "num_statements": 14, "percent_covered": 100.0, "percent_covered_display": "100", "missing_lines": 0, "excluded_lines": 0, "num_branches": 0, "num_partial_branches": 0, "covered_branches": 0, "missing_branches": 0}, "missing_lines": [], "excluded_lines": [], "executed_branches": [], "missing_branches": []}, "create_backup": {"executed_lines": [140, 141, 142, 143, 144, 145, 146, 147, 148, 149, 150, 151, 152, 153, 154, 155, 159, 161, 163, 164, 165, 166, 168, 170, 171, 172, 173, 174, 175, 186, 187, 188, 190, 191, 192], "summary": {"covered_lines": 35, "num_statements": 43, "percent_covered": 78.18181818181819, "percent_covered_display": "78", "missing_lines": 8, "excluded_lines": 0, "num_branches": 12, "num_partial_branches": 4, "covered_branches": 8, "missing_branches": 4}, "missing_lines": [156, 160, 167, 169, 193, 194, 195, 196], "excluded_lines": [], "executed_branches": [[141, 142], [141, 143], [145, 146], [145, 149], [155, 159], [159, 161], [166, 168], [168, 170]], "missing_branches": [[155, 156], [159, 160], [166, 167], [168, 169]]}, "_load_manifest": {"executed_lines": [200, 201, 202, 203, 209, 210, 211, 212, 213, 214, 215, 216, 217, 218, 219, 220, 221, 222, 223, 224, 225, 227, 228, 229, 230, 231, 232, 233, 234, 235, 236, 237, 238, 239, 240, 241, 242], "summary": {"covered_lines": 37, "num_statements": 40, "percent_covered": 94.28571428571429, "percent_covered_display": "94", "missing_lines": 3, "excluded_lines": 0, "num_branches": 30, "num_partial_branches": 1, "covered_branches": 29, "missing_branches": 1}, "missing_lines": [207, 208, 226], "excluded_lines": [], "executed_branches": [[200, 201], [200, 202], [209, 210], [209, 211], [213, 214], [213, 215], [215, 216], [215, 217], [217, 218], [217, 219], [219, 220], [219, 221], [221, 222], [221, 223], [223, 224], [223, 225], [225, 227], [227, 228], [227, 229], [229, 230], [229, 231], [231, 232], [231, 233], [233, 234], [233, 236], [234, 233], [234, 235], [240, 241], [240, 242]], "missing_branches": [[225, 226]]}, "_reject_duplicate_json_keys": {"executed_lines": [246, 247, 248, 249, 250, 251], "summary": {"covered_lines": 6, "num_statements": 6, "percent_covered": 100.0, "percent_covered_display": "100", "missing_lines": 0, "excluded_lines": 0, "num_branches": 4, "num_partial_branches": 0, "covered_branches": 4, "missing_branches": 0}, "missing_lines": [], "excluded_lines": [], "executed_branches": [[247, 248], [247, 251], [248, 249], [248, 250]], "missing_branches": []}, "_safe_filename": {"executed_lines": [255], "summary": {"covered_lines": 1, "num_statements": 1, "percent_covered": 100.0, "percent_covered_display": "100", "missing_lines": 0, "excluded_lines": 0, "num_branches": 0, "num_partial_branches": 0, "covered_branches": 0, "missing_branches": 0}, "missing_lines": [], "excluded_lines": [], "executed_branches": [], "missing_branches": []}, "_target_recovery_state": {"executed_lines": [263, 264, 265, 266, 267, 268, 269, 270, 271, 272, 273, 274, 275, 276, 278, 279, 280, 281, 287, 294, 295, 296, 298], "summary": {"covered_lines": 23, "num_statements": 24, "percent_covered": 94.11764705882354, "percent_covered_display": "94", "missing_lines": 1, "excluded_lines": 0, "num_branches": 10, "num_partial_branches": 1, "covered_branches": 9, "missing_branches": 1}, "missing_lines": [277], "excluded_lines": [], "executed_branches": [[263, 264], [263, 265], [269, 270], [269, 271], [274, 275], [274, 278], [275, 276], [278, 279], [278, 280]], "missing_branches": [[275, 277]]}, "_active_leases": {"executed_lines": [302, 303, 304, 305, 306, 307, 308, 309, 310], "summary": {"covered_lines": 9, "num_statements": 9, "percent_covered": 100.0, "percent_covered_display": "100", "missing_lines": 0, "excluded_lines": 0, "num_branches": 4, "num_partial_branches": 0, "covered_branches": 4, "missing_branches": 0}, "missing_lines": [], "excluded_lines": [], "executed_branches": [[304, 305], [304, 310], [306, 304], [306, 307]], "missing_branches": []}, "_restore_previous_path": {"executed_lines": [316, 317, 318, 319, 320, 324], "summary": {"covered_lines": 6, "num_statements": 6, "percent_covered": 100.0, "percent_covered_display": "100", "missing_lines": 0, "excluded_lines": 0, "num_branches": 4, "num_partial_branches": 0, "covered_branches": 4, "missing_branches": 0}, "missing_lines": [], "excluded_lines": [], "executed_branches": [[317, 318], [317, 324], [318, 319], [318, 320]], "missing_branches": []}, "_restore_orphan_sidecar_path": {"executed_lines": [330, 331, 332, 333, 334], "summary": {"covered_lines": 5, "num_statements": 5, "percent_covered": 100.0, "percent_covered_display": "100", "missing_lines": 0, "excluded_lines": 0, "num_branches": 4, "num_partial_branches": 0, "covered_branches": 4, "missing_branches": 0}, "missing_lines": [], "excluded_lines": [], "executed_branches": [[330, 331], [330, 334], [332, 330], [332, 333]], "missing_branches": []}, "_merge_post_backup_history": {"executed_lines": [340, 341, 342, 343, 344, 345, 346, 347, 348, 349, 352, 353, 354, 358, 359, 360, 379, 380], "summary": {"covered_lines": 18, "num_statements": 29, "percent_covered": 64.1025641025641, "percent_covered_display": "64", "missing_lines": 11, "excluded_lines": 0, "num_branches": 10, "num_partial_branches": 1, "covered_branches": 7, "missing_branches": 3}, "missing_lines": [361, 362, 363, 367, 368, 369, 373, 374, 375, 376, 377], "excluded_lines": [], "executed_branches": [[340, 341], [340, 342], [347, 348], [347, 349], [352, 353], [352, 354], [359, 360]], "missing_branches": [[359, 361], [368, 369], [368, 373]]}, "restore_backup": {"executed_lines": [391, 392, 393, 394, 395, 396, 397, 398, 399, 400, 402, 405, 406, 407, 408, 409, 410, 412, 413, 415, 418, 419, 420, 422, 424, 425, 426, 427, 428, 429, 430, 431, 432, 433, 434, 435, 436, 438, 439, 440, 442, 443, 444, 445, 446, 447, 448, 449, 450, 451, 455, 456, 457, 458, 459, 460, 461, 462, 463, 464, 467, 468, 469, 470, 471, 472, 473, 474, 478, 479, 480, 481, 483, 484, 485], "summary": {"covered_lines": 75, "num_statements": 85, "percent_covered": 82.17054263565892, "percent_covered_display": "82", "missing_lines": 10, "excluded_lines": 0, "num_branches": 44, "num_partial_branches": 11, "covered_branches": 31, "missing_branches": 13}, "missing_lines": [401, 403, 414, 421, 423, 437, 441, 475, 476, 477], "excluded_lines": [], "executed_branches": [[393, 394], [393, 395], [395, 396], [395, 397], [400, 402], [402, 405], [407, 408], [407, 409], [409, 410], [409, 412], [413, 415], [420, 422], [422, 424], [436, 438], [440, 442], [444, 445], [444, 455], [447, 448], [447, 461], [448, 447], [448, 449], [455, 456], [455, 461], [456, 455], [456, 457], [467, 468], [470, 471], [470, 474], [471, 472], [474, 478], [478, 479]], "missing_branches": [[400, 401], [402, 403], [413, 414], [420, 421], [422, 423], [436, 437], [440, 441], [467, 470], [471, 470], [474, 475], [475, 474], [475, 476], [478, 481]]}, "": {"executed_lines": [1, 3, 5, 6, 7, 8, 9, 10, 11, 12, 13, 14, 15, 16, 18, 19, 20, 21, 24, 25, 26, 27, 28, 31, 44, 52, 57, 70, 76, 87, 93, 115, 132, 199, 245, 254, 260, 301, 313, 327, 337, 383, 488], "summary": {"covered_lines": 42, "num_statements": 42, "percent_covered": 100.0, "percent_covered_display": "100", "missing_lines": 0, "excluded_lines": 0, "num_branches": 0, "num_partial_branches": 0, "covered_branches": 0, "missing_branches": 0}, "missing_lines": [], "excluded_lines": [], "executed_branches": [], "missing_branches": []}}, "classes": {"BackupArtifact": {"executed_lines": [], "summary": {"covered_lines": 0, "num_statements": 0, "percent_covered": 100.0, "percent_covered_display": "100", "missing_lines": 0, "excluded_lines": 0, "num_branches": 0, "num_partial_branches": 0, "covered_branches": 0, "missing_branches": 0}, "missing_lines": [], "excluded_lines": [], "executed_branches": [], "missing_branches": []}, "": {"executed_lines": [1, 3, 5, 6, 7, 8, 9, 10, 11, 12, 13, 14, 15, 16, 18, 19, 20, 21, 24, 25, 26, 27, 28, 31, 44, 45, 46, 47, 48, 49, 52, 53, 54, 57, 58, 59, 60, 61, 62, 63, 70, 73, 76, 79, 80, 81, 82, 83, 84, 87, 90, 93, 94, 95, 96, 97, 98, 99, 100, 101, 102, 105, 106, 107, 108, 110, 111, 112, 115, 116, 117, 118, 119, 120, 121, 122, 123, 124, 125, 126, 127, 128, 129, 132, 140, 141, 142, 143, 144, 145, 146, 147, 148, 149, 150, 151, 152, 153, 154, 155, 159, 161, 163, 164, 165, 166, 168, 170, 171, 172, 173, 174, 175, 186, 187, 188, 190, 191, 192, 199, 200, 201, 202, 203, 209, 210, 211, 212, 213, 214, 215, 216, 217, 218, 219, 220, 221, 222, 223, 224, 225, 227, 228, 229, 230, 231, 232, 233, 234, 235, 236, 237, 238, 239, 240, 241, 242, 245, 246, 247, 248, 249, 250, 251, 254, 255, 260, 263, 264, 265, 266, 267, 268, 269, 270, 271, 272, 273, 274, 275, 276, 278, 279, 280, 281, 287, 294, 295, 296, 298, 301, 302, 303, 304, 305, 306, 307, 308, 309, 310, 313, 316, 317, 318, 319, 320, 324, 327, 330, 331, 332, 333, 334, 337, 340, 341, 342, 343, 344, 345, 346, 347, 348, 349, 352, 353, 354, 358, 359, 360, 379, 380, 383, 391, 392, 393, 394, 395, 396, 397, 398, 399, 400, 402, 405, 406, 407, 408, 409, 410, 412, 413, 415, 418, 419, 420, 422, 424, 425, 426, 427, 428, 429, 430, 431, 432, 433, 434, 435, 436, 438, 439, 440, 442, 443, 444, 445, 446, 447, 448, 449, 450, 451, 455, 456, 457, 458, 459, 460, 461, 462, 463, 464, 467, 468, 469, 470, 471, 472, 473, 474, 478, 479, 480, 481, 483, 484, 485, 488], "summary": {"covered_lines": 308, "num_statements": 345, "percent_covered": 87.5776397515528, "percent_covered_display": "88", "missing_lines": 37, "excluded_lines": 0, "num_branches": 138, "num_partial_branches": 19, "covered_branches": 115, "missing_branches": 23}, "missing_lines": [64, 65, 67, 109, 156, 160, 167, 169, 193, 194, 195, 196, 207, 208, 226, 277, 361, 362, 363, 367, 368, 369, 373, 374, 375, 376, 377, 401, 403, 414, 421, 423, 437, 441, 475, 476, 477], "excluded_lines": [], "executed_branches": [[47, 48], [47, 49], [58, 59], [58, 60], [94, 95], [94, 102], [97, 98], [97, 99], [99, 100], [99, 101], [105, 106], [105, 112], [108, 110], [110, 105], [110, 111], [141, 142], [141, 143], [145, 146], [145, 149], [155, 159], [159, 161], [166, 168], [168, 170], [200, 201], [200, 202], [209, 210], [209, 211], [213, 214], [213, 215], [215, 216], [215, 217], [217, 218], [217, 219], [219, 220], [219, 221], [221, 222], [221, 223], [223, 224], [223, 225], [225, 227], [227, 228], [227, 229], [229, 230], [229, 231], [231, 232], [231, 233], [233, 234], [233, 236], [234, 233], [234, 235], [240, 241], [240, 242], [247, 248], [247, 251], [248, 249], [248, 250], [263, 264], [263, 265], [269, 270], [269, 271], [274, 275], [274, 278], [275, 276], [278, 279], [278, 280], [304, 305], [304, 310], [306, 304], [306, 307], [317, 318], [317, 324], [318, 319], [318, 320], [330, 331], [330, 334], [332, 330], [332, 333], [340, 341], [340, 342], [347, 348], [347, 349], [352, 353], [352, 354], [359, 360], [393, 394], [393, 395], [395, 396], [395, 397], [400, 402], [402, 405], [407, 408], [407, 409], [409, 410], [409, 412], [413, 415], [420, 422], [422, 424], [436, 438], [440, 442], [444, 445], [444, 455], [447, 448], [447, 461], [448, 447], [448, 449], [455, 456], [455, 461], [456, 455], [456, 457], [467, 468], [470, 471], [470, 474], [471, 472], [474, 478], [478, 479]], "missing_branches": [[108, 109], [155, 156], [159, 160], [166, 167], [168, 169], [225, 226], [275, 277], [359, 361], [368, 369], [368, 373], [400, 401], [402, 403], [413, 414], [420, 421], [422, 423], [436, 437], [440, 441], [467, 470], [471, 470], [474, 475], [475, 474], [475, 476], [478, 481]]}}}, "meco_news\\collectors.py": {"executed_lines": [1, 3, 5, 6, 7, 8, 9, 10, 11, 12, 13, 14, 15, 16, 17, 18, 19, 20, 22, 23, 24, 25, 26, 29, 30, 31, 32, 35, 36, 38, 39, 40, 43, 44, 45, 46, 52, 53, 55, 56, 67, 68, 69, 70, 71, 72, 73, 74, 75, 76, 77, 78, 79, 81, 82, 83, 86, 87, 88, 89, 90, 91, 93, 94, 95, 101, 102, 103, 105, 106, 107, 109, 110, 111, 113, 119, 120, 121, 122, 123, 124, 125, 126, 127, 128, 131, 134, 135, 136, 137, 138, 139, 140, 141, 148, 151, 152, 155, 157, 158, 159, 161, 163, 164, 167, 168, 169, 171, 173, 174, 175, 176, 178, 179, 180, 181, 182, 185, 186, 189, 190, 191, 192, 193, 196, 197, 198, 199, 200, 201, 202, 203, 204, 205, 206, 207, 208, 211, 212, 213, 214, 215, 216, 217, 218, 221, 222, 223, 227, 228, 229, 230, 231, 232, 233, 234, 235, 236, 237, 238, 239, 240, 241, 242, 243, 244, 245, 246, 249, 250, 251, 252, 253, 255, 257, 260, 269, 270, 272, 273, 274, 275, 277, 278, 279, 280, 281, 282, 283, 284, 285, 286, 287, 288, 289, 290, 291, 292, 293, 294, 295, 296, 297, 298, 299, 301, 302, 303, 305, 306, 307, 308, 309, 311, 312, 313, 314, 316, 317, 318, 319, 321, 322, 323, 324, 325, 326, 327, 328, 330, 331, 332, 333, 335, 336, 337, 338, 339, 340, 345, 348, 349, 363, 364, 365, 366, 367, 368, 370, 373, 384, 385, 386, 387, 388, 389, 390, 391, 392, 393, 395, 396, 403, 414, 415, 416, 417, 418, 426, 427, 428, 432, 433, 441, 444, 445, 446, 447, 448, 449, 452, 461, 462, 463, 464, 465, 466, 469, 476, 477, 478, 479, 480, 481, 482, 483, 491, 494, 495, 504, 505, 518, 519, 520, 521, 524, 531, 532, 533, 534, 535, 543, 544, 545, 546, 547, 548, 549, 550, 551, 552, 554, 555, 556, 557, 558, 559, 560, 561, 562, 563, 564, 565, 566, 570, 571, 584, 585, 598, 600, 601, 604, 605, 606, 607, 608, 609, 610, 615, 618, 619, 620, 621, 622, 623, 624, 627, 637, 639, 640, 641, 642, 643, 644, 646, 647, 650, 663, 664, 665, 667, 668, 669, 670, 671, 672, 673, 674, 676, 679, 680, 690, 691, 692, 693, 703, 706, 707, 708, 709, 710, 711, 712, 713, 716, 719, 720, 721, 722, 726, 727, 728, 729, 730, 732, 733, 734, 735, 740, 746, 748, 749, 750, 751, 756, 757, 760, 761, 767, 768, 769, 770, 771, 772, 773, 774, 775, 777, 791, 792, 793, 794, 795, 796, 799, 800, 801, 802, 803, 804, 806, 807, 808, 813, 814, 815, 816, 817, 818, 820, 821, 822, 823, 824, 826, 827, 828, 829, 830, 831, 832, 833, 834, 835, 849, 850, 851, 852, 853, 856, 857, 858, 859, 860, 861, 862, 864, 865, 866, 867, 869, 870, 871, 872, 873, 874, 876, 877, 878, 879, 880, 881, 890, 891, 893, 894, 895, 896, 897, 898, 899, 900, 901, 903, 906, 911, 912], "summary": {"covered_lines": 505, "num_statements": 563, "percent_covered": 88.30486202365309, "percent_covered_display": "88", "missing_lines": 58, "excluded_lines": 0, "num_branches": 198, "num_partial_branches": 25, "covered_branches": 167, "missing_branches": 31}, "missing_lines": [115, 116, 129, 130, 146, 147, 160, 172, 254, 256, 300, 304, 310, 315, 320, 369, 394, 397, 400, 429, 453, 496, 553, 567, 568, 569, 
[...]
64, 365], [364, 366], [366, -347], [366, 367]], "missing_branches": []}, "_build_header": {"executed_lines": [382, 383, 384, 385, 386, 394, 395, 396, 397, 398, 400, 401, 402, 403, 404, 405, 406, 407, 408, 409], "summary": {"covered_lines": 20, "num_statements": 20, "percent_covered": 100.0, "percent_covered_display": "100", "missing_lines": 0, "excluded_lines": 0, "num_branches": 12, "num_partial_branches": 0, "covered_branches": 12, "missing_branches": 0}, "missing_lines": [], "excluded_lines": [], "executed_branches": [[394, 395], [394, 409], [395, 394], [395, 396], [397, 398], [397, 400], [401, 402], [401, 403], [403, 404], [403, 405], [406, 395], [406, 407]], "missing_branches": []}, "_continuation_header": {"executed_lines": [413, 414, 419, 420, 421, 422], "summary": {"covered_lines": 6, "num_statements": 6, "percent_covered": 100.0, "percent_covered_display": "100", "missing_lines": 0, "excluded_lines": 0, "num_branches": 4, "num_partial_branches": 0, "covered_branches": 4, "missing_branches": 0}, "missing_lines": [], "excluded_lines": [], "executed_branches": [[414, 419], [414, 422], [419, 414], [419, 420]], "missing_branches": []}, "build_digest": {"executed_lines": [438, 439, 440, 441, 442, 443, 444, 446, 447, 458, 459, 460, 461, 462, 463, 464, 465, 466, 467, 468, 469, 470, 471, 472, 473, 474, 475, 476, 477, 478, 479, 480, 481, 482, 483, 486, 487, 501, 502, 503, 504, 505, 506, 508, 509, 510, 511, 512, 513, 514, 515, 516, 525, 526, 527], "summary": {"covered_lines": 55, "num_statements": 76, "percent_covered": 73.07692307692308, "percent_covered_display": "73", "missing_lines": 21, "excluded_lines": 0, "num_branches": 28, "num_partial_branches": 3, "covered_branches": 21, "missing_branches": 7}, "missing_lines": [484, 485, 488, 489, 490, 491, 492, 493, 494, 495, 496, 497, 498, 499, 518, 519, 520, 521, 522, 523, 524], "excluded_lines": [], "executed_branches": [[440, 441], [440, 446], [465, 466], [465, 505], [467, 468], [467, 486], [468, 469], [474, 475], [474, 479], [487, 501], [505, 506], [505, 508], [509, 510], [509, 511], [511, 512], [511, 513], [513, 514], [513, 525], [515, 516], [525, 526], [525, 527]], "missing_branches": [[468, 484], [487, 488], [493, 494], [493, 498], [515, 518], [522, 523], [522, 525]]}, "build_digest_messages": {"executed_lines": [538], "summary": {"covered_lines": 1, "num_statements": 1, "percent_covered": 100.0, "percent_covered_display": "100", "missing_lines": 0, "excluded_lines": 0, "num_branches": 0, "num_partial_branches": 0, "covered_branches": 0, "missing_branches": 0}, "missing_lines": [], "excluded_lines": [], "executed_branches": [], "missing_branches": []}, "": {"executed_lines": [1, 3, 5, 6, 7, 8, 9, 10, 11, 12, 13, 14, 15, 17, 18, 21, 22, 23, 24, 25, 45, 46, 48, 53, 54, 62, 63, 64, 65, 66, 67, 70, 71, 73, 75, 80, 84, 106, 109, 116, 122, 125, 128, 131, 135, 136, 147, 210, 216, 230, 255, 260, 264, 274, 278, 283, 313, 339, 347, 370, 412, 425, 530], "summary": {"covered_lines": 60, "num_statements": 60, "percent_covered": 100.0, "percent_covered_display": "100", "missing_lines": 0, "excluded_lines": 0, "num_branches": 0, "num_partial_branches": 0, "covered_branches": 0, "missing_branches": 0}, "missing_lines": [], "excluded_lines": [], "executed_branches": [], "missing_branches": []}}, "classes": {"TelegramSendError": {"executed_lines": [49, 50, 51, 55, 56, 57, 58, 59], "summary": {"covered_lines": 8, "num_statements": 8, "percent_covered": 100.0, "percent_covered_display": "100", "missing_lines": 0, "excluded_lines": 0, "num_branches": 4, "num_partial_branches": 0, "covered_branches": 4, "missing_branches": 0}, "missing_lines": [], "excluded_lines": [], "executed_branches": [[55, 56], [55, 57], [57, 58], [57, 59]], "missing_branches": []}, "DigestBuildResult": {"executed_lines": [], "summary": {"covered_lines": 0, "num_statements": 0, "percent_covered": 100.0, "percent_covered_display": "100", "missing_lines": 0, "excluded_lines": 0, "num_branches": 0, "num_partial_branches": 0, "covered_branches": 0, "missing_branches": 0}, "missing_lines": [], "excluded_lines": [], "executed_branches": [], "missing_branches": []}, "_TelegramHTMLParser": {"executed_lines": [76, 77, 78, 81, 82, 85, 86, 87, 88, 89, 90, 91, 92, 93, 94, 95, 96, 97, 98, 99, 100, 101, 102, 103, 104, 107, 110, 111, 112, 113, 114, 120, 123, 126, 132], "summary": {"covered_lines": 35, "num_statements": 36, "percent_covered": 98.07692307692308, "percent_covered_display": "98", "missing_lines": 1, "excluded_lines": 0, "num_branches": 16, "num_partial_branches": 0, "covered_branches": 16, "missing_branches": 0}, "missing_lines": [129], "excluded_lines": [], "executed_branches": [[81, -80], [81, 82], [86, 87], [86, 89], [90, 91], [90, 93], [93, 94], [93, 104], [94, 95], [94, 97], [98, 99], [98, 101], [101, 102], [101, 104], [111, 112], [111, 114]], "missing_branches": []}, "TelegramClient": {"executed_lines": [137, 138, 139, 140, 141, 145, 148, 154, 155, 156, 157, 158, 159, 160, 161, 162, 163, 164, 165, 166, 167, 168, 169, 171, 172, 176, 177, 178, 179, 180, 181, 182, 183, 185, 186, 187, 188, 189, 190, 191, 192, 193, 194, 195, 196, 197, 198, 199, 200, 201, 202, 203, 204, 206, 207, 208, 211, 212, 213, 214, 217, 218, 219, 220, 221, 222, 223, 224, 225, 226, 227, 228, 231, 232, 233, 234, 243, 244, 245, 246, 247, 248, 249, 250, 251, 252], "summary": {"covered_lines": 86, "num_statements": 86, "percent_covered": 100.0, "percent_covered_display": "100", "missing_lines": 0, "excluded_lines": 0, "num_branches": 36, "num_partial_branches": 0, "covered_branches": 36, "missing_branches": 0}, "missing_lines": [], "excluded_lines": [], "executed_branches": [[137, 138], [137, 139], [167, 168], [167, 169], [169, 171], [169, 172], [182, 183], [182, 185], [192, 193], [192, 194], [194, 195], [194, 208], [200, 201], [200, 202], [202, 203], [202, 204], [204, 206], [204, 207], [212, 213], [212, 214], [218, 219], [218, 220], [221, 222], [221, 228], [222, 223], [222, 224], [226, 221], [226, 227], [231, 232], [231, 233], [244, 245], [244, 246], [247, 248], [247, 249], [250, 251], [250, 252]], "missing_branches": []}, "": {"executed_lines": [1, 3, 5, 6, 7, 8, 9, 10, 11, 12, 13, 14, 15, 17, 18, 21, 22, 23, 24, 25, 45, 46, 48, 53, 54, 62, 63, 64, 65, 66, 67, 70, 71, 73, 75, 80, 84, 106, 109, 116, 122, 125, 128, 131, 135, 136, 147, 210, 216, 230, 255, 256, 257, 260, 261, 264, 265, 266, 267, 268, 269, 270, 271, 274, 275, 278, 279, 280, 283, 292, 293, 294, 295, 296, 297, 298, 299, 300, 302, 303, 313, 322, 329, 330, 331, 332, 333, 334, 335, 336, 339, 340, 341, 342, 343, 344, 347, 348, 349, 350, 351, 352, 353, 354, 355, 356, 357, 358, 359, 360, 361, 364, 365, 366, 367, 370, 382, 383, 384, 385, 386, 394, 395, 396, 397, 398, 400, 401, 402, 403, 404, 405, 406, 407, 408, 409, 412, 413, 414, 419, 420, 421, 422, 425, 438, 439, 440, 441, 442, 443, 444, 446, 447, 458, 459, 460, 461, 462, 463, 464, 465, 466, 467, 468, 469, 470, 471, 472, 473, 474, 475, 476, 477, 478, 479, 480, 481, 482, 483, 486, 487, 501, 502, 503, 504, 505, 506, 508, 509, 510, 511, 512, 513, 514, 515, 516, 525, 526, 527, 530, 538], "summary": {"covered_lines": 198, "num_statements": 221, "percent_covered": 89.61937716262976, "percent_covered_display": "90", "missing_lines": 23, "excluded_lines": 0, "num_branches": 68, "num_partial_branches": 3, "covered_branches": 61, "missing_branches": 7}, "missing_lines": [362, 363, 484, 485, 488, 489, 490, 491, 492, 493, 494, 495, 496, 497, 498, 499, 518, 519, 520, 521, 522, 523, 524], "excluded_lines": [], "executed_branches": [[269, 270], [269, 271], [294, 295], [294, 296], [299, 300], [299, 302], [330, 331], [330, 336], [333, 334], [333, 335], [348, 349], [348, 350], [350, 351], [350, 352], [352, 353], [352, 354], [354, 355], [354, 356], [356, 357], [356, 358], [364, 365], [364, 366], [366, -347], [366, 367], [394, 395], [394, 409], [395, 394], [395, 396], [397, 398], [397, 400], [401, 402], [401, 403], [403, 404], [403, 405], [406, 395], [406, 407], [414, 419], [414, 422], [419, 414], [419, 420], [440, 441], [440, 446], [465, 466], [465, 505], [467, 468], [467, 486], [468, 469], [474, 475], [474, 479], [487, 501], [505, 506], [505, 508], [509, 510], [509, 511], [511, 512], [511, 513], [513, 514], [513, 525], [515, 516], [525, 526], [525, 527]], "missing_branches": [[468, 484], [487, 488], [493, 494], [493, 498], [515, 518], [522, 523], [522, 525]]}}}, "meco_news\\timezones.py": {"executed_lines": [1, 3, 4, 7, 9, 10, 11, 12, 13, 14, 16, 17], "summary": {"covered_lines": 12, "num_statements": 12, "percent_covered": 100.0, "percent_covered_display": "100", "missing_lines": 0, "excluded_lines": 0, "num_branches": 4, "num_partial_branches": 0, "covered_branches": 4, "missing_branches": 0}, "missing_lines": [], "excluded_lines": [], "executed_branches": [[12, 13], [12, 14], [14, 16], [14, 17]], "missing_branches": [], "functions": {"get_timezone": {"executed_lines": [9, 10, 11, 12, 13, 14, 16, 17], "summary": {"covered_lines": 8, "num_statements": 8, "percent_covered": 100.0, "percent_covered_display": "100", "missing_lines": 0, "excluded_lines": 0, "num_branches": 4, "num_partial_branches": 0, "covered_branches": 4, "missing_branches": 0}, "missing_lines": [], "excluded_lines": [], "executed_branches": [[12, 13], [12, 14], [14, 16], [14, 17]], "missing_branches": []}, "": {"executed_lines": [1, 3, 4, 7], "summary": {"covered_lines": 4, "num_statements": 4, "percent_covered": 100.0, "percent_covered_display": "100", "missing_lines": 0, "excluded_lines": 0, "num_branches": 0, "num_partial_branches": 0, "covered_branches": 0, "missing_branches": 0}, "missing_lines": [], "excluded_lines": [], "executed_branches": [], "missing_branches": []}}, "classes": {"": {"executed_lines": [1, 3, 4, 7, 9, 10, 11, 12, 13, 14, 16, 17], "summary": {"covered_lines": 12, "num_statements": 12, "percent_covered": 100.0, "percent_covered_display": "100", "missing_lines": 0, "excluded_lines": 0, "num_branches": 4, "num_partial_branches": 0, "covered_branches": 4, "missing_branches": 0}, "missing_lines": [], "excluded_lines": [], "executed_branches": [[12, 13], [12, 14], [14, 16], [14, 17]], "missing_branches": []}}}, "meco_news\\urls.py": {"executed_lines": [1, 8, 10, 11, 12, 13, 14, 15, 18, 19, 20, 23, 24, 26, 27, 28, 31, 32, 33, 34, 35, 36, 37, 38, 41, 42, 43, 44, 45, 49, 50, 51, 52, 53, 54, 55, 58, 61, 62, 63, 66, 67, 68, 69, 70, 71, 72, 73, 74, 75, 78, 79, 80, 87, 99, 113, 114, 115, 116, 117, 118, 119, 120, 121, 122, 123, 124, 125, 126, 127, 128, 129, 130, 131, 132, 133, 136, 137, 138, 139, 140, 141, 142, 143, 144, 145, 146, 150, 155, 156, 157, 158, 159, 160, 161, 162, 163, 166, 175, 176, 177, 178, 179, 180, 181, 182, 183, 184, 185, 186, 187, 188, 189, 190, 191, 192, 193, 194, 195, 196, 197, 202, 203, 204, 205, 206, 209, 223, 224, 225, 226, 227, 228, 229, 230, 231, 234, 242, 243, 244, 245, 246, 249, 252, 253, 254, 255, 256], "summary": {"covered_lines": 146, "num_statements": 150, "percent_covered": 98.0, "percent_covered_display": "98", "missing_lines": 4, "excluded_lines": 0, "num_branches": 50, "num_partial_branches": 0, "covered_branches": 50, "missing_branches": 0}, "missing_lines": [81, 82, 134, 135], "excluded_lines": [], "executed_branches": [[44, 45], [44, 49], [49, 50], [49, 51], [53, 54], [53, 55], [61, 62], [61, 63], [71, 72], [71, 73], [73, 74], [73, 75], [113, 114], [113, 115], [115, 116], [115, 117], [117, 118], [117, 119], [119, 120], [119, 121], [121, 122], [121, 123], [128, 129], [128, 130], [130, 131], [130, 132], [136, 137], [136, 138], [144, 145], [144, 146], [157, 158], [157, 159], [160, 161], [160, 162], [176, 177], [176, 178], [186, 187], [186, 188], [193, 194], [193, 195], [195, 196], [195, 197], [227, 228], [227, 229], [229, 230], [229, 231], [242, 243], [242, 244], [244, 245], [244, 246]], "missing_branches": [], "functions": {"URLPolicyError.__init__": {"executed_lines": [27, 28], "summary": {"covered_lines": 2, "num_statements": 2, "percent_covered": 100.0, "percent_covered_display": "100", "missing_lines": 0, "excluded_lines": 0, "num_branches": 0, "num_partial_branches": 0, "covered_branches": 0, "missing_branches": 0}, "missing_lines": [], "excluded_lines": [], "executed_branches": [], "missing_branches": []}, "_ascii_hostname": {"executed_lines": [42, 43, 44, 45, 49, 50, 51, 52, 53, 54, 55], "summary": {"covered_lines": 11, "num_statements": 11, "percent_covered": 100.0, "percent_covered_display": "100", "missing_lines": 0, "excluded_lines": 0, "num_branches": 6, "num_partial_branches": 0, "covered_branches": 6, "missing_branches": 0}, "missing_lines": [], "excluded_lines": [], "executed_branches": [[44, 45], [44, 49], [49, 50], [49, 51], [53, 54], [53, 55]], "missing_branches": []}, "_safe_scalar": {"executed_lines": [61, 62, 63], "summary": {"covered_lines": 3, "num_statements": 3, "percent_covered": 100.0, "percent_covered_display": "100", "missing_lines": 0, "excluded_lines": 0, "num_branches": 2, "num_partial_branches": 0, "covered_branches": 2, "missing_branches": 0}, "missing_lines": [], "excluded_lines": [], "executed_branches": [[61, 62], [61, 63]], "missing_branches": []}, "_validate_port": {"executed_lines": [67, 68, 69, 70, 71, 72, 73, 74, 75], "summary": {"covered_lines": 9, "num_statements": 9, "percent_covered": 100.0, "percent_covered_display": "100", "missing_lines": 0, "excluded_lines": 0, "num_branches": 4, "num_partial_branches": 0, "covered_branches": 4, "missing_branches": 0}, "missing_lines": [], "excluded_lines": [], "executed_branches": [[71, 72], [71, 73], [73, 74], [73, 75]], "missing_branches": []}, "_is_forbidden_address": {"executed_lines": [79, 80, 87], "summary": {"covered_lines": 3, "num_statements": 5, "percent_covered": 60.0, "percent_covered_display": "60", "missing_lines": 2, "excluded_lines": 0, "num_branches": 0, "num_partial_branches": 0, "covered_branches": 0, "missing_branches": 0}, "missing_lines": [81, 82], "excluded_lines": [], "executed_branches": [], "missing_branches": []}, "validate_url": {"executed_lines": [113, 114, 115, 116, 117, 118, 119, 120, 121, 122, 123, 124, 125, 126, 127, 128, 129, 130, 131, 132, 133, 136, 137, 138, 139, 140, 141, 142, 143, 144, 145, 146, 150, 155, 156, 157, 158, 159, 160, 161, 162, 163], "summary": {"covered_lines": 42, "num_statements": 44, "percent_covered": 96.96969696969697, "percent_covered_display": "97", "missing_lines": 2, "excluded_lines": 0, "num_branches": 22, "num_partial_branches": 0, "covered_branches": 22, "missing_branches": 0}, "missing_lines": [134, 135], "excluded_lines": [], "executed_branches": [[113, 114], [113, 115], [115, 116], [115, 117], [117, 118], [117, 119], [119, 120], [119, 121], [121, 122], [121, 123], [128, 129], [128, 130], [130, 131], [130, 132], [136, 137], [136, 138], [144, 145], [144, 146], [157, 158], [157, 159], [160, 161], [160, 162]], "missing_branches": []}, "canonical_url": {"executed_lines": [175, 176, 177, 178, 179, 180, 181, 182, 183, 184, 185, 186, 187, 188, 189, 190, 191, 192, 193, 194, 195, 196, 197, 202, 203, 204, 205, 206], "summary": {"covered_lines": 28, "num_statements": 28, "percent_covered": 100.0, "percent_covered_display": "100", "missing_lines": 0, "excluded_lines": 0, "num_branches": 8, "num_partial_branches": 0, "covered_branches": 8, "missing_branches": 0}, "missing_lines": [], "excluded_lines": [], "executed_branches": [[176, 177], [176, 178], [186, 187], [186, 188], [193, 194], [193, 195], [195, 196], [195, 197]], "missing_branches": []}, "validate_resolved_addresses": {"executed_lines": [223, 224, 225, 226, 227, 228, 229, 230, 231], "summary": {"covered_lines": 9, "num_statements": 9, "percent_covered": 100.0, "percent_covered_display": "100", "missing_lines": 0, "excluded_lines": 0, "num_branches": 4, "num_partial_branches": 0, "covered_branches": 4, "missing_branches": 0}, "missing_lines": [], "excluded_lines": [], "executed_branches": [[227, 228], [227, 229], [229, 230], [229, 231]], "missing_branches": []}, "same_or_allowed_redirect": {"executed_lines": [242, 243, 244, 245, 246], "summary": {"covered_lines": 5, "num_statements": 5, "percent_covered": 100.0, "percent_covered_display": "100", "missing_lines": 0, "excluded_lines": 0, "num_branches": 4, "num_partial_branches": 0, "covered_branches": 4, "missing_branches": 0}, "missing_lines": [], "excluded_lines": [], "executed_branches": [[242, 243], [242, 244], [244, 245], [244, 246]], "missing_branches": []}, "sanitize_url_for_log": {"executed_lines": [252, 253, 254, 255, 256], "summary": {"covered_lines": 5, "num_statements": 5, "percent_covered": 100.0, "percent_covered_display": "100", "missing_lines": 0, "excluded_lines": 0, "num_branches": 0, "num_partial_branches": 0, "covered_branches": 0, "missing_branches": 0}, "missing_lines": [], "excluded_lines": [], "executed_branches": [], "missing_branches": []}, "": {"executed_lines": [1, 8, 10, 11, 12, 13, 14, 15, 18, 19, 20, 23, 24, 26, 31, 32, 33, 34, 35, 36, 37, 38, 41, 58, 66, 78, 99, 166, 209, 234, 249], "summary": {"covered_lines": 29, "num_statements": 29, "percent_covered": 100.0, "percent_covered_display": "100", "missing_lines": 0, "excluded_lines": 0, "num_branches": 0, "num_partial_branches": 0, "covered_branches": 0, "missing_branches": 0}, "missing_lines": [], "excluded_lines": [], "executed_branches": [], "missing_branches": []}}, "classes": {"URLPolicyError": {"executed_lines": [27, 28], "summary": {"covered_lines": 2, "num_statements": 2, "percent_covered": 100.0, "percent_covered_display": "100", "missing_lines": 0, "excluded_lines": 0, "num_branches": 0, "num_partial_branches": 0, "covered_branches": 0, "missing_branches": 0}, "missing_lines": [], "excluded_lines": [], "executed_branches": [], "missing_branches": []}, "ValidatedURL": {"executed_lines": [], "summary": {"covered_lines": 0, "num_statements": 0, "percent_covered": 100.0, "percent_covered_display": "100", "missing_lines": 0, "excluded_lines": 0, "num_branches": 0, "num_partial_branches": 0, "covered_branches": 0, "missing_branches": 0}, "missing_lines": [], "excluded_lines": [], "executed_branches": [], "missing_branches": []}, "": {"executed_lines": [1, 8, 10, 11, 12, 13, 14, 15, 18, 19, 20, 23, 24, 26, 31, 32, 33, 34, 35, 36, 37, 38, 41, 42, 43, 44, 45, 49, 50, 51, 52, 53, 54, 55, 58, 61, 62, 63, 66, 67, 68, 69, 70, 71, 72, 73, 74, 75, 78, 79, 80, 87, 99, 113, 114, 115, 116, 117, 118, 119, 120, 121, 122, 123, 124, 125, 126, 127, 128, 129, 130, 131, 132, 133, 136, 137, 138, 139, 140, 141, 142, 143, 144, 145, 146, 150, 155, 156, 157, 158, 159, 160, 161, 162, 163, 166, 175, 176, 177, 178, 179, 180, 181, 182, 183, 184, 185, 186, 187, 188, 189, 190, 191, 192, 193, 194, 195, 196, 197, 202, 203, 204, 205, 206, 209, 223, 224, 225, 226, 227, 228, 229, 230, 231, 234, 242, 243, 244, 245, 246, 249, 252, 253, 254, 255, 256], "summary": {"covered_lines": 144, "num_statements": 148, "percent_covered": 97.97979797979798, "percent_covered_display": "98", "missing_lines": 4, "excluded_lines": 0, "num_branches": 50, "num_partial_branches": 0, "covered_branches": 50, "missing_branches": 0}, "missing_lines": [81, 82, 134, 135], "excluded_lines": [], "executed_branches": [[44, 45], [44, 49], [49, 50], [49, 51], [53, 54], [53, 55], [61, 62], [61, 63], [71, 72], [71, 73], [73, 74], [73, 75], [113, 114], [113, 115], [115, 116], [115, 117], [117, 118], [117, 119], [119, 120], [119, 121], [121, 122], [121, 123], [128, 129], [128, 130], [130, 131], [130, 132], [136, 137], [136, 138], [144, 145], [144, 146], [157, 158], [157, 159], [160, 161], [160, 162], [176, 177], [176, 178], [186, 187], [186, 188], [193, 194], [193, 195], [195, 196], [195, 197], [227, 228], [227, 229], [229, 230], [229, 231], [242, 243], [242, 244], [244, 245], [244, 246]], "missing_branches": []}}}}, "totals": {"covered_lines": 5750, "num_statements": 6147, "percent_covered": 92.66413987039981, "percent_covered_display": "93", "missing_lines": 397, "excluded_lines": 2, "num_branches": 2032, "num_partial_branches": 149, "covered_branches": 1829, "missing_branches": 203}}